[2024-11-14T06:26:02.649+0000] {processor.py:186} INFO - Started process (PID=64) to work on /home/airflow/.local/lib/python3.12/site-packages/airflow/example_dags/example_setup_teardown.py
[2024-11-14T06:26:02.650+0000] {processor.py:914} INFO - Processing file /home/airflow/.local/lib/python3.12/site-packages/airflow/example_dags/example_setup_teardown.py for tasks to queue
[2024-11-14T06:26:02.652+0000] {logging_mixin.py:190} INFO - [2024-11-14T06:26:02.651+0000] {dagbag.py:588} INFO - Filling up the DagBag from /home/airflow/.local/lib/python3.12/site-packages/airflow/example_dags/example_setup_teardown.py
[2024-11-14T06:26:02.662+0000] {processor.py:925} INFO - DAG(s) 'example_setup_teardown' retrieved from /home/airflow/.local/lib/python3.12/site-packages/airflow/example_dags/example_setup_teardown.py
[2024-11-14T06:26:02.696+0000] {logging_mixin.py:190} INFO - [2024-11-14T06:26:02.696+0000] {dag.py:3239} INFO - Sync 1 DAGs
[2024-11-14T06:26:02.719+0000] {logging_mixin.py:190} INFO - [2024-11-14T06:26:02.719+0000] {dag.py:4180} INFO - Setting next_dagrun for example_setup_teardown to None, run_after=None
[2024-11-14T06:26:02.737+0000] {processor.py:208} INFO - Processing /home/airflow/.local/lib/python3.12/site-packages/airflow/example_dags/example_setup_teardown.py took 0.100 seconds
[2024-11-14T06:26:32.882+0000] {processor.py:186} INFO - Started process (PID=127) to work on /home/airflow/.local/lib/python3.12/site-packages/airflow/example_dags/example_setup_teardown.py
[2024-11-14T06:26:32.885+0000] {processor.py:914} INFO - Processing file /home/airflow/.local/lib/python3.12/site-packages/airflow/example_dags/example_setup_teardown.py for tasks to queue
[2024-11-14T06:26:32.886+0000] {logging_mixin.py:190} INFO - [2024-11-14T06:26:32.886+0000] {dagbag.py:588} INFO - Filling up the DagBag from /home/airflow/.local/lib/python3.12/site-packages/airflow/example_dags/example_setup_teardown.py
[2024-11-14T06:26:32.893+0000] {processor.py:925} INFO - DAG(s) 'example_setup_teardown' retrieved from /home/airflow/.local/lib/python3.12/site-packages/airflow/example_dags/example_setup_teardown.py
[2024-11-14T06:26:32.908+0000] {logging_mixin.py:190} INFO - [2024-11-14T06:26:32.908+0000] {dag.py:3239} INFO - Sync 1 DAGs
[2024-11-14T06:26:32.916+0000] {logging_mixin.py:190} INFO - [2024-11-14T06:26:32.916+0000] {dag.py:4180} INFO - Setting next_dagrun for example_setup_teardown to None, run_after=None
[2024-11-14T06:26:32.927+0000] {processor.py:208} INFO - Processing /home/airflow/.local/lib/python3.12/site-packages/airflow/example_dags/example_setup_teardown.py took 0.048 seconds
[2024-11-14T06:27:03.441+0000] {processor.py:186} INFO - Started process (PID=191) to work on /home/airflow/.local/lib/python3.12/site-packages/airflow/example_dags/example_setup_teardown.py
[2024-11-14T06:27:03.441+0000] {processor.py:914} INFO - Processing file /home/airflow/.local/lib/python3.12/site-packages/airflow/example_dags/example_setup_teardown.py for tasks to queue
[2024-11-14T06:27:03.443+0000] {logging_mixin.py:190} INFO - [2024-11-14T06:27:03.442+0000] {dagbag.py:588} INFO - Filling up the DagBag from /home/airflow/.local/lib/python3.12/site-packages/airflow/example_dags/example_setup_teardown.py
[2024-11-14T06:27:03.448+0000] {processor.py:925} INFO - DAG(s) 'example_setup_teardown' retrieved from /home/airflow/.local/lib/python3.12/site-packages/airflow/example_dags/example_setup_teardown.py
[2024-11-14T06:27:03.458+0000] {logging_mixin.py:190} INFO - [2024-11-14T06:27:03.457+0000] {dag.py:3239} INFO - Sync 1 DAGs
[2024-11-14T06:27:03.464+0000] {logging_mixin.py:190} INFO - [2024-11-14T06:27:03.464+0000] {dag.py:4180} INFO - Setting next_dagrun for example_setup_teardown to None, run_after=None
[2024-11-14T06:27:03.472+0000] {processor.py:208} INFO - Processing /home/airflow/.local/lib/python3.12/site-packages/airflow/example_dags/example_setup_teardown.py took 0.035 seconds
[2024-11-14T06:27:34.142+0000] {processor.py:186} INFO - Started process (PID=255) to work on /home/airflow/.local/lib/python3.12/site-packages/airflow/example_dags/example_setup_teardown.py
[2024-11-14T06:27:34.143+0000] {processor.py:914} INFO - Processing file /home/airflow/.local/lib/python3.12/site-packages/airflow/example_dags/example_setup_teardown.py for tasks to queue
[2024-11-14T06:27:34.144+0000] {logging_mixin.py:190} INFO - [2024-11-14T06:27:34.144+0000] {dagbag.py:588} INFO - Filling up the DagBag from /home/airflow/.local/lib/python3.12/site-packages/airflow/example_dags/example_setup_teardown.py
[2024-11-14T06:27:34.150+0000] {processor.py:925} INFO - DAG(s) 'example_setup_teardown' retrieved from /home/airflow/.local/lib/python3.12/site-packages/airflow/example_dags/example_setup_teardown.py
[2024-11-14T06:27:34.161+0000] {logging_mixin.py:190} INFO - [2024-11-14T06:27:34.161+0000] {dag.py:3239} INFO - Sync 1 DAGs
[2024-11-14T06:27:34.169+0000] {logging_mixin.py:190} INFO - [2024-11-14T06:27:34.169+0000] {dag.py:4180} INFO - Setting next_dagrun for example_setup_teardown to None, run_after=None
[2024-11-14T06:27:34.179+0000] {processor.py:208} INFO - Processing /home/airflow/.local/lib/python3.12/site-packages/airflow/example_dags/example_setup_teardown.py took 0.041 seconds
[2024-11-14T06:28:04.812+0000] {processor.py:186} INFO - Started process (PID=319) to work on /home/airflow/.local/lib/python3.12/site-packages/airflow/example_dags/example_setup_teardown.py
[2024-11-14T06:28:04.814+0000] {processor.py:914} INFO - Processing file /home/airflow/.local/lib/python3.12/site-packages/airflow/example_dags/example_setup_teardown.py for tasks to queue
[2024-11-14T06:28:04.815+0000] {logging_mixin.py:190} INFO - [2024-11-14T06:28:04.815+0000] {dagbag.py:588} INFO - Filling up the DagBag from /home/airflow/.local/lib/python3.12/site-packages/airflow/example_dags/example_setup_teardown.py
[2024-11-14T06:28:04.824+0000] {processor.py:925} INFO - DAG(s) 'example_setup_teardown' retrieved from /home/airflow/.local/lib/python3.12/site-packages/airflow/example_dags/example_setup_teardown.py
[2024-11-14T06:28:04.836+0000] {logging_mixin.py:190} INFO - [2024-11-14T06:28:04.836+0000] {dag.py:3239} INFO - Sync 1 DAGs
[2024-11-14T06:28:04.844+0000] {logging_mixin.py:190} INFO - [2024-11-14T06:28:04.844+0000] {dag.py:4180} INFO - Setting next_dagrun for example_setup_teardown to None, run_after=None
[2024-11-14T06:28:04.854+0000] {processor.py:208} INFO - Processing /home/airflow/.local/lib/python3.12/site-packages/airflow/example_dags/example_setup_teardown.py took 0.047 seconds
[2024-11-14T06:28:35.751+0000] {processor.py:186} INFO - Started process (PID=389) to work on /home/airflow/.local/lib/python3.12/site-packages/airflow/example_dags/example_setup_teardown.py
[2024-11-14T06:28:35.751+0000] {processor.py:914} INFO - Processing file /home/airflow/.local/lib/python3.12/site-packages/airflow/example_dags/example_setup_teardown.py for tasks to queue
[2024-11-14T06:28:35.753+0000] {logging_mixin.py:190} INFO - [2024-11-14T06:28:35.753+0000] {dagbag.py:588} INFO - Filling up the DagBag from /home/airflow/.local/lib/python3.12/site-packages/airflow/example_dags/example_setup_teardown.py
[2024-11-14T06:28:35.759+0000] {processor.py:925} INFO - DAG(s) 'example_setup_teardown' retrieved from /home/airflow/.local/lib/python3.12/site-packages/airflow/example_dags/example_setup_teardown.py
[2024-11-14T06:28:35.769+0000] {logging_mixin.py:190} INFO - [2024-11-14T06:28:35.769+0000] {dag.py:3239} INFO - Sync 1 DAGs
[2024-11-14T06:28:35.777+0000] {logging_mixin.py:190} INFO - [2024-11-14T06:28:35.777+0000] {dag.py:4180} INFO - Setting next_dagrun for example_setup_teardown to None, run_after=None
[2024-11-14T06:28:35.786+0000] {processor.py:208} INFO - Processing /home/airflow/.local/lib/python3.12/site-packages/airflow/example_dags/example_setup_teardown.py took 0.040 seconds
[2024-11-14T06:29:06.721+0000] {processor.py:186} INFO - Started process (PID=452) to work on /home/airflow/.local/lib/python3.12/site-packages/airflow/example_dags/example_setup_teardown.py
[2024-11-14T06:29:06.729+0000] {processor.py:914} INFO - Processing file /home/airflow/.local/lib/python3.12/site-packages/airflow/example_dags/example_setup_teardown.py for tasks to queue
[2024-11-14T06:29:06.734+0000] {logging_mixin.py:190} INFO - [2024-11-14T06:29:06.734+0000] {dagbag.py:588} INFO - Filling up the DagBag from /home/airflow/.local/lib/python3.12/site-packages/airflow/example_dags/example_setup_teardown.py
[2024-11-14T06:29:06.744+0000] {processor.py:925} INFO - DAG(s) 'example_setup_teardown' retrieved from /home/airflow/.local/lib/python3.12/site-packages/airflow/example_dags/example_setup_teardown.py
[2024-11-14T06:29:06.760+0000] {logging_mixin.py:190} INFO - [2024-11-14T06:29:06.759+0000] {dag.py:3239} INFO - Sync 1 DAGs
[2024-11-14T06:29:06.770+0000] {logging_mixin.py:190} INFO - [2024-11-14T06:29:06.770+0000] {dag.py:4180} INFO - Setting next_dagrun for example_setup_teardown to None, run_after=None
[2024-11-14T06:29:06.782+0000] {processor.py:208} INFO - Processing /home/airflow/.local/lib/python3.12/site-packages/airflow/example_dags/example_setup_teardown.py took 0.092 seconds
[2024-11-14T06:29:36.813+0000] {processor.py:186} INFO - Started process (PID=516) to work on /home/airflow/.local/lib/python3.12/site-packages/airflow/example_dags/example_setup_teardown.py
[2024-11-14T06:29:36.814+0000] {processor.py:914} INFO - Processing file /home/airflow/.local/lib/python3.12/site-packages/airflow/example_dags/example_setup_teardown.py for tasks to queue
[2024-11-14T06:29:36.816+0000] {logging_mixin.py:190} INFO - [2024-11-14T06:29:36.816+0000] {dagbag.py:588} INFO - Filling up the DagBag from /home/airflow/.local/lib/python3.12/site-packages/airflow/example_dags/example_setup_teardown.py
[2024-11-14T06:29:36.821+0000] {processor.py:925} INFO - DAG(s) 'example_setup_teardown' retrieved from /home/airflow/.local/lib/python3.12/site-packages/airflow/example_dags/example_setup_teardown.py
[2024-11-14T06:29:36.835+0000] {logging_mixin.py:190} INFO - [2024-11-14T06:29:36.835+0000] {dag.py:3239} INFO - Sync 1 DAGs
[2024-11-14T06:29:36.843+0000] {logging_mixin.py:190} INFO - [2024-11-14T06:29:36.843+0000] {dag.py:4180} INFO - Setting next_dagrun for example_setup_teardown to None, run_after=None
[2024-11-14T06:29:36.853+0000] {processor.py:208} INFO - Processing /home/airflow/.local/lib/python3.12/site-packages/airflow/example_dags/example_setup_teardown.py took 0.045 seconds
[2024-11-14T06:30:07.630+0000] {processor.py:186} INFO - Started process (PID=580) to work on /home/airflow/.local/lib/python3.12/site-packages/airflow/example_dags/example_setup_teardown.py
[2024-11-14T06:30:07.631+0000] {processor.py:914} INFO - Processing file /home/airflow/.local/lib/python3.12/site-packages/airflow/example_dags/example_setup_teardown.py for tasks to queue
[2024-11-14T06:30:07.633+0000] {logging_mixin.py:190} INFO - [2024-11-14T06:30:07.632+0000] {dagbag.py:588} INFO - Filling up the DagBag from /home/airflow/.local/lib/python3.12/site-packages/airflow/example_dags/example_setup_teardown.py
[2024-11-14T06:30:07.638+0000] {processor.py:925} INFO - DAG(s) 'example_setup_teardown' retrieved from /home/airflow/.local/lib/python3.12/site-packages/airflow/example_dags/example_setup_teardown.py
[2024-11-14T06:30:07.651+0000] {logging_mixin.py:190} INFO - [2024-11-14T06:30:07.650+0000] {dag.py:3239} INFO - Sync 1 DAGs
[2024-11-14T06:30:07.658+0000] {logging_mixin.py:190} INFO - [2024-11-14T06:30:07.658+0000] {dag.py:4180} INFO - Setting next_dagrun for example_setup_teardown to None, run_after=None
[2024-11-14T06:30:07.668+0000] {processor.py:208} INFO - Processing /home/airflow/.local/lib/python3.12/site-packages/airflow/example_dags/example_setup_teardown.py took 0.041 seconds
[2024-11-14T06:30:37.946+0000] {processor.py:186} INFO - Started process (PID=644) to work on /home/airflow/.local/lib/python3.12/site-packages/airflow/example_dags/example_setup_teardown.py
[2024-11-14T06:30:37.949+0000] {processor.py:914} INFO - Processing file /home/airflow/.local/lib/python3.12/site-packages/airflow/example_dags/example_setup_teardown.py for tasks to queue
[2024-11-14T06:30:37.961+0000] {logging_mixin.py:190} INFO - [2024-11-14T06:30:37.961+0000] {dagbag.py:588} INFO - Filling up the DagBag from /home/airflow/.local/lib/python3.12/site-packages/airflow/example_dags/example_setup_teardown.py
[2024-11-14T06:30:37.969+0000] {processor.py:925} INFO - DAG(s) 'example_setup_teardown' retrieved from /home/airflow/.local/lib/python3.12/site-packages/airflow/example_dags/example_setup_teardown.py
[2024-11-14T06:30:37.981+0000] {logging_mixin.py:190} INFO - [2024-11-14T06:30:37.981+0000] {dag.py:3239} INFO - Sync 1 DAGs
[2024-11-14T06:30:37.989+0000] {logging_mixin.py:190} INFO - [2024-11-14T06:30:37.989+0000] {dag.py:4180} INFO - Setting next_dagrun for example_setup_teardown to None, run_after=None
[2024-11-14T06:30:37.998+0000] {processor.py:208} INFO - Processing /home/airflow/.local/lib/python3.12/site-packages/airflow/example_dags/example_setup_teardown.py took 0.056 seconds
[2024-11-14T06:31:08.739+0000] {processor.py:186} INFO - Started process (PID=707) to work on /home/airflow/.local/lib/python3.12/site-packages/airflow/example_dags/example_setup_teardown.py
[2024-11-14T06:31:08.739+0000] {processor.py:914} INFO - Processing file /home/airflow/.local/lib/python3.12/site-packages/airflow/example_dags/example_setup_teardown.py for tasks to queue
[2024-11-14T06:31:08.741+0000] {logging_mixin.py:190} INFO - [2024-11-14T06:31:08.741+0000] {dagbag.py:588} INFO - Filling up the DagBag from /home/airflow/.local/lib/python3.12/site-packages/airflow/example_dags/example_setup_teardown.py
[2024-11-14T06:31:08.746+0000] {processor.py:925} INFO - DAG(s) 'example_setup_teardown' retrieved from /home/airflow/.local/lib/python3.12/site-packages/airflow/example_dags/example_setup_teardown.py
[2024-11-14T06:31:08.758+0000] {logging_mixin.py:190} INFO - [2024-11-14T06:31:08.758+0000] {dag.py:3239} INFO - Sync 1 DAGs
[2024-11-14T06:31:08.765+0000] {logging_mixin.py:190} INFO - [2024-11-14T06:31:08.765+0000] {dag.py:4180} INFO - Setting next_dagrun for example_setup_teardown to None, run_after=None
[2024-11-14T06:31:08.776+0000] {processor.py:208} INFO - Processing /home/airflow/.local/lib/python3.12/site-packages/airflow/example_dags/example_setup_teardown.py took 0.041 seconds
[2024-11-14T06:31:39.143+0000] {processor.py:186} INFO - Started process (PID=771) to work on /home/airflow/.local/lib/python3.12/site-packages/airflow/example_dags/example_setup_teardown.py
[2024-11-14T06:31:39.145+0000] {processor.py:914} INFO - Processing file /home/airflow/.local/lib/python3.12/site-packages/airflow/example_dags/example_setup_teardown.py for tasks to queue
[2024-11-14T06:31:39.147+0000] {logging_mixin.py:190} INFO - [2024-11-14T06:31:39.147+0000] {dagbag.py:588} INFO - Filling up the DagBag from /home/airflow/.local/lib/python3.12/site-packages/airflow/example_dags/example_setup_teardown.py
[2024-11-14T06:31:39.156+0000] {processor.py:925} INFO - DAG(s) 'example_setup_teardown' retrieved from /home/airflow/.local/lib/python3.12/site-packages/airflow/example_dags/example_setup_teardown.py
[2024-11-14T06:31:39.181+0000] {logging_mixin.py:190} INFO - [2024-11-14T06:31:39.180+0000] {dag.py:3239} INFO - Sync 1 DAGs
[2024-11-14T06:31:39.192+0000] {logging_mixin.py:190} INFO - [2024-11-14T06:31:39.192+0000] {dag.py:4180} INFO - Setting next_dagrun for example_setup_teardown to None, run_after=None
[2024-11-14T06:31:39.203+0000] {processor.py:208} INFO - Processing /home/airflow/.local/lib/python3.12/site-packages/airflow/example_dags/example_setup_teardown.py took 0.065 seconds
[2024-11-14T06:32:09.568+0000] {processor.py:186} INFO - Started process (PID=835) to work on /home/airflow/.local/lib/python3.12/site-packages/airflow/example_dags/example_setup_teardown.py
[2024-11-14T06:32:09.569+0000] {processor.py:914} INFO - Processing file /home/airflow/.local/lib/python3.12/site-packages/airflow/example_dags/example_setup_teardown.py for tasks to queue
[2024-11-14T06:32:09.571+0000] {logging_mixin.py:190} INFO - [2024-11-14T06:32:09.570+0000] {dagbag.py:588} INFO - Filling up the DagBag from /home/airflow/.local/lib/python3.12/site-packages/airflow/example_dags/example_setup_teardown.py
[2024-11-14T06:32:09.576+0000] {processor.py:925} INFO - DAG(s) 'example_setup_teardown' retrieved from /home/airflow/.local/lib/python3.12/site-packages/airflow/example_dags/example_setup_teardown.py
[2024-11-14T06:32:09.590+0000] {logging_mixin.py:190} INFO - [2024-11-14T06:32:09.590+0000] {dag.py:3239} INFO - Sync 1 DAGs
[2024-11-14T06:32:09.598+0000] {logging_mixin.py:190} INFO - [2024-11-14T06:32:09.598+0000] {dag.py:4180} INFO - Setting next_dagrun for example_setup_teardown to None, run_after=None
[2024-11-14T06:32:09.607+0000] {processor.py:208} INFO - Processing /home/airflow/.local/lib/python3.12/site-packages/airflow/example_dags/example_setup_teardown.py took 0.043 seconds
[2024-11-14T06:32:39.976+0000] {processor.py:186} INFO - Started process (PID=899) to work on /home/airflow/.local/lib/python3.12/site-packages/airflow/example_dags/example_setup_teardown.py
[2024-11-14T06:32:39.977+0000] {processor.py:914} INFO - Processing file /home/airflow/.local/lib/python3.12/site-packages/airflow/example_dags/example_setup_teardown.py for tasks to queue
[2024-11-14T06:32:39.979+0000] {logging_mixin.py:190} INFO - [2024-11-14T06:32:39.978+0000] {dagbag.py:588} INFO - Filling up the DagBag from /home/airflow/.local/lib/python3.12/site-packages/airflow/example_dags/example_setup_teardown.py
[2024-11-14T06:32:39.984+0000] {processor.py:925} INFO - DAG(s) 'example_setup_teardown' retrieved from /home/airflow/.local/lib/python3.12/site-packages/airflow/example_dags/example_setup_teardown.py
[2024-11-14T06:32:39.996+0000] {logging_mixin.py:190} INFO - [2024-11-14T06:32:39.996+0000] {dag.py:3239} INFO - Sync 1 DAGs
[2024-11-14T06:32:40.004+0000] {logging_mixin.py:190} INFO - [2024-11-14T06:32:40.004+0000] {dag.py:4180} INFO - Setting next_dagrun for example_setup_teardown to None, run_after=None
[2024-11-14T06:32:40.014+0000] {processor.py:208} INFO - Processing /home/airflow/.local/lib/python3.12/site-packages/airflow/example_dags/example_setup_teardown.py took 0.041 seconds
[2024-11-14T06:33:10.356+0000] {processor.py:186} INFO - Started process (PID=963) to work on /home/airflow/.local/lib/python3.12/site-packages/airflow/example_dags/example_setup_teardown.py
[2024-11-14T06:33:10.358+0000] {processor.py:914} INFO - Processing file /home/airflow/.local/lib/python3.12/site-packages/airflow/example_dags/example_setup_teardown.py for tasks to queue
[2024-11-14T06:33:10.359+0000] {logging_mixin.py:190} INFO - [2024-11-14T06:33:10.359+0000] {dagbag.py:588} INFO - Filling up the DagBag from /home/airflow/.local/lib/python3.12/site-packages/airflow/example_dags/example_setup_teardown.py
[2024-11-14T06:33:10.364+0000] {processor.py:925} INFO - DAG(s) 'example_setup_teardown' retrieved from /home/airflow/.local/lib/python3.12/site-packages/airflow/example_dags/example_setup_teardown.py
[2024-11-14T06:33:10.378+0000] {logging_mixin.py:190} INFO - [2024-11-14T06:33:10.378+0000] {dag.py:3239} INFO - Sync 1 DAGs
[2024-11-14T06:33:10.386+0000] {logging_mixin.py:190} INFO - [2024-11-14T06:33:10.386+0000] {dag.py:4180} INFO - Setting next_dagrun for example_setup_teardown to None, run_after=None
[2024-11-14T06:33:10.395+0000] {processor.py:208} INFO - Processing /home/airflow/.local/lib/python3.12/site-packages/airflow/example_dags/example_setup_teardown.py took 0.044 seconds
[2024-11-14T06:33:40.798+0000] {processor.py:186} INFO - Started process (PID=1027) to work on /home/airflow/.local/lib/python3.12/site-packages/airflow/example_dags/example_setup_teardown.py
[2024-11-14T06:33:40.798+0000] {processor.py:914} INFO - Processing file /home/airflow/.local/lib/python3.12/site-packages/airflow/example_dags/example_setup_teardown.py for tasks to queue
[2024-11-14T06:33:40.800+0000] {logging_mixin.py:190} INFO - [2024-11-14T06:33:40.799+0000] {dagbag.py:588} INFO - Filling up the DagBag from /home/airflow/.local/lib/python3.12/site-packages/airflow/example_dags/example_setup_teardown.py
[2024-11-14T06:33:40.805+0000] {processor.py:925} INFO - DAG(s) 'example_setup_teardown' retrieved from /home/airflow/.local/lib/python3.12/site-packages/airflow/example_dags/example_setup_teardown.py
[2024-11-14T06:33:40.825+0000] {logging_mixin.py:190} INFO - [2024-11-14T06:33:40.825+0000] {dag.py:3239} INFO - Sync 1 DAGs
[2024-11-14T06:33:40.838+0000] {logging_mixin.py:190} INFO - [2024-11-14T06:33:40.838+0000] {dag.py:4180} INFO - Setting next_dagrun for example_setup_teardown to None, run_after=None
[2024-11-14T06:33:40.848+0000] {processor.py:208} INFO - Processing /home/airflow/.local/lib/python3.12/site-packages/airflow/example_dags/example_setup_teardown.py took 0.054 seconds
[2024-11-14T06:34:11.551+0000] {processor.py:186} INFO - Started process (PID=1090) to work on /home/airflow/.local/lib/python3.12/site-packages/airflow/example_dags/example_setup_teardown.py
[2024-11-14T06:34:11.552+0000] {processor.py:914} INFO - Processing file /home/airflow/.local/lib/python3.12/site-packages/airflow/example_dags/example_setup_teardown.py for tasks to queue
[2024-11-14T06:34:11.554+0000] {logging_mixin.py:190} INFO - [2024-11-14T06:34:11.554+0000] {dagbag.py:588} INFO - Filling up the DagBag from /home/airflow/.local/lib/python3.12/site-packages/airflow/example_dags/example_setup_teardown.py
[2024-11-14T06:34:11.559+0000] {processor.py:925} INFO - DAG(s) 'example_setup_teardown' retrieved from /home/airflow/.local/lib/python3.12/site-packages/airflow/example_dags/example_setup_teardown.py
[2024-11-14T06:34:11.571+0000] {logging_mixin.py:190} INFO - [2024-11-14T06:34:11.571+0000] {dag.py:3239} INFO - Sync 1 DAGs
[2024-11-14T06:34:11.579+0000] {logging_mixin.py:190} INFO - [2024-11-14T06:34:11.578+0000] {dag.py:4180} INFO - Setting next_dagrun for example_setup_teardown to None, run_after=None
[2024-11-14T06:34:11.588+0000] {processor.py:208} INFO - Processing /home/airflow/.local/lib/python3.12/site-packages/airflow/example_dags/example_setup_teardown.py took 0.040 seconds
[2024-11-14T06:34:42.090+0000] {processor.py:186} INFO - Started process (PID=1154) to work on /home/airflow/.local/lib/python3.12/site-packages/airflow/example_dags/example_setup_teardown.py
[2024-11-14T06:34:42.091+0000] {processor.py:914} INFO - Processing file /home/airflow/.local/lib/python3.12/site-packages/airflow/example_dags/example_setup_teardown.py for tasks to queue
[2024-11-14T06:34:42.092+0000] {logging_mixin.py:190} INFO - [2024-11-14T06:34:42.092+0000] {dagbag.py:588} INFO - Filling up the DagBag from /home/airflow/.local/lib/python3.12/site-packages/airflow/example_dags/example_setup_teardown.py
[2024-11-14T06:34:42.097+0000] {processor.py:925} INFO - DAG(s) 'example_setup_teardown' retrieved from /home/airflow/.local/lib/python3.12/site-packages/airflow/example_dags/example_setup_teardown.py
[2024-11-14T06:34:42.111+0000] {logging_mixin.py:190} INFO - [2024-11-14T06:34:42.110+0000] {dag.py:3239} INFO - Sync 1 DAGs
[2024-11-14T06:34:42.120+0000] {logging_mixin.py:190} INFO - [2024-11-14T06:34:42.119+0000] {dag.py:4180} INFO - Setting next_dagrun for example_setup_teardown to None, run_after=None
[2024-11-14T06:34:42.129+0000] {processor.py:208} INFO - Processing /home/airflow/.local/lib/python3.12/site-packages/airflow/example_dags/example_setup_teardown.py took 0.044 seconds
[2024-11-14T06:35:12.806+0000] {processor.py:186} INFO - Started process (PID=1218) to work on /home/airflow/.local/lib/python3.12/site-packages/airflow/example_dags/example_setup_teardown.py
[2024-11-14T06:35:12.807+0000] {processor.py:914} INFO - Processing file /home/airflow/.local/lib/python3.12/site-packages/airflow/example_dags/example_setup_teardown.py for tasks to queue
[2024-11-14T06:35:12.808+0000] {logging_mixin.py:190} INFO - [2024-11-14T06:35:12.808+0000] {dagbag.py:588} INFO - Filling up the DagBag from /home/airflow/.local/lib/python3.12/site-packages/airflow/example_dags/example_setup_teardown.py
[2024-11-14T06:35:12.815+0000] {processor.py:925} INFO - DAG(s) 'example_setup_teardown' retrieved from /home/airflow/.local/lib/python3.12/site-packages/airflow/example_dags/example_setup_teardown.py
[2024-11-14T06:35:12.827+0000] {logging_mixin.py:190} INFO - [2024-11-14T06:35:12.827+0000] {dag.py:3239} INFO - Sync 1 DAGs
[2024-11-14T06:35:12.835+0000] {logging_mixin.py:190} INFO - [2024-11-14T06:35:12.835+0000] {dag.py:4180} INFO - Setting next_dagrun for example_setup_teardown to None, run_after=None
[2024-11-14T06:35:12.847+0000] {processor.py:208} INFO - Processing /home/airflow/.local/lib/python3.12/site-packages/airflow/example_dags/example_setup_teardown.py took 0.045 seconds
[2024-11-14T06:35:43.633+0000] {processor.py:186} INFO - Started process (PID=1282) to work on /home/airflow/.local/lib/python3.12/site-packages/airflow/example_dags/example_setup_teardown.py
[2024-11-14T06:35:43.634+0000] {processor.py:914} INFO - Processing file /home/airflow/.local/lib/python3.12/site-packages/airflow/example_dags/example_setup_teardown.py for tasks to queue
[2024-11-14T06:35:43.635+0000] {logging_mixin.py:190} INFO - [2024-11-14T06:35:43.635+0000] {dagbag.py:588} INFO - Filling up the DagBag from /home/airflow/.local/lib/python3.12/site-packages/airflow/example_dags/example_setup_teardown.py
[2024-11-14T06:35:43.639+0000] {processor.py:925} INFO - DAG(s) 'example_setup_teardown' retrieved from /home/airflow/.local/lib/python3.12/site-packages/airflow/example_dags/example_setup_teardown.py
[2024-11-14T06:35:43.650+0000] {logging_mixin.py:190} INFO - [2024-11-14T06:35:43.650+0000] {dag.py:3239} INFO - Sync 1 DAGs
[2024-11-14T06:35:43.659+0000] {logging_mixin.py:190} INFO - [2024-11-14T06:35:43.659+0000] {dag.py:4180} INFO - Setting next_dagrun for example_setup_teardown to None, run_after=None
[2024-11-14T06:35:43.674+0000] {processor.py:208} INFO - Processing /home/airflow/.local/lib/python3.12/site-packages/airflow/example_dags/example_setup_teardown.py took 0.044 seconds
[2024-11-14T06:36:14.150+0000] {processor.py:186} INFO - Started process (PID=1346) to work on /home/airflow/.local/lib/python3.12/site-packages/airflow/example_dags/example_setup_teardown.py
[2024-11-14T06:36:14.151+0000] {processor.py:914} INFO - Processing file /home/airflow/.local/lib/python3.12/site-packages/airflow/example_dags/example_setup_teardown.py for tasks to queue
[2024-11-14T06:36:14.152+0000] {logging_mixin.py:190} INFO - [2024-11-14T06:36:14.152+0000] {dagbag.py:588} INFO - Filling up the DagBag from /home/airflow/.local/lib/python3.12/site-packages/airflow/example_dags/example_setup_teardown.py
[2024-11-14T06:36:14.159+0000] {processor.py:925} INFO - DAG(s) 'example_setup_teardown' retrieved from /home/airflow/.local/lib/python3.12/site-packages/airflow/example_dags/example_setup_teardown.py
[2024-11-14T06:36:14.170+0000] {logging_mixin.py:190} INFO - [2024-11-14T06:36:14.170+0000] {dag.py:3239} INFO - Sync 1 DAGs
[2024-11-14T06:36:14.179+0000] {logging_mixin.py:190} INFO - [2024-11-14T06:36:14.178+0000] {dag.py:4180} INFO - Setting next_dagrun for example_setup_teardown to None, run_after=None
[2024-11-14T06:36:14.188+0000] {processor.py:208} INFO - Processing /home/airflow/.local/lib/python3.12/site-packages/airflow/example_dags/example_setup_teardown.py took 0.042 seconds
[2024-11-14T06:36:44.760+0000] {processor.py:186} INFO - Started process (PID=1410) to work on /home/airflow/.local/lib/python3.12/site-packages/airflow/example_dags/example_setup_teardown.py
[2024-11-14T06:36:44.761+0000] {processor.py:914} INFO - Processing file /home/airflow/.local/lib/python3.12/site-packages/airflow/example_dags/example_setup_teardown.py for tasks to queue
[2024-11-14T06:36:44.762+0000] {logging_mixin.py:190} INFO - [2024-11-14T06:36:44.762+0000] {dagbag.py:588} INFO - Filling up the DagBag from /home/airflow/.local/lib/python3.12/site-packages/airflow/example_dags/example_setup_teardown.py
[2024-11-14T06:36:44.767+0000] {processor.py:925} INFO - DAG(s) 'example_setup_teardown' retrieved from /home/airflow/.local/lib/python3.12/site-packages/airflow/example_dags/example_setup_teardown.py
[2024-11-14T06:36:44.779+0000] {logging_mixin.py:190} INFO - [2024-11-14T06:36:44.779+0000] {dag.py:3239} INFO - Sync 1 DAGs
[2024-11-14T06:36:44.786+0000] {logging_mixin.py:190} INFO - [2024-11-14T06:36:44.786+0000] {dag.py:4180} INFO - Setting next_dagrun for example_setup_teardown to None, run_after=None
[2024-11-14T06:36:44.794+0000] {processor.py:208} INFO - Processing /home/airflow/.local/lib/python3.12/site-packages/airflow/example_dags/example_setup_teardown.py took 0.037 seconds
[2024-11-14T06:37:15.144+0000] {processor.py:186} INFO - Started process (PID=1474) to work on /home/airflow/.local/lib/python3.12/site-packages/airflow/example_dags/example_setup_teardown.py
[2024-11-14T06:37:15.145+0000] {processor.py:914} INFO - Processing file /home/airflow/.local/lib/python3.12/site-packages/airflow/example_dags/example_setup_teardown.py for tasks to queue
[2024-11-14T06:37:15.146+0000] {logging_mixin.py:190} INFO - [2024-11-14T06:37:15.146+0000] {dagbag.py:588} INFO - Filling up the DagBag from /home/airflow/.local/lib/python3.12/site-packages/airflow/example_dags/example_setup_teardown.py
[2024-11-14T06:37:15.151+0000] {processor.py:925} INFO - DAG(s) 'example_setup_teardown' retrieved from /home/airflow/.local/lib/python3.12/site-packages/airflow/example_dags/example_setup_teardown.py
[2024-11-14T06:37:15.162+0000] {logging_mixin.py:190} INFO - [2024-11-14T06:37:15.162+0000] {dag.py:3239} INFO - Sync 1 DAGs
[2024-11-14T06:37:15.170+0000] {logging_mixin.py:190} INFO - [2024-11-14T06:37:15.169+0000] {dag.py:4180} INFO - Setting next_dagrun for example_setup_teardown to None, run_after=None
[2024-11-14T06:37:15.177+0000] {processor.py:208} INFO - Processing /home/airflow/.local/lib/python3.12/site-packages/airflow/example_dags/example_setup_teardown.py took 0.038 seconds
[2024-11-14T06:37:45.505+0000] {processor.py:186} INFO - Started process (PID=1538) to work on /home/airflow/.local/lib/python3.12/site-packages/airflow/example_dags/example_setup_teardown.py
[2024-11-14T06:37:45.506+0000] {processor.py:914} INFO - Processing file /home/airflow/.local/lib/python3.12/site-packages/airflow/example_dags/example_setup_teardown.py for tasks to queue
[2024-11-14T06:37:45.508+0000] {logging_mixin.py:190} INFO - [2024-11-14T06:37:45.508+0000] {dagbag.py:588} INFO - Filling up the DagBag from /home/airflow/.local/lib/python3.12/site-packages/airflow/example_dags/example_setup_teardown.py
[2024-11-14T06:37:45.514+0000] {processor.py:925} INFO - DAG(s) 'example_setup_teardown' retrieved from /home/airflow/.local/lib/python3.12/site-packages/airflow/example_dags/example_setup_teardown.py
[2024-11-14T06:37:45.528+0000] {logging_mixin.py:190} INFO - [2024-11-14T06:37:45.527+0000] {dag.py:3239} INFO - Sync 1 DAGs
[2024-11-14T06:37:45.538+0000] {logging_mixin.py:190} INFO - [2024-11-14T06:37:45.538+0000] {dag.py:4180} INFO - Setting next_dagrun for example_setup_teardown to None, run_after=None
[2024-11-14T06:37:45.549+0000] {processor.py:208} INFO - Processing /home/airflow/.local/lib/python3.12/site-packages/airflow/example_dags/example_setup_teardown.py took 0.048 seconds
[2024-11-14T06:38:16.118+0000] {processor.py:186} INFO - Started process (PID=1602) to work on /home/airflow/.local/lib/python3.12/site-packages/airflow/example_dags/example_setup_teardown.py
[2024-11-14T06:38:16.118+0000] {processor.py:914} INFO - Processing file /home/airflow/.local/lib/python3.12/site-packages/airflow/example_dags/example_setup_teardown.py for tasks to queue
[2024-11-14T06:38:16.120+0000] {logging_mixin.py:190} INFO - [2024-11-14T06:38:16.120+0000] {dagbag.py:588} INFO - Filling up the DagBag from /home/airflow/.local/lib/python3.12/site-packages/airflow/example_dags/example_setup_teardown.py
[2024-11-14T06:38:16.125+0000] {processor.py:925} INFO - DAG(s) 'example_setup_teardown' retrieved from /home/airflow/.local/lib/python3.12/site-packages/airflow/example_dags/example_setup_teardown.py
[2024-11-14T06:38:16.154+0000] {logging_mixin.py:190} INFO - [2024-11-14T06:38:16.154+0000] {dag.py:3239} INFO - Sync 1 DAGs
[2024-11-14T06:38:16.173+0000] {logging_mixin.py:190} INFO - [2024-11-14T06:38:16.172+0000] {dag.py:4180} INFO - Setting next_dagrun for example_setup_teardown to None, run_after=None
[2024-11-14T06:38:16.185+0000] {processor.py:208} INFO - Processing /home/airflow/.local/lib/python3.12/site-packages/airflow/example_dags/example_setup_teardown.py took 0.071 seconds
[2024-11-14T06:38:46.883+0000] {processor.py:186} INFO - Started process (PID=1666) to work on /home/airflow/.local/lib/python3.12/site-packages/airflow/example_dags/example_setup_teardown.py
[2024-11-14T06:38:46.884+0000] {processor.py:914} INFO - Processing file /home/airflow/.local/lib/python3.12/site-packages/airflow/example_dags/example_setup_teardown.py for tasks to queue
[2024-11-14T06:38:46.885+0000] {logging_mixin.py:190} INFO - [2024-11-14T06:38:46.885+0000] {dagbag.py:588} INFO - Filling up the DagBag from /home/airflow/.local/lib/python3.12/site-packages/airflow/example_dags/example_setup_teardown.py
[2024-11-14T06:38:46.891+0000] {processor.py:925} INFO - DAG(s) 'example_setup_teardown' retrieved from /home/airflow/.local/lib/python3.12/site-packages/airflow/example_dags/example_setup_teardown.py
[2024-11-14T06:38:46.903+0000] {logging_mixin.py:190} INFO - [2024-11-14T06:38:46.903+0000] {dag.py:3239} INFO - Sync 1 DAGs
[2024-11-14T06:38:46.912+0000] {logging_mixin.py:190} INFO - [2024-11-14T06:38:46.912+0000] {dag.py:4180} INFO - Setting next_dagrun for example_setup_teardown to None, run_after=None
[2024-11-14T06:38:46.922+0000] {processor.py:208} INFO - Processing /home/airflow/.local/lib/python3.12/site-packages/airflow/example_dags/example_setup_teardown.py took 0.043 seconds
[2024-11-14T06:39:17.490+0000] {processor.py:186} INFO - Started process (PID=1731) to work on /home/airflow/.local/lib/python3.12/site-packages/airflow/example_dags/example_setup_teardown.py
[2024-11-14T06:39:17.491+0000] {processor.py:914} INFO - Processing file /home/airflow/.local/lib/python3.12/site-packages/airflow/example_dags/example_setup_teardown.py for tasks to queue
[2024-11-14T06:39:17.492+0000] {logging_mixin.py:190} INFO - [2024-11-14T06:39:17.492+0000] {dagbag.py:588} INFO - Filling up the DagBag from /home/airflow/.local/lib/python3.12/site-packages/airflow/example_dags/example_setup_teardown.py
[2024-11-14T06:39:17.497+0000] {processor.py:925} INFO - DAG(s) 'example_setup_teardown' retrieved from /home/airflow/.local/lib/python3.12/site-packages/airflow/example_dags/example_setup_teardown.py
[2024-11-14T06:39:17.509+0000] {logging_mixin.py:190} INFO - [2024-11-14T06:39:17.509+0000] {dag.py:3239} INFO - Sync 1 DAGs
[2024-11-14T06:39:17.516+0000] {logging_mixin.py:190} INFO - [2024-11-14T06:39:17.516+0000] {dag.py:4180} INFO - Setting next_dagrun for example_setup_teardown to None, run_after=None
[2024-11-14T06:39:17.526+0000] {processor.py:208} INFO - Processing /home/airflow/.local/lib/python3.12/site-packages/airflow/example_dags/example_setup_teardown.py took 0.039 seconds
[2024-11-14T06:39:48.272+0000] {processor.py:186} INFO - Started process (PID=1795) to work on /home/airflow/.local/lib/python3.12/site-packages/airflow/example_dags/example_setup_teardown.py
[2024-11-14T06:39:48.273+0000] {processor.py:914} INFO - Processing file /home/airflow/.local/lib/python3.12/site-packages/airflow/example_dags/example_setup_teardown.py for tasks to queue
[2024-11-14T06:39:48.274+0000] {logging_mixin.py:190} INFO - [2024-11-14T06:39:48.274+0000] {dagbag.py:588} INFO - Filling up the DagBag from /home/airflow/.local/lib/python3.12/site-packages/airflow/example_dags/example_setup_teardown.py
[2024-11-14T06:39:48.280+0000] {processor.py:925} INFO - DAG(s) 'example_setup_teardown' retrieved from /home/airflow/.local/lib/python3.12/site-packages/airflow/example_dags/example_setup_teardown.py
[2024-11-14T06:39:48.290+0000] {logging_mixin.py:190} INFO - [2024-11-14T06:39:48.290+0000] {dag.py:3239} INFO - Sync 1 DAGs
[2024-11-14T06:39:48.298+0000] {logging_mixin.py:190} INFO - [2024-11-14T06:39:48.297+0000] {dag.py:4180} INFO - Setting next_dagrun for example_setup_teardown to None, run_after=None
[2024-11-14T06:39:48.307+0000] {processor.py:208} INFO - Processing /home/airflow/.local/lib/python3.12/site-packages/airflow/example_dags/example_setup_teardown.py took 0.039 seconds
[2024-11-14T06:40:18.990+0000] {processor.py:186} INFO - Started process (PID=1859) to work on /home/airflow/.local/lib/python3.12/site-packages/airflow/example_dags/example_setup_teardown.py
[2024-11-14T06:40:18.991+0000] {processor.py:914} INFO - Processing file /home/airflow/.local/lib/python3.12/site-packages/airflow/example_dags/example_setup_teardown.py for tasks to queue
[2024-11-14T06:40:18.992+0000] {logging_mixin.py:190} INFO - [2024-11-14T06:40:18.992+0000] {dagbag.py:588} INFO - Filling up the DagBag from /home/airflow/.local/lib/python3.12/site-packages/airflow/example_dags/example_setup_teardown.py
[2024-11-14T06:40:18.997+0000] {processor.py:925} INFO - DAG(s) 'example_setup_teardown' retrieved from /home/airflow/.local/lib/python3.12/site-packages/airflow/example_dags/example_setup_teardown.py
[2024-11-14T06:40:19.009+0000] {logging_mixin.py:190} INFO - [2024-11-14T06:40:19.009+0000] {dag.py:3239} INFO - Sync 1 DAGs
[2024-11-14T06:40:19.017+0000] {logging_mixin.py:190} INFO - [2024-11-14T06:40:19.017+0000] {dag.py:4180} INFO - Setting next_dagrun for example_setup_teardown to None, run_after=None
[2024-11-14T06:40:19.037+0000] {processor.py:208} INFO - Processing /home/airflow/.local/lib/python3.12/site-packages/airflow/example_dags/example_setup_teardown.py took 0.051 seconds
[2024-11-14T06:40:49.471+0000] {processor.py:186} INFO - Started process (PID=1923) to work on /home/airflow/.local/lib/python3.12/site-packages/airflow/example_dags/example_setup_teardown.py
[2024-11-14T06:40:49.472+0000] {processor.py:914} INFO - Processing file /home/airflow/.local/lib/python3.12/site-packages/airflow/example_dags/example_setup_teardown.py for tasks to queue
[2024-11-14T06:40:49.474+0000] {logging_mixin.py:190} INFO - [2024-11-14T06:40:49.474+0000] {dagbag.py:588} INFO - Filling up the DagBag from /home/airflow/.local/lib/python3.12/site-packages/airflow/example_dags/example_setup_teardown.py
[2024-11-14T06:40:49.482+0000] {processor.py:925} INFO - DAG(s) 'example_setup_teardown' retrieved from /home/airflow/.local/lib/python3.12/site-packages/airflow/example_dags/example_setup_teardown.py
[2024-11-14T06:40:49.494+0000] {logging_mixin.py:190} INFO - [2024-11-14T06:40:49.494+0000] {dag.py:3239} INFO - Sync 1 DAGs
[2024-11-14T06:40:49.502+0000] {logging_mixin.py:190} INFO - [2024-11-14T06:40:49.501+0000] {dag.py:4180} INFO - Setting next_dagrun for example_setup_teardown to None, run_after=None
[2024-11-14T06:40:49.510+0000] {processor.py:208} INFO - Processing /home/airflow/.local/lib/python3.12/site-packages/airflow/example_dags/example_setup_teardown.py took 0.044 seconds
[2024-11-14T06:41:20.197+0000] {processor.py:186} INFO - Started process (PID=1986) to work on /home/airflow/.local/lib/python3.12/site-packages/airflow/example_dags/example_setup_teardown.py
[2024-11-14T06:41:20.199+0000] {processor.py:914} INFO - Processing file /home/airflow/.local/lib/python3.12/site-packages/airflow/example_dags/example_setup_teardown.py for tasks to queue
[2024-11-14T06:41:20.201+0000] {logging_mixin.py:190} INFO - [2024-11-14T06:41:20.201+0000] {dagbag.py:588} INFO - Filling up the DagBag from /home/airflow/.local/lib/python3.12/site-packages/airflow/example_dags/example_setup_teardown.py
[2024-11-14T06:41:20.211+0000] {processor.py:925} INFO - DAG(s) 'example_setup_teardown' retrieved from /home/airflow/.local/lib/python3.12/site-packages/airflow/example_dags/example_setup_teardown.py
[2024-11-14T06:41:20.228+0000] {logging_mixin.py:190} INFO - [2024-11-14T06:41:20.228+0000] {dag.py:3239} INFO - Sync 1 DAGs
[2024-11-14T06:41:20.236+0000] {logging_mixin.py:190} INFO - [2024-11-14T06:41:20.236+0000] {dag.py:4180} INFO - Setting next_dagrun for example_setup_teardown to None, run_after=None
[2024-11-14T06:41:20.249+0000] {processor.py:208} INFO - Processing /home/airflow/.local/lib/python3.12/site-packages/airflow/example_dags/example_setup_teardown.py took 0.059 seconds
