[2024-11-14T06:26:04.811+0000] {processor.py:186} INFO - Started process (PID=102) to work on /home/airflow/.local/lib/python3.12/site-packages/airflow/example_dags/example_task_group.py
[2024-11-14T06:26:04.812+0000] {processor.py:914} INFO - Processing file /home/airflow/.local/lib/python3.12/site-packages/airflow/example_dags/example_task_group.py for tasks to queue
[2024-11-14T06:26:04.814+0000] {logging_mixin.py:190} INFO - [2024-11-14T06:26:04.813+0000] {dagbag.py:588} INFO - Filling up the DagBag from /home/airflow/.local/lib/python3.12/site-packages/airflow/example_dags/example_task_group.py
[2024-11-14T06:26:04.822+0000] {processor.py:925} INFO - DAG(s) 'example_task_group' retrieved from /home/airflow/.local/lib/python3.12/site-packages/airflow/example_dags/example_task_group.py
[2024-11-14T06:26:04.864+0000] {logging_mixin.py:190} INFO - [2024-11-14T06:26:04.863+0000] {dag.py:3239} INFO - Sync 1 DAGs
[2024-11-14T06:26:04.886+0000] {logging_mixin.py:190} INFO - [2024-11-14T06:26:04.885+0000] {dag.py:4180} INFO - Setting next_dagrun for example_task_group to None, run_after=None
[2024-11-14T06:26:04.929+0000] {processor.py:208} INFO - Processing /home/airflow/.local/lib/python3.12/site-packages/airflow/example_dags/example_task_group.py took 0.122 seconds
[2024-11-14T06:26:36.683+0000] {processor.py:186} INFO - Started process (PID=166) to work on /home/airflow/.local/lib/python3.12/site-packages/airflow/example_dags/example_task_group.py
[2024-11-14T06:26:36.684+0000] {processor.py:914} INFO - Processing file /home/airflow/.local/lib/python3.12/site-packages/airflow/example_dags/example_task_group.py for tasks to queue
[2024-11-14T06:26:36.685+0000] {logging_mixin.py:190} INFO - [2024-11-14T06:26:36.685+0000] {dagbag.py:588} INFO - Filling up the DagBag from /home/airflow/.local/lib/python3.12/site-packages/airflow/example_dags/example_task_group.py
[2024-11-14T06:26:36.690+0000] {processor.py:925} INFO - DAG(s) 'example_task_group' retrieved from /home/airflow/.local/lib/python3.12/site-packages/airflow/example_dags/example_task_group.py
[2024-11-14T06:26:36.701+0000] {logging_mixin.py:190} INFO - [2024-11-14T06:26:36.701+0000] {dag.py:3239} INFO - Sync 1 DAGs
[2024-11-14T06:26:36.709+0000] {logging_mixin.py:190} INFO - [2024-11-14T06:26:36.709+0000] {dag.py:4180} INFO - Setting next_dagrun for example_task_group to None, run_after=None
[2024-11-14T06:26:36.718+0000] {processor.py:208} INFO - Processing /home/airflow/.local/lib/python3.12/site-packages/airflow/example_dags/example_task_group.py took 0.038 seconds
[2024-11-14T06:27:07.439+0000] {processor.py:186} INFO - Started process (PID=230) to work on /home/airflow/.local/lib/python3.12/site-packages/airflow/example_dags/example_task_group.py
[2024-11-14T06:27:07.440+0000] {processor.py:914} INFO - Processing file /home/airflow/.local/lib/python3.12/site-packages/airflow/example_dags/example_task_group.py for tasks to queue
[2024-11-14T06:27:07.442+0000] {logging_mixin.py:190} INFO - [2024-11-14T06:27:07.441+0000] {dagbag.py:588} INFO - Filling up the DagBag from /home/airflow/.local/lib/python3.12/site-packages/airflow/example_dags/example_task_group.py
[2024-11-14T06:27:07.447+0000] {processor.py:925} INFO - DAG(s) 'example_task_group' retrieved from /home/airflow/.local/lib/python3.12/site-packages/airflow/example_dags/example_task_group.py
[2024-11-14T06:27:07.460+0000] {logging_mixin.py:190} INFO - [2024-11-14T06:27:07.459+0000] {dag.py:3239} INFO - Sync 1 DAGs
[2024-11-14T06:27:07.467+0000] {logging_mixin.py:190} INFO - [2024-11-14T06:27:07.467+0000] {dag.py:4180} INFO - Setting next_dagrun for example_task_group to None, run_after=None
[2024-11-14T06:27:07.476+0000] {processor.py:208} INFO - Processing /home/airflow/.local/lib/python3.12/site-packages/airflow/example_dags/example_task_group.py took 0.042 seconds
[2024-11-14T06:27:38.181+0000] {processor.py:186} INFO - Started process (PID=294) to work on /home/airflow/.local/lib/python3.12/site-packages/airflow/example_dags/example_task_group.py
[2024-11-14T06:27:38.182+0000] {processor.py:914} INFO - Processing file /home/airflow/.local/lib/python3.12/site-packages/airflow/example_dags/example_task_group.py for tasks to queue
[2024-11-14T06:27:38.184+0000] {logging_mixin.py:190} INFO - [2024-11-14T06:27:38.183+0000] {dagbag.py:588} INFO - Filling up the DagBag from /home/airflow/.local/lib/python3.12/site-packages/airflow/example_dags/example_task_group.py
[2024-11-14T06:27:38.188+0000] {processor.py:925} INFO - DAG(s) 'example_task_group' retrieved from /home/airflow/.local/lib/python3.12/site-packages/airflow/example_dags/example_task_group.py
[2024-11-14T06:27:38.199+0000] {logging_mixin.py:190} INFO - [2024-11-14T06:27:38.199+0000] {dag.py:3239} INFO - Sync 1 DAGs
[2024-11-14T06:27:38.206+0000] {logging_mixin.py:190} INFO - [2024-11-14T06:27:38.206+0000] {dag.py:4180} INFO - Setting next_dagrun for example_task_group to None, run_after=None
[2024-11-14T06:27:38.216+0000] {processor.py:208} INFO - Processing /home/airflow/.local/lib/python3.12/site-packages/airflow/example_dags/example_task_group.py took 0.038 seconds
[2024-11-14T06:28:09.293+0000] {processor.py:186} INFO - Started process (PID=358) to work on /home/airflow/.local/lib/python3.12/site-packages/airflow/example_dags/example_task_group.py
[2024-11-14T06:28:09.294+0000] {processor.py:914} INFO - Processing file /home/airflow/.local/lib/python3.12/site-packages/airflow/example_dags/example_task_group.py for tasks to queue
[2024-11-14T06:28:09.296+0000] {logging_mixin.py:190} INFO - [2024-11-14T06:28:09.296+0000] {dagbag.py:588} INFO - Filling up the DagBag from /home/airflow/.local/lib/python3.12/site-packages/airflow/example_dags/example_task_group.py
[2024-11-14T06:28:09.301+0000] {processor.py:925} INFO - DAG(s) 'example_task_group' retrieved from /home/airflow/.local/lib/python3.12/site-packages/airflow/example_dags/example_task_group.py
[2024-11-14T06:28:09.314+0000] {logging_mixin.py:190} INFO - [2024-11-14T06:28:09.314+0000] {dag.py:3239} INFO - Sync 1 DAGs
[2024-11-14T06:28:09.323+0000] {logging_mixin.py:190} INFO - [2024-11-14T06:28:09.323+0000] {dag.py:4180} INFO - Setting next_dagrun for example_task_group to None, run_after=None
[2024-11-14T06:28:09.334+0000] {processor.py:208} INFO - Processing /home/airflow/.local/lib/python3.12/site-packages/airflow/example_dags/example_task_group.py took 0.045 seconds
[2024-11-14T06:28:40.607+0000] {processor.py:186} INFO - Started process (PID=422) to work on /home/airflow/.local/lib/python3.12/site-packages/airflow/example_dags/example_task_group.py
[2024-11-14T06:28:40.608+0000] {processor.py:914} INFO - Processing file /home/airflow/.local/lib/python3.12/site-packages/airflow/example_dags/example_task_group.py for tasks to queue
[2024-11-14T06:28:40.611+0000] {logging_mixin.py:190} INFO - [2024-11-14T06:28:40.611+0000] {dagbag.py:588} INFO - Filling up the DagBag from /home/airflow/.local/lib/python3.12/site-packages/airflow/example_dags/example_task_group.py
[2024-11-14T06:28:40.622+0000] {processor.py:925} INFO - DAG(s) 'example_task_group' retrieved from /home/airflow/.local/lib/python3.12/site-packages/airflow/example_dags/example_task_group.py
[2024-11-14T06:28:40.652+0000] {logging_mixin.py:190} INFO - [2024-11-14T06:28:40.651+0000] {dag.py:3239} INFO - Sync 1 DAGs
[2024-11-14T06:28:40.668+0000] {logging_mixin.py:190} INFO - [2024-11-14T06:28:40.668+0000] {dag.py:4180} INFO - Setting next_dagrun for example_task_group to None, run_after=None
[2024-11-14T06:28:40.681+0000] {processor.py:208} INFO - Processing /home/airflow/.local/lib/python3.12/site-packages/airflow/example_dags/example_task_group.py took 0.082 seconds
[2024-11-14T06:29:12.220+0000] {processor.py:186} INFO - Started process (PID=485) to work on /home/airflow/.local/lib/python3.12/site-packages/airflow/example_dags/example_task_group.py
[2024-11-14T06:29:12.221+0000] {processor.py:914} INFO - Processing file /home/airflow/.local/lib/python3.12/site-packages/airflow/example_dags/example_task_group.py for tasks to queue
[2024-11-14T06:29:12.223+0000] {logging_mixin.py:190} INFO - [2024-11-14T06:29:12.223+0000] {dagbag.py:588} INFO - Filling up the DagBag from /home/airflow/.local/lib/python3.12/site-packages/airflow/example_dags/example_task_group.py
[2024-11-14T06:29:12.230+0000] {processor.py:925} INFO - DAG(s) 'example_task_group' retrieved from /home/airflow/.local/lib/python3.12/site-packages/airflow/example_dags/example_task_group.py
[2024-11-14T06:29:12.244+0000] {logging_mixin.py:190} INFO - [2024-11-14T06:29:12.244+0000] {dag.py:3239} INFO - Sync 1 DAGs
[2024-11-14T06:29:12.252+0000] {logging_mixin.py:190} INFO - [2024-11-14T06:29:12.251+0000] {dag.py:4180} INFO - Setting next_dagrun for example_task_group to None, run_after=None
[2024-11-14T06:29:12.262+0000] {processor.py:208} INFO - Processing /home/airflow/.local/lib/python3.12/site-packages/airflow/example_dags/example_task_group.py took 0.047 seconds
[2024-11-14T06:29:42.997+0000] {processor.py:186} INFO - Started process (PID=549) to work on /home/airflow/.local/lib/python3.12/site-packages/airflow/example_dags/example_task_group.py
[2024-11-14T06:29:42.998+0000] {processor.py:914} INFO - Processing file /home/airflow/.local/lib/python3.12/site-packages/airflow/example_dags/example_task_group.py for tasks to queue
[2024-11-14T06:29:43.000+0000] {logging_mixin.py:190} INFO - [2024-11-14T06:29:43.000+0000] {dagbag.py:588} INFO - Filling up the DagBag from /home/airflow/.local/lib/python3.12/site-packages/airflow/example_dags/example_task_group.py
[2024-11-14T06:29:43.006+0000] {processor.py:925} INFO - DAG(s) 'example_task_group' retrieved from /home/airflow/.local/lib/python3.12/site-packages/airflow/example_dags/example_task_group.py
[2024-11-14T06:29:43.019+0000] {logging_mixin.py:190} INFO - [2024-11-14T06:29:43.019+0000] {dag.py:3239} INFO - Sync 1 DAGs
[2024-11-14T06:29:43.027+0000] {logging_mixin.py:190} INFO - [2024-11-14T06:29:43.027+0000] {dag.py:4180} INFO - Setting next_dagrun for example_task_group to None, run_after=None
[2024-11-14T06:29:43.038+0000] {processor.py:208} INFO - Processing /home/airflow/.local/lib/python3.12/site-packages/airflow/example_dags/example_task_group.py took 0.045 seconds
[2024-11-14T06:30:14.372+0000] {processor.py:186} INFO - Started process (PID=613) to work on /home/airflow/.local/lib/python3.12/site-packages/airflow/example_dags/example_task_group.py
[2024-11-14T06:30:14.374+0000] {processor.py:914} INFO - Processing file /home/airflow/.local/lib/python3.12/site-packages/airflow/example_dags/example_task_group.py for tasks to queue
[2024-11-14T06:30:14.377+0000] {logging_mixin.py:190} INFO - [2024-11-14T06:30:14.376+0000] {dagbag.py:588} INFO - Filling up the DagBag from /home/airflow/.local/lib/python3.12/site-packages/airflow/example_dags/example_task_group.py
[2024-11-14T06:30:14.388+0000] {processor.py:925} INFO - DAG(s) 'example_task_group' retrieved from /home/airflow/.local/lib/python3.12/site-packages/airflow/example_dags/example_task_group.py
[2024-11-14T06:30:14.412+0000] {logging_mixin.py:190} INFO - [2024-11-14T06:30:14.412+0000] {dag.py:3239} INFO - Sync 1 DAGs
[2024-11-14T06:30:14.421+0000] {logging_mixin.py:190} INFO - [2024-11-14T06:30:14.421+0000] {dag.py:4180} INFO - Setting next_dagrun for example_task_group to None, run_after=None
[2024-11-14T06:30:14.435+0000] {processor.py:208} INFO - Processing /home/airflow/.local/lib/python3.12/site-packages/airflow/example_dags/example_task_group.py took 0.068 seconds
[2024-11-14T06:30:45.996+0000] {processor.py:186} INFO - Started process (PID=677) to work on /home/airflow/.local/lib/python3.12/site-packages/airflow/example_dags/example_task_group.py
[2024-11-14T06:30:45.997+0000] {processor.py:914} INFO - Processing file /home/airflow/.local/lib/python3.12/site-packages/airflow/example_dags/example_task_group.py for tasks to queue
[2024-11-14T06:30:45.999+0000] {logging_mixin.py:190} INFO - [2024-11-14T06:30:45.999+0000] {dagbag.py:588} INFO - Filling up the DagBag from /home/airflow/.local/lib/python3.12/site-packages/airflow/example_dags/example_task_group.py
[2024-11-14T06:30:46.004+0000] {processor.py:925} INFO - DAG(s) 'example_task_group' retrieved from /home/airflow/.local/lib/python3.12/site-packages/airflow/example_dags/example_task_group.py
[2024-11-14T06:30:46.016+0000] {logging_mixin.py:190} INFO - [2024-11-14T06:30:46.015+0000] {dag.py:3239} INFO - Sync 1 DAGs
[2024-11-14T06:30:46.023+0000] {logging_mixin.py:190} INFO - [2024-11-14T06:30:46.023+0000] {dag.py:4180} INFO - Setting next_dagrun for example_task_group to None, run_after=None
[2024-11-14T06:30:46.033+0000] {processor.py:208} INFO - Processing /home/airflow/.local/lib/python3.12/site-packages/airflow/example_dags/example_task_group.py took 0.040 seconds
[2024-11-14T06:31:17.667+0000] {processor.py:186} INFO - Started process (PID=740) to work on /home/airflow/.local/lib/python3.12/site-packages/airflow/example_dags/example_task_group.py
[2024-11-14T06:31:17.668+0000] {processor.py:914} INFO - Processing file /home/airflow/.local/lib/python3.12/site-packages/airflow/example_dags/example_task_group.py for tasks to queue
[2024-11-14T06:31:17.670+0000] {logging_mixin.py:190} INFO - [2024-11-14T06:31:17.669+0000] {dagbag.py:588} INFO - Filling up the DagBag from /home/airflow/.local/lib/python3.12/site-packages/airflow/example_dags/example_task_group.py
[2024-11-14T06:31:17.674+0000] {processor.py:925} INFO - DAG(s) 'example_task_group' retrieved from /home/airflow/.local/lib/python3.12/site-packages/airflow/example_dags/example_task_group.py
[2024-11-14T06:31:17.687+0000] {logging_mixin.py:190} INFO - [2024-11-14T06:31:17.686+0000] {dag.py:3239} INFO - Sync 1 DAGs
[2024-11-14T06:31:17.694+0000] {logging_mixin.py:190} INFO - [2024-11-14T06:31:17.694+0000] {dag.py:4180} INFO - Setting next_dagrun for example_task_group to None, run_after=None
[2024-11-14T06:31:17.703+0000] {processor.py:208} INFO - Processing /home/airflow/.local/lib/python3.12/site-packages/airflow/example_dags/example_task_group.py took 0.040 seconds
[2024-11-14T06:31:49.124+0000] {processor.py:186} INFO - Started process (PID=804) to work on /home/airflow/.local/lib/python3.12/site-packages/airflow/example_dags/example_task_group.py
[2024-11-14T06:31:49.125+0000] {processor.py:914} INFO - Processing file /home/airflow/.local/lib/python3.12/site-packages/airflow/example_dags/example_task_group.py for tasks to queue
[2024-11-14T06:31:49.127+0000] {logging_mixin.py:190} INFO - [2024-11-14T06:31:49.127+0000] {dagbag.py:588} INFO - Filling up the DagBag from /home/airflow/.local/lib/python3.12/site-packages/airflow/example_dags/example_task_group.py
[2024-11-14T06:31:49.133+0000] {processor.py:925} INFO - DAG(s) 'example_task_group' retrieved from /home/airflow/.local/lib/python3.12/site-packages/airflow/example_dags/example_task_group.py
[2024-11-14T06:31:49.146+0000] {logging_mixin.py:190} INFO - [2024-11-14T06:31:49.146+0000] {dag.py:3239} INFO - Sync 1 DAGs
[2024-11-14T06:31:49.154+0000] {logging_mixin.py:190} INFO - [2024-11-14T06:31:49.154+0000] {dag.py:4180} INFO - Setting next_dagrun for example_task_group to None, run_after=None
[2024-11-14T06:31:49.210+0000] {processor.py:208} INFO - Processing /home/airflow/.local/lib/python3.12/site-packages/airflow/example_dags/example_task_group.py took 0.090 seconds
[2024-11-14T06:32:20.494+0000] {processor.py:186} INFO - Started process (PID=868) to work on /home/airflow/.local/lib/python3.12/site-packages/airflow/example_dags/example_task_group.py
[2024-11-14T06:32:20.495+0000] {processor.py:914} INFO - Processing file /home/airflow/.local/lib/python3.12/site-packages/airflow/example_dags/example_task_group.py for tasks to queue
[2024-11-14T06:32:20.497+0000] {logging_mixin.py:190} INFO - [2024-11-14T06:32:20.497+0000] {dagbag.py:588} INFO - Filling up the DagBag from /home/airflow/.local/lib/python3.12/site-packages/airflow/example_dags/example_task_group.py
[2024-11-14T06:32:20.505+0000] {processor.py:925} INFO - DAG(s) 'example_task_group' retrieved from /home/airflow/.local/lib/python3.12/site-packages/airflow/example_dags/example_task_group.py
[2024-11-14T06:32:20.524+0000] {logging_mixin.py:190} INFO - [2024-11-14T06:32:20.524+0000] {dag.py:3239} INFO - Sync 1 DAGs
[2024-11-14T06:32:20.534+0000] {logging_mixin.py:190} INFO - [2024-11-14T06:32:20.534+0000] {dag.py:4180} INFO - Setting next_dagrun for example_task_group to None, run_after=None
[2024-11-14T06:32:20.546+0000] {processor.py:208} INFO - Processing /home/airflow/.local/lib/python3.12/site-packages/airflow/example_dags/example_task_group.py took 0.058 seconds
[2024-11-14T06:32:51.882+0000] {processor.py:186} INFO - Started process (PID=932) to work on /home/airflow/.local/lib/python3.12/site-packages/airflow/example_dags/example_task_group.py
[2024-11-14T06:32:51.884+0000] {processor.py:914} INFO - Processing file /home/airflow/.local/lib/python3.12/site-packages/airflow/example_dags/example_task_group.py for tasks to queue
[2024-11-14T06:32:51.886+0000] {logging_mixin.py:190} INFO - [2024-11-14T06:32:51.886+0000] {dagbag.py:588} INFO - Filling up the DagBag from /home/airflow/.local/lib/python3.12/site-packages/airflow/example_dags/example_task_group.py
[2024-11-14T06:32:51.892+0000] {processor.py:925} INFO - DAG(s) 'example_task_group' retrieved from /home/airflow/.local/lib/python3.12/site-packages/airflow/example_dags/example_task_group.py
[2024-11-14T06:32:51.908+0000] {logging_mixin.py:190} INFO - [2024-11-14T06:32:51.907+0000] {dag.py:3239} INFO - Sync 1 DAGs
[2024-11-14T06:32:51.918+0000] {logging_mixin.py:190} INFO - [2024-11-14T06:32:51.918+0000] {dag.py:4180} INFO - Setting next_dagrun for example_task_group to None, run_after=None
[2024-11-14T06:32:51.929+0000] {processor.py:208} INFO - Processing /home/airflow/.local/lib/python3.12/site-packages/airflow/example_dags/example_task_group.py took 0.055 seconds
[2024-11-14T06:33:23.283+0000] {processor.py:186} INFO - Started process (PID=996) to work on /home/airflow/.local/lib/python3.12/site-packages/airflow/example_dags/example_task_group.py
[2024-11-14T06:33:23.284+0000] {processor.py:914} INFO - Processing file /home/airflow/.local/lib/python3.12/site-packages/airflow/example_dags/example_task_group.py for tasks to queue
[2024-11-14T06:33:23.285+0000] {logging_mixin.py:190} INFO - [2024-11-14T06:33:23.285+0000] {dagbag.py:588} INFO - Filling up the DagBag from /home/airflow/.local/lib/python3.12/site-packages/airflow/example_dags/example_task_group.py
[2024-11-14T06:33:23.290+0000] {processor.py:925} INFO - DAG(s) 'example_task_group' retrieved from /home/airflow/.local/lib/python3.12/site-packages/airflow/example_dags/example_task_group.py
[2024-11-14T06:33:23.302+0000] {logging_mixin.py:190} INFO - [2024-11-14T06:33:23.302+0000] {dag.py:3239} INFO - Sync 1 DAGs
[2024-11-14T06:33:23.311+0000] {logging_mixin.py:190} INFO - [2024-11-14T06:33:23.311+0000] {dag.py:4180} INFO - Setting next_dagrun for example_task_group to None, run_after=None
[2024-11-14T06:33:23.321+0000] {processor.py:208} INFO - Processing /home/airflow/.local/lib/python3.12/site-packages/airflow/example_dags/example_task_group.py took 0.042 seconds
[2024-11-14T06:33:55.087+0000] {processor.py:186} INFO - Started process (PID=1060) to work on /home/airflow/.local/lib/python3.12/site-packages/airflow/example_dags/example_task_group.py
[2024-11-14T06:33:55.089+0000] {processor.py:914} INFO - Processing file /home/airflow/.local/lib/python3.12/site-packages/airflow/example_dags/example_task_group.py for tasks to queue
[2024-11-14T06:33:55.092+0000] {logging_mixin.py:190} INFO - [2024-11-14T06:33:55.091+0000] {dagbag.py:588} INFO - Filling up the DagBag from /home/airflow/.local/lib/python3.12/site-packages/airflow/example_dags/example_task_group.py
[2024-11-14T06:33:55.101+0000] {processor.py:925} INFO - DAG(s) 'example_task_group' retrieved from /home/airflow/.local/lib/python3.12/site-packages/airflow/example_dags/example_task_group.py
[2024-11-14T06:33:55.121+0000] {logging_mixin.py:190} INFO - [2024-11-14T06:33:55.121+0000] {dag.py:3239} INFO - Sync 1 DAGs
[2024-11-14T06:33:55.130+0000] {logging_mixin.py:190} INFO - [2024-11-14T06:33:55.130+0000] {dag.py:4180} INFO - Setting next_dagrun for example_task_group to None, run_after=None
[2024-11-14T06:33:55.146+0000] {processor.py:208} INFO - Processing /home/airflow/.local/lib/python3.12/site-packages/airflow/example_dags/example_task_group.py took 0.064 seconds
[2024-11-14T06:34:26.524+0000] {processor.py:186} INFO - Started process (PID=1123) to work on /home/airflow/.local/lib/python3.12/site-packages/airflow/example_dags/example_task_group.py
[2024-11-14T06:34:26.525+0000] {processor.py:914} INFO - Processing file /home/airflow/.local/lib/python3.12/site-packages/airflow/example_dags/example_task_group.py for tasks to queue
[2024-11-14T06:34:26.527+0000] {logging_mixin.py:190} INFO - [2024-11-14T06:34:26.527+0000] {dagbag.py:588} INFO - Filling up the DagBag from /home/airflow/.local/lib/python3.12/site-packages/airflow/example_dags/example_task_group.py
[2024-11-14T06:34:26.538+0000] {processor.py:925} INFO - DAG(s) 'example_task_group' retrieved from /home/airflow/.local/lib/python3.12/site-packages/airflow/example_dags/example_task_group.py
[2024-11-14T06:34:26.552+0000] {logging_mixin.py:190} INFO - [2024-11-14T06:34:26.552+0000] {dag.py:3239} INFO - Sync 1 DAGs
[2024-11-14T06:34:26.560+0000] {logging_mixin.py:190} INFO - [2024-11-14T06:34:26.560+0000] {dag.py:4180} INFO - Setting next_dagrun for example_task_group to None, run_after=None
[2024-11-14T06:34:26.573+0000] {processor.py:208} INFO - Processing /home/airflow/.local/lib/python3.12/site-packages/airflow/example_dags/example_task_group.py took 0.058 seconds
[2024-11-14T06:34:58.291+0000] {processor.py:186} INFO - Started process (PID=1187) to work on /home/airflow/.local/lib/python3.12/site-packages/airflow/example_dags/example_task_group.py
[2024-11-14T06:34:58.292+0000] {processor.py:914} INFO - Processing file /home/airflow/.local/lib/python3.12/site-packages/airflow/example_dags/example_task_group.py for tasks to queue
[2024-11-14T06:34:58.295+0000] {logging_mixin.py:190} INFO - [2024-11-14T06:34:58.295+0000] {dagbag.py:588} INFO - Filling up the DagBag from /home/airflow/.local/lib/python3.12/site-packages/airflow/example_dags/example_task_group.py
[2024-11-14T06:34:58.306+0000] {processor.py:925} INFO - DAG(s) 'example_task_group' retrieved from /home/airflow/.local/lib/python3.12/site-packages/airflow/example_dags/example_task_group.py
[2024-11-14T06:34:58.325+0000] {logging_mixin.py:190} INFO - [2024-11-14T06:34:58.324+0000] {dag.py:3239} INFO - Sync 1 DAGs
[2024-11-14T06:34:58.340+0000] {logging_mixin.py:190} INFO - [2024-11-14T06:34:58.340+0000] {dag.py:4180} INFO - Setting next_dagrun for example_task_group to None, run_after=None
[2024-11-14T06:34:58.352+0000] {processor.py:208} INFO - Processing /home/airflow/.local/lib/python3.12/site-packages/airflow/example_dags/example_task_group.py took 0.067 seconds
[2024-11-14T06:35:29.162+0000] {processor.py:186} INFO - Started process (PID=1251) to work on /home/airflow/.local/lib/python3.12/site-packages/airflow/example_dags/example_task_group.py
[2024-11-14T06:35:29.163+0000] {processor.py:914} INFO - Processing file /home/airflow/.local/lib/python3.12/site-packages/airflow/example_dags/example_task_group.py for tasks to queue
[2024-11-14T06:35:29.165+0000] {logging_mixin.py:190} INFO - [2024-11-14T06:35:29.165+0000] {dagbag.py:588} INFO - Filling up the DagBag from /home/airflow/.local/lib/python3.12/site-packages/airflow/example_dags/example_task_group.py
[2024-11-14T06:35:29.171+0000] {processor.py:925} INFO - DAG(s) 'example_task_group' retrieved from /home/airflow/.local/lib/python3.12/site-packages/airflow/example_dags/example_task_group.py
[2024-11-14T06:35:29.185+0000] {logging_mixin.py:190} INFO - [2024-11-14T06:35:29.185+0000] {dag.py:3239} INFO - Sync 1 DAGs
[2024-11-14T06:35:29.194+0000] {logging_mixin.py:190} INFO - [2024-11-14T06:35:29.193+0000] {dag.py:4180} INFO - Setting next_dagrun for example_task_group to None, run_after=None
[2024-11-14T06:35:29.204+0000] {processor.py:208} INFO - Processing /home/airflow/.local/lib/python3.12/site-packages/airflow/example_dags/example_task_group.py took 0.046 seconds
[2024-11-14T06:36:00.713+0000] {processor.py:186} INFO - Started process (PID=1315) to work on /home/airflow/.local/lib/python3.12/site-packages/airflow/example_dags/example_task_group.py
[2024-11-14T06:36:00.714+0000] {processor.py:914} INFO - Processing file /home/airflow/.local/lib/python3.12/site-packages/airflow/example_dags/example_task_group.py for tasks to queue
[2024-11-14T06:36:00.716+0000] {logging_mixin.py:190} INFO - [2024-11-14T06:36:00.715+0000] {dagbag.py:588} INFO - Filling up the DagBag from /home/airflow/.local/lib/python3.12/site-packages/airflow/example_dags/example_task_group.py
[2024-11-14T06:36:00.720+0000] {processor.py:925} INFO - DAG(s) 'example_task_group' retrieved from /home/airflow/.local/lib/python3.12/site-packages/airflow/example_dags/example_task_group.py
[2024-11-14T06:36:00.736+0000] {logging_mixin.py:190} INFO - [2024-11-14T06:36:00.736+0000] {dag.py:3239} INFO - Sync 1 DAGs
[2024-11-14T06:36:00.751+0000] {logging_mixin.py:190} INFO - [2024-11-14T06:36:00.751+0000] {dag.py:4180} INFO - Setting next_dagrun for example_task_group to None, run_after=None
[2024-11-14T06:36:00.762+0000] {processor.py:208} INFO - Processing /home/airflow/.local/lib/python3.12/site-packages/airflow/example_dags/example_task_group.py took 0.052 seconds
[2024-11-14T06:36:32.396+0000] {processor.py:186} INFO - Started process (PID=1379) to work on /home/airflow/.local/lib/python3.12/site-packages/airflow/example_dags/example_task_group.py
[2024-11-14T06:36:32.397+0000] {processor.py:914} INFO - Processing file /home/airflow/.local/lib/python3.12/site-packages/airflow/example_dags/example_task_group.py for tasks to queue
[2024-11-14T06:36:32.402+0000] {logging_mixin.py:190} INFO - [2024-11-14T06:36:32.401+0000] {dagbag.py:588} INFO - Filling up the DagBag from /home/airflow/.local/lib/python3.12/site-packages/airflow/example_dags/example_task_group.py
[2024-11-14T06:36:32.410+0000] {processor.py:925} INFO - DAG(s) 'example_task_group' retrieved from /home/airflow/.local/lib/python3.12/site-packages/airflow/example_dags/example_task_group.py
[2024-11-14T06:36:32.422+0000] {logging_mixin.py:190} INFO - [2024-11-14T06:36:32.422+0000] {dag.py:3239} INFO - Sync 1 DAGs
[2024-11-14T06:36:32.429+0000] {logging_mixin.py:190} INFO - [2024-11-14T06:36:32.429+0000] {dag.py:4180} INFO - Setting next_dagrun for example_task_group to None, run_after=None
[2024-11-14T06:36:32.440+0000] {processor.py:208} INFO - Processing /home/airflow/.local/lib/python3.12/site-packages/airflow/example_dags/example_task_group.py took 0.053 seconds
[2024-11-14T06:37:03.784+0000] {processor.py:186} INFO - Started process (PID=1443) to work on /home/airflow/.local/lib/python3.12/site-packages/airflow/example_dags/example_task_group.py
[2024-11-14T06:37:03.785+0000] {processor.py:914} INFO - Processing file /home/airflow/.local/lib/python3.12/site-packages/airflow/example_dags/example_task_group.py for tasks to queue
[2024-11-14T06:37:03.787+0000] {logging_mixin.py:190} INFO - [2024-11-14T06:37:03.787+0000] {dagbag.py:588} INFO - Filling up the DagBag from /home/airflow/.local/lib/python3.12/site-packages/airflow/example_dags/example_task_group.py
[2024-11-14T06:37:03.793+0000] {processor.py:925} INFO - DAG(s) 'example_task_group' retrieved from /home/airflow/.local/lib/python3.12/site-packages/airflow/example_dags/example_task_group.py
[2024-11-14T06:37:03.824+0000] {logging_mixin.py:190} INFO - [2024-11-14T06:37:03.824+0000] {dag.py:3239} INFO - Sync 1 DAGs
[2024-11-14T06:37:03.838+0000] {logging_mixin.py:190} INFO - [2024-11-14T06:37:03.838+0000] {dag.py:4180} INFO - Setting next_dagrun for example_task_group to None, run_after=None
[2024-11-14T06:37:03.849+0000] {processor.py:208} INFO - Processing /home/airflow/.local/lib/python3.12/site-packages/airflow/example_dags/example_task_group.py took 0.070 seconds
[2024-11-14T06:37:35.139+0000] {processor.py:186} INFO - Started process (PID=1507) to work on /home/airflow/.local/lib/python3.12/site-packages/airflow/example_dags/example_task_group.py
[2024-11-14T06:37:35.140+0000] {processor.py:914} INFO - Processing file /home/airflow/.local/lib/python3.12/site-packages/airflow/example_dags/example_task_group.py for tasks to queue
[2024-11-14T06:37:35.141+0000] {logging_mixin.py:190} INFO - [2024-11-14T06:37:35.141+0000] {dagbag.py:588} INFO - Filling up the DagBag from /home/airflow/.local/lib/python3.12/site-packages/airflow/example_dags/example_task_group.py
[2024-11-14T06:37:35.146+0000] {processor.py:925} INFO - DAG(s) 'example_task_group' retrieved from /home/airflow/.local/lib/python3.12/site-packages/airflow/example_dags/example_task_group.py
[2024-11-14T06:37:35.161+0000] {logging_mixin.py:190} INFO - [2024-11-14T06:37:35.161+0000] {dag.py:3239} INFO - Sync 1 DAGs
[2024-11-14T06:37:35.175+0000] {logging_mixin.py:190} INFO - [2024-11-14T06:37:35.175+0000] {dag.py:4180} INFO - Setting next_dagrun for example_task_group to None, run_after=None
[2024-11-14T06:37:35.187+0000] {processor.py:208} INFO - Processing /home/airflow/.local/lib/python3.12/site-packages/airflow/example_dags/example_task_group.py took 0.052 seconds
[2024-11-14T06:38:06.605+0000] {processor.py:186} INFO - Started process (PID=1571) to work on /home/airflow/.local/lib/python3.12/site-packages/airflow/example_dags/example_task_group.py
[2024-11-14T06:38:06.606+0000] {processor.py:914} INFO - Processing file /home/airflow/.local/lib/python3.12/site-packages/airflow/example_dags/example_task_group.py for tasks to queue
[2024-11-14T06:38:06.608+0000] {logging_mixin.py:190} INFO - [2024-11-14T06:38:06.607+0000] {dagbag.py:588} INFO - Filling up the DagBag from /home/airflow/.local/lib/python3.12/site-packages/airflow/example_dags/example_task_group.py
[2024-11-14T06:38:06.614+0000] {processor.py:925} INFO - DAG(s) 'example_task_group' retrieved from /home/airflow/.local/lib/python3.12/site-packages/airflow/example_dags/example_task_group.py
[2024-11-14T06:38:06.627+0000] {logging_mixin.py:190} INFO - [2024-11-14T06:38:06.627+0000] {dag.py:3239} INFO - Sync 1 DAGs
[2024-11-14T06:38:06.635+0000] {logging_mixin.py:190} INFO - [2024-11-14T06:38:06.635+0000] {dag.py:4180} INFO - Setting next_dagrun for example_task_group to None, run_after=None
[2024-11-14T06:38:06.644+0000] {processor.py:208} INFO - Processing /home/airflow/.local/lib/python3.12/site-packages/airflow/example_dags/example_task_group.py took 0.043 seconds
[2024-11-14T06:38:38.241+0000] {processor.py:186} INFO - Started process (PID=1641) to work on /home/airflow/.local/lib/python3.12/site-packages/airflow/example_dags/example_task_group.py
[2024-11-14T06:38:38.243+0000] {processor.py:914} INFO - Processing file /home/airflow/.local/lib/python3.12/site-packages/airflow/example_dags/example_task_group.py for tasks to queue
[2024-11-14T06:38:38.245+0000] {logging_mixin.py:190} INFO - [2024-11-14T06:38:38.245+0000] {dagbag.py:588} INFO - Filling up the DagBag from /home/airflow/.local/lib/python3.12/site-packages/airflow/example_dags/example_task_group.py
[2024-11-14T06:38:38.254+0000] {processor.py:925} INFO - DAG(s) 'example_task_group' retrieved from /home/airflow/.local/lib/python3.12/site-packages/airflow/example_dags/example_task_group.py
[2024-11-14T06:38:38.275+0000] {logging_mixin.py:190} INFO - [2024-11-14T06:38:38.274+0000] {dag.py:3239} INFO - Sync 1 DAGs
[2024-11-14T06:38:38.285+0000] {logging_mixin.py:190} INFO - [2024-11-14T06:38:38.285+0000] {dag.py:4180} INFO - Setting next_dagrun for example_task_group to None, run_after=None
[2024-11-14T06:38:38.296+0000] {processor.py:208} INFO - Processing /home/airflow/.local/lib/python3.12/site-packages/airflow/example_dags/example_task_group.py took 0.069 seconds
[2024-11-14T06:39:09.025+0000] {processor.py:186} INFO - Started process (PID=1706) to work on /home/airflow/.local/lib/python3.12/site-packages/airflow/example_dags/example_task_group.py
[2024-11-14T06:39:09.026+0000] {processor.py:914} INFO - Processing file /home/airflow/.local/lib/python3.12/site-packages/airflow/example_dags/example_task_group.py for tasks to queue
[2024-11-14T06:39:09.028+0000] {logging_mixin.py:190} INFO - [2024-11-14T06:39:09.028+0000] {dagbag.py:588} INFO - Filling up the DagBag from /home/airflow/.local/lib/python3.12/site-packages/airflow/example_dags/example_task_group.py
[2024-11-14T06:39:09.035+0000] {processor.py:925} INFO - DAG(s) 'example_task_group' retrieved from /home/airflow/.local/lib/python3.12/site-packages/airflow/example_dags/example_task_group.py
[2024-11-14T06:39:09.049+0000] {logging_mixin.py:190} INFO - [2024-11-14T06:39:09.049+0000] {dag.py:3239} INFO - Sync 1 DAGs
[2024-11-14T06:39:09.058+0000] {logging_mixin.py:190} INFO - [2024-11-14T06:39:09.058+0000] {dag.py:4180} INFO - Setting next_dagrun for example_task_group to None, run_after=None
[2024-11-14T06:39:09.069+0000] {processor.py:208} INFO - Processing /home/airflow/.local/lib/python3.12/site-packages/airflow/example_dags/example_task_group.py took 0.047 seconds
[2024-11-14T06:39:39.935+0000] {processor.py:186} INFO - Started process (PID=1770) to work on /home/airflow/.local/lib/python3.12/site-packages/airflow/example_dags/example_task_group.py
[2024-11-14T06:39:39.936+0000] {processor.py:914} INFO - Processing file /home/airflow/.local/lib/python3.12/site-packages/airflow/example_dags/example_task_group.py for tasks to queue
[2024-11-14T06:39:39.938+0000] {logging_mixin.py:190} INFO - [2024-11-14T06:39:39.938+0000] {dagbag.py:588} INFO - Filling up the DagBag from /home/airflow/.local/lib/python3.12/site-packages/airflow/example_dags/example_task_group.py
[2024-11-14T06:39:39.943+0000] {processor.py:925} INFO - DAG(s) 'example_task_group' retrieved from /home/airflow/.local/lib/python3.12/site-packages/airflow/example_dags/example_task_group.py
[2024-11-14T06:39:39.960+0000] {logging_mixin.py:190} INFO - [2024-11-14T06:39:39.959+0000] {dag.py:3239} INFO - Sync 1 DAGs
[2024-11-14T06:39:39.971+0000] {logging_mixin.py:190} INFO - [2024-11-14T06:39:39.970+0000] {dag.py:4180} INFO - Setting next_dagrun for example_task_group to None, run_after=None
[2024-11-14T06:39:39.982+0000] {processor.py:208} INFO - Processing /home/airflow/.local/lib/python3.12/site-packages/airflow/example_dags/example_task_group.py took 0.050 seconds
[2024-11-14T06:40:11.458+0000] {processor.py:186} INFO - Started process (PID=1834) to work on /home/airflow/.local/lib/python3.12/site-packages/airflow/example_dags/example_task_group.py
[2024-11-14T06:40:11.459+0000] {processor.py:914} INFO - Processing file /home/airflow/.local/lib/python3.12/site-packages/airflow/example_dags/example_task_group.py for tasks to queue
[2024-11-14T06:40:11.460+0000] {logging_mixin.py:190} INFO - [2024-11-14T06:40:11.460+0000] {dagbag.py:588} INFO - Filling up the DagBag from /home/airflow/.local/lib/python3.12/site-packages/airflow/example_dags/example_task_group.py
[2024-11-14T06:40:11.467+0000] {processor.py:925} INFO - DAG(s) 'example_task_group' retrieved from /home/airflow/.local/lib/python3.12/site-packages/airflow/example_dags/example_task_group.py
[2024-11-14T06:40:11.481+0000] {logging_mixin.py:190} INFO - [2024-11-14T06:40:11.481+0000] {dag.py:3239} INFO - Sync 1 DAGs
[2024-11-14T06:40:11.491+0000] {logging_mixin.py:190} INFO - [2024-11-14T06:40:11.491+0000] {dag.py:4180} INFO - Setting next_dagrun for example_task_group to None, run_after=None
[2024-11-14T06:40:11.503+0000] {processor.py:208} INFO - Processing /home/airflow/.local/lib/python3.12/site-packages/airflow/example_dags/example_task_group.py took 0.048 seconds
[2024-11-14T06:40:43.010+0000] {processor.py:186} INFO - Started process (PID=1898) to work on /home/airflow/.local/lib/python3.12/site-packages/airflow/example_dags/example_task_group.py
[2024-11-14T06:40:43.011+0000] {processor.py:914} INFO - Processing file /home/airflow/.local/lib/python3.12/site-packages/airflow/example_dags/example_task_group.py for tasks to queue
[2024-11-14T06:40:43.013+0000] {logging_mixin.py:190} INFO - [2024-11-14T06:40:43.013+0000] {dagbag.py:588} INFO - Filling up the DagBag from /home/airflow/.local/lib/python3.12/site-packages/airflow/example_dags/example_task_group.py
[2024-11-14T06:40:43.022+0000] {processor.py:925} INFO - DAG(s) 'example_task_group' retrieved from /home/airflow/.local/lib/python3.12/site-packages/airflow/example_dags/example_task_group.py
[2024-11-14T06:40:43.037+0000] {logging_mixin.py:190} INFO - [2024-11-14T06:40:43.037+0000] {dag.py:3239} INFO - Sync 1 DAGs
[2024-11-14T06:40:43.046+0000] {logging_mixin.py:190} INFO - [2024-11-14T06:40:43.045+0000] {dag.py:4180} INFO - Setting next_dagrun for example_task_group to None, run_after=None
[2024-11-14T06:40:43.070+0000] {processor.py:208} INFO - Processing /home/airflow/.local/lib/python3.12/site-packages/airflow/example_dags/example_task_group.py took 0.065 seconds
[2024-11-14T06:41:14.877+0000] {processor.py:186} INFO - Started process (PID=1961) to work on /home/airflow/.local/lib/python3.12/site-packages/airflow/example_dags/example_task_group.py
[2024-11-14T06:41:14.878+0000] {processor.py:914} INFO - Processing file /home/airflow/.local/lib/python3.12/site-packages/airflow/example_dags/example_task_group.py for tasks to queue
[2024-11-14T06:41:14.880+0000] {logging_mixin.py:190} INFO - [2024-11-14T06:41:14.880+0000] {dagbag.py:588} INFO - Filling up the DagBag from /home/airflow/.local/lib/python3.12/site-packages/airflow/example_dags/example_task_group.py
[2024-11-14T06:41:14.887+0000] {processor.py:925} INFO - DAG(s) 'example_task_group' retrieved from /home/airflow/.local/lib/python3.12/site-packages/airflow/example_dags/example_task_group.py
[2024-11-14T06:41:14.902+0000] {logging_mixin.py:190} INFO - [2024-11-14T06:41:14.901+0000] {dag.py:3239} INFO - Sync 1 DAGs
[2024-11-14T06:41:14.909+0000] {logging_mixin.py:190} INFO - [2024-11-14T06:41:14.909+0000] {dag.py:4180} INFO - Setting next_dagrun for example_task_group to None, run_after=None
[2024-11-14T06:41:14.919+0000] {processor.py:208} INFO - Processing /home/airflow/.local/lib/python3.12/site-packages/airflow/example_dags/example_task_group.py took 0.046 seconds
