[2024-11-14T06:26:05.824+0000] {processor.py:186} INFO - Started process (PID=113) to work on /home/airflow/.local/lib/python3.12/site-packages/airflow/example_dags/example_branch_operator.py
[2024-11-14T06:26:05.825+0000] {processor.py:914} INFO - Processing file /home/airflow/.local/lib/python3.12/site-packages/airflow/example_dags/example_branch_operator.py for tasks to queue
[2024-11-14T06:26:05.828+0000] {logging_mixin.py:190} INFO - [2024-11-14T06:26:05.828+0000] {dagbag.py:588} INFO - Filling up the DagBag from /home/airflow/.local/lib/python3.12/site-packages/airflow/example_dags/example_branch_operator.py
[2024-11-14T06:26:05.849+0000] {processor.py:925} INFO - DAG(s) 'example_branch_operator' retrieved from /home/airflow/.local/lib/python3.12/site-packages/airflow/example_dags/example_branch_operator.py
[2024-11-14T06:26:05.922+0000] {logging_mixin.py:190} INFO - [2024-11-14T06:26:05.922+0000] {dag.py:3239} INFO - Sync 1 DAGs
[2024-11-14T06:26:05.934+0000] {logging_mixin.py:190} INFO - [2024-11-14T06:26:05.934+0000] {dag.py:4180} INFO - Setting next_dagrun for example_branch_operator to 2024-11-13 00:00:00+00:00, run_after=2024-11-14 00:00:00+00:00
[2024-11-14T06:26:05.945+0000] {processor.py:208} INFO - Processing /home/airflow/.local/lib/python3.12/site-packages/airflow/example_dags/example_branch_operator.py took 0.125 seconds
[2024-11-14T06:26:37.606+0000] {processor.py:186} INFO - Started process (PID=177) to work on /home/airflow/.local/lib/python3.12/site-packages/airflow/example_dags/example_branch_operator.py
[2024-11-14T06:26:37.608+0000] {processor.py:914} INFO - Processing file /home/airflow/.local/lib/python3.12/site-packages/airflow/example_dags/example_branch_operator.py for tasks to queue
[2024-11-14T06:26:37.612+0000] {logging_mixin.py:190} INFO - [2024-11-14T06:26:37.612+0000] {dagbag.py:588} INFO - Filling up the DagBag from /home/airflow/.local/lib/python3.12/site-packages/airflow/example_dags/example_branch_operator.py
[2024-11-14T06:26:37.629+0000] {processor.py:925} INFO - DAG(s) 'example_branch_operator' retrieved from /home/airflow/.local/lib/python3.12/site-packages/airflow/example_dags/example_branch_operator.py
[2024-11-14T06:26:37.651+0000] {logging_mixin.py:190} INFO - [2024-11-14T06:26:37.651+0000] {dag.py:3239} INFO - Sync 1 DAGs
[2024-11-14T06:26:37.666+0000] {logging_mixin.py:190} INFO - [2024-11-14T06:26:37.666+0000] {dag.py:4180} INFO - Setting next_dagrun for example_branch_operator to 2024-11-13 00:00:00+00:00, run_after=2024-11-14 00:00:00+00:00
[2024-11-14T06:26:37.678+0000] {processor.py:208} INFO - Processing /home/airflow/.local/lib/python3.12/site-packages/airflow/example_dags/example_branch_operator.py took 0.079 seconds
[2024-11-14T06:27:08.312+0000] {processor.py:186} INFO - Started process (PID=241) to work on /home/airflow/.local/lib/python3.12/site-packages/airflow/example_dags/example_branch_operator.py
[2024-11-14T06:27:08.312+0000] {processor.py:914} INFO - Processing file /home/airflow/.local/lib/python3.12/site-packages/airflow/example_dags/example_branch_operator.py for tasks to queue
[2024-11-14T06:27:08.314+0000] {logging_mixin.py:190} INFO - [2024-11-14T06:27:08.314+0000] {dagbag.py:588} INFO - Filling up the DagBag from /home/airflow/.local/lib/python3.12/site-packages/airflow/example_dags/example_branch_operator.py
[2024-11-14T06:27:08.324+0000] {processor.py:925} INFO - DAG(s) 'example_branch_operator' retrieved from /home/airflow/.local/lib/python3.12/site-packages/airflow/example_dags/example_branch_operator.py
[2024-11-14T06:27:08.337+0000] {logging_mixin.py:190} INFO - [2024-11-14T06:27:08.337+0000] {dag.py:3239} INFO - Sync 1 DAGs
[2024-11-14T06:27:08.349+0000] {logging_mixin.py:190} INFO - [2024-11-14T06:27:08.349+0000] {dag.py:4180} INFO - Setting next_dagrun for example_branch_operator to 2024-11-13 00:00:00+00:00, run_after=2024-11-14 00:00:00+00:00
[2024-11-14T06:27:08.357+0000] {processor.py:208} INFO - Processing /home/airflow/.local/lib/python3.12/site-packages/airflow/example_dags/example_branch_operator.py took 0.049 seconds
[2024-11-14T06:27:38.718+0000] {processor.py:186} INFO - Started process (PID=305) to work on /home/airflow/.local/lib/python3.12/site-packages/airflow/example_dags/example_branch_operator.py
[2024-11-14T06:27:38.718+0000] {processor.py:914} INFO - Processing file /home/airflow/.local/lib/python3.12/site-packages/airflow/example_dags/example_branch_operator.py for tasks to queue
[2024-11-14T06:27:38.720+0000] {logging_mixin.py:190} INFO - [2024-11-14T06:27:38.720+0000] {dagbag.py:588} INFO - Filling up the DagBag from /home/airflow/.local/lib/python3.12/site-packages/airflow/example_dags/example_branch_operator.py
[2024-11-14T06:27:38.729+0000] {processor.py:925} INFO - DAG(s) 'example_branch_operator' retrieved from /home/airflow/.local/lib/python3.12/site-packages/airflow/example_dags/example_branch_operator.py
[2024-11-14T06:27:38.744+0000] {logging_mixin.py:190} INFO - [2024-11-14T06:27:38.743+0000] {dag.py:3239} INFO - Sync 1 DAGs
[2024-11-14T06:27:38.759+0000] {logging_mixin.py:190} INFO - [2024-11-14T06:27:38.759+0000] {dag.py:4180} INFO - Setting next_dagrun for example_branch_operator to 2024-11-13 00:00:00+00:00, run_after=2024-11-14 00:00:00+00:00
[2024-11-14T06:27:38.769+0000] {processor.py:208} INFO - Processing /home/airflow/.local/lib/python3.12/site-packages/airflow/example_dags/example_branch_operator.py took 0.054 seconds
[2024-11-14T06:28:10.591+0000] {processor.py:186} INFO - Started process (PID=369) to work on /home/airflow/.local/lib/python3.12/site-packages/airflow/example_dags/example_branch_operator.py
[2024-11-14T06:28:10.592+0000] {processor.py:914} INFO - Processing file /home/airflow/.local/lib/python3.12/site-packages/airflow/example_dags/example_branch_operator.py for tasks to queue
[2024-11-14T06:28:10.594+0000] {logging_mixin.py:190} INFO - [2024-11-14T06:28:10.593+0000] {dagbag.py:588} INFO - Filling up the DagBag from /home/airflow/.local/lib/python3.12/site-packages/airflow/example_dags/example_branch_operator.py
[2024-11-14T06:28:10.606+0000] {processor.py:925} INFO - DAG(s) 'example_branch_operator' retrieved from /home/airflow/.local/lib/python3.12/site-packages/airflow/example_dags/example_branch_operator.py
[2024-11-14T06:28:10.629+0000] {logging_mixin.py:190} INFO - [2024-11-14T06:28:10.628+0000] {dag.py:3239} INFO - Sync 1 DAGs
[2024-11-14T06:28:10.652+0000] {logging_mixin.py:190} INFO - [2024-11-14T06:28:10.652+0000] {dag.py:4180} INFO - Setting next_dagrun for example_branch_operator to 2024-11-13 00:00:00+00:00, run_after=2024-11-14 00:00:00+00:00
[2024-11-14T06:28:10.676+0000] {processor.py:208} INFO - Processing /home/airflow/.local/lib/python3.12/site-packages/airflow/example_dags/example_branch_operator.py took 0.090 seconds
[2024-11-14T06:28:41.549+0000] {processor.py:186} INFO - Started process (PID=433) to work on /home/airflow/.local/lib/python3.12/site-packages/airflow/example_dags/example_branch_operator.py
[2024-11-14T06:28:41.549+0000] {processor.py:914} INFO - Processing file /home/airflow/.local/lib/python3.12/site-packages/airflow/example_dags/example_branch_operator.py for tasks to queue
[2024-11-14T06:28:41.551+0000] {logging_mixin.py:190} INFO - [2024-11-14T06:28:41.551+0000] {dagbag.py:588} INFO - Filling up the DagBag from /home/airflow/.local/lib/python3.12/site-packages/airflow/example_dags/example_branch_operator.py
[2024-11-14T06:28:41.572+0000] {processor.py:925} INFO - DAG(s) 'example_branch_operator' retrieved from /home/airflow/.local/lib/python3.12/site-packages/airflow/example_dags/example_branch_operator.py
[2024-11-14T06:28:41.623+0000] {logging_mixin.py:190} INFO - [2024-11-14T06:28:41.623+0000] {dag.py:3239} INFO - Sync 1 DAGs
[2024-11-14T06:28:41.636+0000] {logging_mixin.py:190} INFO - [2024-11-14T06:28:41.636+0000] {dag.py:4180} INFO - Setting next_dagrun for example_branch_operator to 2024-11-13 00:00:00+00:00, run_after=2024-11-14 00:00:00+00:00
[2024-11-14T06:28:41.646+0000] {processor.py:208} INFO - Processing /home/airflow/.local/lib/python3.12/site-packages/airflow/example_dags/example_branch_operator.py took 0.101 seconds
[2024-11-14T06:29:13.187+0000] {processor.py:186} INFO - Started process (PID=496) to work on /home/airflow/.local/lib/python3.12/site-packages/airflow/example_dags/example_branch_operator.py
[2024-11-14T06:29:13.188+0000] {processor.py:914} INFO - Processing file /home/airflow/.local/lib/python3.12/site-packages/airflow/example_dags/example_branch_operator.py for tasks to queue
[2024-11-14T06:29:13.190+0000] {logging_mixin.py:190} INFO - [2024-11-14T06:29:13.189+0000] {dagbag.py:588} INFO - Filling up the DagBag from /home/airflow/.local/lib/python3.12/site-packages/airflow/example_dags/example_branch_operator.py
[2024-11-14T06:29:13.199+0000] {processor.py:925} INFO - DAG(s) 'example_branch_operator' retrieved from /home/airflow/.local/lib/python3.12/site-packages/airflow/example_dags/example_branch_operator.py
[2024-11-14T06:29:13.218+0000] {logging_mixin.py:190} INFO - [2024-11-14T06:29:13.218+0000] {dag.py:3239} INFO - Sync 1 DAGs
[2024-11-14T06:29:13.237+0000] {logging_mixin.py:190} INFO - [2024-11-14T06:29:13.237+0000] {dag.py:4180} INFO - Setting next_dagrun for example_branch_operator to 2024-11-13 00:00:00+00:00, run_after=2024-11-14 00:00:00+00:00
[2024-11-14T06:29:13.248+0000] {processor.py:208} INFO - Processing /home/airflow/.local/lib/python3.12/site-packages/airflow/example_dags/example_branch_operator.py took 0.064 seconds
[2024-11-14T06:29:43.872+0000] {processor.py:186} INFO - Started process (PID=560) to work on /home/airflow/.local/lib/python3.12/site-packages/airflow/example_dags/example_branch_operator.py
[2024-11-14T06:29:43.873+0000] {processor.py:914} INFO - Processing file /home/airflow/.local/lib/python3.12/site-packages/airflow/example_dags/example_branch_operator.py for tasks to queue
[2024-11-14T06:29:43.875+0000] {logging_mixin.py:190} INFO - [2024-11-14T06:29:43.874+0000] {dagbag.py:588} INFO - Filling up the DagBag from /home/airflow/.local/lib/python3.12/site-packages/airflow/example_dags/example_branch_operator.py
[2024-11-14T06:29:43.886+0000] {processor.py:925} INFO - DAG(s) 'example_branch_operator' retrieved from /home/airflow/.local/lib/python3.12/site-packages/airflow/example_dags/example_branch_operator.py
[2024-11-14T06:29:43.901+0000] {logging_mixin.py:190} INFO - [2024-11-14T06:29:43.901+0000] {dag.py:3239} INFO - Sync 1 DAGs
[2024-11-14T06:29:43.915+0000] {logging_mixin.py:190} INFO - [2024-11-14T06:29:43.915+0000] {dag.py:4180} INFO - Setting next_dagrun for example_branch_operator to 2024-11-13 00:00:00+00:00, run_after=2024-11-14 00:00:00+00:00
[2024-11-14T06:29:43.924+0000] {processor.py:208} INFO - Processing /home/airflow/.local/lib/python3.12/site-packages/airflow/example_dags/example_branch_operator.py took 0.056 seconds
[2024-11-14T06:30:15.310+0000] {processor.py:186} INFO - Started process (PID=624) to work on /home/airflow/.local/lib/python3.12/site-packages/airflow/example_dags/example_branch_operator.py
[2024-11-14T06:30:15.311+0000] {processor.py:914} INFO - Processing file /home/airflow/.local/lib/python3.12/site-packages/airflow/example_dags/example_branch_operator.py for tasks to queue
[2024-11-14T06:30:15.313+0000] {logging_mixin.py:190} INFO - [2024-11-14T06:30:15.313+0000] {dagbag.py:588} INFO - Filling up the DagBag from /home/airflow/.local/lib/python3.12/site-packages/airflow/example_dags/example_branch_operator.py
[2024-11-14T06:30:15.326+0000] {processor.py:925} INFO - DAG(s) 'example_branch_operator' retrieved from /home/airflow/.local/lib/python3.12/site-packages/airflow/example_dags/example_branch_operator.py
[2024-11-14T06:30:15.343+0000] {logging_mixin.py:190} INFO - [2024-11-14T06:30:15.343+0000] {dag.py:3239} INFO - Sync 1 DAGs
[2024-11-14T06:30:15.358+0000] {logging_mixin.py:190} INFO - [2024-11-14T06:30:15.358+0000] {dag.py:4180} INFO - Setting next_dagrun for example_branch_operator to 2024-11-13 00:00:00+00:00, run_after=2024-11-14 00:00:00+00:00
[2024-11-14T06:30:15.369+0000] {processor.py:208} INFO - Processing /home/airflow/.local/lib/python3.12/site-packages/airflow/example_dags/example_branch_operator.py took 0.064 seconds
[2024-11-14T06:30:46.969+0000] {processor.py:186} INFO - Started process (PID=688) to work on /home/airflow/.local/lib/python3.12/site-packages/airflow/example_dags/example_branch_operator.py
[2024-11-14T06:30:46.972+0000] {processor.py:914} INFO - Processing file /home/airflow/.local/lib/python3.12/site-packages/airflow/example_dags/example_branch_operator.py for tasks to queue
[2024-11-14T06:30:46.973+0000] {logging_mixin.py:190} INFO - [2024-11-14T06:30:46.973+0000] {dagbag.py:588} INFO - Filling up the DagBag from /home/airflow/.local/lib/python3.12/site-packages/airflow/example_dags/example_branch_operator.py
[2024-11-14T06:30:46.991+0000] {processor.py:925} INFO - DAG(s) 'example_branch_operator' retrieved from /home/airflow/.local/lib/python3.12/site-packages/airflow/example_dags/example_branch_operator.py
[2024-11-14T06:30:47.011+0000] {logging_mixin.py:190} INFO - [2024-11-14T06:30:47.011+0000] {dag.py:3239} INFO - Sync 1 DAGs
[2024-11-14T06:30:47.044+0000] {logging_mixin.py:190} INFO - [2024-11-14T06:30:47.044+0000] {dag.py:4180} INFO - Setting next_dagrun for example_branch_operator to 2024-11-13 00:00:00+00:00, run_after=2024-11-14 00:00:00+00:00
[2024-11-14T06:30:47.059+0000] {processor.py:208} INFO - Processing /home/airflow/.local/lib/python3.12/site-packages/airflow/example_dags/example_branch_operator.py took 0.095 seconds
[2024-11-14T06:31:18.585+0000] {processor.py:186} INFO - Started process (PID=751) to work on /home/airflow/.local/lib/python3.12/site-packages/airflow/example_dags/example_branch_operator.py
[2024-11-14T06:31:18.587+0000] {processor.py:914} INFO - Processing file /home/airflow/.local/lib/python3.12/site-packages/airflow/example_dags/example_branch_operator.py for tasks to queue
[2024-11-14T06:31:18.589+0000] {logging_mixin.py:190} INFO - [2024-11-14T06:31:18.588+0000] {dagbag.py:588} INFO - Filling up the DagBag from /home/airflow/.local/lib/python3.12/site-packages/airflow/example_dags/example_branch_operator.py
[2024-11-14T06:31:18.603+0000] {processor.py:925} INFO - DAG(s) 'example_branch_operator' retrieved from /home/airflow/.local/lib/python3.12/site-packages/airflow/example_dags/example_branch_operator.py
[2024-11-14T06:31:18.617+0000] {logging_mixin.py:190} INFO - [2024-11-14T06:31:18.617+0000] {dag.py:3239} INFO - Sync 1 DAGs
[2024-11-14T06:31:18.628+0000] {logging_mixin.py:190} INFO - [2024-11-14T06:31:18.628+0000] {dag.py:4180} INFO - Setting next_dagrun for example_branch_operator to 2024-11-13 00:00:00+00:00, run_after=2024-11-14 00:00:00+00:00
[2024-11-14T06:31:18.637+0000] {processor.py:208} INFO - Processing /home/airflow/.local/lib/python3.12/site-packages/airflow/example_dags/example_branch_operator.py took 0.057 seconds
[2024-11-14T06:31:49.962+0000] {processor.py:186} INFO - Started process (PID=815) to work on /home/airflow/.local/lib/python3.12/site-packages/airflow/example_dags/example_branch_operator.py
[2024-11-14T06:31:49.963+0000] {processor.py:914} INFO - Processing file /home/airflow/.local/lib/python3.12/site-packages/airflow/example_dags/example_branch_operator.py for tasks to queue
[2024-11-14T06:31:49.965+0000] {logging_mixin.py:190} INFO - [2024-11-14T06:31:49.964+0000] {dagbag.py:588} INFO - Filling up the DagBag from /home/airflow/.local/lib/python3.12/site-packages/airflow/example_dags/example_branch_operator.py
[2024-11-14T06:31:49.975+0000] {processor.py:925} INFO - DAG(s) 'example_branch_operator' retrieved from /home/airflow/.local/lib/python3.12/site-packages/airflow/example_dags/example_branch_operator.py
[2024-11-14T06:31:49.992+0000] {logging_mixin.py:190} INFO - [2024-11-14T06:31:49.992+0000] {dag.py:3239} INFO - Sync 1 DAGs
[2024-11-14T06:31:50.008+0000] {logging_mixin.py:190} INFO - [2024-11-14T06:31:50.008+0000] {dag.py:4180} INFO - Setting next_dagrun for example_branch_operator to 2024-11-13 00:00:00+00:00, run_after=2024-11-14 00:00:00+00:00
[2024-11-14T06:31:50.019+0000] {processor.py:208} INFO - Processing /home/airflow/.local/lib/python3.12/site-packages/airflow/example_dags/example_branch_operator.py took 0.060 seconds
[2024-11-14T06:32:21.330+0000] {processor.py:186} INFO - Started process (PID=879) to work on /home/airflow/.local/lib/python3.12/site-packages/airflow/example_dags/example_branch_operator.py
[2024-11-14T06:32:21.335+0000] {processor.py:914} INFO - Processing file /home/airflow/.local/lib/python3.12/site-packages/airflow/example_dags/example_branch_operator.py for tasks to queue
[2024-11-14T06:32:21.337+0000] {logging_mixin.py:190} INFO - [2024-11-14T06:32:21.337+0000] {dagbag.py:588} INFO - Filling up the DagBag from /home/airflow/.local/lib/python3.12/site-packages/airflow/example_dags/example_branch_operator.py
[2024-11-14T06:32:21.351+0000] {processor.py:925} INFO - DAG(s) 'example_branch_operator' retrieved from /home/airflow/.local/lib/python3.12/site-packages/airflow/example_dags/example_branch_operator.py
[2024-11-14T06:32:21.369+0000] {logging_mixin.py:190} INFO - [2024-11-14T06:32:21.369+0000] {dag.py:3239} INFO - Sync 1 DAGs
[2024-11-14T06:32:21.386+0000] {logging_mixin.py:190} INFO - [2024-11-14T06:32:21.386+0000] {dag.py:4180} INFO - Setting next_dagrun for example_branch_operator to 2024-11-13 00:00:00+00:00, run_after=2024-11-14 00:00:00+00:00
[2024-11-14T06:32:21.395+0000] {processor.py:208} INFO - Processing /home/airflow/.local/lib/python3.12/site-packages/airflow/example_dags/example_branch_operator.py took 0.071 seconds
[2024-11-14T06:32:52.734+0000] {processor.py:186} INFO - Started process (PID=943) to work on /home/airflow/.local/lib/python3.12/site-packages/airflow/example_dags/example_branch_operator.py
[2024-11-14T06:32:52.735+0000] {processor.py:914} INFO - Processing file /home/airflow/.local/lib/python3.12/site-packages/airflow/example_dags/example_branch_operator.py for tasks to queue
[2024-11-14T06:32:52.736+0000] {logging_mixin.py:190} INFO - [2024-11-14T06:32:52.736+0000] {dagbag.py:588} INFO - Filling up the DagBag from /home/airflow/.local/lib/python3.12/site-packages/airflow/example_dags/example_branch_operator.py
[2024-11-14T06:32:52.746+0000] {processor.py:925} INFO - DAG(s) 'example_branch_operator' retrieved from /home/airflow/.local/lib/python3.12/site-packages/airflow/example_dags/example_branch_operator.py
[2024-11-14T06:32:52.761+0000] {logging_mixin.py:190} INFO - [2024-11-14T06:32:52.761+0000] {dag.py:3239} INFO - Sync 1 DAGs
[2024-11-14T06:32:52.773+0000] {logging_mixin.py:190} INFO - [2024-11-14T06:32:52.773+0000] {dag.py:4180} INFO - Setting next_dagrun for example_branch_operator to 2024-11-13 00:00:00+00:00, run_after=2024-11-14 00:00:00+00:00
[2024-11-14T06:32:52.783+0000] {processor.py:208} INFO - Processing /home/airflow/.local/lib/python3.12/site-packages/airflow/example_dags/example_branch_operator.py took 0.052 seconds
[2024-11-14T06:33:24.134+0000] {processor.py:186} INFO - Started process (PID=1007) to work on /home/airflow/.local/lib/python3.12/site-packages/airflow/example_dags/example_branch_operator.py
[2024-11-14T06:33:24.135+0000] {processor.py:914} INFO - Processing file /home/airflow/.local/lib/python3.12/site-packages/airflow/example_dags/example_branch_operator.py for tasks to queue
[2024-11-14T06:33:24.136+0000] {logging_mixin.py:190} INFO - [2024-11-14T06:33:24.136+0000] {dagbag.py:588} INFO - Filling up the DagBag from /home/airflow/.local/lib/python3.12/site-packages/airflow/example_dags/example_branch_operator.py
[2024-11-14T06:33:24.147+0000] {processor.py:925} INFO - DAG(s) 'example_branch_operator' retrieved from /home/airflow/.local/lib/python3.12/site-packages/airflow/example_dags/example_branch_operator.py
[2024-11-14T06:33:24.161+0000] {logging_mixin.py:190} INFO - [2024-11-14T06:33:24.161+0000] {dag.py:3239} INFO - Sync 1 DAGs
[2024-11-14T06:33:24.175+0000] {logging_mixin.py:190} INFO - [2024-11-14T06:33:24.174+0000] {dag.py:4180} INFO - Setting next_dagrun for example_branch_operator to 2024-11-13 00:00:00+00:00, run_after=2024-11-14 00:00:00+00:00
[2024-11-14T06:33:24.184+0000] {processor.py:208} INFO - Processing /home/airflow/.local/lib/python3.12/site-packages/airflow/example_dags/example_branch_operator.py took 0.055 seconds
[2024-11-14T06:33:55.918+0000] {processor.py:186} INFO - Started process (PID=1071) to work on /home/airflow/.local/lib/python3.12/site-packages/airflow/example_dags/example_branch_operator.py
[2024-11-14T06:33:55.919+0000] {processor.py:914} INFO - Processing file /home/airflow/.local/lib/python3.12/site-packages/airflow/example_dags/example_branch_operator.py for tasks to queue
[2024-11-14T06:33:55.920+0000] {logging_mixin.py:190} INFO - [2024-11-14T06:33:55.920+0000] {dagbag.py:588} INFO - Filling up the DagBag from /home/airflow/.local/lib/python3.12/site-packages/airflow/example_dags/example_branch_operator.py
[2024-11-14T06:33:55.929+0000] {processor.py:925} INFO - DAG(s) 'example_branch_operator' retrieved from /home/airflow/.local/lib/python3.12/site-packages/airflow/example_dags/example_branch_operator.py
[2024-11-14T06:33:55.946+0000] {logging_mixin.py:190} INFO - [2024-11-14T06:33:55.945+0000] {dag.py:3239} INFO - Sync 1 DAGs
[2024-11-14T06:33:55.958+0000] {logging_mixin.py:190} INFO - [2024-11-14T06:33:55.958+0000] {dag.py:4180} INFO - Setting next_dagrun for example_branch_operator to 2024-11-13 00:00:00+00:00, run_after=2024-11-14 00:00:00+00:00
[2024-11-14T06:33:55.967+0000] {processor.py:208} INFO - Processing /home/airflow/.local/lib/python3.12/site-packages/airflow/example_dags/example_branch_operator.py took 0.053 seconds
[2024-11-14T06:34:27.482+0000] {processor.py:186} INFO - Started process (PID=1134) to work on /home/airflow/.local/lib/python3.12/site-packages/airflow/example_dags/example_branch_operator.py
[2024-11-14T06:34:27.483+0000] {processor.py:914} INFO - Processing file /home/airflow/.local/lib/python3.12/site-packages/airflow/example_dags/example_branch_operator.py for tasks to queue
[2024-11-14T06:34:27.485+0000] {logging_mixin.py:190} INFO - [2024-11-14T06:34:27.485+0000] {dagbag.py:588} INFO - Filling up the DagBag from /home/airflow/.local/lib/python3.12/site-packages/airflow/example_dags/example_branch_operator.py
[2024-11-14T06:34:27.496+0000] {processor.py:925} INFO - DAG(s) 'example_branch_operator' retrieved from /home/airflow/.local/lib/python3.12/site-packages/airflow/example_dags/example_branch_operator.py
[2024-11-14T06:34:27.511+0000] {logging_mixin.py:190} INFO - [2024-11-14T06:34:27.511+0000] {dag.py:3239} INFO - Sync 1 DAGs
[2024-11-14T06:34:27.525+0000] {logging_mixin.py:190} INFO - [2024-11-14T06:34:27.524+0000] {dag.py:4180} INFO - Setting next_dagrun for example_branch_operator to 2024-11-13 00:00:00+00:00, run_after=2024-11-14 00:00:00+00:00
[2024-11-14T06:34:27.536+0000] {processor.py:208} INFO - Processing /home/airflow/.local/lib/python3.12/site-packages/airflow/example_dags/example_branch_operator.py took 0.057 seconds
[2024-11-14T06:34:59.162+0000] {processor.py:186} INFO - Started process (PID=1198) to work on /home/airflow/.local/lib/python3.12/site-packages/airflow/example_dags/example_branch_operator.py
[2024-11-14T06:34:59.164+0000] {processor.py:914} INFO - Processing file /home/airflow/.local/lib/python3.12/site-packages/airflow/example_dags/example_branch_operator.py for tasks to queue
[2024-11-14T06:34:59.167+0000] {logging_mixin.py:190} INFO - [2024-11-14T06:34:59.167+0000] {dagbag.py:588} INFO - Filling up the DagBag from /home/airflow/.local/lib/python3.12/site-packages/airflow/example_dags/example_branch_operator.py
[2024-11-14T06:34:59.178+0000] {processor.py:925} INFO - DAG(s) 'example_branch_operator' retrieved from /home/airflow/.local/lib/python3.12/site-packages/airflow/example_dags/example_branch_operator.py
[2024-11-14T06:34:59.193+0000] {logging_mixin.py:190} INFO - [2024-11-14T06:34:59.193+0000] {dag.py:3239} INFO - Sync 1 DAGs
[2024-11-14T06:34:59.205+0000] {logging_mixin.py:190} INFO - [2024-11-14T06:34:59.205+0000] {dag.py:4180} INFO - Setting next_dagrun for example_branch_operator to 2024-11-13 00:00:00+00:00, run_after=2024-11-14 00:00:00+00:00
[2024-11-14T06:34:59.213+0000] {processor.py:208} INFO - Processing /home/airflow/.local/lib/python3.12/site-packages/airflow/example_dags/example_branch_operator.py took 0.057 seconds
[2024-11-14T06:35:30.069+0000] {processor.py:186} INFO - Started process (PID=1262) to work on /home/airflow/.local/lib/python3.12/site-packages/airflow/example_dags/example_branch_operator.py
[2024-11-14T06:35:30.070+0000] {processor.py:914} INFO - Processing file /home/airflow/.local/lib/python3.12/site-packages/airflow/example_dags/example_branch_operator.py for tasks to queue
[2024-11-14T06:35:30.071+0000] {logging_mixin.py:190} INFO - [2024-11-14T06:35:30.071+0000] {dagbag.py:588} INFO - Filling up the DagBag from /home/airflow/.local/lib/python3.12/site-packages/airflow/example_dags/example_branch_operator.py
[2024-11-14T06:35:30.081+0000] {processor.py:925} INFO - DAG(s) 'example_branch_operator' retrieved from /home/airflow/.local/lib/python3.12/site-packages/airflow/example_dags/example_branch_operator.py
[2024-11-14T06:35:30.097+0000] {logging_mixin.py:190} INFO - [2024-11-14T06:35:30.097+0000] {dag.py:3239} INFO - Sync 1 DAGs
[2024-11-14T06:35:30.110+0000] {logging_mixin.py:190} INFO - [2024-11-14T06:35:30.110+0000] {dag.py:4180} INFO - Setting next_dagrun for example_branch_operator to 2024-11-13 00:00:00+00:00, run_after=2024-11-14 00:00:00+00:00
[2024-11-14T06:35:30.118+0000] {processor.py:208} INFO - Processing /home/airflow/.local/lib/python3.12/site-packages/airflow/example_dags/example_branch_operator.py took 0.053 seconds
[2024-11-14T06:36:01.600+0000] {processor.py:186} INFO - Started process (PID=1326) to work on /home/airflow/.local/lib/python3.12/site-packages/airflow/example_dags/example_branch_operator.py
[2024-11-14T06:36:01.600+0000] {processor.py:914} INFO - Processing file /home/airflow/.local/lib/python3.12/site-packages/airflow/example_dags/example_branch_operator.py for tasks to queue
[2024-11-14T06:36:01.602+0000] {logging_mixin.py:190} INFO - [2024-11-14T06:36:01.602+0000] {dagbag.py:588} INFO - Filling up the DagBag from /home/airflow/.local/lib/python3.12/site-packages/airflow/example_dags/example_branch_operator.py
[2024-11-14T06:36:01.611+0000] {processor.py:925} INFO - DAG(s) 'example_branch_operator' retrieved from /home/airflow/.local/lib/python3.12/site-packages/airflow/example_dags/example_branch_operator.py
[2024-11-14T06:36:01.625+0000] {logging_mixin.py:190} INFO - [2024-11-14T06:36:01.624+0000] {dag.py:3239} INFO - Sync 1 DAGs
[2024-11-14T06:36:01.634+0000] {logging_mixin.py:190} INFO - [2024-11-14T06:36:01.634+0000] {dag.py:4180} INFO - Setting next_dagrun for example_branch_operator to 2024-11-13 00:00:00+00:00, run_after=2024-11-14 00:00:00+00:00
[2024-11-14T06:36:01.644+0000] {processor.py:208} INFO - Processing /home/airflow/.local/lib/python3.12/site-packages/airflow/example_dags/example_branch_operator.py took 0.048 seconds
[2024-11-14T06:36:33.224+0000] {processor.py:186} INFO - Started process (PID=1390) to work on /home/airflow/.local/lib/python3.12/site-packages/airflow/example_dags/example_branch_operator.py
[2024-11-14T06:36:33.225+0000] {processor.py:914} INFO - Processing file /home/airflow/.local/lib/python3.12/site-packages/airflow/example_dags/example_branch_operator.py for tasks to queue
[2024-11-14T06:36:33.226+0000] {logging_mixin.py:190} INFO - [2024-11-14T06:36:33.226+0000] {dagbag.py:588} INFO - Filling up the DagBag from /home/airflow/.local/lib/python3.12/site-packages/airflow/example_dags/example_branch_operator.py
[2024-11-14T06:36:33.236+0000] {processor.py:925} INFO - DAG(s) 'example_branch_operator' retrieved from /home/airflow/.local/lib/python3.12/site-packages/airflow/example_dags/example_branch_operator.py
[2024-11-14T06:36:33.249+0000] {logging_mixin.py:190} INFO - [2024-11-14T06:36:33.249+0000] {dag.py:3239} INFO - Sync 1 DAGs
[2024-11-14T06:36:33.263+0000] {logging_mixin.py:190} INFO - [2024-11-14T06:36:33.263+0000] {dag.py:4180} INFO - Setting next_dagrun for example_branch_operator to 2024-11-13 00:00:00+00:00, run_after=2024-11-14 00:00:00+00:00
[2024-11-14T06:36:33.272+0000] {processor.py:208} INFO - Processing /home/airflow/.local/lib/python3.12/site-packages/airflow/example_dags/example_branch_operator.py took 0.052 seconds
[2024-11-14T06:37:04.649+0000] {processor.py:186} INFO - Started process (PID=1454) to work on /home/airflow/.local/lib/python3.12/site-packages/airflow/example_dags/example_branch_operator.py
[2024-11-14T06:37:04.650+0000] {processor.py:914} INFO - Processing file /home/airflow/.local/lib/python3.12/site-packages/airflow/example_dags/example_branch_operator.py for tasks to queue
[2024-11-14T06:37:04.651+0000] {logging_mixin.py:190} INFO - [2024-11-14T06:37:04.651+0000] {dagbag.py:588} INFO - Filling up the DagBag from /home/airflow/.local/lib/python3.12/site-packages/airflow/example_dags/example_branch_operator.py
[2024-11-14T06:37:04.661+0000] {processor.py:925} INFO - DAG(s) 'example_branch_operator' retrieved from /home/airflow/.local/lib/python3.12/site-packages/airflow/example_dags/example_branch_operator.py
[2024-11-14T06:37:04.677+0000] {logging_mixin.py:190} INFO - [2024-11-14T06:37:04.676+0000] {dag.py:3239} INFO - Sync 1 DAGs
[2024-11-14T06:37:04.688+0000] {logging_mixin.py:190} INFO - [2024-11-14T06:37:04.688+0000] {dag.py:4180} INFO - Setting next_dagrun for example_branch_operator to 2024-11-13 00:00:00+00:00, run_after=2024-11-14 00:00:00+00:00
[2024-11-14T06:37:04.699+0000] {processor.py:208} INFO - Processing /home/airflow/.local/lib/python3.12/site-packages/airflow/example_dags/example_branch_operator.py took 0.054 seconds
[2024-11-14T06:37:35.995+0000] {processor.py:186} INFO - Started process (PID=1518) to work on /home/airflow/.local/lib/python3.12/site-packages/airflow/example_dags/example_branch_operator.py
[2024-11-14T06:37:35.996+0000] {processor.py:914} INFO - Processing file /home/airflow/.local/lib/python3.12/site-packages/airflow/example_dags/example_branch_operator.py for tasks to queue
[2024-11-14T06:37:35.999+0000] {logging_mixin.py:190} INFO - [2024-11-14T06:37:35.998+0000] {dagbag.py:588} INFO - Filling up the DagBag from /home/airflow/.local/lib/python3.12/site-packages/airflow/example_dags/example_branch_operator.py
[2024-11-14T06:37:36.011+0000] {processor.py:925} INFO - DAG(s) 'example_branch_operator' retrieved from /home/airflow/.local/lib/python3.12/site-packages/airflow/example_dags/example_branch_operator.py
[2024-11-14T06:37:36.026+0000] {logging_mixin.py:190} INFO - [2024-11-14T06:37:36.026+0000] {dag.py:3239} INFO - Sync 1 DAGs
[2024-11-14T06:37:36.040+0000] {logging_mixin.py:190} INFO - [2024-11-14T06:37:36.040+0000] {dag.py:4180} INFO - Setting next_dagrun for example_branch_operator to 2024-11-13 00:00:00+00:00, run_after=2024-11-14 00:00:00+00:00
[2024-11-14T06:37:36.049+0000] {processor.py:208} INFO - Processing /home/airflow/.local/lib/python3.12/site-packages/airflow/example_dags/example_branch_operator.py took 0.057 seconds
[2024-11-14T06:38:07.594+0000] {processor.py:186} INFO - Started process (PID=1588) to work on /home/airflow/.local/lib/python3.12/site-packages/airflow/example_dags/example_branch_operator.py
[2024-11-14T06:38:07.594+0000] {processor.py:914} INFO - Processing file /home/airflow/.local/lib/python3.12/site-packages/airflow/example_dags/example_branch_operator.py for tasks to queue
[2024-11-14T06:38:07.596+0000] {logging_mixin.py:190} INFO - [2024-11-14T06:38:07.595+0000] {dagbag.py:588} INFO - Filling up the DagBag from /home/airflow/.local/lib/python3.12/site-packages/airflow/example_dags/example_branch_operator.py
[2024-11-14T06:38:07.606+0000] {processor.py:925} INFO - DAG(s) 'example_branch_operator' retrieved from /home/airflow/.local/lib/python3.12/site-packages/airflow/example_dags/example_branch_operator.py
[2024-11-14T06:38:07.621+0000] {logging_mixin.py:190} INFO - [2024-11-14T06:38:07.621+0000] {dag.py:3239} INFO - Sync 1 DAGs
[2024-11-14T06:38:07.633+0000] {logging_mixin.py:190} INFO - [2024-11-14T06:38:07.633+0000] {dag.py:4180} INFO - Setting next_dagrun for example_branch_operator to 2024-11-13 00:00:00+00:00, run_after=2024-11-14 00:00:00+00:00
[2024-11-14T06:38:07.644+0000] {processor.py:208} INFO - Processing /home/airflow/.local/lib/python3.12/site-packages/airflow/example_dags/example_branch_operator.py took 0.054 seconds
[2024-11-14T06:38:39.336+0000] {processor.py:186} INFO - Started process (PID=1652) to work on /home/airflow/.local/lib/python3.12/site-packages/airflow/example_dags/example_branch_operator.py
[2024-11-14T06:38:39.337+0000] {processor.py:914} INFO - Processing file /home/airflow/.local/lib/python3.12/site-packages/airflow/example_dags/example_branch_operator.py for tasks to queue
[2024-11-14T06:38:39.339+0000] {logging_mixin.py:190} INFO - [2024-11-14T06:38:39.338+0000] {dagbag.py:588} INFO - Filling up the DagBag from /home/airflow/.local/lib/python3.12/site-packages/airflow/example_dags/example_branch_operator.py
[2024-11-14T06:38:39.347+0000] {processor.py:925} INFO - DAG(s) 'example_branch_operator' retrieved from /home/airflow/.local/lib/python3.12/site-packages/airflow/example_dags/example_branch_operator.py
[2024-11-14T06:38:39.363+0000] {logging_mixin.py:190} INFO - [2024-11-14T06:38:39.363+0000] {dag.py:3239} INFO - Sync 1 DAGs
[2024-11-14T06:38:39.417+0000] {logging_mixin.py:190} INFO - [2024-11-14T06:38:39.417+0000] {dag.py:4180} INFO - Setting next_dagrun for example_branch_operator to 2024-11-13 00:00:00+00:00, run_after=2024-11-14 00:00:00+00:00
[2024-11-14T06:38:39.431+0000] {processor.py:208} INFO - Processing /home/airflow/.local/lib/python3.12/site-packages/airflow/example_dags/example_branch_operator.py took 0.098 seconds
[2024-11-14T06:39:09.896+0000] {processor.py:186} INFO - Started process (PID=1717) to work on /home/airflow/.local/lib/python3.12/site-packages/airflow/example_dags/example_branch_operator.py
[2024-11-14T06:39:09.897+0000] {processor.py:914} INFO - Processing file /home/airflow/.local/lib/python3.12/site-packages/airflow/example_dags/example_branch_operator.py for tasks to queue
[2024-11-14T06:39:09.898+0000] {logging_mixin.py:190} INFO - [2024-11-14T06:39:09.898+0000] {dagbag.py:588} INFO - Filling up the DagBag from /home/airflow/.local/lib/python3.12/site-packages/airflow/example_dags/example_branch_operator.py
[2024-11-14T06:39:09.908+0000] {processor.py:925} INFO - DAG(s) 'example_branch_operator' retrieved from /home/airflow/.local/lib/python3.12/site-packages/airflow/example_dags/example_branch_operator.py
[2024-11-14T06:39:09.925+0000] {logging_mixin.py:190} INFO - [2024-11-14T06:39:09.925+0000] {dag.py:3239} INFO - Sync 1 DAGs
[2024-11-14T06:39:09.937+0000] {logging_mixin.py:190} INFO - [2024-11-14T06:39:09.936+0000] {dag.py:4180} INFO - Setting next_dagrun for example_branch_operator to 2024-11-13 00:00:00+00:00, run_after=2024-11-14 00:00:00+00:00
[2024-11-14T06:39:09.946+0000] {processor.py:208} INFO - Processing /home/airflow/.local/lib/python3.12/site-packages/airflow/example_dags/example_branch_operator.py took 0.053 seconds
[2024-11-14T06:39:40.762+0000] {processor.py:186} INFO - Started process (PID=1781) to work on /home/airflow/.local/lib/python3.12/site-packages/airflow/example_dags/example_branch_operator.py
[2024-11-14T06:39:40.763+0000] {processor.py:914} INFO - Processing file /home/airflow/.local/lib/python3.12/site-packages/airflow/example_dags/example_branch_operator.py for tasks to queue
[2024-11-14T06:39:40.764+0000] {logging_mixin.py:190} INFO - [2024-11-14T06:39:40.764+0000] {dagbag.py:588} INFO - Filling up the DagBag from /home/airflow/.local/lib/python3.12/site-packages/airflow/example_dags/example_branch_operator.py
[2024-11-14T06:39:40.773+0000] {processor.py:925} INFO - DAG(s) 'example_branch_operator' retrieved from /home/airflow/.local/lib/python3.12/site-packages/airflow/example_dags/example_branch_operator.py
[2024-11-14T06:39:40.787+0000] {logging_mixin.py:190} INFO - [2024-11-14T06:39:40.787+0000] {dag.py:3239} INFO - Sync 1 DAGs
[2024-11-14T06:39:40.798+0000] {logging_mixin.py:190} INFO - [2024-11-14T06:39:40.798+0000] {dag.py:4180} INFO - Setting next_dagrun for example_branch_operator to 2024-11-13 00:00:00+00:00, run_after=2024-11-14 00:00:00+00:00
[2024-11-14T06:39:40.807+0000] {processor.py:208} INFO - Processing /home/airflow/.local/lib/python3.12/site-packages/airflow/example_dags/example_branch_operator.py took 0.048 seconds
[2024-11-14T06:40:12.415+0000] {processor.py:186} INFO - Started process (PID=1845) to work on /home/airflow/.local/lib/python3.12/site-packages/airflow/example_dags/example_branch_operator.py
[2024-11-14T06:40:12.415+0000] {processor.py:914} INFO - Processing file /home/airflow/.local/lib/python3.12/site-packages/airflow/example_dags/example_branch_operator.py for tasks to queue
[2024-11-14T06:40:12.417+0000] {logging_mixin.py:190} INFO - [2024-11-14T06:40:12.417+0000] {dagbag.py:588} INFO - Filling up the DagBag from /home/airflow/.local/lib/python3.12/site-packages/airflow/example_dags/example_branch_operator.py
[2024-11-14T06:40:12.427+0000] {processor.py:925} INFO - DAG(s) 'example_branch_operator' retrieved from /home/airflow/.local/lib/python3.12/site-packages/airflow/example_dags/example_branch_operator.py
[2024-11-14T06:40:12.444+0000] {logging_mixin.py:190} INFO - [2024-11-14T06:40:12.444+0000] {dag.py:3239} INFO - Sync 1 DAGs
[2024-11-14T06:40:12.458+0000] {logging_mixin.py:190} INFO - [2024-11-14T06:40:12.458+0000] {dag.py:4180} INFO - Setting next_dagrun for example_branch_operator to 2024-11-13 00:00:00+00:00, run_after=2024-11-14 00:00:00+00:00
[2024-11-14T06:40:12.467+0000] {processor.py:208} INFO - Processing /home/airflow/.local/lib/python3.12/site-packages/airflow/example_dags/example_branch_operator.py took 0.056 seconds
[2024-11-14T06:40:43.947+0000] {processor.py:186} INFO - Started process (PID=1909) to work on /home/airflow/.local/lib/python3.12/site-packages/airflow/example_dags/example_branch_operator.py
[2024-11-14T06:40:43.947+0000] {processor.py:914} INFO - Processing file /home/airflow/.local/lib/python3.12/site-packages/airflow/example_dags/example_branch_operator.py for tasks to queue
[2024-11-14T06:40:43.949+0000] {logging_mixin.py:190} INFO - [2024-11-14T06:40:43.949+0000] {dagbag.py:588} INFO - Filling up the DagBag from /home/airflow/.local/lib/python3.12/site-packages/airflow/example_dags/example_branch_operator.py
[2024-11-14T06:40:43.959+0000] {processor.py:925} INFO - DAG(s) 'example_branch_operator' retrieved from /home/airflow/.local/lib/python3.12/site-packages/airflow/example_dags/example_branch_operator.py
[2024-11-14T06:40:43.977+0000] {logging_mixin.py:190} INFO - [2024-11-14T06:40:43.977+0000] {dag.py:3239} INFO - Sync 1 DAGs
[2024-11-14T06:40:43.990+0000] {logging_mixin.py:190} INFO - [2024-11-14T06:40:43.990+0000] {dag.py:4180} INFO - Setting next_dagrun for example_branch_operator to 2024-11-13 00:00:00+00:00, run_after=2024-11-14 00:00:00+00:00
[2024-11-14T06:40:43.999+0000] {processor.py:208} INFO - Processing /home/airflow/.local/lib/python3.12/site-packages/airflow/example_dags/example_branch_operator.py took 0.060 seconds
[2024-11-14T06:41:15.892+0000] {processor.py:186} INFO - Started process (PID=1972) to work on /home/airflow/.local/lib/python3.12/site-packages/airflow/example_dags/example_branch_operator.py
[2024-11-14T06:41:15.900+0000] {processor.py:914} INFO - Processing file /home/airflow/.local/lib/python3.12/site-packages/airflow/example_dags/example_branch_operator.py for tasks to queue
[2024-11-14T06:41:15.903+0000] {logging_mixin.py:190} INFO - [2024-11-14T06:41:15.902+0000] {dagbag.py:588} INFO - Filling up the DagBag from /home/airflow/.local/lib/python3.12/site-packages/airflow/example_dags/example_branch_operator.py
[2024-11-14T06:41:15.916+0000] {processor.py:925} INFO - DAG(s) 'example_branch_operator' retrieved from /home/airflow/.local/lib/python3.12/site-packages/airflow/example_dags/example_branch_operator.py
[2024-11-14T06:41:15.933+0000] {logging_mixin.py:190} INFO - [2024-11-14T06:41:15.933+0000] {dag.py:3239} INFO - Sync 1 DAGs
[2024-11-14T06:41:15.948+0000] {logging_mixin.py:190} INFO - [2024-11-14T06:41:15.948+0000] {dag.py:4180} INFO - Setting next_dagrun for example_branch_operator to 2024-11-13 00:00:00+00:00, run_after=2024-11-14 00:00:00+00:00
[2024-11-14T06:41:15.958+0000] {processor.py:208} INFO - Processing /home/airflow/.local/lib/python3.12/site-packages/airflow/example_dags/example_branch_operator.py took 0.070 seconds
