[2024-11-14T06:26:05.689+0000] {processor.py:186} INFO - Started process (PID=110) to work on /home/airflow/.local/lib/python3.12/site-packages/airflow/example_dags/example_python_decorator.py
[2024-11-14T06:26:05.690+0000] {processor.py:914} INFO - Processing file /home/airflow/.local/lib/python3.12/site-packages/airflow/example_dags/example_python_decorator.py for tasks to queue
[2024-11-14T06:26:05.692+0000] {logging_mixin.py:190} INFO - [2024-11-14T06:26:05.692+0000] {dagbag.py:588} INFO - Filling up the DagBag from /home/airflow/.local/lib/python3.12/site-packages/airflow/example_dags/example_python_decorator.py
[2024-11-14T06:26:05.706+0000] {processor.py:925} INFO - DAG(s) 'example_python_decorator' retrieved from /home/airflow/.local/lib/python3.12/site-packages/airflow/example_dags/example_python_decorator.py
[2024-11-14T06:26:05.781+0000] {logging_mixin.py:190} INFO - [2024-11-14T06:26:05.781+0000] {dag.py:3239} INFO - Sync 1 DAGs
[2024-11-14T06:26:05.788+0000] {logging_mixin.py:190} INFO - [2024-11-14T06:26:05.788+0000] {dag.py:4180} INFO - Setting next_dagrun for example_python_decorator to None, run_after=None
[2024-11-14T06:26:05.802+0000] {processor.py:208} INFO - Processing /home/airflow/.local/lib/python3.12/site-packages/airflow/example_dags/example_python_decorator.py took 0.121 seconds
[2024-11-14T06:26:37.430+0000] {processor.py:186} INFO - Started process (PID=174) to work on /home/airflow/.local/lib/python3.12/site-packages/airflow/example_dags/example_python_decorator.py
[2024-11-14T06:26:37.431+0000] {processor.py:914} INFO - Processing file /home/airflow/.local/lib/python3.12/site-packages/airflow/example_dags/example_python_decorator.py for tasks to queue
[2024-11-14T06:26:37.433+0000] {logging_mixin.py:190} INFO - [2024-11-14T06:26:37.433+0000] {dagbag.py:588} INFO - Filling up the DagBag from /home/airflow/.local/lib/python3.12/site-packages/airflow/example_dags/example_python_decorator.py
[2024-11-14T06:26:37.443+0000] {processor.py:925} INFO - DAG(s) 'example_python_decorator' retrieved from /home/airflow/.local/lib/python3.12/site-packages/airflow/example_dags/example_python_decorator.py
[2024-11-14T06:26:37.456+0000] {logging_mixin.py:190} INFO - [2024-11-14T06:26:37.455+0000] {dag.py:3239} INFO - Sync 1 DAGs
[2024-11-14T06:26:37.463+0000] {logging_mixin.py:190} INFO - [2024-11-14T06:26:37.463+0000] {dag.py:4180} INFO - Setting next_dagrun for example_python_decorator to None, run_after=None
[2024-11-14T06:26:37.479+0000] {processor.py:208} INFO - Processing /home/airflow/.local/lib/python3.12/site-packages/airflow/example_dags/example_python_decorator.py took 0.053 seconds
[2024-11-14T06:27:08.129+0000] {processor.py:186} INFO - Started process (PID=238) to work on /home/airflow/.local/lib/python3.12/site-packages/airflow/example_dags/example_python_decorator.py
[2024-11-14T06:27:08.130+0000] {processor.py:914} INFO - Processing file /home/airflow/.local/lib/python3.12/site-packages/airflow/example_dags/example_python_decorator.py for tasks to queue
[2024-11-14T06:27:08.132+0000] {logging_mixin.py:190} INFO - [2024-11-14T06:27:08.131+0000] {dagbag.py:588} INFO - Filling up the DagBag from /home/airflow/.local/lib/python3.12/site-packages/airflow/example_dags/example_python_decorator.py
[2024-11-14T06:27:08.139+0000] {processor.py:925} INFO - DAG(s) 'example_python_decorator' retrieved from /home/airflow/.local/lib/python3.12/site-packages/airflow/example_dags/example_python_decorator.py
[2024-11-14T06:27:08.150+0000] {logging_mixin.py:190} INFO - [2024-11-14T06:27:08.150+0000] {dag.py:3239} INFO - Sync 1 DAGs
[2024-11-14T06:27:08.157+0000] {logging_mixin.py:190} INFO - [2024-11-14T06:27:08.157+0000] {dag.py:4180} INFO - Setting next_dagrun for example_python_decorator to None, run_after=None
[2024-11-14T06:27:08.165+0000] {processor.py:208} INFO - Processing /home/airflow/.local/lib/python3.12/site-packages/airflow/example_dags/example_python_decorator.py took 0.039 seconds
[2024-11-14T06:27:38.479+0000] {processor.py:186} INFO - Started process (PID=301) to work on /home/airflow/.local/lib/python3.12/site-packages/airflow/example_dags/example_python_decorator.py
[2024-11-14T06:27:38.480+0000] {processor.py:914} INFO - Processing file /home/airflow/.local/lib/python3.12/site-packages/airflow/example_dags/example_python_decorator.py for tasks to queue
[2024-11-14T06:27:38.481+0000] {logging_mixin.py:190} INFO - [2024-11-14T06:27:38.481+0000] {dagbag.py:588} INFO - Filling up the DagBag from /home/airflow/.local/lib/python3.12/site-packages/airflow/example_dags/example_python_decorator.py
[2024-11-14T06:27:38.490+0000] {processor.py:925} INFO - DAG(s) 'example_python_decorator' retrieved from /home/airflow/.local/lib/python3.12/site-packages/airflow/example_dags/example_python_decorator.py
[2024-11-14T06:27:38.503+0000] {logging_mixin.py:190} INFO - [2024-11-14T06:27:38.503+0000] {dag.py:3239} INFO - Sync 1 DAGs
[2024-11-14T06:27:38.511+0000] {logging_mixin.py:190} INFO - [2024-11-14T06:27:38.510+0000] {dag.py:4180} INFO - Setting next_dagrun for example_python_decorator to None, run_after=None
[2024-11-14T06:27:38.522+0000] {processor.py:208} INFO - Processing /home/airflow/.local/lib/python3.12/site-packages/airflow/example_dags/example_python_decorator.py took 0.046 seconds
[2024-11-14T06:28:10.393+0000] {processor.py:186} INFO - Started process (PID=366) to work on /home/airflow/.local/lib/python3.12/site-packages/airflow/example_dags/example_python_decorator.py
[2024-11-14T06:28:10.395+0000] {processor.py:914} INFO - Processing file /home/airflow/.local/lib/python3.12/site-packages/airflow/example_dags/example_python_decorator.py for tasks to queue
[2024-11-14T06:28:10.397+0000] {logging_mixin.py:190} INFO - [2024-11-14T06:28:10.397+0000] {dagbag.py:588} INFO - Filling up the DagBag from /home/airflow/.local/lib/python3.12/site-packages/airflow/example_dags/example_python_decorator.py
[2024-11-14T06:28:10.410+0000] {processor.py:925} INFO - DAG(s) 'example_python_decorator' retrieved from /home/airflow/.local/lib/python3.12/site-packages/airflow/example_dags/example_python_decorator.py
[2024-11-14T06:28:10.428+0000] {logging_mixin.py:190} INFO - [2024-11-14T06:28:10.428+0000] {dag.py:3239} INFO - Sync 1 DAGs
[2024-11-14T06:28:10.441+0000] {logging_mixin.py:190} INFO - [2024-11-14T06:28:10.440+0000] {dag.py:4180} INFO - Setting next_dagrun for example_python_decorator to None, run_after=None
[2024-11-14T06:28:10.468+0000] {processor.py:208} INFO - Processing /home/airflow/.local/lib/python3.12/site-packages/airflow/example_dags/example_python_decorator.py took 0.081 seconds
[2024-11-14T06:28:41.433+0000] {processor.py:186} INFO - Started process (PID=430) to work on /home/airflow/.local/lib/python3.12/site-packages/airflow/example_dags/example_python_decorator.py
[2024-11-14T06:28:41.434+0000] {processor.py:914} INFO - Processing file /home/airflow/.local/lib/python3.12/site-packages/airflow/example_dags/example_python_decorator.py for tasks to queue
[2024-11-14T06:28:41.436+0000] {logging_mixin.py:190} INFO - [2024-11-14T06:28:41.436+0000] {dagbag.py:588} INFO - Filling up the DagBag from /home/airflow/.local/lib/python3.12/site-packages/airflow/example_dags/example_python_decorator.py
[2024-11-14T06:28:41.445+0000] {processor.py:925} INFO - DAG(s) 'example_python_decorator' retrieved from /home/airflow/.local/lib/python3.12/site-packages/airflow/example_dags/example_python_decorator.py
[2024-11-14T06:28:41.459+0000] {logging_mixin.py:190} INFO - [2024-11-14T06:28:41.458+0000] {dag.py:3239} INFO - Sync 1 DAGs
[2024-11-14T06:28:41.466+0000] {logging_mixin.py:190} INFO - [2024-11-14T06:28:41.466+0000] {dag.py:4180} INFO - Setting next_dagrun for example_python_decorator to None, run_after=None
[2024-11-14T06:28:41.477+0000] {processor.py:208} INFO - Processing /home/airflow/.local/lib/python3.12/site-packages/airflow/example_dags/example_python_decorator.py took 0.048 seconds
[2024-11-14T06:29:13.099+0000] {processor.py:186} INFO - Started process (PID=493) to work on /home/airflow/.local/lib/python3.12/site-packages/airflow/example_dags/example_python_decorator.py
[2024-11-14T06:29:13.100+0000] {processor.py:914} INFO - Processing file /home/airflow/.local/lib/python3.12/site-packages/airflow/example_dags/example_python_decorator.py for tasks to queue
[2024-11-14T06:29:13.101+0000] {logging_mixin.py:190} INFO - [2024-11-14T06:29:13.101+0000] {dagbag.py:588} INFO - Filling up the DagBag from /home/airflow/.local/lib/python3.12/site-packages/airflow/example_dags/example_python_decorator.py
[2024-11-14T06:29:13.112+0000] {processor.py:925} INFO - DAG(s) 'example_python_decorator' retrieved from /home/airflow/.local/lib/python3.12/site-packages/airflow/example_dags/example_python_decorator.py
[2024-11-14T06:29:13.141+0000] {logging_mixin.py:190} INFO - [2024-11-14T06:29:13.141+0000] {dag.py:3239} INFO - Sync 1 DAGs
[2024-11-14T06:29:13.150+0000] {logging_mixin.py:190} INFO - [2024-11-14T06:29:13.150+0000] {dag.py:4180} INFO - Setting next_dagrun for example_python_decorator to None, run_after=None
[2024-11-14T06:29:13.162+0000] {processor.py:208} INFO - Processing /home/airflow/.local/lib/python3.12/site-packages/airflow/example_dags/example_python_decorator.py took 0.067 seconds
[2024-11-14T06:29:43.804+0000] {processor.py:186} INFO - Started process (PID=557) to work on /home/airflow/.local/lib/python3.12/site-packages/airflow/example_dags/example_python_decorator.py
[2024-11-14T06:29:43.805+0000] {processor.py:914} INFO - Processing file /home/airflow/.local/lib/python3.12/site-packages/airflow/example_dags/example_python_decorator.py for tasks to queue
[2024-11-14T06:29:43.807+0000] {logging_mixin.py:190} INFO - [2024-11-14T06:29:43.807+0000] {dagbag.py:588} INFO - Filling up the DagBag from /home/airflow/.local/lib/python3.12/site-packages/airflow/example_dags/example_python_decorator.py
[2024-11-14T06:29:43.816+0000] {processor.py:925} INFO - DAG(s) 'example_python_decorator' retrieved from /home/airflow/.local/lib/python3.12/site-packages/airflow/example_dags/example_python_decorator.py
[2024-11-14T06:29:43.829+0000] {logging_mixin.py:190} INFO - [2024-11-14T06:29:43.829+0000] {dag.py:3239} INFO - Sync 1 DAGs
[2024-11-14T06:29:43.836+0000] {logging_mixin.py:190} INFO - [2024-11-14T06:29:43.836+0000] {dag.py:4180} INFO - Setting next_dagrun for example_python_decorator to None, run_after=None
[2024-11-14T06:29:43.846+0000] {processor.py:208} INFO - Processing /home/airflow/.local/lib/python3.12/site-packages/airflow/example_dags/example_python_decorator.py took 0.046 seconds
[2024-11-14T06:30:15.178+0000] {processor.py:186} INFO - Started process (PID=621) to work on /home/airflow/.local/lib/python3.12/site-packages/airflow/example_dags/example_python_decorator.py
[2024-11-14T06:30:15.179+0000] {processor.py:914} INFO - Processing file /home/airflow/.local/lib/python3.12/site-packages/airflow/example_dags/example_python_decorator.py for tasks to queue
[2024-11-14T06:30:15.181+0000] {logging_mixin.py:190} INFO - [2024-11-14T06:30:15.180+0000] {dagbag.py:588} INFO - Filling up the DagBag from /home/airflow/.local/lib/python3.12/site-packages/airflow/example_dags/example_python_decorator.py
[2024-11-14T06:30:15.189+0000] {processor.py:925} INFO - DAG(s) 'example_python_decorator' retrieved from /home/airflow/.local/lib/python3.12/site-packages/airflow/example_dags/example_python_decorator.py
[2024-11-14T06:30:15.200+0000] {logging_mixin.py:190} INFO - [2024-11-14T06:30:15.200+0000] {dag.py:3239} INFO - Sync 1 DAGs
[2024-11-14T06:30:15.207+0000] {logging_mixin.py:190} INFO - [2024-11-14T06:30:15.207+0000] {dag.py:4180} INFO - Setting next_dagrun for example_python_decorator to None, run_after=None
[2024-11-14T06:30:15.217+0000] {processor.py:208} INFO - Processing /home/airflow/.local/lib/python3.12/site-packages/airflow/example_dags/example_python_decorator.py took 0.043 seconds
[2024-11-14T06:30:46.863+0000] {processor.py:186} INFO - Started process (PID=685) to work on /home/airflow/.local/lib/python3.12/site-packages/airflow/example_dags/example_python_decorator.py
[2024-11-14T06:30:46.864+0000] {processor.py:914} INFO - Processing file /home/airflow/.local/lib/python3.12/site-packages/airflow/example_dags/example_python_decorator.py for tasks to queue
[2024-11-14T06:30:46.865+0000] {logging_mixin.py:190} INFO - [2024-11-14T06:30:46.865+0000] {dagbag.py:588} INFO - Filling up the DagBag from /home/airflow/.local/lib/python3.12/site-packages/airflow/example_dags/example_python_decorator.py
[2024-11-14T06:30:46.877+0000] {processor.py:925} INFO - DAG(s) 'example_python_decorator' retrieved from /home/airflow/.local/lib/python3.12/site-packages/airflow/example_dags/example_python_decorator.py
[2024-11-14T06:30:46.895+0000] {logging_mixin.py:190} INFO - [2024-11-14T06:30:46.894+0000] {dag.py:3239} INFO - Sync 1 DAGs
[2024-11-14T06:30:46.904+0000] {logging_mixin.py:190} INFO - [2024-11-14T06:30:46.904+0000] {dag.py:4180} INFO - Setting next_dagrun for example_python_decorator to None, run_after=None
[2024-11-14T06:30:46.918+0000] {processor.py:208} INFO - Processing /home/airflow/.local/lib/python3.12/site-packages/airflow/example_dags/example_python_decorator.py took 0.060 seconds
[2024-11-14T06:31:18.488+0000] {processor.py:186} INFO - Started process (PID=748) to work on /home/airflow/.local/lib/python3.12/site-packages/airflow/example_dags/example_python_decorator.py
[2024-11-14T06:31:18.489+0000] {processor.py:914} INFO - Processing file /home/airflow/.local/lib/python3.12/site-packages/airflow/example_dags/example_python_decorator.py for tasks to queue
[2024-11-14T06:31:18.491+0000] {logging_mixin.py:190} INFO - [2024-11-14T06:31:18.490+0000] {dagbag.py:588} INFO - Filling up the DagBag from /home/airflow/.local/lib/python3.12/site-packages/airflow/example_dags/example_python_decorator.py
[2024-11-14T06:31:18.501+0000] {processor.py:925} INFO - DAG(s) 'example_python_decorator' retrieved from /home/airflow/.local/lib/python3.12/site-packages/airflow/example_dags/example_python_decorator.py
[2024-11-14T06:31:18.514+0000] {logging_mixin.py:190} INFO - [2024-11-14T06:31:18.514+0000] {dag.py:3239} INFO - Sync 1 DAGs
[2024-11-14T06:31:18.523+0000] {logging_mixin.py:190} INFO - [2024-11-14T06:31:18.522+0000] {dag.py:4180} INFO - Setting next_dagrun for example_python_decorator to None, run_after=None
[2024-11-14T06:31:18.533+0000] {processor.py:208} INFO - Processing /home/airflow/.local/lib/python3.12/site-packages/airflow/example_dags/example_python_decorator.py took 0.048 seconds
[2024-11-14T06:31:49.852+0000] {processor.py:186} INFO - Started process (PID=812) to work on /home/airflow/.local/lib/python3.12/site-packages/airflow/example_dags/example_python_decorator.py
[2024-11-14T06:31:49.854+0000] {processor.py:914} INFO - Processing file /home/airflow/.local/lib/python3.12/site-packages/airflow/example_dags/example_python_decorator.py for tasks to queue
[2024-11-14T06:31:49.856+0000] {logging_mixin.py:190} INFO - [2024-11-14T06:31:49.856+0000] {dagbag.py:588} INFO - Filling up the DagBag from /home/airflow/.local/lib/python3.12/site-packages/airflow/example_dags/example_python_decorator.py
[2024-11-14T06:31:49.866+0000] {processor.py:925} INFO - DAG(s) 'example_python_decorator' retrieved from /home/airflow/.local/lib/python3.12/site-packages/airflow/example_dags/example_python_decorator.py
[2024-11-14T06:31:49.879+0000] {logging_mixin.py:190} INFO - [2024-11-14T06:31:49.879+0000] {dag.py:3239} INFO - Sync 1 DAGs
[2024-11-14T06:31:49.885+0000] {logging_mixin.py:190} INFO - [2024-11-14T06:31:49.885+0000] {dag.py:4180} INFO - Setting next_dagrun for example_python_decorator to None, run_after=None
[2024-11-14T06:31:49.895+0000] {processor.py:208} INFO - Processing /home/airflow/.local/lib/python3.12/site-packages/airflow/example_dags/example_python_decorator.py took 0.047 seconds
[2024-11-14T06:32:21.234+0000] {processor.py:186} INFO - Started process (PID=876) to work on /home/airflow/.local/lib/python3.12/site-packages/airflow/example_dags/example_python_decorator.py
[2024-11-14T06:32:21.235+0000] {processor.py:914} INFO - Processing file /home/airflow/.local/lib/python3.12/site-packages/airflow/example_dags/example_python_decorator.py for tasks to queue
[2024-11-14T06:32:21.236+0000] {logging_mixin.py:190} INFO - [2024-11-14T06:32:21.236+0000] {dagbag.py:588} INFO - Filling up the DagBag from /home/airflow/.local/lib/python3.12/site-packages/airflow/example_dags/example_python_decorator.py
[2024-11-14T06:32:21.245+0000] {processor.py:925} INFO - DAG(s) 'example_python_decorator' retrieved from /home/airflow/.local/lib/python3.12/site-packages/airflow/example_dags/example_python_decorator.py
[2024-11-14T06:32:21.257+0000] {logging_mixin.py:190} INFO - [2024-11-14T06:32:21.257+0000] {dag.py:3239} INFO - Sync 1 DAGs
[2024-11-14T06:32:21.264+0000] {logging_mixin.py:190} INFO - [2024-11-14T06:32:21.264+0000] {dag.py:4180} INFO - Setting next_dagrun for example_python_decorator to None, run_after=None
[2024-11-14T06:32:21.274+0000] {processor.py:208} INFO - Processing /home/airflow/.local/lib/python3.12/site-packages/airflow/example_dags/example_python_decorator.py took 0.043 seconds
[2024-11-14T06:32:52.618+0000] {processor.py:186} INFO - Started process (PID=940) to work on /home/airflow/.local/lib/python3.12/site-packages/airflow/example_dags/example_python_decorator.py
[2024-11-14T06:32:52.619+0000] {processor.py:914} INFO - Processing file /home/airflow/.local/lib/python3.12/site-packages/airflow/example_dags/example_python_decorator.py for tasks to queue
[2024-11-14T06:32:52.621+0000] {logging_mixin.py:190} INFO - [2024-11-14T06:32:52.621+0000] {dagbag.py:588} INFO - Filling up the DagBag from /home/airflow/.local/lib/python3.12/site-packages/airflow/example_dags/example_python_decorator.py
[2024-11-14T06:32:52.631+0000] {processor.py:925} INFO - DAG(s) 'example_python_decorator' retrieved from /home/airflow/.local/lib/python3.12/site-packages/airflow/example_dags/example_python_decorator.py
[2024-11-14T06:32:52.643+0000] {logging_mixin.py:190} INFO - [2024-11-14T06:32:52.643+0000] {dag.py:3239} INFO - Sync 1 DAGs
[2024-11-14T06:32:52.651+0000] {logging_mixin.py:190} INFO - [2024-11-14T06:32:52.651+0000] {dag.py:4180} INFO - Setting next_dagrun for example_python_decorator to None, run_after=None
[2024-11-14T06:32:52.662+0000] {processor.py:208} INFO - Processing /home/airflow/.local/lib/python3.12/site-packages/airflow/example_dags/example_python_decorator.py took 0.049 seconds
[2024-11-14T06:33:24.033+0000] {processor.py:186} INFO - Started process (PID=1004) to work on /home/airflow/.local/lib/python3.12/site-packages/airflow/example_dags/example_python_decorator.py
[2024-11-14T06:33:24.034+0000] {processor.py:914} INFO - Processing file /home/airflow/.local/lib/python3.12/site-packages/airflow/example_dags/example_python_decorator.py for tasks to queue
[2024-11-14T06:33:24.036+0000] {logging_mixin.py:190} INFO - [2024-11-14T06:33:24.035+0000] {dagbag.py:588} INFO - Filling up the DagBag from /home/airflow/.local/lib/python3.12/site-packages/airflow/example_dags/example_python_decorator.py
[2024-11-14T06:33:24.044+0000] {processor.py:925} INFO - DAG(s) 'example_python_decorator' retrieved from /home/airflow/.local/lib/python3.12/site-packages/airflow/example_dags/example_python_decorator.py
[2024-11-14T06:33:24.055+0000] {logging_mixin.py:190} INFO - [2024-11-14T06:33:24.054+0000] {dag.py:3239} INFO - Sync 1 DAGs
[2024-11-14T06:33:24.062+0000] {logging_mixin.py:190} INFO - [2024-11-14T06:33:24.062+0000] {dag.py:4180} INFO - Setting next_dagrun for example_python_decorator to None, run_after=None
[2024-11-14T06:33:24.071+0000] {processor.py:208} INFO - Processing /home/airflow/.local/lib/python3.12/site-packages/airflow/example_dags/example_python_decorator.py took 0.040 seconds
[2024-11-14T06:33:55.837+0000] {processor.py:186} INFO - Started process (PID=1068) to work on /home/airflow/.local/lib/python3.12/site-packages/airflow/example_dags/example_python_decorator.py
[2024-11-14T06:33:55.838+0000] {processor.py:914} INFO - Processing file /home/airflow/.local/lib/python3.12/site-packages/airflow/example_dags/example_python_decorator.py for tasks to queue
[2024-11-14T06:33:55.839+0000] {logging_mixin.py:190} INFO - [2024-11-14T06:33:55.839+0000] {dagbag.py:588} INFO - Filling up the DagBag from /home/airflow/.local/lib/python3.12/site-packages/airflow/example_dags/example_python_decorator.py
[2024-11-14T06:33:55.847+0000] {processor.py:925} INFO - DAG(s) 'example_python_decorator' retrieved from /home/airflow/.local/lib/python3.12/site-packages/airflow/example_dags/example_python_decorator.py
[2024-11-14T06:33:55.859+0000] {logging_mixin.py:190} INFO - [2024-11-14T06:33:55.859+0000] {dag.py:3239} INFO - Sync 1 DAGs
[2024-11-14T06:33:55.867+0000] {logging_mixin.py:190} INFO - [2024-11-14T06:33:55.867+0000] {dag.py:4180} INFO - Setting next_dagrun for example_python_decorator to None, run_after=None
[2024-11-14T06:33:55.878+0000] {processor.py:208} INFO - Processing /home/airflow/.local/lib/python3.12/site-packages/airflow/example_dags/example_python_decorator.py took 0.044 seconds
[2024-11-14T06:34:27.370+0000] {processor.py:186} INFO - Started process (PID=1131) to work on /home/airflow/.local/lib/python3.12/site-packages/airflow/example_dags/example_python_decorator.py
[2024-11-14T06:34:27.371+0000] {processor.py:914} INFO - Processing file /home/airflow/.local/lib/python3.12/site-packages/airflow/example_dags/example_python_decorator.py for tasks to queue
[2024-11-14T06:34:27.373+0000] {logging_mixin.py:190} INFO - [2024-11-14T06:34:27.373+0000] {dagbag.py:588} INFO - Filling up the DagBag from /home/airflow/.local/lib/python3.12/site-packages/airflow/example_dags/example_python_decorator.py
[2024-11-14T06:34:27.382+0000] {processor.py:925} INFO - DAG(s) 'example_python_decorator' retrieved from /home/airflow/.local/lib/python3.12/site-packages/airflow/example_dags/example_python_decorator.py
[2024-11-14T06:34:27.394+0000] {logging_mixin.py:190} INFO - [2024-11-14T06:34:27.394+0000] {dag.py:3239} INFO - Sync 1 DAGs
[2024-11-14T06:34:27.402+0000] {logging_mixin.py:190} INFO - [2024-11-14T06:34:27.402+0000] {dag.py:4180} INFO - Setting next_dagrun for example_python_decorator to None, run_after=None
[2024-11-14T06:34:27.410+0000] {processor.py:208} INFO - Processing /home/airflow/.local/lib/python3.12/site-packages/airflow/example_dags/example_python_decorator.py took 0.044 seconds
[2024-11-14T06:34:59.039+0000] {processor.py:186} INFO - Started process (PID=1195) to work on /home/airflow/.local/lib/python3.12/site-packages/airflow/example_dags/example_python_decorator.py
[2024-11-14T06:34:59.039+0000] {processor.py:914} INFO - Processing file /home/airflow/.local/lib/python3.12/site-packages/airflow/example_dags/example_python_decorator.py for tasks to queue
[2024-11-14T06:34:59.041+0000] {logging_mixin.py:190} INFO - [2024-11-14T06:34:59.041+0000] {dagbag.py:588} INFO - Filling up the DagBag from /home/airflow/.local/lib/python3.12/site-packages/airflow/example_dags/example_python_decorator.py
[2024-11-14T06:34:59.051+0000] {processor.py:925} INFO - DAG(s) 'example_python_decorator' retrieved from /home/airflow/.local/lib/python3.12/site-packages/airflow/example_dags/example_python_decorator.py
[2024-11-14T06:34:59.066+0000] {logging_mixin.py:190} INFO - [2024-11-14T06:34:59.065+0000] {dag.py:3239} INFO - Sync 1 DAGs
[2024-11-14T06:34:59.073+0000] {logging_mixin.py:190} INFO - [2024-11-14T06:34:59.073+0000] {dag.py:4180} INFO - Setting next_dagrun for example_python_decorator to None, run_after=None
[2024-11-14T06:34:59.088+0000] {processor.py:208} INFO - Processing /home/airflow/.local/lib/python3.12/site-packages/airflow/example_dags/example_python_decorator.py took 0.053 seconds
[2024-11-14T06:35:29.895+0000] {processor.py:186} INFO - Started process (PID=1259) to work on /home/airflow/.local/lib/python3.12/site-packages/airflow/example_dags/example_python_decorator.py
[2024-11-14T06:35:29.896+0000] {processor.py:914} INFO - Processing file /home/airflow/.local/lib/python3.12/site-packages/airflow/example_dags/example_python_decorator.py for tasks to queue
[2024-11-14T06:35:29.897+0000] {logging_mixin.py:190} INFO - [2024-11-14T06:35:29.897+0000] {dagbag.py:588} INFO - Filling up the DagBag from /home/airflow/.local/lib/python3.12/site-packages/airflow/example_dags/example_python_decorator.py
[2024-11-14T06:35:29.905+0000] {processor.py:925} INFO - DAG(s) 'example_python_decorator' retrieved from /home/airflow/.local/lib/python3.12/site-packages/airflow/example_dags/example_python_decorator.py
[2024-11-14T06:35:29.917+0000] {logging_mixin.py:190} INFO - [2024-11-14T06:35:29.917+0000] {dag.py:3239} INFO - Sync 1 DAGs
[2024-11-14T06:35:29.925+0000] {logging_mixin.py:190} INFO - [2024-11-14T06:35:29.925+0000] {dag.py:4180} INFO - Setting next_dagrun for example_python_decorator to None, run_after=None
[2024-11-14T06:35:29.935+0000] {processor.py:208} INFO - Processing /home/airflow/.local/lib/python3.12/site-packages/airflow/example_dags/example_python_decorator.py took 0.044 seconds
[2024-11-14T06:36:01.489+0000] {processor.py:186} INFO - Started process (PID=1323) to work on /home/airflow/.local/lib/python3.12/site-packages/airflow/example_dags/example_python_decorator.py
[2024-11-14T06:36:01.490+0000] {processor.py:914} INFO - Processing file /home/airflow/.local/lib/python3.12/site-packages/airflow/example_dags/example_python_decorator.py for tasks to queue
[2024-11-14T06:36:01.492+0000] {logging_mixin.py:190} INFO - [2024-11-14T06:36:01.491+0000] {dagbag.py:588} INFO - Filling up the DagBag from /home/airflow/.local/lib/python3.12/site-packages/airflow/example_dags/example_python_decorator.py
[2024-11-14T06:36:01.500+0000] {processor.py:925} INFO - DAG(s) 'example_python_decorator' retrieved from /home/airflow/.local/lib/python3.12/site-packages/airflow/example_dags/example_python_decorator.py
[2024-11-14T06:36:01.513+0000] {logging_mixin.py:190} INFO - [2024-11-14T06:36:01.513+0000] {dag.py:3239} INFO - Sync 1 DAGs
[2024-11-14T06:36:01.522+0000] {logging_mixin.py:190} INFO - [2024-11-14T06:36:01.522+0000] {dag.py:4180} INFO - Setting next_dagrun for example_python_decorator to None, run_after=None
[2024-11-14T06:36:01.531+0000] {processor.py:208} INFO - Processing /home/airflow/.local/lib/python3.12/site-packages/airflow/example_dags/example_python_decorator.py took 0.045 seconds
[2024-11-14T06:36:33.122+0000] {processor.py:186} INFO - Started process (PID=1387) to work on /home/airflow/.local/lib/python3.12/site-packages/airflow/example_dags/example_python_decorator.py
[2024-11-14T06:36:33.123+0000] {processor.py:914} INFO - Processing file /home/airflow/.local/lib/python3.12/site-packages/airflow/example_dags/example_python_decorator.py for tasks to queue
[2024-11-14T06:36:33.125+0000] {logging_mixin.py:190} INFO - [2024-11-14T06:36:33.124+0000] {dagbag.py:588} INFO - Filling up the DagBag from /home/airflow/.local/lib/python3.12/site-packages/airflow/example_dags/example_python_decorator.py
[2024-11-14T06:36:33.133+0000] {processor.py:925} INFO - DAG(s) 'example_python_decorator' retrieved from /home/airflow/.local/lib/python3.12/site-packages/airflow/example_dags/example_python_decorator.py
[2024-11-14T06:36:33.146+0000] {logging_mixin.py:190} INFO - [2024-11-14T06:36:33.146+0000] {dag.py:3239} INFO - Sync 1 DAGs
[2024-11-14T06:36:33.157+0000] {logging_mixin.py:190} INFO - [2024-11-14T06:36:33.157+0000] {dag.py:4180} INFO - Setting next_dagrun for example_python_decorator to None, run_after=None
[2024-11-14T06:36:33.170+0000] {processor.py:208} INFO - Processing /home/airflow/.local/lib/python3.12/site-packages/airflow/example_dags/example_python_decorator.py took 0.051 seconds
[2024-11-14T06:37:04.529+0000] {processor.py:186} INFO - Started process (PID=1451) to work on /home/airflow/.local/lib/python3.12/site-packages/airflow/example_dags/example_python_decorator.py
[2024-11-14T06:37:04.530+0000] {processor.py:914} INFO - Processing file /home/airflow/.local/lib/python3.12/site-packages/airflow/example_dags/example_python_decorator.py for tasks to queue
[2024-11-14T06:37:04.531+0000] {logging_mixin.py:190} INFO - [2024-11-14T06:37:04.531+0000] {dagbag.py:588} INFO - Filling up the DagBag from /home/airflow/.local/lib/python3.12/site-packages/airflow/example_dags/example_python_decorator.py
[2024-11-14T06:37:04.539+0000] {processor.py:925} INFO - DAG(s) 'example_python_decorator' retrieved from /home/airflow/.local/lib/python3.12/site-packages/airflow/example_dags/example_python_decorator.py
[2024-11-14T06:37:04.552+0000] {logging_mixin.py:190} INFO - [2024-11-14T06:37:04.551+0000] {dag.py:3239} INFO - Sync 1 DAGs
[2024-11-14T06:37:04.560+0000] {logging_mixin.py:190} INFO - [2024-11-14T06:37:04.560+0000] {dag.py:4180} INFO - Setting next_dagrun for example_python_decorator to None, run_after=None
[2024-11-14T06:37:04.574+0000] {processor.py:208} INFO - Processing /home/airflow/.local/lib/python3.12/site-packages/airflow/example_dags/example_python_decorator.py took 0.048 seconds
[2024-11-14T06:37:35.888+0000] {processor.py:186} INFO - Started process (PID=1515) to work on /home/airflow/.local/lib/python3.12/site-packages/airflow/example_dags/example_python_decorator.py
[2024-11-14T06:37:35.889+0000] {processor.py:914} INFO - Processing file /home/airflow/.local/lib/python3.12/site-packages/airflow/example_dags/example_python_decorator.py for tasks to queue
[2024-11-14T06:37:35.891+0000] {logging_mixin.py:190} INFO - [2024-11-14T06:37:35.890+0000] {dagbag.py:588} INFO - Filling up the DagBag from /home/airflow/.local/lib/python3.12/site-packages/airflow/example_dags/example_python_decorator.py
[2024-11-14T06:37:35.898+0000] {processor.py:925} INFO - DAG(s) 'example_python_decorator' retrieved from /home/airflow/.local/lib/python3.12/site-packages/airflow/example_dags/example_python_decorator.py
[2024-11-14T06:37:35.909+0000] {logging_mixin.py:190} INFO - [2024-11-14T06:37:35.909+0000] {dag.py:3239} INFO - Sync 1 DAGs
[2024-11-14T06:37:35.915+0000] {logging_mixin.py:190} INFO - [2024-11-14T06:37:35.915+0000] {dag.py:4180} INFO - Setting next_dagrun for example_python_decorator to None, run_after=None
[2024-11-14T06:37:35.923+0000] {processor.py:208} INFO - Processing /home/airflow/.local/lib/python3.12/site-packages/airflow/example_dags/example_python_decorator.py took 0.039 seconds
[2024-11-14T06:38:07.403+0000] {processor.py:186} INFO - Started process (PID=1585) to work on /home/airflow/.local/lib/python3.12/site-packages/airflow/example_dags/example_python_decorator.py
[2024-11-14T06:38:07.405+0000] {processor.py:914} INFO - Processing file /home/airflow/.local/lib/python3.12/site-packages/airflow/example_dags/example_python_decorator.py for tasks to queue
[2024-11-14T06:38:07.406+0000] {logging_mixin.py:190} INFO - [2024-11-14T06:38:07.406+0000] {dagbag.py:588} INFO - Filling up the DagBag from /home/airflow/.local/lib/python3.12/site-packages/airflow/example_dags/example_python_decorator.py
[2024-11-14T06:38:07.418+0000] {processor.py:925} INFO - DAG(s) 'example_python_decorator' retrieved from /home/airflow/.local/lib/python3.12/site-packages/airflow/example_dags/example_python_decorator.py
[2024-11-14T06:38:07.435+0000] {logging_mixin.py:190} INFO - [2024-11-14T06:38:07.435+0000] {dag.py:3239} INFO - Sync 1 DAGs
[2024-11-14T06:38:07.443+0000] {logging_mixin.py:190} INFO - [2024-11-14T06:38:07.443+0000] {dag.py:4180} INFO - Setting next_dagrun for example_python_decorator to None, run_after=None
[2024-11-14T06:38:07.455+0000] {processor.py:208} INFO - Processing /home/airflow/.local/lib/python3.12/site-packages/airflow/example_dags/example_python_decorator.py took 0.056 seconds
[2024-11-14T06:38:39.265+0000] {processor.py:186} INFO - Started process (PID=1649) to work on /home/airflow/.local/lib/python3.12/site-packages/airflow/example_dags/example_python_decorator.py
[2024-11-14T06:38:39.265+0000] {processor.py:914} INFO - Processing file /home/airflow/.local/lib/python3.12/site-packages/airflow/example_dags/example_python_decorator.py for tasks to queue
[2024-11-14T06:38:39.267+0000] {logging_mixin.py:190} INFO - [2024-11-14T06:38:39.267+0000] {dagbag.py:588} INFO - Filling up the DagBag from /home/airflow/.local/lib/python3.12/site-packages/airflow/example_dags/example_python_decorator.py
[2024-11-14T06:38:39.277+0000] {processor.py:925} INFO - DAG(s) 'example_python_decorator' retrieved from /home/airflow/.local/lib/python3.12/site-packages/airflow/example_dags/example_python_decorator.py
[2024-11-14T06:38:39.290+0000] {logging_mixin.py:190} INFO - [2024-11-14T06:38:39.290+0000] {dag.py:3239} INFO - Sync 1 DAGs
[2024-11-14T06:38:39.300+0000] {logging_mixin.py:190} INFO - [2024-11-14T06:38:39.300+0000] {dag.py:4180} INFO - Setting next_dagrun for example_python_decorator to None, run_after=None
[2024-11-14T06:38:39.311+0000] {processor.py:208} INFO - Processing /home/airflow/.local/lib/python3.12/site-packages/airflow/example_dags/example_python_decorator.py took 0.050 seconds
[2024-11-14T06:39:09.771+0000] {processor.py:186} INFO - Started process (PID=1714) to work on /home/airflow/.local/lib/python3.12/site-packages/airflow/example_dags/example_python_decorator.py
[2024-11-14T06:39:09.772+0000] {processor.py:914} INFO - Processing file /home/airflow/.local/lib/python3.12/site-packages/airflow/example_dags/example_python_decorator.py for tasks to queue
[2024-11-14T06:39:09.773+0000] {logging_mixin.py:190} INFO - [2024-11-14T06:39:09.773+0000] {dagbag.py:588} INFO - Filling up the DagBag from /home/airflow/.local/lib/python3.12/site-packages/airflow/example_dags/example_python_decorator.py
[2024-11-14T06:39:09.781+0000] {processor.py:925} INFO - DAG(s) 'example_python_decorator' retrieved from /home/airflow/.local/lib/python3.12/site-packages/airflow/example_dags/example_python_decorator.py
[2024-11-14T06:39:09.793+0000] {logging_mixin.py:190} INFO - [2024-11-14T06:39:09.792+0000] {dag.py:3239} INFO - Sync 1 DAGs
[2024-11-14T06:39:09.799+0000] {logging_mixin.py:190} INFO - [2024-11-14T06:39:09.799+0000] {dag.py:4180} INFO - Setting next_dagrun for example_python_decorator to None, run_after=None
[2024-11-14T06:39:09.807+0000] {processor.py:208} INFO - Processing /home/airflow/.local/lib/python3.12/site-packages/airflow/example_dags/example_python_decorator.py took 0.040 seconds
[2024-11-14T06:39:40.657+0000] {processor.py:186} INFO - Started process (PID=1778) to work on /home/airflow/.local/lib/python3.12/site-packages/airflow/example_dags/example_python_decorator.py
[2024-11-14T06:39:40.658+0000] {processor.py:914} INFO - Processing file /home/airflow/.local/lib/python3.12/site-packages/airflow/example_dags/example_python_decorator.py for tasks to queue
[2024-11-14T06:39:40.659+0000] {logging_mixin.py:190} INFO - [2024-11-14T06:39:40.659+0000] {dagbag.py:588} INFO - Filling up the DagBag from /home/airflow/.local/lib/python3.12/site-packages/airflow/example_dags/example_python_decorator.py
[2024-11-14T06:39:40.667+0000] {processor.py:925} INFO - DAG(s) 'example_python_decorator' retrieved from /home/airflow/.local/lib/python3.12/site-packages/airflow/example_dags/example_python_decorator.py
[2024-11-14T06:39:40.681+0000] {logging_mixin.py:190} INFO - [2024-11-14T06:39:40.680+0000] {dag.py:3239} INFO - Sync 1 DAGs
[2024-11-14T06:39:40.689+0000] {logging_mixin.py:190} INFO - [2024-11-14T06:39:40.689+0000] {dag.py:4180} INFO - Setting next_dagrun for example_python_decorator to None, run_after=None
[2024-11-14T06:39:40.698+0000] {processor.py:208} INFO - Processing /home/airflow/.local/lib/python3.12/site-packages/airflow/example_dags/example_python_decorator.py took 0.044 seconds
[2024-11-14T06:40:12.337+0000] {processor.py:186} INFO - Started process (PID=1842) to work on /home/airflow/.local/lib/python3.12/site-packages/airflow/example_dags/example_python_decorator.py
[2024-11-14T06:40:12.342+0000] {processor.py:914} INFO - Processing file /home/airflow/.local/lib/python3.12/site-packages/airflow/example_dags/example_python_decorator.py for tasks to queue
[2024-11-14T06:40:12.346+0000] {logging_mixin.py:190} INFO - [2024-11-14T06:40:12.346+0000] {dagbag.py:588} INFO - Filling up the DagBag from /home/airflow/.local/lib/python3.12/site-packages/airflow/example_dags/example_python_decorator.py
[2024-11-14T06:40:12.355+0000] {processor.py:925} INFO - DAG(s) 'example_python_decorator' retrieved from /home/airflow/.local/lib/python3.12/site-packages/airflow/example_dags/example_python_decorator.py
[2024-11-14T06:40:12.368+0000] {logging_mixin.py:190} INFO - [2024-11-14T06:40:12.368+0000] {dag.py:3239} INFO - Sync 1 DAGs
[2024-11-14T06:40:12.376+0000] {logging_mixin.py:190} INFO - [2024-11-14T06:40:12.376+0000] {dag.py:4180} INFO - Setting next_dagrun for example_python_decorator to None, run_after=None
[2024-11-14T06:40:12.386+0000] {processor.py:208} INFO - Processing /home/airflow/.local/lib/python3.12/site-packages/airflow/example_dags/example_python_decorator.py took 0.058 seconds
[2024-11-14T06:40:43.843+0000] {processor.py:186} INFO - Started process (PID=1906) to work on /home/airflow/.local/lib/python3.12/site-packages/airflow/example_dags/example_python_decorator.py
[2024-11-14T06:40:43.844+0000] {processor.py:914} INFO - Processing file /home/airflow/.local/lib/python3.12/site-packages/airflow/example_dags/example_python_decorator.py for tasks to queue
[2024-11-14T06:40:43.846+0000] {logging_mixin.py:190} INFO - [2024-11-14T06:40:43.845+0000] {dagbag.py:588} INFO - Filling up the DagBag from /home/airflow/.local/lib/python3.12/site-packages/airflow/example_dags/example_python_decorator.py
[2024-11-14T06:40:43.853+0000] {processor.py:925} INFO - DAG(s) 'example_python_decorator' retrieved from /home/airflow/.local/lib/python3.12/site-packages/airflow/example_dags/example_python_decorator.py
[2024-11-14T06:40:43.865+0000] {logging_mixin.py:190} INFO - [2024-11-14T06:40:43.864+0000] {dag.py:3239} INFO - Sync 1 DAGs
[2024-11-14T06:40:43.871+0000] {logging_mixin.py:190} INFO - [2024-11-14T06:40:43.871+0000] {dag.py:4180} INFO - Setting next_dagrun for example_python_decorator to None, run_after=None
[2024-11-14T06:40:43.880+0000] {processor.py:208} INFO - Processing /home/airflow/.local/lib/python3.12/site-packages/airflow/example_dags/example_python_decorator.py took 0.040 seconds
[2024-11-14T06:41:15.775+0000] {processor.py:186} INFO - Started process (PID=1969) to work on /home/airflow/.local/lib/python3.12/site-packages/airflow/example_dags/example_python_decorator.py
[2024-11-14T06:41:15.775+0000] {processor.py:914} INFO - Processing file /home/airflow/.local/lib/python3.12/site-packages/airflow/example_dags/example_python_decorator.py for tasks to queue
[2024-11-14T06:41:15.777+0000] {logging_mixin.py:190} INFO - [2024-11-14T06:41:15.777+0000] {dagbag.py:588} INFO - Filling up the DagBag from /home/airflow/.local/lib/python3.12/site-packages/airflow/example_dags/example_python_decorator.py
[2024-11-14T06:41:15.789+0000] {processor.py:925} INFO - DAG(s) 'example_python_decorator' retrieved from /home/airflow/.local/lib/python3.12/site-packages/airflow/example_dags/example_python_decorator.py
[2024-11-14T06:41:15.806+0000] {logging_mixin.py:190} INFO - [2024-11-14T06:41:15.806+0000] {dag.py:3239} INFO - Sync 1 DAGs
[2024-11-14T06:41:15.816+0000] {logging_mixin.py:190} INFO - [2024-11-14T06:41:15.816+0000] {dag.py:4180} INFO - Setting next_dagrun for example_python_decorator to None, run_after=None
[2024-11-14T06:41:15.835+0000] {processor.py:208} INFO - Processing /home/airflow/.local/lib/python3.12/site-packages/airflow/example_dags/example_python_decorator.py took 0.064 seconds
