[2024-11-14T06:26:03.660+0000] {processor.py:186} INFO - Started process (PID=82) to work on /home/airflow/.local/lib/python3.12/site-packages/airflow/example_dags/example_latest_only.py
[2024-11-14T06:26:03.661+0000] {processor.py:914} INFO - Processing file /home/airflow/.local/lib/python3.12/site-packages/airflow/example_dags/example_latest_only.py for tasks to queue
[2024-11-14T06:26:03.663+0000] {logging_mixin.py:190} INFO - [2024-11-14T06:26:03.663+0000] {dagbag.py:588} INFO - Filling up the DagBag from /home/airflow/.local/lib/python3.12/site-packages/airflow/example_dags/example_latest_only.py
[2024-11-14T06:26:03.669+0000] {processor.py:925} INFO - DAG(s) 'latest_only' retrieved from /home/airflow/.local/lib/python3.12/site-packages/airflow/example_dags/example_latest_only.py
[2024-11-14T06:26:03.685+0000] {logging_mixin.py:190} INFO - [2024-11-14T06:26:03.684+0000] {dag.py:3239} INFO - Sync 1 DAGs
[2024-11-14T06:26:03.700+0000] {logging_mixin.py:190} INFO - [2024-11-14T06:26:03.699+0000] {dag.py:4180} INFO - Setting next_dagrun for latest_only to 2024-11-14 00:00:00+00:00, run_after=2024-11-14 04:00:00+00:00
[2024-11-14T06:26:03.724+0000] {processor.py:208} INFO - Processing /home/airflow/.local/lib/python3.12/site-packages/airflow/example_dags/example_latest_only.py took 0.068 seconds
[2024-11-14T06:26:35.724+0000] {processor.py:186} INFO - Started process (PID=152) to work on /home/airflow/.local/lib/python3.12/site-packages/airflow/example_dags/example_latest_only.py
[2024-11-14T06:26:35.725+0000] {processor.py:914} INFO - Processing file /home/airflow/.local/lib/python3.12/site-packages/airflow/example_dags/example_latest_only.py for tasks to queue
[2024-11-14T06:26:35.727+0000] {logging_mixin.py:190} INFO - [2024-11-14T06:26:35.726+0000] {dagbag.py:588} INFO - Filling up the DagBag from /home/airflow/.local/lib/python3.12/site-packages/airflow/example_dags/example_latest_only.py
[2024-11-14T06:26:35.733+0000] {processor.py:925} INFO - DAG(s) 'latest_only' retrieved from /home/airflow/.local/lib/python3.12/site-packages/airflow/example_dags/example_latest_only.py
[2024-11-14T06:26:35.746+0000] {logging_mixin.py:190} INFO - [2024-11-14T06:26:35.745+0000] {dag.py:3239} INFO - Sync 1 DAGs
[2024-11-14T06:26:35.760+0000] {logging_mixin.py:190} INFO - [2024-11-14T06:26:35.760+0000] {dag.py:4180} INFO - Setting next_dagrun for latest_only to 2024-11-14 00:00:00+00:00, run_after=2024-11-14 04:00:00+00:00
[2024-11-14T06:26:35.770+0000] {processor.py:208} INFO - Processing /home/airflow/.local/lib/python3.12/site-packages/airflow/example_dags/example_latest_only.py took 0.054 seconds
[2024-11-14T06:27:06.542+0000] {processor.py:186} INFO - Started process (PID=216) to work on /home/airflow/.local/lib/python3.12/site-packages/airflow/example_dags/example_latest_only.py
[2024-11-14T06:27:06.543+0000] {processor.py:914} INFO - Processing file /home/airflow/.local/lib/python3.12/site-packages/airflow/example_dags/example_latest_only.py for tasks to queue
[2024-11-14T06:27:06.544+0000] {logging_mixin.py:190} INFO - [2024-11-14T06:27:06.544+0000] {dagbag.py:588} INFO - Filling up the DagBag from /home/airflow/.local/lib/python3.12/site-packages/airflow/example_dags/example_latest_only.py
[2024-11-14T06:27:06.550+0000] {processor.py:925} INFO - DAG(s) 'latest_only' retrieved from /home/airflow/.local/lib/python3.12/site-packages/airflow/example_dags/example_latest_only.py
[2024-11-14T06:27:06.561+0000] {logging_mixin.py:190} INFO - [2024-11-14T06:27:06.561+0000] {dag.py:3239} INFO - Sync 1 DAGs
[2024-11-14T06:27:06.574+0000] {logging_mixin.py:190} INFO - [2024-11-14T06:27:06.574+0000] {dag.py:4180} INFO - Setting next_dagrun for latest_only to 2024-11-14 00:00:00+00:00, run_after=2024-11-14 04:00:00+00:00
[2024-11-14T06:27:06.584+0000] {processor.py:208} INFO - Processing /home/airflow/.local/lib/python3.12/site-packages/airflow/example_dags/example_latest_only.py took 0.047 seconds
[2024-11-14T06:27:37.131+0000] {processor.py:186} INFO - Started process (PID=280) to work on /home/airflow/.local/lib/python3.12/site-packages/airflow/example_dags/example_latest_only.py
[2024-11-14T06:27:37.132+0000] {processor.py:914} INFO - Processing file /home/airflow/.local/lib/python3.12/site-packages/airflow/example_dags/example_latest_only.py for tasks to queue
[2024-11-14T06:27:37.134+0000] {logging_mixin.py:190} INFO - [2024-11-14T06:27:37.133+0000] {dagbag.py:588} INFO - Filling up the DagBag from /home/airflow/.local/lib/python3.12/site-packages/airflow/example_dags/example_latest_only.py
[2024-11-14T06:27:37.137+0000] {processor.py:925} INFO - DAG(s) 'latest_only' retrieved from /home/airflow/.local/lib/python3.12/site-packages/airflow/example_dags/example_latest_only.py
[2024-11-14T06:27:37.150+0000] {logging_mixin.py:190} INFO - [2024-11-14T06:27:37.150+0000] {dag.py:3239} INFO - Sync 1 DAGs
[2024-11-14T06:27:37.162+0000] {logging_mixin.py:190} INFO - [2024-11-14T06:27:37.162+0000] {dag.py:4180} INFO - Setting next_dagrun for latest_only to 2024-11-14 00:00:00+00:00, run_after=2024-11-14 04:00:00+00:00
[2024-11-14T06:27:37.174+0000] {processor.py:208} INFO - Processing /home/airflow/.local/lib/python3.12/site-packages/airflow/example_dags/example_latest_only.py took 0.047 seconds
[2024-11-14T06:28:07.626+0000] {processor.py:186} INFO - Started process (PID=343) to work on /home/airflow/.local/lib/python3.12/site-packages/airflow/example_dags/example_latest_only.py
[2024-11-14T06:28:07.627+0000] {processor.py:914} INFO - Processing file /home/airflow/.local/lib/python3.12/site-packages/airflow/example_dags/example_latest_only.py for tasks to queue
[2024-11-14T06:28:07.629+0000] {logging_mixin.py:190} INFO - [2024-11-14T06:28:07.628+0000] {dagbag.py:588} INFO - Filling up the DagBag from /home/airflow/.local/lib/python3.12/site-packages/airflow/example_dags/example_latest_only.py
[2024-11-14T06:28:07.634+0000] {processor.py:925} INFO - DAG(s) 'latest_only' retrieved from /home/airflow/.local/lib/python3.12/site-packages/airflow/example_dags/example_latest_only.py
[2024-11-14T06:28:07.653+0000] {logging_mixin.py:190} INFO - [2024-11-14T06:28:07.652+0000] {dag.py:3239} INFO - Sync 1 DAGs
[2024-11-14T06:28:07.676+0000] {logging_mixin.py:190} INFO - [2024-11-14T06:28:07.676+0000] {dag.py:4180} INFO - Setting next_dagrun for latest_only to 2024-11-14 00:00:00+00:00, run_after=2024-11-14 04:00:00+00:00
[2024-11-14T06:28:07.692+0000] {processor.py:208} INFO - Processing /home/airflow/.local/lib/python3.12/site-packages/airflow/example_dags/example_latest_only.py took 0.070 seconds
[2024-11-14T06:28:38.504+0000] {processor.py:186} INFO - Started process (PID=407) to work on /home/airflow/.local/lib/python3.12/site-packages/airflow/example_dags/example_latest_only.py
[2024-11-14T06:28:38.505+0000] {processor.py:914} INFO - Processing file /home/airflow/.local/lib/python3.12/site-packages/airflow/example_dags/example_latest_only.py for tasks to queue
[2024-11-14T06:28:38.506+0000] {logging_mixin.py:190} INFO - [2024-11-14T06:28:38.506+0000] {dagbag.py:588} INFO - Filling up the DagBag from /home/airflow/.local/lib/python3.12/site-packages/airflow/example_dags/example_latest_only.py
[2024-11-14T06:28:38.510+0000] {processor.py:925} INFO - DAG(s) 'latest_only' retrieved from /home/airflow/.local/lib/python3.12/site-packages/airflow/example_dags/example_latest_only.py
[2024-11-14T06:28:38.522+0000] {logging_mixin.py:190} INFO - [2024-11-14T06:28:38.522+0000] {dag.py:3239} INFO - Sync 1 DAGs
[2024-11-14T06:28:38.533+0000] {logging_mixin.py:190} INFO - [2024-11-14T06:28:38.533+0000] {dag.py:4180} INFO - Setting next_dagrun for latest_only to 2024-11-14 00:00:00+00:00, run_after=2024-11-14 04:00:00+00:00
[2024-11-14T06:28:38.541+0000] {processor.py:208} INFO - Processing /home/airflow/.local/lib/python3.12/site-packages/airflow/example_dags/example_latest_only.py took 0.040 seconds
[2024-11-14T06:29:09.629+0000] {processor.py:186} INFO - Started process (PID=470) to work on /home/airflow/.local/lib/python3.12/site-packages/airflow/example_dags/example_latest_only.py
[2024-11-14T06:29:09.630+0000] {processor.py:914} INFO - Processing file /home/airflow/.local/lib/python3.12/site-packages/airflow/example_dags/example_latest_only.py for tasks to queue
[2024-11-14T06:29:09.632+0000] {logging_mixin.py:190} INFO - [2024-11-14T06:29:09.632+0000] {dagbag.py:588} INFO - Filling up the DagBag from /home/airflow/.local/lib/python3.12/site-packages/airflow/example_dags/example_latest_only.py
[2024-11-14T06:29:09.638+0000] {processor.py:925} INFO - DAG(s) 'latest_only' retrieved from /home/airflow/.local/lib/python3.12/site-packages/airflow/example_dags/example_latest_only.py
[2024-11-14T06:29:09.653+0000] {logging_mixin.py:190} INFO - [2024-11-14T06:29:09.653+0000] {dag.py:3239} INFO - Sync 1 DAGs
[2024-11-14T06:29:09.667+0000] {logging_mixin.py:190} INFO - [2024-11-14T06:29:09.667+0000] {dag.py:4180} INFO - Setting next_dagrun for latest_only to 2024-11-14 00:00:00+00:00, run_after=2024-11-14 04:00:00+00:00
[2024-11-14T06:29:09.677+0000] {processor.py:208} INFO - Processing /home/airflow/.local/lib/python3.12/site-packages/airflow/example_dags/example_latest_only.py took 0.051 seconds
[2024-11-14T06:29:40.647+0000] {processor.py:186} INFO - Started process (PID=534) to work on /home/airflow/.local/lib/python3.12/site-packages/airflow/example_dags/example_latest_only.py
[2024-11-14T06:29:40.648+0000] {processor.py:914} INFO - Processing file /home/airflow/.local/lib/python3.12/site-packages/airflow/example_dags/example_latest_only.py for tasks to queue
[2024-11-14T06:29:40.650+0000] {logging_mixin.py:190} INFO - [2024-11-14T06:29:40.649+0000] {dagbag.py:588} INFO - Filling up the DagBag from /home/airflow/.local/lib/python3.12/site-packages/airflow/example_dags/example_latest_only.py
[2024-11-14T06:29:40.654+0000] {processor.py:925} INFO - DAG(s) 'latest_only' retrieved from /home/airflow/.local/lib/python3.12/site-packages/airflow/example_dags/example_latest_only.py
[2024-11-14T06:29:40.672+0000] {logging_mixin.py:190} INFO - [2024-11-14T06:29:40.671+0000] {dag.py:3239} INFO - Sync 1 DAGs
[2024-11-14T06:29:40.703+0000] {logging_mixin.py:190} INFO - [2024-11-14T06:29:40.703+0000] {dag.py:4180} INFO - Setting next_dagrun for latest_only to 2024-11-14 00:00:00+00:00, run_after=2024-11-14 04:00:00+00:00
[2024-11-14T06:29:40.723+0000] {processor.py:208} INFO - Processing /home/airflow/.local/lib/python3.12/site-packages/airflow/example_dags/example_latest_only.py took 0.079 seconds
[2024-11-14T06:30:11.241+0000] {processor.py:186} INFO - Started process (PID=598) to work on /home/airflow/.local/lib/python3.12/site-packages/airflow/example_dags/example_latest_only.py
[2024-11-14T06:30:11.242+0000] {processor.py:914} INFO - Processing file /home/airflow/.local/lib/python3.12/site-packages/airflow/example_dags/example_latest_only.py for tasks to queue
[2024-11-14T06:30:11.244+0000] {logging_mixin.py:190} INFO - [2024-11-14T06:30:11.243+0000] {dagbag.py:588} INFO - Filling up the DagBag from /home/airflow/.local/lib/python3.12/site-packages/airflow/example_dags/example_latest_only.py
[2024-11-14T06:30:11.247+0000] {processor.py:925} INFO - DAG(s) 'latest_only' retrieved from /home/airflow/.local/lib/python3.12/site-packages/airflow/example_dags/example_latest_only.py
[2024-11-14T06:30:11.259+0000] {logging_mixin.py:190} INFO - [2024-11-14T06:30:11.258+0000] {dag.py:3239} INFO - Sync 1 DAGs
[2024-11-14T06:30:11.272+0000] {logging_mixin.py:190} INFO - [2024-11-14T06:30:11.272+0000] {dag.py:4180} INFO - Setting next_dagrun for latest_only to 2024-11-14 00:00:00+00:00, run_after=2024-11-14 04:00:00+00:00
[2024-11-14T06:30:11.280+0000] {processor.py:208} INFO - Processing /home/airflow/.local/lib/python3.12/site-packages/airflow/example_dags/example_latest_only.py took 0.042 seconds
[2024-11-14T06:30:41.769+0000] {processor.py:186} INFO - Started process (PID=662) to work on /home/airflow/.local/lib/python3.12/site-packages/airflow/example_dags/example_latest_only.py
[2024-11-14T06:30:41.770+0000] {processor.py:914} INFO - Processing file /home/airflow/.local/lib/python3.12/site-packages/airflow/example_dags/example_latest_only.py for tasks to queue
[2024-11-14T06:30:41.772+0000] {logging_mixin.py:190} INFO - [2024-11-14T06:30:41.771+0000] {dagbag.py:588} INFO - Filling up the DagBag from /home/airflow/.local/lib/python3.12/site-packages/airflow/example_dags/example_latest_only.py
[2024-11-14T06:30:41.776+0000] {processor.py:925} INFO - DAG(s) 'latest_only' retrieved from /home/airflow/.local/lib/python3.12/site-packages/airflow/example_dags/example_latest_only.py
[2024-11-14T06:30:41.786+0000] {logging_mixin.py:190} INFO - [2024-11-14T06:30:41.786+0000] {dag.py:3239} INFO - Sync 1 DAGs
[2024-11-14T06:30:41.798+0000] {logging_mixin.py:190} INFO - [2024-11-14T06:30:41.798+0000] {dag.py:4180} INFO - Setting next_dagrun for latest_only to 2024-11-14 00:00:00+00:00, run_after=2024-11-14 04:00:00+00:00
[2024-11-14T06:30:41.806+0000] {processor.py:208} INFO - Processing /home/airflow/.local/lib/python3.12/site-packages/airflow/example_dags/example_latest_only.py took 0.041 seconds
[2024-11-14T06:31:12.395+0000] {processor.py:186} INFO - Started process (PID=725) to work on /home/airflow/.local/lib/python3.12/site-packages/airflow/example_dags/example_latest_only.py
[2024-11-14T06:31:12.396+0000] {processor.py:914} INFO - Processing file /home/airflow/.local/lib/python3.12/site-packages/airflow/example_dags/example_latest_only.py for tasks to queue
[2024-11-14T06:31:12.397+0000] {logging_mixin.py:190} INFO - [2024-11-14T06:31:12.397+0000] {dagbag.py:588} INFO - Filling up the DagBag from /home/airflow/.local/lib/python3.12/site-packages/airflow/example_dags/example_latest_only.py
[2024-11-14T06:31:12.402+0000] {processor.py:925} INFO - DAG(s) 'latest_only' retrieved from /home/airflow/.local/lib/python3.12/site-packages/airflow/example_dags/example_latest_only.py
[2024-11-14T06:31:12.413+0000] {logging_mixin.py:190} INFO - [2024-11-14T06:31:12.412+0000] {dag.py:3239} INFO - Sync 1 DAGs
[2024-11-14T06:31:12.423+0000] {logging_mixin.py:190} INFO - [2024-11-14T06:31:12.423+0000] {dag.py:4180} INFO - Setting next_dagrun for latest_only to 2024-11-14 00:00:00+00:00, run_after=2024-11-14 04:00:00+00:00
[2024-11-14T06:31:12.432+0000] {processor.py:208} INFO - Processing /home/airflow/.local/lib/python3.12/site-packages/airflow/example_dags/example_latest_only.py took 0.040 seconds
[2024-11-14T06:31:42.804+0000] {processor.py:186} INFO - Started process (PID=789) to work on /home/airflow/.local/lib/python3.12/site-packages/airflow/example_dags/example_latest_only.py
[2024-11-14T06:31:42.805+0000] {processor.py:914} INFO - Processing file /home/airflow/.local/lib/python3.12/site-packages/airflow/example_dags/example_latest_only.py for tasks to queue
[2024-11-14T06:31:42.806+0000] {logging_mixin.py:190} INFO - [2024-11-14T06:31:42.806+0000] {dagbag.py:588} INFO - Filling up the DagBag from /home/airflow/.local/lib/python3.12/site-packages/airflow/example_dags/example_latest_only.py
[2024-11-14T06:31:42.810+0000] {processor.py:925} INFO - DAG(s) 'latest_only' retrieved from /home/airflow/.local/lib/python3.12/site-packages/airflow/example_dags/example_latest_only.py
[2024-11-14T06:31:42.820+0000] {logging_mixin.py:190} INFO - [2024-11-14T06:31:42.820+0000] {dag.py:3239} INFO - Sync 1 DAGs
[2024-11-14T06:31:42.830+0000] {logging_mixin.py:190} INFO - [2024-11-14T06:31:42.830+0000] {dag.py:4180} INFO - Setting next_dagrun for latest_only to 2024-11-14 00:00:00+00:00, run_after=2024-11-14 04:00:00+00:00
[2024-11-14T06:31:42.837+0000] {processor.py:208} INFO - Processing /home/airflow/.local/lib/python3.12/site-packages/airflow/example_dags/example_latest_only.py took 0.036 seconds
[2024-11-14T06:32:13.284+0000] {processor.py:186} INFO - Started process (PID=853) to work on /home/airflow/.local/lib/python3.12/site-packages/airflow/example_dags/example_latest_only.py
[2024-11-14T06:32:13.285+0000] {processor.py:914} INFO - Processing file /home/airflow/.local/lib/python3.12/site-packages/airflow/example_dags/example_latest_only.py for tasks to queue
[2024-11-14T06:32:13.287+0000] {logging_mixin.py:190} INFO - [2024-11-14T06:32:13.286+0000] {dagbag.py:588} INFO - Filling up the DagBag from /home/airflow/.local/lib/python3.12/site-packages/airflow/example_dags/example_latest_only.py
[2024-11-14T06:32:13.291+0000] {processor.py:925} INFO - DAG(s) 'latest_only' retrieved from /home/airflow/.local/lib/python3.12/site-packages/airflow/example_dags/example_latest_only.py
[2024-11-14T06:32:13.301+0000] {logging_mixin.py:190} INFO - [2024-11-14T06:32:13.301+0000] {dag.py:3239} INFO - Sync 1 DAGs
[2024-11-14T06:32:13.313+0000] {logging_mixin.py:190} INFO - [2024-11-14T06:32:13.313+0000] {dag.py:4180} INFO - Setting next_dagrun for latest_only to 2024-11-14 00:00:00+00:00, run_after=2024-11-14 04:00:00+00:00
[2024-11-14T06:32:13.321+0000] {processor.py:208} INFO - Processing /home/airflow/.local/lib/python3.12/site-packages/airflow/example_dags/example_latest_only.py took 0.040 seconds
[2024-11-14T06:32:43.630+0000] {processor.py:186} INFO - Started process (PID=917) to work on /home/airflow/.local/lib/python3.12/site-packages/airflow/example_dags/example_latest_only.py
[2024-11-14T06:32:43.631+0000] {processor.py:914} INFO - Processing file /home/airflow/.local/lib/python3.12/site-packages/airflow/example_dags/example_latest_only.py for tasks to queue
[2024-11-14T06:32:43.632+0000] {logging_mixin.py:190} INFO - [2024-11-14T06:32:43.632+0000] {dagbag.py:588} INFO - Filling up the DagBag from /home/airflow/.local/lib/python3.12/site-packages/airflow/example_dags/example_latest_only.py
[2024-11-14T06:32:43.637+0000] {processor.py:925} INFO - DAG(s) 'latest_only' retrieved from /home/airflow/.local/lib/python3.12/site-packages/airflow/example_dags/example_latest_only.py
[2024-11-14T06:32:43.647+0000] {logging_mixin.py:190} INFO - [2024-11-14T06:32:43.646+0000] {dag.py:3239} INFO - Sync 1 DAGs
[2024-11-14T06:32:43.660+0000] {logging_mixin.py:190} INFO - [2024-11-14T06:32:43.660+0000] {dag.py:4180} INFO - Setting next_dagrun for latest_only to 2024-11-14 00:00:00+00:00, run_after=2024-11-14 04:00:00+00:00
[2024-11-14T06:32:43.669+0000] {processor.py:208} INFO - Processing /home/airflow/.local/lib/python3.12/site-packages/airflow/example_dags/example_latest_only.py took 0.042 seconds
[2024-11-14T06:33:14.052+0000] {processor.py:186} INFO - Started process (PID=981) to work on /home/airflow/.local/lib/python3.12/site-packages/airflow/example_dags/example_latest_only.py
[2024-11-14T06:33:14.052+0000] {processor.py:914} INFO - Processing file /home/airflow/.local/lib/python3.12/site-packages/airflow/example_dags/example_latest_only.py for tasks to queue
[2024-11-14T06:33:14.054+0000] {logging_mixin.py:190} INFO - [2024-11-14T06:33:14.054+0000] {dagbag.py:588} INFO - Filling up the DagBag from /home/airflow/.local/lib/python3.12/site-packages/airflow/example_dags/example_latest_only.py
[2024-11-14T06:33:14.059+0000] {processor.py:925} INFO - DAG(s) 'latest_only' retrieved from /home/airflow/.local/lib/python3.12/site-packages/airflow/example_dags/example_latest_only.py
[2024-11-14T06:33:14.072+0000] {logging_mixin.py:190} INFO - [2024-11-14T06:33:14.071+0000] {dag.py:3239} INFO - Sync 1 DAGs
[2024-11-14T06:33:14.083+0000] {logging_mixin.py:190} INFO - [2024-11-14T06:33:14.083+0000] {dag.py:4180} INFO - Setting next_dagrun for latest_only to 2024-11-14 00:00:00+00:00, run_after=2024-11-14 04:00:00+00:00
[2024-11-14T06:33:14.093+0000] {processor.py:208} INFO - Processing /home/airflow/.local/lib/python3.12/site-packages/airflow/example_dags/example_latest_only.py took 0.045 seconds
[2024-11-14T06:33:44.500+0000] {processor.py:186} INFO - Started process (PID=1045) to work on /home/airflow/.local/lib/python3.12/site-packages/airflow/example_dags/example_latest_only.py
[2024-11-14T06:33:44.501+0000] {processor.py:914} INFO - Processing file /home/airflow/.local/lib/python3.12/site-packages/airflow/example_dags/example_latest_only.py for tasks to queue
[2024-11-14T06:33:44.503+0000] {logging_mixin.py:190} INFO - [2024-11-14T06:33:44.503+0000] {dagbag.py:588} INFO - Filling up the DagBag from /home/airflow/.local/lib/python3.12/site-packages/airflow/example_dags/example_latest_only.py
[2024-11-14T06:33:44.509+0000] {processor.py:925} INFO - DAG(s) 'latest_only' retrieved from /home/airflow/.local/lib/python3.12/site-packages/airflow/example_dags/example_latest_only.py
[2024-11-14T06:33:44.524+0000] {logging_mixin.py:190} INFO - [2024-11-14T06:33:44.524+0000] {dag.py:3239} INFO - Sync 1 DAGs
[2024-11-14T06:33:44.542+0000] {logging_mixin.py:190} INFO - [2024-11-14T06:33:44.542+0000] {dag.py:4180} INFO - Setting next_dagrun for latest_only to 2024-11-14 00:00:00+00:00, run_after=2024-11-14 04:00:00+00:00
[2024-11-14T06:33:44.552+0000] {processor.py:208} INFO - Processing /home/airflow/.local/lib/python3.12/site-packages/airflow/example_dags/example_latest_only.py took 0.058 seconds
[2024-11-14T06:34:15.209+0000] {processor.py:186} INFO - Started process (PID=1108) to work on /home/airflow/.local/lib/python3.12/site-packages/airflow/example_dags/example_latest_only.py
[2024-11-14T06:34:15.210+0000] {processor.py:914} INFO - Processing file /home/airflow/.local/lib/python3.12/site-packages/airflow/example_dags/example_latest_only.py for tasks to queue
[2024-11-14T06:34:15.211+0000] {logging_mixin.py:190} INFO - [2024-11-14T06:34:15.211+0000] {dagbag.py:588} INFO - Filling up the DagBag from /home/airflow/.local/lib/python3.12/site-packages/airflow/example_dags/example_latest_only.py
[2024-11-14T06:34:15.215+0000] {processor.py:925} INFO - DAG(s) 'latest_only' retrieved from /home/airflow/.local/lib/python3.12/site-packages/airflow/example_dags/example_latest_only.py
[2024-11-14T06:34:15.225+0000] {logging_mixin.py:190} INFO - [2024-11-14T06:34:15.224+0000] {dag.py:3239} INFO - Sync 1 DAGs
[2024-11-14T06:34:15.235+0000] {logging_mixin.py:190} INFO - [2024-11-14T06:34:15.235+0000] {dag.py:4180} INFO - Setting next_dagrun for latest_only to 2024-11-14 00:00:00+00:00, run_after=2024-11-14 04:00:00+00:00
[2024-11-14T06:34:15.244+0000] {processor.py:208} INFO - Processing /home/airflow/.local/lib/python3.12/site-packages/airflow/example_dags/example_latest_only.py took 0.038 seconds
[2024-11-14T06:34:45.792+0000] {processor.py:186} INFO - Started process (PID=1172) to work on /home/airflow/.local/lib/python3.12/site-packages/airflow/example_dags/example_latest_only.py
[2024-11-14T06:34:45.793+0000] {processor.py:914} INFO - Processing file /home/airflow/.local/lib/python3.12/site-packages/airflow/example_dags/example_latest_only.py for tasks to queue
[2024-11-14T06:34:45.794+0000] {logging_mixin.py:190} INFO - [2024-11-14T06:34:45.794+0000] {dagbag.py:588} INFO - Filling up the DagBag from /home/airflow/.local/lib/python3.12/site-packages/airflow/example_dags/example_latest_only.py
[2024-11-14T06:34:45.799+0000] {processor.py:925} INFO - DAG(s) 'latest_only' retrieved from /home/airflow/.local/lib/python3.12/site-packages/airflow/example_dags/example_latest_only.py
[2024-11-14T06:34:45.811+0000] {logging_mixin.py:190} INFO - [2024-11-14T06:34:45.811+0000] {dag.py:3239} INFO - Sync 1 DAGs
[2024-11-14T06:34:45.824+0000] {logging_mixin.py:190} INFO - [2024-11-14T06:34:45.824+0000] {dag.py:4180} INFO - Setting next_dagrun for latest_only to 2024-11-14 00:00:00+00:00, run_after=2024-11-14 04:00:00+00:00
[2024-11-14T06:34:45.833+0000] {processor.py:208} INFO - Processing /home/airflow/.local/lib/python3.12/site-packages/airflow/example_dags/example_latest_only.py took 0.045 seconds
[2024-11-14T06:35:16.717+0000] {processor.py:186} INFO - Started process (PID=1236) to work on /home/airflow/.local/lib/python3.12/site-packages/airflow/example_dags/example_latest_only.py
[2024-11-14T06:35:16.717+0000] {processor.py:914} INFO - Processing file /home/airflow/.local/lib/python3.12/site-packages/airflow/example_dags/example_latest_only.py for tasks to queue
[2024-11-14T06:35:16.719+0000] {logging_mixin.py:190} INFO - [2024-11-14T06:35:16.719+0000] {dagbag.py:588} INFO - Filling up the DagBag from /home/airflow/.local/lib/python3.12/site-packages/airflow/example_dags/example_latest_only.py
[2024-11-14T06:35:16.723+0000] {processor.py:925} INFO - DAG(s) 'latest_only' retrieved from /home/airflow/.local/lib/python3.12/site-packages/airflow/example_dags/example_latest_only.py
[2024-11-14T06:35:16.736+0000] {logging_mixin.py:190} INFO - [2024-11-14T06:35:16.736+0000] {dag.py:3239} INFO - Sync 1 DAGs
[2024-11-14T06:35:16.749+0000] {logging_mixin.py:190} INFO - [2024-11-14T06:35:16.748+0000] {dag.py:4180} INFO - Setting next_dagrun for latest_only to 2024-11-14 00:00:00+00:00, run_after=2024-11-14 04:00:00+00:00
[2024-11-14T06:35:16.758+0000] {processor.py:208} INFO - Processing /home/airflow/.local/lib/python3.12/site-packages/airflow/example_dags/example_latest_only.py took 0.046 seconds
[2024-11-14T06:35:47.316+0000] {processor.py:186} INFO - Started process (PID=1300) to work on /home/airflow/.local/lib/python3.12/site-packages/airflow/example_dags/example_latest_only.py
[2024-11-14T06:35:47.316+0000] {processor.py:914} INFO - Processing file /home/airflow/.local/lib/python3.12/site-packages/airflow/example_dags/example_latest_only.py for tasks to queue
[2024-11-14T06:35:47.318+0000] {logging_mixin.py:190} INFO - [2024-11-14T06:35:47.317+0000] {dagbag.py:588} INFO - Filling up the DagBag from /home/airflow/.local/lib/python3.12/site-packages/airflow/example_dags/example_latest_only.py
[2024-11-14T06:35:47.323+0000] {processor.py:925} INFO - DAG(s) 'latest_only' retrieved from /home/airflow/.local/lib/python3.12/site-packages/airflow/example_dags/example_latest_only.py
[2024-11-14T06:35:47.337+0000] {logging_mixin.py:190} INFO - [2024-11-14T06:35:47.336+0000] {dag.py:3239} INFO - Sync 1 DAGs
[2024-11-14T06:35:47.349+0000] {logging_mixin.py:190} INFO - [2024-11-14T06:35:47.349+0000] {dag.py:4180} INFO - Setting next_dagrun for latest_only to 2024-11-14 00:00:00+00:00, run_after=2024-11-14 04:00:00+00:00
[2024-11-14T06:35:47.360+0000] {processor.py:208} INFO - Processing /home/airflow/.local/lib/python3.12/site-packages/airflow/example_dags/example_latest_only.py took 0.048 seconds
[2024-11-14T06:36:17.883+0000] {processor.py:186} INFO - Started process (PID=1364) to work on /home/airflow/.local/lib/python3.12/site-packages/airflow/example_dags/example_latest_only.py
[2024-11-14T06:36:17.884+0000] {processor.py:914} INFO - Processing file /home/airflow/.local/lib/python3.12/site-packages/airflow/example_dags/example_latest_only.py for tasks to queue
[2024-11-14T06:36:17.886+0000] {logging_mixin.py:190} INFO - [2024-11-14T06:36:17.885+0000] {dagbag.py:588} INFO - Filling up the DagBag from /home/airflow/.local/lib/python3.12/site-packages/airflow/example_dags/example_latest_only.py
[2024-11-14T06:36:17.890+0000] {processor.py:925} INFO - DAG(s) 'latest_only' retrieved from /home/airflow/.local/lib/python3.12/site-packages/airflow/example_dags/example_latest_only.py
[2024-11-14T06:36:17.900+0000] {logging_mixin.py:190} INFO - [2024-11-14T06:36:17.900+0000] {dag.py:3239} INFO - Sync 1 DAGs
[2024-11-14T06:36:17.911+0000] {logging_mixin.py:190} INFO - [2024-11-14T06:36:17.911+0000] {dag.py:4180} INFO - Setting next_dagrun for latest_only to 2024-11-14 00:00:00+00:00, run_after=2024-11-14 04:00:00+00:00
[2024-11-14T06:36:17.919+0000] {processor.py:208} INFO - Processing /home/airflow/.local/lib/python3.12/site-packages/airflow/example_dags/example_latest_only.py took 0.040 seconds
[2024-11-14T06:36:48.358+0000] {processor.py:186} INFO - Started process (PID=1428) to work on /home/airflow/.local/lib/python3.12/site-packages/airflow/example_dags/example_latest_only.py
[2024-11-14T06:36:48.358+0000] {processor.py:914} INFO - Processing file /home/airflow/.local/lib/python3.12/site-packages/airflow/example_dags/example_latest_only.py for tasks to queue
[2024-11-14T06:36:48.360+0000] {logging_mixin.py:190} INFO - [2024-11-14T06:36:48.360+0000] {dagbag.py:588} INFO - Filling up the DagBag from /home/airflow/.local/lib/python3.12/site-packages/airflow/example_dags/example_latest_only.py
[2024-11-14T06:36:48.364+0000] {processor.py:925} INFO - DAG(s) 'latest_only' retrieved from /home/airflow/.local/lib/python3.12/site-packages/airflow/example_dags/example_latest_only.py
[2024-11-14T06:36:48.376+0000] {logging_mixin.py:190} INFO - [2024-11-14T06:36:48.375+0000] {dag.py:3239} INFO - Sync 1 DAGs
[2024-11-14T06:36:48.388+0000] {logging_mixin.py:190} INFO - [2024-11-14T06:36:48.388+0000] {dag.py:4180} INFO - Setting next_dagrun for latest_only to 2024-11-14 00:00:00+00:00, run_after=2024-11-14 04:00:00+00:00
[2024-11-14T06:36:48.397+0000] {processor.py:208} INFO - Processing /home/airflow/.local/lib/python3.12/site-packages/airflow/example_dags/example_latest_only.py took 0.043 seconds
[2024-11-14T06:37:18.743+0000] {processor.py:186} INFO - Started process (PID=1492) to work on /home/airflow/.local/lib/python3.12/site-packages/airflow/example_dags/example_latest_only.py
[2024-11-14T06:37:18.744+0000] {processor.py:914} INFO - Processing file /home/airflow/.local/lib/python3.12/site-packages/airflow/example_dags/example_latest_only.py for tasks to queue
[2024-11-14T06:37:18.746+0000] {logging_mixin.py:190} INFO - [2024-11-14T06:37:18.745+0000] {dagbag.py:588} INFO - Filling up the DagBag from /home/airflow/.local/lib/python3.12/site-packages/airflow/example_dags/example_latest_only.py
[2024-11-14T06:37:18.750+0000] {processor.py:925} INFO - DAG(s) 'latest_only' retrieved from /home/airflow/.local/lib/python3.12/site-packages/airflow/example_dags/example_latest_only.py
[2024-11-14T06:37:18.766+0000] {logging_mixin.py:190} INFO - [2024-11-14T06:37:18.766+0000] {dag.py:3239} INFO - Sync 1 DAGs
[2024-11-14T06:37:18.779+0000] {logging_mixin.py:190} INFO - [2024-11-14T06:37:18.779+0000] {dag.py:4180} INFO - Setting next_dagrun for latest_only to 2024-11-14 00:00:00+00:00, run_after=2024-11-14 04:00:00+00:00
[2024-11-14T06:37:18.788+0000] {processor.py:208} INFO - Processing /home/airflow/.local/lib/python3.12/site-packages/airflow/example_dags/example_latest_only.py took 0.049 seconds
[2024-11-14T06:37:49.136+0000] {processor.py:186} INFO - Started process (PID=1556) to work on /home/airflow/.local/lib/python3.12/site-packages/airflow/example_dags/example_latest_only.py
[2024-11-14T06:37:49.136+0000] {processor.py:914} INFO - Processing file /home/airflow/.local/lib/python3.12/site-packages/airflow/example_dags/example_latest_only.py for tasks to queue
[2024-11-14T06:37:49.138+0000] {logging_mixin.py:190} INFO - [2024-11-14T06:37:49.138+0000] {dagbag.py:588} INFO - Filling up the DagBag from /home/airflow/.local/lib/python3.12/site-packages/airflow/example_dags/example_latest_only.py
[2024-11-14T06:37:49.142+0000] {processor.py:925} INFO - DAG(s) 'latest_only' retrieved from /home/airflow/.local/lib/python3.12/site-packages/airflow/example_dags/example_latest_only.py
[2024-11-14T06:37:49.152+0000] {logging_mixin.py:190} INFO - [2024-11-14T06:37:49.152+0000] {dag.py:3239} INFO - Sync 1 DAGs
[2024-11-14T06:37:49.163+0000] {logging_mixin.py:190} INFO - [2024-11-14T06:37:49.163+0000] {dag.py:4180} INFO - Setting next_dagrun for latest_only to 2024-11-14 00:00:00+00:00, run_after=2024-11-14 04:00:00+00:00
[2024-11-14T06:37:49.171+0000] {processor.py:208} INFO - Processing /home/airflow/.local/lib/python3.12/site-packages/airflow/example_dags/example_latest_only.py took 0.039 seconds
[2024-11-14T06:38:19.841+0000] {processor.py:186} INFO - Started process (PID=1620) to work on /home/airflow/.local/lib/python3.12/site-packages/airflow/example_dags/example_latest_only.py
[2024-11-14T06:38:19.842+0000] {processor.py:914} INFO - Processing file /home/airflow/.local/lib/python3.12/site-packages/airflow/example_dags/example_latest_only.py for tasks to queue
[2024-11-14T06:38:19.843+0000] {logging_mixin.py:190} INFO - [2024-11-14T06:38:19.843+0000] {dagbag.py:588} INFO - Filling up the DagBag from /home/airflow/.local/lib/python3.12/site-packages/airflow/example_dags/example_latest_only.py
[2024-11-14T06:38:19.847+0000] {processor.py:925} INFO - DAG(s) 'latest_only' retrieved from /home/airflow/.local/lib/python3.12/site-packages/airflow/example_dags/example_latest_only.py
[2024-11-14T06:38:19.858+0000] {logging_mixin.py:190} INFO - [2024-11-14T06:38:19.858+0000] {dag.py:3239} INFO - Sync 1 DAGs
[2024-11-14T06:38:19.872+0000] {logging_mixin.py:190} INFO - [2024-11-14T06:38:19.872+0000] {dag.py:4180} INFO - Setting next_dagrun for latest_only to 2024-11-14 00:00:00+00:00, run_after=2024-11-14 04:00:00+00:00
[2024-11-14T06:38:19.881+0000] {processor.py:208} INFO - Processing /home/airflow/.local/lib/python3.12/site-packages/airflow/example_dags/example_latest_only.py took 0.043 seconds
[2024-11-14T06:38:50.561+0000] {processor.py:186} INFO - Started process (PID=1684) to work on /home/airflow/.local/lib/python3.12/site-packages/airflow/example_dags/example_latest_only.py
[2024-11-14T06:38:50.562+0000] {processor.py:914} INFO - Processing file /home/airflow/.local/lib/python3.12/site-packages/airflow/example_dags/example_latest_only.py for tasks to queue
[2024-11-14T06:38:50.563+0000] {logging_mixin.py:190} INFO - [2024-11-14T06:38:50.563+0000] {dagbag.py:588} INFO - Filling up the DagBag from /home/airflow/.local/lib/python3.12/site-packages/airflow/example_dags/example_latest_only.py
[2024-11-14T06:38:50.568+0000] {processor.py:925} INFO - DAG(s) 'latest_only' retrieved from /home/airflow/.local/lib/python3.12/site-packages/airflow/example_dags/example_latest_only.py
[2024-11-14T06:38:50.581+0000] {logging_mixin.py:190} INFO - [2024-11-14T06:38:50.581+0000] {dag.py:3239} INFO - Sync 1 DAGs
[2024-11-14T06:38:50.597+0000] {logging_mixin.py:190} INFO - [2024-11-14T06:38:50.597+0000] {dag.py:4180} INFO - Setting next_dagrun for latest_only to 2024-11-14 00:00:00+00:00, run_after=2024-11-14 04:00:00+00:00
[2024-11-14T06:38:50.607+0000] {processor.py:208} INFO - Processing /home/airflow/.local/lib/python3.12/site-packages/airflow/example_dags/example_latest_only.py took 0.049 seconds
[2024-11-14T06:39:21.233+0000] {processor.py:186} INFO - Started process (PID=1749) to work on /home/airflow/.local/lib/python3.12/site-packages/airflow/example_dags/example_latest_only.py
[2024-11-14T06:39:21.234+0000] {processor.py:914} INFO - Processing file /home/airflow/.local/lib/python3.12/site-packages/airflow/example_dags/example_latest_only.py for tasks to queue
[2024-11-14T06:39:21.235+0000] {logging_mixin.py:190} INFO - [2024-11-14T06:39:21.235+0000] {dagbag.py:588} INFO - Filling up the DagBag from /home/airflow/.local/lib/python3.12/site-packages/airflow/example_dags/example_latest_only.py
[2024-11-14T06:39:21.242+0000] {processor.py:925} INFO - DAG(s) 'latest_only' retrieved from /home/airflow/.local/lib/python3.12/site-packages/airflow/example_dags/example_latest_only.py
[2024-11-14T06:39:21.256+0000] {logging_mixin.py:190} INFO - [2024-11-14T06:39:21.255+0000] {dag.py:3239} INFO - Sync 1 DAGs
[2024-11-14T06:39:21.268+0000] {logging_mixin.py:190} INFO - [2024-11-14T06:39:21.268+0000] {dag.py:4180} INFO - Setting next_dagrun for latest_only to 2024-11-14 00:00:00+00:00, run_after=2024-11-14 04:00:00+00:00
[2024-11-14T06:39:21.279+0000] {processor.py:208} INFO - Processing /home/airflow/.local/lib/python3.12/site-packages/airflow/example_dags/example_latest_only.py took 0.050 seconds
[2024-11-14T06:39:51.953+0000] {processor.py:186} INFO - Started process (PID=1813) to work on /home/airflow/.local/lib/python3.12/site-packages/airflow/example_dags/example_latest_only.py
[2024-11-14T06:39:51.954+0000] {processor.py:914} INFO - Processing file /home/airflow/.local/lib/python3.12/site-packages/airflow/example_dags/example_latest_only.py for tasks to queue
[2024-11-14T06:39:51.955+0000] {logging_mixin.py:190} INFO - [2024-11-14T06:39:51.955+0000] {dagbag.py:588} INFO - Filling up the DagBag from /home/airflow/.local/lib/python3.12/site-packages/airflow/example_dags/example_latest_only.py
[2024-11-14T06:39:51.959+0000] {processor.py:925} INFO - DAG(s) 'latest_only' retrieved from /home/airflow/.local/lib/python3.12/site-packages/airflow/example_dags/example_latest_only.py
[2024-11-14T06:39:51.970+0000] {logging_mixin.py:190} INFO - [2024-11-14T06:39:51.970+0000] {dag.py:3239} INFO - Sync 1 DAGs
[2024-11-14T06:39:51.981+0000] {logging_mixin.py:190} INFO - [2024-11-14T06:39:51.981+0000] {dag.py:4180} INFO - Setting next_dagrun for latest_only to 2024-11-14 00:00:00+00:00, run_after=2024-11-14 04:00:00+00:00
[2024-11-14T06:39:51.989+0000] {processor.py:208} INFO - Processing /home/airflow/.local/lib/python3.12/site-packages/airflow/example_dags/example_latest_only.py took 0.039 seconds
[2024-11-14T06:40:22.612+0000] {processor.py:186} INFO - Started process (PID=1877) to work on /home/airflow/.local/lib/python3.12/site-packages/airflow/example_dags/example_latest_only.py
[2024-11-14T06:40:22.614+0000] {processor.py:914} INFO - Processing file /home/airflow/.local/lib/python3.12/site-packages/airflow/example_dags/example_latest_only.py for tasks to queue
[2024-11-14T06:40:22.617+0000] {logging_mixin.py:190} INFO - [2024-11-14T06:40:22.616+0000] {dagbag.py:588} INFO - Filling up the DagBag from /home/airflow/.local/lib/python3.12/site-packages/airflow/example_dags/example_latest_only.py
[2024-11-14T06:40:22.625+0000] {processor.py:925} INFO - DAG(s) 'latest_only' retrieved from /home/airflow/.local/lib/python3.12/site-packages/airflow/example_dags/example_latest_only.py
[2024-11-14T06:40:22.638+0000] {logging_mixin.py:190} INFO - [2024-11-14T06:40:22.638+0000] {dag.py:3239} INFO - Sync 1 DAGs
[2024-11-14T06:40:22.651+0000] {logging_mixin.py:190} INFO - [2024-11-14T06:40:22.651+0000] {dag.py:4180} INFO - Setting next_dagrun for latest_only to 2024-11-14 00:00:00+00:00, run_after=2024-11-14 04:00:00+00:00
[2024-11-14T06:40:22.660+0000] {processor.py:208} INFO - Processing /home/airflow/.local/lib/python3.12/site-packages/airflow/example_dags/example_latest_only.py took 0.054 seconds
[2024-11-14T06:40:53.064+0000] {processor.py:186} INFO - Started process (PID=1941) to work on /home/airflow/.local/lib/python3.12/site-packages/airflow/example_dags/example_latest_only.py
[2024-11-14T06:40:53.065+0000] {processor.py:914} INFO - Processing file /home/airflow/.local/lib/python3.12/site-packages/airflow/example_dags/example_latest_only.py for tasks to queue
[2024-11-14T06:40:53.067+0000] {logging_mixin.py:190} INFO - [2024-11-14T06:40:53.066+0000] {dagbag.py:588} INFO - Filling up the DagBag from /home/airflow/.local/lib/python3.12/site-packages/airflow/example_dags/example_latest_only.py
[2024-11-14T06:40:53.072+0000] {processor.py:925} INFO - DAG(s) 'latest_only' retrieved from /home/airflow/.local/lib/python3.12/site-packages/airflow/example_dags/example_latest_only.py
[2024-11-14T06:40:53.085+0000] {logging_mixin.py:190} INFO - [2024-11-14T06:40:53.084+0000] {dag.py:3239} INFO - Sync 1 DAGs
[2024-11-14T06:40:53.102+0000] {logging_mixin.py:190} INFO - [2024-11-14T06:40:53.102+0000] {dag.py:4180} INFO - Setting next_dagrun for latest_only to 2024-11-14 00:00:00+00:00, run_after=2024-11-14 04:00:00+00:00
[2024-11-14T06:40:53.121+0000] {processor.py:208} INFO - Processing /home/airflow/.local/lib/python3.12/site-packages/airflow/example_dags/example_latest_only.py took 0.061 seconds
[2024-11-14T06:41:23.992+0000] {processor.py:186} INFO - Started process (PID=2004) to work on /home/airflow/.local/lib/python3.12/site-packages/airflow/example_dags/example_latest_only.py
[2024-11-14T06:41:23.993+0000] {processor.py:914} INFO - Processing file /home/airflow/.local/lib/python3.12/site-packages/airflow/example_dags/example_latest_only.py for tasks to queue
[2024-11-14T06:41:23.994+0000] {logging_mixin.py:190} INFO - [2024-11-14T06:41:23.994+0000] {dagbag.py:588} INFO - Filling up the DagBag from /home/airflow/.local/lib/python3.12/site-packages/airflow/example_dags/example_latest_only.py
[2024-11-14T06:41:23.999+0000] {processor.py:925} INFO - DAG(s) 'latest_only' retrieved from /home/airflow/.local/lib/python3.12/site-packages/airflow/example_dags/example_latest_only.py
[2024-11-14T06:41:24.012+0000] {logging_mixin.py:190} INFO - [2024-11-14T06:41:24.012+0000] {dag.py:3239} INFO - Sync 1 DAGs
[2024-11-14T06:41:24.027+0000] {logging_mixin.py:190} INFO - [2024-11-14T06:41:24.027+0000] {dag.py:4180} INFO - Setting next_dagrun for latest_only to 2024-11-14 00:00:00+00:00, run_after=2024-11-14 04:00:00+00:00
[2024-11-14T06:41:24.043+0000] {processor.py:208} INFO - Processing /home/airflow/.local/lib/python3.12/site-packages/airflow/example_dags/example_latest_only.py took 0.055 seconds
