[2024-11-14T06:26:02.783+0000] {processor.py:186} INFO - Started process (PID=65) to work on /home/airflow/.local/lib/python3.12/site-packages/airflow/example_dags/example_sensors.py
[2024-11-14T06:26:02.788+0000] {processor.py:914} INFO - Processing file /home/airflow/.local/lib/python3.12/site-packages/airflow/example_dags/example_sensors.py for tasks to queue
[2024-11-14T06:26:02.797+0000] {logging_mixin.py:190} INFO - [2024-11-14T06:26:02.796+0000] {dagbag.py:588} INFO - Filling up the DagBag from /home/airflow/.local/lib/python3.12/site-packages/airflow/example_dags/example_sensors.py
[2024-11-14T06:26:02.808+0000] {processor.py:925} INFO - DAG(s) 'example_sensors' retrieved from /home/airflow/.local/lib/python3.12/site-packages/airflow/example_dags/example_sensors.py
[2024-11-14T06:26:02.837+0000] {logging_mixin.py:190} INFO - [2024-11-14T06:26:02.837+0000] {dag.py:3239} INFO - Sync 1 DAGs
[2024-11-14T06:26:02.845+0000] {logging_mixin.py:190} INFO - [2024-11-14T06:26:02.845+0000] {dag.py:4180} INFO - Setting next_dagrun for example_sensors to None, run_after=None
[2024-11-14T06:26:02.854+0000] {processor.py:208} INFO - Processing /home/airflow/.local/lib/python3.12/site-packages/airflow/example_dags/example_sensors.py took 0.088 seconds
[2024-11-14T06:26:32.929+0000] {processor.py:186} INFO - Started process (PID=128) to work on /home/airflow/.local/lib/python3.12/site-packages/airflow/example_dags/example_sensors.py
[2024-11-14T06:26:32.930+0000] {processor.py:914} INFO - Processing file /home/airflow/.local/lib/python3.12/site-packages/airflow/example_dags/example_sensors.py for tasks to queue
[2024-11-14T06:26:32.932+0000] {logging_mixin.py:190} INFO - [2024-11-14T06:26:32.932+0000] {dagbag.py:588} INFO - Filling up the DagBag from /home/airflow/.local/lib/python3.12/site-packages/airflow/example_dags/example_sensors.py
[2024-11-14T06:26:32.938+0000] {processor.py:925} INFO - DAG(s) 'example_sensors' retrieved from /home/airflow/.local/lib/python3.12/site-packages/airflow/example_dags/example_sensors.py
[2024-11-14T06:26:32.952+0000] {logging_mixin.py:190} INFO - [2024-11-14T06:26:32.952+0000] {dag.py:3239} INFO - Sync 1 DAGs
[2024-11-14T06:26:32.959+0000] {logging_mixin.py:190} INFO - [2024-11-14T06:26:32.959+0000] {dag.py:4180} INFO - Setting next_dagrun for example_sensors to None, run_after=None
[2024-11-14T06:26:32.975+0000] {processor.py:208} INFO - Processing /home/airflow/.local/lib/python3.12/site-packages/airflow/example_dags/example_sensors.py took 0.050 seconds
[2024-11-14T06:27:03.489+0000] {processor.py:186} INFO - Started process (PID=192) to work on /home/airflow/.local/lib/python3.12/site-packages/airflow/example_dags/example_sensors.py
[2024-11-14T06:27:03.490+0000] {processor.py:914} INFO - Processing file /home/airflow/.local/lib/python3.12/site-packages/airflow/example_dags/example_sensors.py for tasks to queue
[2024-11-14T06:27:03.491+0000] {logging_mixin.py:190} INFO - [2024-11-14T06:27:03.491+0000] {dagbag.py:588} INFO - Filling up the DagBag from /home/airflow/.local/lib/python3.12/site-packages/airflow/example_dags/example_sensors.py
[2024-11-14T06:27:03.498+0000] {processor.py:925} INFO - DAG(s) 'example_sensors' retrieved from /home/airflow/.local/lib/python3.12/site-packages/airflow/example_dags/example_sensors.py
[2024-11-14T06:27:03.519+0000] {logging_mixin.py:190} INFO - [2024-11-14T06:27:03.519+0000] {dag.py:3239} INFO - Sync 1 DAGs
[2024-11-14T06:27:03.527+0000] {logging_mixin.py:190} INFO - [2024-11-14T06:27:03.527+0000] {dag.py:4180} INFO - Setting next_dagrun for example_sensors to None, run_after=None
[2024-11-14T06:27:03.539+0000] {processor.py:208} INFO - Processing /home/airflow/.local/lib/python3.12/site-packages/airflow/example_dags/example_sensors.py took 0.054 seconds
[2024-11-14T06:27:34.148+0000] {processor.py:186} INFO - Started process (PID=256) to work on /home/airflow/.local/lib/python3.12/site-packages/airflow/example_dags/example_sensors.py
[2024-11-14T06:27:34.149+0000] {processor.py:914} INFO - Processing file /home/airflow/.local/lib/python3.12/site-packages/airflow/example_dags/example_sensors.py for tasks to queue
[2024-11-14T06:27:34.151+0000] {logging_mixin.py:190} INFO - [2024-11-14T06:27:34.150+0000] {dagbag.py:588} INFO - Filling up the DagBag from /home/airflow/.local/lib/python3.12/site-packages/airflow/example_dags/example_sensors.py
[2024-11-14T06:27:34.157+0000] {processor.py:925} INFO - DAG(s) 'example_sensors' retrieved from /home/airflow/.local/lib/python3.12/site-packages/airflow/example_dags/example_sensors.py
[2024-11-14T06:27:34.172+0000] {logging_mixin.py:190} INFO - [2024-11-14T06:27:34.172+0000] {dag.py:3239} INFO - Sync 1 DAGs
[2024-11-14T06:27:34.180+0000] {logging_mixin.py:190} INFO - [2024-11-14T06:27:34.180+0000] {dag.py:4180} INFO - Setting next_dagrun for example_sensors to None, run_after=None
[2024-11-14T06:27:34.190+0000] {processor.py:208} INFO - Processing /home/airflow/.local/lib/python3.12/site-packages/airflow/example_dags/example_sensors.py took 0.048 seconds
[2024-11-14T06:28:04.849+0000] {processor.py:186} INFO - Started process (PID=320) to work on /home/airflow/.local/lib/python3.12/site-packages/airflow/example_dags/example_sensors.py
[2024-11-14T06:28:04.850+0000] {processor.py:914} INFO - Processing file /home/airflow/.local/lib/python3.12/site-packages/airflow/example_dags/example_sensors.py for tasks to queue
[2024-11-14T06:28:04.851+0000] {logging_mixin.py:190} INFO - [2024-11-14T06:28:04.851+0000] {dagbag.py:588} INFO - Filling up the DagBag from /home/airflow/.local/lib/python3.12/site-packages/airflow/example_dags/example_sensors.py
[2024-11-14T06:28:04.860+0000] {processor.py:925} INFO - DAG(s) 'example_sensors' retrieved from /home/airflow/.local/lib/python3.12/site-packages/airflow/example_dags/example_sensors.py
[2024-11-14T06:28:04.874+0000] {logging_mixin.py:190} INFO - [2024-11-14T06:28:04.874+0000] {dag.py:3239} INFO - Sync 1 DAGs
[2024-11-14T06:28:04.881+0000] {logging_mixin.py:190} INFO - [2024-11-14T06:28:04.881+0000] {dag.py:4180} INFO - Setting next_dagrun for example_sensors to None, run_after=None
[2024-11-14T06:28:04.891+0000] {processor.py:208} INFO - Processing /home/airflow/.local/lib/python3.12/site-packages/airflow/example_dags/example_sensors.py took 0.045 seconds
[2024-11-14T06:28:35.795+0000] {processor.py:186} INFO - Started process (PID=390) to work on /home/airflow/.local/lib/python3.12/site-packages/airflow/example_dags/example_sensors.py
[2024-11-14T06:28:35.796+0000] {processor.py:914} INFO - Processing file /home/airflow/.local/lib/python3.12/site-packages/airflow/example_dags/example_sensors.py for tasks to queue
[2024-11-14T06:28:35.798+0000] {logging_mixin.py:190} INFO - [2024-11-14T06:28:35.797+0000] {dagbag.py:588} INFO - Filling up the DagBag from /home/airflow/.local/lib/python3.12/site-packages/airflow/example_dags/example_sensors.py
[2024-11-14T06:28:35.804+0000] {processor.py:925} INFO - DAG(s) 'example_sensors' retrieved from /home/airflow/.local/lib/python3.12/site-packages/airflow/example_dags/example_sensors.py
[2024-11-14T06:28:35.818+0000] {logging_mixin.py:190} INFO - [2024-11-14T06:28:35.818+0000] {dag.py:3239} INFO - Sync 1 DAGs
[2024-11-14T06:28:35.826+0000] {logging_mixin.py:190} INFO - [2024-11-14T06:28:35.826+0000] {dag.py:4180} INFO - Setting next_dagrun for example_sensors to None, run_after=None
[2024-11-14T06:28:35.837+0000] {processor.py:208} INFO - Processing /home/airflow/.local/lib/python3.12/site-packages/airflow/example_dags/example_sensors.py took 0.047 seconds
[2024-11-14T06:29:06.738+0000] {processor.py:186} INFO - Started process (PID=453) to work on /home/airflow/.local/lib/python3.12/site-packages/airflow/example_dags/example_sensors.py
[2024-11-14T06:29:06.739+0000] {processor.py:914} INFO - Processing file /home/airflow/.local/lib/python3.12/site-packages/airflow/example_dags/example_sensors.py for tasks to queue
[2024-11-14T06:29:06.741+0000] {logging_mixin.py:190} INFO - [2024-11-14T06:29:06.740+0000] {dagbag.py:588} INFO - Filling up the DagBag from /home/airflow/.local/lib/python3.12/site-packages/airflow/example_dags/example_sensors.py
[2024-11-14T06:29:06.750+0000] {processor.py:925} INFO - DAG(s) 'example_sensors' retrieved from /home/airflow/.local/lib/python3.12/site-packages/airflow/example_dags/example_sensors.py
[2024-11-14T06:29:06.769+0000] {logging_mixin.py:190} INFO - [2024-11-14T06:29:06.769+0000] {dag.py:3239} INFO - Sync 1 DAGs
[2024-11-14T06:29:06.778+0000] {logging_mixin.py:190} INFO - [2024-11-14T06:29:06.778+0000] {dag.py:4180} INFO - Setting next_dagrun for example_sensors to None, run_after=None
[2024-11-14T06:29:06.789+0000] {processor.py:208} INFO - Processing /home/airflow/.local/lib/python3.12/site-packages/airflow/example_dags/example_sensors.py took 0.059 seconds
[2024-11-14T06:29:36.846+0000] {processor.py:186} INFO - Started process (PID=517) to work on /home/airflow/.local/lib/python3.12/site-packages/airflow/example_dags/example_sensors.py
[2024-11-14T06:29:36.847+0000] {processor.py:914} INFO - Processing file /home/airflow/.local/lib/python3.12/site-packages/airflow/example_dags/example_sensors.py for tasks to queue
[2024-11-14T06:29:36.849+0000] {logging_mixin.py:190} INFO - [2024-11-14T06:29:36.848+0000] {dagbag.py:588} INFO - Filling up the DagBag from /home/airflow/.local/lib/python3.12/site-packages/airflow/example_dags/example_sensors.py
[2024-11-14T06:29:36.857+0000] {processor.py:925} INFO - DAG(s) 'example_sensors' retrieved from /home/airflow/.local/lib/python3.12/site-packages/airflow/example_dags/example_sensors.py
[2024-11-14T06:29:36.874+0000] {logging_mixin.py:190} INFO - [2024-11-14T06:29:36.874+0000] {dag.py:3239} INFO - Sync 1 DAGs
[2024-11-14T06:29:36.883+0000] {logging_mixin.py:190} INFO - [2024-11-14T06:29:36.883+0000] {dag.py:4180} INFO - Setting next_dagrun for example_sensors to None, run_after=None
[2024-11-14T06:29:36.903+0000] {processor.py:208} INFO - Processing /home/airflow/.local/lib/python3.12/site-packages/airflow/example_dags/example_sensors.py took 0.060 seconds
[2024-11-14T06:30:07.655+0000] {processor.py:186} INFO - Started process (PID=581) to work on /home/airflow/.local/lib/python3.12/site-packages/airflow/example_dags/example_sensors.py
[2024-11-14T06:30:07.656+0000] {processor.py:914} INFO - Processing file /home/airflow/.local/lib/python3.12/site-packages/airflow/example_dags/example_sensors.py for tasks to queue
[2024-11-14T06:30:07.657+0000] {logging_mixin.py:190} INFO - [2024-11-14T06:30:07.657+0000] {dagbag.py:588} INFO - Filling up the DagBag from /home/airflow/.local/lib/python3.12/site-packages/airflow/example_dags/example_sensors.py
[2024-11-14T06:30:07.670+0000] {processor.py:925} INFO - DAG(s) 'example_sensors' retrieved from /home/airflow/.local/lib/python3.12/site-packages/airflow/example_dags/example_sensors.py
[2024-11-14T06:30:07.686+0000] {logging_mixin.py:190} INFO - [2024-11-14T06:30:07.686+0000] {dag.py:3239} INFO - Sync 1 DAGs
[2024-11-14T06:30:07.693+0000] {logging_mixin.py:190} INFO - [2024-11-14T06:30:07.693+0000] {dag.py:4180} INFO - Setting next_dagrun for example_sensors to None, run_after=None
[2024-11-14T06:30:07.706+0000] {processor.py:208} INFO - Processing /home/airflow/.local/lib/python3.12/site-packages/airflow/example_dags/example_sensors.py took 0.055 seconds
[2024-11-14T06:30:38.009+0000] {processor.py:186} INFO - Started process (PID=645) to work on /home/airflow/.local/lib/python3.12/site-packages/airflow/example_dags/example_sensors.py
[2024-11-14T06:30:38.010+0000] {processor.py:914} INFO - Processing file /home/airflow/.local/lib/python3.12/site-packages/airflow/example_dags/example_sensors.py for tasks to queue
[2024-11-14T06:30:38.011+0000] {logging_mixin.py:190} INFO - [2024-11-14T06:30:38.011+0000] {dagbag.py:588} INFO - Filling up the DagBag from /home/airflow/.local/lib/python3.12/site-packages/airflow/example_dags/example_sensors.py
[2024-11-14T06:30:38.017+0000] {processor.py:925} INFO - DAG(s) 'example_sensors' retrieved from /home/airflow/.local/lib/python3.12/site-packages/airflow/example_dags/example_sensors.py
[2024-11-14T06:30:38.032+0000] {logging_mixin.py:190} INFO - [2024-11-14T06:30:38.032+0000] {dag.py:3239} INFO - Sync 1 DAGs
[2024-11-14T06:30:38.039+0000] {logging_mixin.py:190} INFO - [2024-11-14T06:30:38.039+0000] {dag.py:4180} INFO - Setting next_dagrun for example_sensors to None, run_after=None
[2024-11-14T06:30:38.047+0000] {processor.py:208} INFO - Processing /home/airflow/.local/lib/python3.12/site-packages/airflow/example_dags/example_sensors.py took 0.042 seconds
[2024-11-14T06:31:08.756+0000] {processor.py:186} INFO - Started process (PID=708) to work on /home/airflow/.local/lib/python3.12/site-packages/airflow/example_dags/example_sensors.py
[2024-11-14T06:31:08.757+0000] {processor.py:914} INFO - Processing file /home/airflow/.local/lib/python3.12/site-packages/airflow/example_dags/example_sensors.py for tasks to queue
[2024-11-14T06:31:08.759+0000] {logging_mixin.py:190} INFO - [2024-11-14T06:31:08.758+0000] {dagbag.py:588} INFO - Filling up the DagBag from /home/airflow/.local/lib/python3.12/site-packages/airflow/example_dags/example_sensors.py
[2024-11-14T06:31:08.765+0000] {processor.py:925} INFO - DAG(s) 'example_sensors' retrieved from /home/airflow/.local/lib/python3.12/site-packages/airflow/example_dags/example_sensors.py
[2024-11-14T06:31:08.781+0000] {logging_mixin.py:190} INFO - [2024-11-14T06:31:08.781+0000] {dag.py:3239} INFO - Sync 1 DAGs
[2024-11-14T06:31:08.789+0000] {logging_mixin.py:190} INFO - [2024-11-14T06:31:08.788+0000] {dag.py:4180} INFO - Setting next_dagrun for example_sensors to None, run_after=None
[2024-11-14T06:31:08.799+0000] {processor.py:208} INFO - Processing /home/airflow/.local/lib/python3.12/site-packages/airflow/example_dags/example_sensors.py took 0.047 seconds
[2024-11-14T06:31:39.144+0000] {processor.py:186} INFO - Started process (PID=772) to work on /home/airflow/.local/lib/python3.12/site-packages/airflow/example_dags/example_sensors.py
[2024-11-14T06:31:39.145+0000] {processor.py:914} INFO - Processing file /home/airflow/.local/lib/python3.12/site-packages/airflow/example_dags/example_sensors.py for tasks to queue
[2024-11-14T06:31:39.146+0000] {logging_mixin.py:190} INFO - [2024-11-14T06:31:39.146+0000] {dagbag.py:588} INFO - Filling up the DagBag from /home/airflow/.local/lib/python3.12/site-packages/airflow/example_dags/example_sensors.py
[2024-11-14T06:31:39.153+0000] {processor.py:925} INFO - DAG(s) 'example_sensors' retrieved from /home/airflow/.local/lib/python3.12/site-packages/airflow/example_dags/example_sensors.py
[2024-11-14T06:31:39.178+0000] {logging_mixin.py:190} INFO - [2024-11-14T06:31:39.178+0000] {dag.py:3239} INFO - Sync 1 DAGs
[2024-11-14T06:31:39.191+0000] {logging_mixin.py:190} INFO - [2024-11-14T06:31:39.191+0000] {dag.py:4180} INFO - Setting next_dagrun for example_sensors to None, run_after=None
[2024-11-14T06:31:39.203+0000] {processor.py:208} INFO - Processing /home/airflow/.local/lib/python3.12/site-packages/airflow/example_dags/example_sensors.py took 0.062 seconds
[2024-11-14T06:32:09.607+0000] {processor.py:186} INFO - Started process (PID=836) to work on /home/airflow/.local/lib/python3.12/site-packages/airflow/example_dags/example_sensors.py
[2024-11-14T06:32:09.608+0000] {processor.py:914} INFO - Processing file /home/airflow/.local/lib/python3.12/site-packages/airflow/example_dags/example_sensors.py for tasks to queue
[2024-11-14T06:32:09.610+0000] {logging_mixin.py:190} INFO - [2024-11-14T06:32:09.610+0000] {dagbag.py:588} INFO - Filling up the DagBag from /home/airflow/.local/lib/python3.12/site-packages/airflow/example_dags/example_sensors.py
[2024-11-14T06:32:09.616+0000] {processor.py:925} INFO - DAG(s) 'example_sensors' retrieved from /home/airflow/.local/lib/python3.12/site-packages/airflow/example_dags/example_sensors.py
[2024-11-14T06:32:09.631+0000] {logging_mixin.py:190} INFO - [2024-11-14T06:32:09.630+0000] {dag.py:3239} INFO - Sync 1 DAGs
[2024-11-14T06:32:09.639+0000] {logging_mixin.py:190} INFO - [2024-11-14T06:32:09.638+0000] {dag.py:4180} INFO - Setting next_dagrun for example_sensors to None, run_after=None
[2024-11-14T06:32:09.649+0000] {processor.py:208} INFO - Processing /home/airflow/.local/lib/python3.12/site-packages/airflow/example_dags/example_sensors.py took 0.045 seconds
[2024-11-14T06:32:39.996+0000] {processor.py:186} INFO - Started process (PID=900) to work on /home/airflow/.local/lib/python3.12/site-packages/airflow/example_dags/example_sensors.py
[2024-11-14T06:32:39.997+0000] {processor.py:914} INFO - Processing file /home/airflow/.local/lib/python3.12/site-packages/airflow/example_dags/example_sensors.py for tasks to queue
[2024-11-14T06:32:39.999+0000] {logging_mixin.py:190} INFO - [2024-11-14T06:32:39.999+0000] {dagbag.py:588} INFO - Filling up the DagBag from /home/airflow/.local/lib/python3.12/site-packages/airflow/example_dags/example_sensors.py
[2024-11-14T06:32:40.010+0000] {processor.py:925} INFO - DAG(s) 'example_sensors' retrieved from /home/airflow/.local/lib/python3.12/site-packages/airflow/example_dags/example_sensors.py
[2024-11-14T06:32:40.027+0000] {logging_mixin.py:190} INFO - [2024-11-14T06:32:40.027+0000] {dag.py:3239} INFO - Sync 1 DAGs
[2024-11-14T06:32:40.041+0000] {logging_mixin.py:190} INFO - [2024-11-14T06:32:40.041+0000] {dag.py:4180} INFO - Setting next_dagrun for example_sensors to None, run_after=None
[2024-11-14T06:32:40.052+0000] {processor.py:208} INFO - Processing /home/airflow/.local/lib/python3.12/site-packages/airflow/example_dags/example_sensors.py took 0.060 seconds
[2024-11-14T06:33:10.387+0000] {processor.py:186} INFO - Started process (PID=964) to work on /home/airflow/.local/lib/python3.12/site-packages/airflow/example_dags/example_sensors.py
[2024-11-14T06:33:10.388+0000] {processor.py:914} INFO - Processing file /home/airflow/.local/lib/python3.12/site-packages/airflow/example_dags/example_sensors.py for tasks to queue
[2024-11-14T06:33:10.391+0000] {logging_mixin.py:190} INFO - [2024-11-14T06:33:10.390+0000] {dagbag.py:588} INFO - Filling up the DagBag from /home/airflow/.local/lib/python3.12/site-packages/airflow/example_dags/example_sensors.py
[2024-11-14T06:33:10.398+0000] {processor.py:925} INFO - DAG(s) 'example_sensors' retrieved from /home/airflow/.local/lib/python3.12/site-packages/airflow/example_dags/example_sensors.py
[2024-11-14T06:33:10.413+0000] {logging_mixin.py:190} INFO - [2024-11-14T06:33:10.413+0000] {dag.py:3239} INFO - Sync 1 DAGs
[2024-11-14T06:33:10.420+0000] {logging_mixin.py:190} INFO - [2024-11-14T06:33:10.420+0000] {dag.py:4180} INFO - Setting next_dagrun for example_sensors to None, run_after=None
[2024-11-14T06:33:10.430+0000] {processor.py:208} INFO - Processing /home/airflow/.local/lib/python3.12/site-packages/airflow/example_dags/example_sensors.py took 0.048 seconds
[2024-11-14T06:33:40.823+0000] {processor.py:186} INFO - Started process (PID=1028) to work on /home/airflow/.local/lib/python3.12/site-packages/airflow/example_dags/example_sensors.py
[2024-11-14T06:33:40.824+0000] {processor.py:914} INFO - Processing file /home/airflow/.local/lib/python3.12/site-packages/airflow/example_dags/example_sensors.py for tasks to queue
[2024-11-14T06:33:40.825+0000] {logging_mixin.py:190} INFO - [2024-11-14T06:33:40.825+0000] {dagbag.py:588} INFO - Filling up the DagBag from /home/airflow/.local/lib/python3.12/site-packages/airflow/example_dags/example_sensors.py
[2024-11-14T06:33:40.832+0000] {processor.py:925} INFO - DAG(s) 'example_sensors' retrieved from /home/airflow/.local/lib/python3.12/site-packages/airflow/example_dags/example_sensors.py
[2024-11-14T06:33:40.847+0000] {logging_mixin.py:190} INFO - [2024-11-14T06:33:40.847+0000] {dag.py:3239} INFO - Sync 1 DAGs
[2024-11-14T06:33:40.855+0000] {logging_mixin.py:190} INFO - [2024-11-14T06:33:40.855+0000] {dag.py:4180} INFO - Setting next_dagrun for example_sensors to None, run_after=None
[2024-11-14T06:33:40.865+0000] {processor.py:208} INFO - Processing /home/airflow/.local/lib/python3.12/site-packages/airflow/example_dags/example_sensors.py took 0.046 seconds
[2024-11-14T06:34:11.574+0000] {processor.py:186} INFO - Started process (PID=1091) to work on /home/airflow/.local/lib/python3.12/site-packages/airflow/example_dags/example_sensors.py
[2024-11-14T06:34:11.577+0000] {processor.py:914} INFO - Processing file /home/airflow/.local/lib/python3.12/site-packages/airflow/example_dags/example_sensors.py for tasks to queue
[2024-11-14T06:34:11.580+0000] {logging_mixin.py:190} INFO - [2024-11-14T06:34:11.579+0000] {dagbag.py:588} INFO - Filling up the DagBag from /home/airflow/.local/lib/python3.12/site-packages/airflow/example_dags/example_sensors.py
[2024-11-14T06:34:11.588+0000] {processor.py:925} INFO - DAG(s) 'example_sensors' retrieved from /home/airflow/.local/lib/python3.12/site-packages/airflow/example_dags/example_sensors.py
[2024-11-14T06:34:11.609+0000] {logging_mixin.py:190} INFO - [2024-11-14T06:34:11.609+0000] {dag.py:3239} INFO - Sync 1 DAGs
[2024-11-14T06:34:11.621+0000] {logging_mixin.py:190} INFO - [2024-11-14T06:34:11.621+0000] {dag.py:4180} INFO - Setting next_dagrun for example_sensors to None, run_after=None
[2024-11-14T06:34:11.637+0000] {processor.py:208} INFO - Processing /home/airflow/.local/lib/python3.12/site-packages/airflow/example_dags/example_sensors.py took 0.066 seconds
[2024-11-14T06:34:42.124+0000] {processor.py:186} INFO - Started process (PID=1155) to work on /home/airflow/.local/lib/python3.12/site-packages/airflow/example_dags/example_sensors.py
[2024-11-14T06:34:42.124+0000] {processor.py:914} INFO - Processing file /home/airflow/.local/lib/python3.12/site-packages/airflow/example_dags/example_sensors.py for tasks to queue
[2024-11-14T06:34:42.126+0000] {logging_mixin.py:190} INFO - [2024-11-14T06:34:42.126+0000] {dagbag.py:588} INFO - Filling up the DagBag from /home/airflow/.local/lib/python3.12/site-packages/airflow/example_dags/example_sensors.py
[2024-11-14T06:34:42.133+0000] {processor.py:925} INFO - DAG(s) 'example_sensors' retrieved from /home/airflow/.local/lib/python3.12/site-packages/airflow/example_dags/example_sensors.py
[2024-11-14T06:34:42.148+0000] {logging_mixin.py:190} INFO - [2024-11-14T06:34:42.147+0000] {dag.py:3239} INFO - Sync 1 DAGs
[2024-11-14T06:34:42.155+0000] {logging_mixin.py:190} INFO - [2024-11-14T06:34:42.155+0000] {dag.py:4180} INFO - Setting next_dagrun for example_sensors to None, run_after=None
[2024-11-14T06:34:42.166+0000] {processor.py:208} INFO - Processing /home/airflow/.local/lib/python3.12/site-packages/airflow/example_dags/example_sensors.py took 0.046 seconds
[2024-11-14T06:35:12.850+0000] {processor.py:186} INFO - Started process (PID=1219) to work on /home/airflow/.local/lib/python3.12/site-packages/airflow/example_dags/example_sensors.py
[2024-11-14T06:35:12.851+0000] {processor.py:914} INFO - Processing file /home/airflow/.local/lib/python3.12/site-packages/airflow/example_dags/example_sensors.py for tasks to queue
[2024-11-14T06:35:12.854+0000] {logging_mixin.py:190} INFO - [2024-11-14T06:35:12.854+0000] {dagbag.py:588} INFO - Filling up the DagBag from /home/airflow/.local/lib/python3.12/site-packages/airflow/example_dags/example_sensors.py
[2024-11-14T06:35:12.864+0000] {processor.py:925} INFO - DAG(s) 'example_sensors' retrieved from /home/airflow/.local/lib/python3.12/site-packages/airflow/example_dags/example_sensors.py
[2024-11-14T06:35:12.883+0000] {logging_mixin.py:190} INFO - [2024-11-14T06:35:12.883+0000] {dag.py:3239} INFO - Sync 1 DAGs
[2024-11-14T06:35:12.889+0000] {logging_mixin.py:190} INFO - [2024-11-14T06:35:12.889+0000] {dag.py:4180} INFO - Setting next_dagrun for example_sensors to None, run_after=None
[2024-11-14T06:35:12.899+0000] {processor.py:208} INFO - Processing /home/airflow/.local/lib/python3.12/site-packages/airflow/example_dags/example_sensors.py took 0.053 seconds
[2024-11-14T06:35:43.687+0000] {processor.py:186} INFO - Started process (PID=1283) to work on /home/airflow/.local/lib/python3.12/site-packages/airflow/example_dags/example_sensors.py
[2024-11-14T06:35:43.688+0000] {processor.py:914} INFO - Processing file /home/airflow/.local/lib/python3.12/site-packages/airflow/example_dags/example_sensors.py for tasks to queue
[2024-11-14T06:35:43.690+0000] {logging_mixin.py:190} INFO - [2024-11-14T06:35:43.690+0000] {dagbag.py:588} INFO - Filling up the DagBag from /home/airflow/.local/lib/python3.12/site-packages/airflow/example_dags/example_sensors.py
[2024-11-14T06:35:43.699+0000] {processor.py:925} INFO - DAG(s) 'example_sensors' retrieved from /home/airflow/.local/lib/python3.12/site-packages/airflow/example_dags/example_sensors.py
[2024-11-14T06:35:43.716+0000] {logging_mixin.py:190} INFO - [2024-11-14T06:35:43.715+0000] {dag.py:3239} INFO - Sync 1 DAGs
[2024-11-14T06:35:43.723+0000] {logging_mixin.py:190} INFO - [2024-11-14T06:35:43.723+0000] {dag.py:4180} INFO - Setting next_dagrun for example_sensors to None, run_after=None
[2024-11-14T06:35:43.734+0000] {processor.py:208} INFO - Processing /home/airflow/.local/lib/python3.12/site-packages/airflow/example_dags/example_sensors.py took 0.052 seconds
[2024-11-14T06:36:14.205+0000] {processor.py:186} INFO - Started process (PID=1347) to work on /home/airflow/.local/lib/python3.12/site-packages/airflow/example_dags/example_sensors.py
[2024-11-14T06:36:14.206+0000] {processor.py:914} INFO - Processing file /home/airflow/.local/lib/python3.12/site-packages/airflow/example_dags/example_sensors.py for tasks to queue
[2024-11-14T06:36:14.208+0000] {logging_mixin.py:190} INFO - [2024-11-14T06:36:14.207+0000] {dagbag.py:588} INFO - Filling up the DagBag from /home/airflow/.local/lib/python3.12/site-packages/airflow/example_dags/example_sensors.py
[2024-11-14T06:36:14.215+0000] {processor.py:925} INFO - DAG(s) 'example_sensors' retrieved from /home/airflow/.local/lib/python3.12/site-packages/airflow/example_dags/example_sensors.py
[2024-11-14T06:36:14.228+0000] {logging_mixin.py:190} INFO - [2024-11-14T06:36:14.228+0000] {dag.py:3239} INFO - Sync 1 DAGs
[2024-11-14T06:36:14.236+0000] {logging_mixin.py:190} INFO - [2024-11-14T06:36:14.236+0000] {dag.py:4180} INFO - Setting next_dagrun for example_sensors to None, run_after=None
[2024-11-14T06:36:14.246+0000] {processor.py:208} INFO - Processing /home/airflow/.local/lib/python3.12/site-packages/airflow/example_dags/example_sensors.py took 0.044 seconds
[2024-11-14T06:36:44.809+0000] {processor.py:186} INFO - Started process (PID=1411) to work on /home/airflow/.local/lib/python3.12/site-packages/airflow/example_dags/example_sensors.py
[2024-11-14T06:36:44.809+0000] {processor.py:914} INFO - Processing file /home/airflow/.local/lib/python3.12/site-packages/airflow/example_dags/example_sensors.py for tasks to queue
[2024-11-14T06:36:44.811+0000] {logging_mixin.py:190} INFO - [2024-11-14T06:36:44.811+0000] {dagbag.py:588} INFO - Filling up the DagBag from /home/airflow/.local/lib/python3.12/site-packages/airflow/example_dags/example_sensors.py
[2024-11-14T06:36:44.817+0000] {processor.py:925} INFO - DAG(s) 'example_sensors' retrieved from /home/airflow/.local/lib/python3.12/site-packages/airflow/example_dags/example_sensors.py
[2024-11-14T06:36:44.833+0000] {logging_mixin.py:190} INFO - [2024-11-14T06:36:44.833+0000] {dag.py:3239} INFO - Sync 1 DAGs
[2024-11-14T06:36:44.842+0000] {logging_mixin.py:190} INFO - [2024-11-14T06:36:44.842+0000] {dag.py:4180} INFO - Setting next_dagrun for example_sensors to None, run_after=None
[2024-11-14T06:36:44.853+0000] {processor.py:208} INFO - Processing /home/airflow/.local/lib/python3.12/site-packages/airflow/example_dags/example_sensors.py took 0.048 seconds
[2024-11-14T06:37:15.192+0000] {processor.py:186} INFO - Started process (PID=1475) to work on /home/airflow/.local/lib/python3.12/site-packages/airflow/example_dags/example_sensors.py
[2024-11-14T06:37:15.193+0000] {processor.py:914} INFO - Processing file /home/airflow/.local/lib/python3.12/site-packages/airflow/example_dags/example_sensors.py for tasks to queue
[2024-11-14T06:37:15.194+0000] {logging_mixin.py:190} INFO - [2024-11-14T06:37:15.194+0000] {dagbag.py:588} INFO - Filling up the DagBag from /home/airflow/.local/lib/python3.12/site-packages/airflow/example_dags/example_sensors.py
[2024-11-14T06:37:15.200+0000] {processor.py:925} INFO - DAG(s) 'example_sensors' retrieved from /home/airflow/.local/lib/python3.12/site-packages/airflow/example_dags/example_sensors.py
[2024-11-14T06:37:15.214+0000] {logging_mixin.py:190} INFO - [2024-11-14T06:37:15.214+0000] {dag.py:3239} INFO - Sync 1 DAGs
[2024-11-14T06:37:15.221+0000] {logging_mixin.py:190} INFO - [2024-11-14T06:37:15.221+0000] {dag.py:4180} INFO - Setting next_dagrun for example_sensors to None, run_after=None
[2024-11-14T06:37:15.230+0000] {processor.py:208} INFO - Processing /home/airflow/.local/lib/python3.12/site-packages/airflow/example_dags/example_sensors.py took 0.041 seconds
[2024-11-14T06:37:45.515+0000] {processor.py:186} INFO - Started process (PID=1539) to work on /home/airflow/.local/lib/python3.12/site-packages/airflow/example_dags/example_sensors.py
[2024-11-14T06:37:45.516+0000] {processor.py:914} INFO - Processing file /home/airflow/.local/lib/python3.12/site-packages/airflow/example_dags/example_sensors.py for tasks to queue
[2024-11-14T06:37:45.518+0000] {logging_mixin.py:190} INFO - [2024-11-14T06:37:45.517+0000] {dagbag.py:588} INFO - Filling up the DagBag from /home/airflow/.local/lib/python3.12/site-packages/airflow/example_dags/example_sensors.py
[2024-11-14T06:37:45.526+0000] {processor.py:925} INFO - DAG(s) 'example_sensors' retrieved from /home/airflow/.local/lib/python3.12/site-packages/airflow/example_dags/example_sensors.py
[2024-11-14T06:37:45.544+0000] {logging_mixin.py:190} INFO - [2024-11-14T06:37:45.544+0000] {dag.py:3239} INFO - Sync 1 DAGs
[2024-11-14T06:37:45.553+0000] {logging_mixin.py:190} INFO - [2024-11-14T06:37:45.553+0000] {dag.py:4180} INFO - Setting next_dagrun for example_sensors to None, run_after=None
[2024-11-14T06:37:45.568+0000] {processor.py:208} INFO - Processing /home/airflow/.local/lib/python3.12/site-packages/airflow/example_dags/example_sensors.py took 0.057 seconds
[2024-11-14T06:38:16.181+0000] {processor.py:186} INFO - Started process (PID=1603) to work on /home/airflow/.local/lib/python3.12/site-packages/airflow/example_dags/example_sensors.py
[2024-11-14T06:38:16.182+0000] {processor.py:914} INFO - Processing file /home/airflow/.local/lib/python3.12/site-packages/airflow/example_dags/example_sensors.py for tasks to queue
[2024-11-14T06:38:16.184+0000] {logging_mixin.py:190} INFO - [2024-11-14T06:38:16.184+0000] {dagbag.py:588} INFO - Filling up the DagBag from /home/airflow/.local/lib/python3.12/site-packages/airflow/example_dags/example_sensors.py
[2024-11-14T06:38:16.191+0000] {processor.py:925} INFO - DAG(s) 'example_sensors' retrieved from /home/airflow/.local/lib/python3.12/site-packages/airflow/example_dags/example_sensors.py
[2024-11-14T06:38:16.207+0000] {logging_mixin.py:190} INFO - [2024-11-14T06:38:16.206+0000] {dag.py:3239} INFO - Sync 1 DAGs
[2024-11-14T06:38:16.221+0000] {logging_mixin.py:190} INFO - [2024-11-14T06:38:16.221+0000] {dag.py:4180} INFO - Setting next_dagrun for example_sensors to None, run_after=None
[2024-11-14T06:38:16.239+0000] {processor.py:208} INFO - Processing /home/airflow/.local/lib/python3.12/site-packages/airflow/example_dags/example_sensors.py took 0.063 seconds
[2024-11-14T06:38:46.908+0000] {processor.py:186} INFO - Started process (PID=1667) to work on /home/airflow/.local/lib/python3.12/site-packages/airflow/example_dags/example_sensors.py
[2024-11-14T06:38:46.909+0000] {processor.py:914} INFO - Processing file /home/airflow/.local/lib/python3.12/site-packages/airflow/example_dags/example_sensors.py for tasks to queue
[2024-11-14T06:38:46.910+0000] {logging_mixin.py:190} INFO - [2024-11-14T06:38:46.910+0000] {dagbag.py:588} INFO - Filling up the DagBag from /home/airflow/.local/lib/python3.12/site-packages/airflow/example_dags/example_sensors.py
[2024-11-14T06:38:46.930+0000] {processor.py:925} INFO - DAG(s) 'example_sensors' retrieved from /home/airflow/.local/lib/python3.12/site-packages/airflow/example_dags/example_sensors.py
[2024-11-14T06:38:46.947+0000] {logging_mixin.py:190} INFO - [2024-11-14T06:38:46.947+0000] {dag.py:3239} INFO - Sync 1 DAGs
[2024-11-14T06:38:46.955+0000] {logging_mixin.py:190} INFO - [2024-11-14T06:38:46.955+0000] {dag.py:4180} INFO - Setting next_dagrun for example_sensors to None, run_after=None
[2024-11-14T06:38:46.966+0000] {processor.py:208} INFO - Processing /home/airflow/.local/lib/python3.12/site-packages/airflow/example_dags/example_sensors.py took 0.062 seconds
[2024-11-14T06:39:17.516+0000] {processor.py:186} INFO - Started process (PID=1732) to work on /home/airflow/.local/lib/python3.12/site-packages/airflow/example_dags/example_sensors.py
[2024-11-14T06:39:17.516+0000] {processor.py:914} INFO - Processing file /home/airflow/.local/lib/python3.12/site-packages/airflow/example_dags/example_sensors.py for tasks to queue
[2024-11-14T06:39:17.518+0000] {logging_mixin.py:190} INFO - [2024-11-14T06:39:17.517+0000] {dagbag.py:588} INFO - Filling up the DagBag from /home/airflow/.local/lib/python3.12/site-packages/airflow/example_dags/example_sensors.py
[2024-11-14T06:39:17.525+0000] {processor.py:925} INFO - DAG(s) 'example_sensors' retrieved from /home/airflow/.local/lib/python3.12/site-packages/airflow/example_dags/example_sensors.py
[2024-11-14T06:39:17.539+0000] {logging_mixin.py:190} INFO - [2024-11-14T06:39:17.539+0000] {dag.py:3239} INFO - Sync 1 DAGs
[2024-11-14T06:39:17.547+0000] {logging_mixin.py:190} INFO - [2024-11-14T06:39:17.547+0000] {dag.py:4180} INFO - Setting next_dagrun for example_sensors to None, run_after=None
[2024-11-14T06:39:17.562+0000] {processor.py:208} INFO - Processing /home/airflow/.local/lib/python3.12/site-packages/airflow/example_dags/example_sensors.py took 0.049 seconds
[2024-11-14T06:39:48.291+0000] {processor.py:186} INFO - Started process (PID=1796) to work on /home/airflow/.local/lib/python3.12/site-packages/airflow/example_dags/example_sensors.py
[2024-11-14T06:39:48.291+0000] {processor.py:914} INFO - Processing file /home/airflow/.local/lib/python3.12/site-packages/airflow/example_dags/example_sensors.py for tasks to queue
[2024-11-14T06:39:48.293+0000] {logging_mixin.py:190} INFO - [2024-11-14T06:39:48.292+0000] {dagbag.py:588} INFO - Filling up the DagBag from /home/airflow/.local/lib/python3.12/site-packages/airflow/example_dags/example_sensors.py
[2024-11-14T06:39:48.299+0000] {processor.py:925} INFO - DAG(s) 'example_sensors' retrieved from /home/airflow/.local/lib/python3.12/site-packages/airflow/example_dags/example_sensors.py
[2024-11-14T06:39:48.314+0000] {logging_mixin.py:190} INFO - [2024-11-14T06:39:48.314+0000] {dag.py:3239} INFO - Sync 1 DAGs
[2024-11-14T06:39:48.331+0000] {logging_mixin.py:190} INFO - [2024-11-14T06:39:48.331+0000] {dag.py:4180} INFO - Setting next_dagrun for example_sensors to None, run_after=None
[2024-11-14T06:39:48.341+0000] {processor.py:208} INFO - Processing /home/airflow/.local/lib/python3.12/site-packages/airflow/example_dags/example_sensors.py took 0.054 seconds
[2024-11-14T06:40:19.003+0000] {processor.py:186} INFO - Started process (PID=1860) to work on /home/airflow/.local/lib/python3.12/site-packages/airflow/example_dags/example_sensors.py
[2024-11-14T06:40:19.004+0000] {processor.py:914} INFO - Processing file /home/airflow/.local/lib/python3.12/site-packages/airflow/example_dags/example_sensors.py for tasks to queue
[2024-11-14T06:40:19.005+0000] {logging_mixin.py:190} INFO - [2024-11-14T06:40:19.005+0000] {dagbag.py:588} INFO - Filling up the DagBag from /home/airflow/.local/lib/python3.12/site-packages/airflow/example_dags/example_sensors.py
[2024-11-14T06:40:19.012+0000] {processor.py:925} INFO - DAG(s) 'example_sensors' retrieved from /home/airflow/.local/lib/python3.12/site-packages/airflow/example_dags/example_sensors.py
[2024-11-14T06:40:19.041+0000] {logging_mixin.py:190} INFO - [2024-11-14T06:40:19.040+0000] {dag.py:3239} INFO - Sync 1 DAGs
[2024-11-14T06:40:19.050+0000] {logging_mixin.py:190} INFO - [2024-11-14T06:40:19.050+0000] {dag.py:4180} INFO - Setting next_dagrun for example_sensors to None, run_after=None
[2024-11-14T06:40:19.061+0000] {processor.py:208} INFO - Processing /home/airflow/.local/lib/python3.12/site-packages/airflow/example_dags/example_sensors.py took 0.061 seconds
[2024-11-14T06:40:49.473+0000] {processor.py:186} INFO - Started process (PID=1924) to work on /home/airflow/.local/lib/python3.12/site-packages/airflow/example_dags/example_sensors.py
[2024-11-14T06:40:49.473+0000] {processor.py:914} INFO - Processing file /home/airflow/.local/lib/python3.12/site-packages/airflow/example_dags/example_sensors.py for tasks to queue
[2024-11-14T06:40:49.475+0000] {logging_mixin.py:190} INFO - [2024-11-14T06:40:49.475+0000] {dagbag.py:588} INFO - Filling up the DagBag from /home/airflow/.local/lib/python3.12/site-packages/airflow/example_dags/example_sensors.py
[2024-11-14T06:40:49.482+0000] {processor.py:925} INFO - DAG(s) 'example_sensors' retrieved from /home/airflow/.local/lib/python3.12/site-packages/airflow/example_dags/example_sensors.py
[2024-11-14T06:40:49.496+0000] {logging_mixin.py:190} INFO - [2024-11-14T06:40:49.496+0000] {dag.py:3239} INFO - Sync 1 DAGs
[2024-11-14T06:40:49.502+0000] {logging_mixin.py:190} INFO - [2024-11-14T06:40:49.502+0000] {dag.py:4180} INFO - Setting next_dagrun for example_sensors to None, run_after=None
[2024-11-14T06:40:49.510+0000] {processor.py:208} INFO - Processing /home/airflow/.local/lib/python3.12/site-packages/airflow/example_dags/example_sensors.py took 0.041 seconds
[2024-11-14T06:41:20.232+0000] {processor.py:186} INFO - Started process (PID=1987) to work on /home/airflow/.local/lib/python3.12/site-packages/airflow/example_dags/example_sensors.py
[2024-11-14T06:41:20.232+0000] {processor.py:914} INFO - Processing file /home/airflow/.local/lib/python3.12/site-packages/airflow/example_dags/example_sensors.py for tasks to queue
[2024-11-14T06:41:20.234+0000] {logging_mixin.py:190} INFO - [2024-11-14T06:41:20.234+0000] {dagbag.py:588} INFO - Filling up the DagBag from /home/airflow/.local/lib/python3.12/site-packages/airflow/example_dags/example_sensors.py
[2024-11-14T06:41:20.243+0000] {processor.py:925} INFO - DAG(s) 'example_sensors' retrieved from /home/airflow/.local/lib/python3.12/site-packages/airflow/example_dags/example_sensors.py
[2024-11-14T06:41:20.264+0000] {logging_mixin.py:190} INFO - [2024-11-14T06:41:20.264+0000] {dag.py:3239} INFO - Sync 1 DAGs
[2024-11-14T06:41:20.276+0000] {logging_mixin.py:190} INFO - [2024-11-14T06:41:20.276+0000] {dag.py:4180} INFO - Setting next_dagrun for example_sensors to None, run_after=None
[2024-11-14T06:41:20.289+0000] {processor.py:208} INFO - Processing /home/airflow/.local/lib/python3.12/site-packages/airflow/example_dags/example_sensors.py took 0.061 seconds
