[2024-11-14T06:26:03.763+0000] {processor.py:186} INFO - Started process (PID=84) to work on /home/airflow/.local/lib/python3.12/site-packages/airflow/example_dags/example_time_delta_sensor_async.py
[2024-11-14T06:26:03.764+0000] {processor.py:914} INFO - Processing file /home/airflow/.local/lib/python3.12/site-packages/airflow/example_dags/example_time_delta_sensor_async.py for tasks to queue
[2024-11-14T06:26:03.765+0000] {logging_mixin.py:190} INFO - [2024-11-14T06:26:03.765+0000] {dagbag.py:588} INFO - Filling up the DagBag from /home/airflow/.local/lib/python3.12/site-packages/airflow/example_dags/example_time_delta_sensor_async.py
[2024-11-14T06:26:03.770+0000] {processor.py:925} INFO - DAG(s) 'example_time_delta_sensor_async' retrieved from /home/airflow/.local/lib/python3.12/site-packages/airflow/example_dags/example_time_delta_sensor_async.py
[2024-11-14T06:26:03.782+0000] {logging_mixin.py:190} INFO - [2024-11-14T06:26:03.782+0000] {dag.py:3239} INFO - Sync 1 DAGs
[2024-11-14T06:26:03.790+0000] {logging_mixin.py:190} INFO - [2024-11-14T06:26:03.789+0000] {dag.py:4180} INFO - Setting next_dagrun for example_time_delta_sensor_async to None, run_after=None
[2024-11-14T06:26:03.801+0000] {processor.py:208} INFO - Processing /home/airflow/.local/lib/python3.12/site-packages/airflow/example_dags/example_time_delta_sensor_async.py took 0.043 seconds
[2024-11-14T06:26:35.789+0000] {processor.py:186} INFO - Started process (PID=154) to work on /home/airflow/.local/lib/python3.12/site-packages/airflow/example_dags/example_time_delta_sensor_async.py
[2024-11-14T06:26:35.790+0000] {processor.py:914} INFO - Processing file /home/airflow/.local/lib/python3.12/site-packages/airflow/example_dags/example_time_delta_sensor_async.py for tasks to queue
[2024-11-14T06:26:35.793+0000] {logging_mixin.py:190} INFO - [2024-11-14T06:26:35.793+0000] {dagbag.py:588} INFO - Filling up the DagBag from /home/airflow/.local/lib/python3.12/site-packages/airflow/example_dags/example_time_delta_sensor_async.py
[2024-11-14T06:26:35.800+0000] {processor.py:925} INFO - DAG(s) 'example_time_delta_sensor_async' retrieved from /home/airflow/.local/lib/python3.12/site-packages/airflow/example_dags/example_time_delta_sensor_async.py
[2024-11-14T06:26:35.812+0000] {logging_mixin.py:190} INFO - [2024-11-14T06:26:35.812+0000] {dag.py:3239} INFO - Sync 1 DAGs
[2024-11-14T06:26:35.827+0000] {logging_mixin.py:190} INFO - [2024-11-14T06:26:35.827+0000] {dag.py:4180} INFO - Setting next_dagrun for example_time_delta_sensor_async to None, run_after=None
[2024-11-14T06:26:35.840+0000] {processor.py:208} INFO - Processing /home/airflow/.local/lib/python3.12/site-packages/airflow/example_dags/example_time_delta_sensor_async.py took 0.055 seconds
[2024-11-14T06:27:06.626+0000] {processor.py:186} INFO - Started process (PID=218) to work on /home/airflow/.local/lib/python3.12/site-packages/airflow/example_dags/example_time_delta_sensor_async.py
[2024-11-14T06:27:06.627+0000] {processor.py:914} INFO - Processing file /home/airflow/.local/lib/python3.12/site-packages/airflow/example_dags/example_time_delta_sensor_async.py for tasks to queue
[2024-11-14T06:27:06.629+0000] {logging_mixin.py:190} INFO - [2024-11-14T06:27:06.628+0000] {dagbag.py:588} INFO - Filling up the DagBag from /home/airflow/.local/lib/python3.12/site-packages/airflow/example_dags/example_time_delta_sensor_async.py
[2024-11-14T06:27:06.633+0000] {processor.py:925} INFO - DAG(s) 'example_time_delta_sensor_async' retrieved from /home/airflow/.local/lib/python3.12/site-packages/airflow/example_dags/example_time_delta_sensor_async.py
[2024-11-14T06:27:06.643+0000] {logging_mixin.py:190} INFO - [2024-11-14T06:27:06.643+0000] {dag.py:3239} INFO - Sync 1 DAGs
[2024-11-14T06:27:06.651+0000] {logging_mixin.py:190} INFO - [2024-11-14T06:27:06.651+0000] {dag.py:4180} INFO - Setting next_dagrun for example_time_delta_sensor_async to None, run_after=None
[2024-11-14T06:27:06.660+0000] {processor.py:208} INFO - Processing /home/airflow/.local/lib/python3.12/site-packages/airflow/example_dags/example_time_delta_sensor_async.py took 0.038 seconds
[2024-11-14T06:27:37.261+0000] {processor.py:186} INFO - Started process (PID=282) to work on /home/airflow/.local/lib/python3.12/site-packages/airflow/example_dags/example_time_delta_sensor_async.py
[2024-11-14T06:27:37.263+0000] {processor.py:914} INFO - Processing file /home/airflow/.local/lib/python3.12/site-packages/airflow/example_dags/example_time_delta_sensor_async.py for tasks to queue
[2024-11-14T06:27:37.267+0000] {logging_mixin.py:190} INFO - [2024-11-14T06:27:37.267+0000] {dagbag.py:588} INFO - Filling up the DagBag from /home/airflow/.local/lib/python3.12/site-packages/airflow/example_dags/example_time_delta_sensor_async.py
[2024-11-14T06:27:37.274+0000] {processor.py:925} INFO - DAG(s) 'example_time_delta_sensor_async' retrieved from /home/airflow/.local/lib/python3.12/site-packages/airflow/example_dags/example_time_delta_sensor_async.py
[2024-11-14T06:27:37.293+0000] {logging_mixin.py:190} INFO - [2024-11-14T06:27:37.292+0000] {dag.py:3239} INFO - Sync 1 DAGs
[2024-11-14T06:27:37.307+0000] {logging_mixin.py:190} INFO - [2024-11-14T06:27:37.307+0000] {dag.py:4180} INFO - Setting next_dagrun for example_time_delta_sensor_async to None, run_after=None
[2024-11-14T06:27:37.319+0000] {processor.py:208} INFO - Processing /home/airflow/.local/lib/python3.12/site-packages/airflow/example_dags/example_time_delta_sensor_async.py took 0.064 seconds
[2024-11-14T06:28:07.810+0000] {processor.py:186} INFO - Started process (PID=345) to work on /home/airflow/.local/lib/python3.12/site-packages/airflow/example_dags/example_time_delta_sensor_async.py
[2024-11-14T06:28:07.811+0000] {processor.py:914} INFO - Processing file /home/airflow/.local/lib/python3.12/site-packages/airflow/example_dags/example_time_delta_sensor_async.py for tasks to queue
[2024-11-14T06:28:07.813+0000] {logging_mixin.py:190} INFO - [2024-11-14T06:28:07.812+0000] {dagbag.py:588} INFO - Filling up the DagBag from /home/airflow/.local/lib/python3.12/site-packages/airflow/example_dags/example_time_delta_sensor_async.py
[2024-11-14T06:28:07.821+0000] {processor.py:925} INFO - DAG(s) 'example_time_delta_sensor_async' retrieved from /home/airflow/.local/lib/python3.12/site-packages/airflow/example_dags/example_time_delta_sensor_async.py
[2024-11-14T06:28:07.850+0000] {logging_mixin.py:190} INFO - [2024-11-14T06:28:07.850+0000] {dag.py:3239} INFO - Sync 1 DAGs
[2024-11-14T06:28:07.863+0000] {logging_mixin.py:190} INFO - [2024-11-14T06:28:07.862+0000] {dag.py:4180} INFO - Setting next_dagrun for example_time_delta_sensor_async to None, run_after=None
[2024-11-14T06:28:07.875+0000] {processor.py:208} INFO - Processing /home/airflow/.local/lib/python3.12/site-packages/airflow/example_dags/example_time_delta_sensor_async.py took 0.070 seconds
[2024-11-14T06:28:38.563+0000] {processor.py:186} INFO - Started process (PID=409) to work on /home/airflow/.local/lib/python3.12/site-packages/airflow/example_dags/example_time_delta_sensor_async.py
[2024-11-14T06:28:38.563+0000] {processor.py:914} INFO - Processing file /home/airflow/.local/lib/python3.12/site-packages/airflow/example_dags/example_time_delta_sensor_async.py for tasks to queue
[2024-11-14T06:28:38.565+0000] {logging_mixin.py:190} INFO - [2024-11-14T06:28:38.564+0000] {dagbag.py:588} INFO - Filling up the DagBag from /home/airflow/.local/lib/python3.12/site-packages/airflow/example_dags/example_time_delta_sensor_async.py
[2024-11-14T06:28:38.568+0000] {processor.py:925} INFO - DAG(s) 'example_time_delta_sensor_async' retrieved from /home/airflow/.local/lib/python3.12/site-packages/airflow/example_dags/example_time_delta_sensor_async.py
[2024-11-14T06:28:38.578+0000] {logging_mixin.py:190} INFO - [2024-11-14T06:28:38.578+0000] {dag.py:3239} INFO - Sync 1 DAGs
[2024-11-14T06:28:38.584+0000] {logging_mixin.py:190} INFO - [2024-11-14T06:28:38.584+0000] {dag.py:4180} INFO - Setting next_dagrun for example_time_delta_sensor_async to None, run_after=None
[2024-11-14T06:28:38.594+0000] {processor.py:208} INFO - Processing /home/airflow/.local/lib/python3.12/site-packages/airflow/example_dags/example_time_delta_sensor_async.py took 0.034 seconds
[2024-11-14T06:29:09.696+0000] {processor.py:186} INFO - Started process (PID=472) to work on /home/airflow/.local/lib/python3.12/site-packages/airflow/example_dags/example_time_delta_sensor_async.py
[2024-11-14T06:29:09.697+0000] {processor.py:914} INFO - Processing file /home/airflow/.local/lib/python3.12/site-packages/airflow/example_dags/example_time_delta_sensor_async.py for tasks to queue
[2024-11-14T06:29:09.699+0000] {logging_mixin.py:190} INFO - [2024-11-14T06:29:09.699+0000] {dagbag.py:588} INFO - Filling up the DagBag from /home/airflow/.local/lib/python3.12/site-packages/airflow/example_dags/example_time_delta_sensor_async.py
[2024-11-14T06:29:09.707+0000] {processor.py:925} INFO - DAG(s) 'example_time_delta_sensor_async' retrieved from /home/airflow/.local/lib/python3.12/site-packages/airflow/example_dags/example_time_delta_sensor_async.py
[2024-11-14T06:29:09.722+0000] {logging_mixin.py:190} INFO - [2024-11-14T06:29:09.721+0000] {dag.py:3239} INFO - Sync 1 DAGs
[2024-11-14T06:29:09.737+0000] {logging_mixin.py:190} INFO - [2024-11-14T06:29:09.736+0000] {dag.py:4180} INFO - Setting next_dagrun for example_time_delta_sensor_async to None, run_after=None
[2024-11-14T06:29:09.760+0000] {processor.py:208} INFO - Processing /home/airflow/.local/lib/python3.12/site-packages/airflow/example_dags/example_time_delta_sensor_async.py took 0.068 seconds
[2024-11-14T06:29:40.744+0000] {processor.py:186} INFO - Started process (PID=536) to work on /home/airflow/.local/lib/python3.12/site-packages/airflow/example_dags/example_time_delta_sensor_async.py
[2024-11-14T06:29:40.745+0000] {processor.py:914} INFO - Processing file /home/airflow/.local/lib/python3.12/site-packages/airflow/example_dags/example_time_delta_sensor_async.py for tasks to queue
[2024-11-14T06:29:40.746+0000] {logging_mixin.py:190} INFO - [2024-11-14T06:29:40.746+0000] {dagbag.py:588} INFO - Filling up the DagBag from /home/airflow/.local/lib/python3.12/site-packages/airflow/example_dags/example_time_delta_sensor_async.py
[2024-11-14T06:29:40.752+0000] {processor.py:925} INFO - DAG(s) 'example_time_delta_sensor_async' retrieved from /home/airflow/.local/lib/python3.12/site-packages/airflow/example_dags/example_time_delta_sensor_async.py
[2024-11-14T06:29:40.786+0000] {logging_mixin.py:190} INFO - [2024-11-14T06:29:40.785+0000] {dag.py:3239} INFO - Sync 1 DAGs
[2024-11-14T06:29:40.798+0000] {logging_mixin.py:190} INFO - [2024-11-14T06:29:40.797+0000] {dag.py:4180} INFO - Setting next_dagrun for example_time_delta_sensor_async to None, run_after=None
[2024-11-14T06:29:40.820+0000] {processor.py:208} INFO - Processing /home/airflow/.local/lib/python3.12/site-packages/airflow/example_dags/example_time_delta_sensor_async.py took 0.081 seconds
[2024-11-14T06:30:11.321+0000] {processor.py:186} INFO - Started process (PID=600) to work on /home/airflow/.local/lib/python3.12/site-packages/airflow/example_dags/example_time_delta_sensor_async.py
[2024-11-14T06:30:11.321+0000] {processor.py:914} INFO - Processing file /home/airflow/.local/lib/python3.12/site-packages/airflow/example_dags/example_time_delta_sensor_async.py for tasks to queue
[2024-11-14T06:30:11.323+0000] {logging_mixin.py:190} INFO - [2024-11-14T06:30:11.323+0000] {dagbag.py:588} INFO - Filling up the DagBag from /home/airflow/.local/lib/python3.12/site-packages/airflow/example_dags/example_time_delta_sensor_async.py
[2024-11-14T06:30:11.328+0000] {processor.py:925} INFO - DAG(s) 'example_time_delta_sensor_async' retrieved from /home/airflow/.local/lib/python3.12/site-packages/airflow/example_dags/example_time_delta_sensor_async.py
[2024-11-14T06:30:11.344+0000] {logging_mixin.py:190} INFO - [2024-11-14T06:30:11.344+0000] {dag.py:3239} INFO - Sync 1 DAGs
[2024-11-14T06:30:11.353+0000] {logging_mixin.py:190} INFO - [2024-11-14T06:30:11.352+0000] {dag.py:4180} INFO - Setting next_dagrun for example_time_delta_sensor_async to None, run_after=None
[2024-11-14T06:30:11.365+0000] {processor.py:208} INFO - Processing /home/airflow/.local/lib/python3.12/site-packages/airflow/example_dags/example_time_delta_sensor_async.py took 0.048 seconds
[2024-11-14T06:30:41.873+0000] {processor.py:186} INFO - Started process (PID=664) to work on /home/airflow/.local/lib/python3.12/site-packages/airflow/example_dags/example_time_delta_sensor_async.py
[2024-11-14T06:30:41.874+0000] {processor.py:914} INFO - Processing file /home/airflow/.local/lib/python3.12/site-packages/airflow/example_dags/example_time_delta_sensor_async.py for tasks to queue
[2024-11-14T06:30:41.875+0000] {logging_mixin.py:190} INFO - [2024-11-14T06:30:41.875+0000] {dagbag.py:588} INFO - Filling up the DagBag from /home/airflow/.local/lib/python3.12/site-packages/airflow/example_dags/example_time_delta_sensor_async.py
[2024-11-14T06:30:41.880+0000] {processor.py:925} INFO - DAG(s) 'example_time_delta_sensor_async' retrieved from /home/airflow/.local/lib/python3.12/site-packages/airflow/example_dags/example_time_delta_sensor_async.py
[2024-11-14T06:30:41.891+0000] {logging_mixin.py:190} INFO - [2024-11-14T06:30:41.891+0000] {dag.py:3239} INFO - Sync 1 DAGs
[2024-11-14T06:30:41.899+0000] {logging_mixin.py:190} INFO - [2024-11-14T06:30:41.899+0000] {dag.py:4180} INFO - Setting next_dagrun for example_time_delta_sensor_async to None, run_after=None
[2024-11-14T06:30:41.908+0000] {processor.py:208} INFO - Processing /home/airflow/.local/lib/python3.12/site-packages/airflow/example_dags/example_time_delta_sensor_async.py took 0.041 seconds
[2024-11-14T06:31:12.499+0000] {processor.py:186} INFO - Started process (PID=727) to work on /home/airflow/.local/lib/python3.12/site-packages/airflow/example_dags/example_time_delta_sensor_async.py
[2024-11-14T06:31:12.500+0000] {processor.py:914} INFO - Processing file /home/airflow/.local/lib/python3.12/site-packages/airflow/example_dags/example_time_delta_sensor_async.py for tasks to queue
[2024-11-14T06:31:12.501+0000] {logging_mixin.py:190} INFO - [2024-11-14T06:31:12.501+0000] {dagbag.py:588} INFO - Filling up the DagBag from /home/airflow/.local/lib/python3.12/site-packages/airflow/example_dags/example_time_delta_sensor_async.py
[2024-11-14T06:31:12.506+0000] {processor.py:925} INFO - DAG(s) 'example_time_delta_sensor_async' retrieved from /home/airflow/.local/lib/python3.12/site-packages/airflow/example_dags/example_time_delta_sensor_async.py
[2024-11-14T06:31:12.516+0000] {logging_mixin.py:190} INFO - [2024-11-14T06:31:12.516+0000] {dag.py:3239} INFO - Sync 1 DAGs
[2024-11-14T06:31:12.524+0000] {logging_mixin.py:190} INFO - [2024-11-14T06:31:12.524+0000] {dag.py:4180} INFO - Setting next_dagrun for example_time_delta_sensor_async to None, run_after=None
[2024-11-14T06:31:12.532+0000] {processor.py:208} INFO - Processing /home/airflow/.local/lib/python3.12/site-packages/airflow/example_dags/example_time_delta_sensor_async.py took 0.036 seconds
[2024-11-14T06:31:42.860+0000] {processor.py:186} INFO - Started process (PID=791) to work on /home/airflow/.local/lib/python3.12/site-packages/airflow/example_dags/example_time_delta_sensor_async.py
[2024-11-14T06:31:42.860+0000] {processor.py:914} INFO - Processing file /home/airflow/.local/lib/python3.12/site-packages/airflow/example_dags/example_time_delta_sensor_async.py for tasks to queue
[2024-11-14T06:31:42.862+0000] {logging_mixin.py:190} INFO - [2024-11-14T06:31:42.861+0000] {dagbag.py:588} INFO - Filling up the DagBag from /home/airflow/.local/lib/python3.12/site-packages/airflow/example_dags/example_time_delta_sensor_async.py
[2024-11-14T06:31:42.867+0000] {processor.py:925} INFO - DAG(s) 'example_time_delta_sensor_async' retrieved from /home/airflow/.local/lib/python3.12/site-packages/airflow/example_dags/example_time_delta_sensor_async.py
[2024-11-14T06:31:42.878+0000] {logging_mixin.py:190} INFO - [2024-11-14T06:31:42.878+0000] {dag.py:3239} INFO - Sync 1 DAGs
[2024-11-14T06:31:42.886+0000] {logging_mixin.py:190} INFO - [2024-11-14T06:31:42.886+0000] {dag.py:4180} INFO - Setting next_dagrun for example_time_delta_sensor_async to None, run_after=None
[2024-11-14T06:31:42.896+0000] {processor.py:208} INFO - Processing /home/airflow/.local/lib/python3.12/site-packages/airflow/example_dags/example_time_delta_sensor_async.py took 0.040 seconds
[2024-11-14T06:32:13.335+0000] {processor.py:186} INFO - Started process (PID=855) to work on /home/airflow/.local/lib/python3.12/site-packages/airflow/example_dags/example_time_delta_sensor_async.py
[2024-11-14T06:32:13.336+0000] {processor.py:914} INFO - Processing file /home/airflow/.local/lib/python3.12/site-packages/airflow/example_dags/example_time_delta_sensor_async.py for tasks to queue
[2024-11-14T06:32:13.338+0000] {logging_mixin.py:190} INFO - [2024-11-14T06:32:13.337+0000] {dagbag.py:588} INFO - Filling up the DagBag from /home/airflow/.local/lib/python3.12/site-packages/airflow/example_dags/example_time_delta_sensor_async.py
[2024-11-14T06:32:13.342+0000] {processor.py:925} INFO - DAG(s) 'example_time_delta_sensor_async' retrieved from /home/airflow/.local/lib/python3.12/site-packages/airflow/example_dags/example_time_delta_sensor_async.py
[2024-11-14T06:32:13.352+0000] {logging_mixin.py:190} INFO - [2024-11-14T06:32:13.352+0000] {dag.py:3239} INFO - Sync 1 DAGs
[2024-11-14T06:32:13.360+0000] {logging_mixin.py:190} INFO - [2024-11-14T06:32:13.360+0000] {dag.py:4180} INFO - Setting next_dagrun for example_time_delta_sensor_async to None, run_after=None
[2024-11-14T06:32:13.369+0000] {processor.py:208} INFO - Processing /home/airflow/.local/lib/python3.12/site-packages/airflow/example_dags/example_time_delta_sensor_async.py took 0.038 seconds
[2024-11-14T06:32:43.683+0000] {processor.py:186} INFO - Started process (PID=919) to work on /home/airflow/.local/lib/python3.12/site-packages/airflow/example_dags/example_time_delta_sensor_async.py
[2024-11-14T06:32:43.684+0000] {processor.py:914} INFO - Processing file /home/airflow/.local/lib/python3.12/site-packages/airflow/example_dags/example_time_delta_sensor_async.py for tasks to queue
[2024-11-14T06:32:43.686+0000] {logging_mixin.py:190} INFO - [2024-11-14T06:32:43.685+0000] {dagbag.py:588} INFO - Filling up the DagBag from /home/airflow/.local/lib/python3.12/site-packages/airflow/example_dags/example_time_delta_sensor_async.py
[2024-11-14T06:32:43.690+0000] {processor.py:925} INFO - DAG(s) 'example_time_delta_sensor_async' retrieved from /home/airflow/.local/lib/python3.12/site-packages/airflow/example_dags/example_time_delta_sensor_async.py
[2024-11-14T06:32:43.700+0000] {logging_mixin.py:190} INFO - [2024-11-14T06:32:43.700+0000] {dag.py:3239} INFO - Sync 1 DAGs
[2024-11-14T06:32:43.707+0000] {logging_mixin.py:190} INFO - [2024-11-14T06:32:43.707+0000] {dag.py:4180} INFO - Setting next_dagrun for example_time_delta_sensor_async to None, run_after=None
[2024-11-14T06:32:43.717+0000] {processor.py:208} INFO - Processing /home/airflow/.local/lib/python3.12/site-packages/airflow/example_dags/example_time_delta_sensor_async.py took 0.037 seconds
[2024-11-14T06:33:14.175+0000] {processor.py:186} INFO - Started process (PID=983) to work on /home/airflow/.local/lib/python3.12/site-packages/airflow/example_dags/example_time_delta_sensor_async.py
[2024-11-14T06:33:14.175+0000] {processor.py:914} INFO - Processing file /home/airflow/.local/lib/python3.12/site-packages/airflow/example_dags/example_time_delta_sensor_async.py for tasks to queue
[2024-11-14T06:33:14.177+0000] {logging_mixin.py:190} INFO - [2024-11-14T06:33:14.177+0000] {dagbag.py:588} INFO - Filling up the DagBag from /home/airflow/.local/lib/python3.12/site-packages/airflow/example_dags/example_time_delta_sensor_async.py
[2024-11-14T06:33:14.182+0000] {processor.py:925} INFO - DAG(s) 'example_time_delta_sensor_async' retrieved from /home/airflow/.local/lib/python3.12/site-packages/airflow/example_dags/example_time_delta_sensor_async.py
[2024-11-14T06:33:14.194+0000] {logging_mixin.py:190} INFO - [2024-11-14T06:33:14.194+0000] {dag.py:3239} INFO - Sync 1 DAGs
[2024-11-14T06:33:14.202+0000] {logging_mixin.py:190} INFO - [2024-11-14T06:33:14.202+0000] {dag.py:4180} INFO - Setting next_dagrun for example_time_delta_sensor_async to None, run_after=None
[2024-11-14T06:33:14.212+0000] {processor.py:208} INFO - Processing /home/airflow/.local/lib/python3.12/site-packages/airflow/example_dags/example_time_delta_sensor_async.py took 0.041 seconds
[2024-11-14T06:33:44.624+0000] {processor.py:186} INFO - Started process (PID=1047) to work on /home/airflow/.local/lib/python3.12/site-packages/airflow/example_dags/example_time_delta_sensor_async.py
[2024-11-14T06:33:44.625+0000] {processor.py:914} INFO - Processing file /home/airflow/.local/lib/python3.12/site-packages/airflow/example_dags/example_time_delta_sensor_async.py for tasks to queue
[2024-11-14T06:33:44.629+0000] {logging_mixin.py:190} INFO - [2024-11-14T06:33:44.628+0000] {dagbag.py:588} INFO - Filling up the DagBag from /home/airflow/.local/lib/python3.12/site-packages/airflow/example_dags/example_time_delta_sensor_async.py
[2024-11-14T06:33:44.639+0000] {processor.py:925} INFO - DAG(s) 'example_time_delta_sensor_async' retrieved from /home/airflow/.local/lib/python3.12/site-packages/airflow/example_dags/example_time_delta_sensor_async.py
[2024-11-14T06:33:44.651+0000] {logging_mixin.py:190} INFO - [2024-11-14T06:33:44.651+0000] {dag.py:3239} INFO - Sync 1 DAGs
[2024-11-14T06:33:44.663+0000] {logging_mixin.py:190} INFO - [2024-11-14T06:33:44.662+0000] {dag.py:4180} INFO - Setting next_dagrun for example_time_delta_sensor_async to None, run_after=None
[2024-11-14T06:33:44.673+0000] {processor.py:208} INFO - Processing /home/airflow/.local/lib/python3.12/site-packages/airflow/example_dags/example_time_delta_sensor_async.py took 0.054 seconds
[2024-11-14T06:34:15.259+0000] {processor.py:186} INFO - Started process (PID=1110) to work on /home/airflow/.local/lib/python3.12/site-packages/airflow/example_dags/example_time_delta_sensor_async.py
[2024-11-14T06:34:15.260+0000] {processor.py:914} INFO - Processing file /home/airflow/.local/lib/python3.12/site-packages/airflow/example_dags/example_time_delta_sensor_async.py for tasks to queue
[2024-11-14T06:34:15.261+0000] {logging_mixin.py:190} INFO - [2024-11-14T06:34:15.261+0000] {dagbag.py:588} INFO - Filling up the DagBag from /home/airflow/.local/lib/python3.12/site-packages/airflow/example_dags/example_time_delta_sensor_async.py
[2024-11-14T06:34:15.265+0000] {processor.py:925} INFO - DAG(s) 'example_time_delta_sensor_async' retrieved from /home/airflow/.local/lib/python3.12/site-packages/airflow/example_dags/example_time_delta_sensor_async.py
[2024-11-14T06:34:15.276+0000] {logging_mixin.py:190} INFO - [2024-11-14T06:34:15.276+0000] {dag.py:3239} INFO - Sync 1 DAGs
[2024-11-14T06:34:15.283+0000] {logging_mixin.py:190} INFO - [2024-11-14T06:34:15.283+0000] {dag.py:4180} INFO - Setting next_dagrun for example_time_delta_sensor_async to None, run_after=None
[2024-11-14T06:34:15.292+0000] {processor.py:208} INFO - Processing /home/airflow/.local/lib/python3.12/site-packages/airflow/example_dags/example_time_delta_sensor_async.py took 0.036 seconds
[2024-11-14T06:34:45.901+0000] {processor.py:186} INFO - Started process (PID=1174) to work on /home/airflow/.local/lib/python3.12/site-packages/airflow/example_dags/example_time_delta_sensor_async.py
[2024-11-14T06:34:45.902+0000] {processor.py:914} INFO - Processing file /home/airflow/.local/lib/python3.12/site-packages/airflow/example_dags/example_time_delta_sensor_async.py for tasks to queue
[2024-11-14T06:34:45.904+0000] {logging_mixin.py:190} INFO - [2024-11-14T06:34:45.904+0000] {dagbag.py:588} INFO - Filling up the DagBag from /home/airflow/.local/lib/python3.12/site-packages/airflow/example_dags/example_time_delta_sensor_async.py
[2024-11-14T06:34:45.909+0000] {processor.py:925} INFO - DAG(s) 'example_time_delta_sensor_async' retrieved from /home/airflow/.local/lib/python3.12/site-packages/airflow/example_dags/example_time_delta_sensor_async.py
[2024-11-14T06:34:45.920+0000] {logging_mixin.py:190} INFO - [2024-11-14T06:34:45.920+0000] {dag.py:3239} INFO - Sync 1 DAGs
[2024-11-14T06:34:45.928+0000] {logging_mixin.py:190} INFO - [2024-11-14T06:34:45.927+0000] {dag.py:4180} INFO - Setting next_dagrun for example_time_delta_sensor_async to None, run_after=None
[2024-11-14T06:34:45.937+0000] {processor.py:208} INFO - Processing /home/airflow/.local/lib/python3.12/site-packages/airflow/example_dags/example_time_delta_sensor_async.py took 0.040 seconds
[2024-11-14T06:35:16.773+0000] {processor.py:186} INFO - Started process (PID=1238) to work on /home/airflow/.local/lib/python3.12/site-packages/airflow/example_dags/example_time_delta_sensor_async.py
[2024-11-14T06:35:16.774+0000] {processor.py:914} INFO - Processing file /home/airflow/.local/lib/python3.12/site-packages/airflow/example_dags/example_time_delta_sensor_async.py for tasks to queue
[2024-11-14T06:35:16.775+0000] {logging_mixin.py:190} INFO - [2024-11-14T06:35:16.775+0000] {dagbag.py:588} INFO - Filling up the DagBag from /home/airflow/.local/lib/python3.12/site-packages/airflow/example_dags/example_time_delta_sensor_async.py
[2024-11-14T06:35:16.780+0000] {processor.py:925} INFO - DAG(s) 'example_time_delta_sensor_async' retrieved from /home/airflow/.local/lib/python3.12/site-packages/airflow/example_dags/example_time_delta_sensor_async.py
[2024-11-14T06:35:16.790+0000] {logging_mixin.py:190} INFO - [2024-11-14T06:35:16.790+0000] {dag.py:3239} INFO - Sync 1 DAGs
[2024-11-14T06:35:16.798+0000] {logging_mixin.py:190} INFO - [2024-11-14T06:35:16.797+0000] {dag.py:4180} INFO - Setting next_dagrun for example_time_delta_sensor_async to None, run_after=None
[2024-11-14T06:35:16.807+0000] {processor.py:208} INFO - Processing /home/airflow/.local/lib/python3.12/site-packages/airflow/example_dags/example_time_delta_sensor_async.py took 0.037 seconds
[2024-11-14T06:35:47.439+0000] {processor.py:186} INFO - Started process (PID=1302) to work on /home/airflow/.local/lib/python3.12/site-packages/airflow/example_dags/example_time_delta_sensor_async.py
[2024-11-14T06:35:47.442+0000] {processor.py:914} INFO - Processing file /home/airflow/.local/lib/python3.12/site-packages/airflow/example_dags/example_time_delta_sensor_async.py for tasks to queue
[2024-11-14T06:35:47.443+0000] {logging_mixin.py:190} INFO - [2024-11-14T06:35:47.443+0000] {dagbag.py:588} INFO - Filling up the DagBag from /home/airflow/.local/lib/python3.12/site-packages/airflow/example_dags/example_time_delta_sensor_async.py
[2024-11-14T06:35:47.448+0000] {processor.py:925} INFO - DAG(s) 'example_time_delta_sensor_async' retrieved from /home/airflow/.local/lib/python3.12/site-packages/airflow/example_dags/example_time_delta_sensor_async.py
[2024-11-14T06:35:47.461+0000] {logging_mixin.py:190} INFO - [2024-11-14T06:35:47.460+0000] {dag.py:3239} INFO - Sync 1 DAGs
[2024-11-14T06:35:47.468+0000] {logging_mixin.py:190} INFO - [2024-11-14T06:35:47.468+0000] {dag.py:4180} INFO - Setting next_dagrun for example_time_delta_sensor_async to None, run_after=None
[2024-11-14T06:35:47.478+0000] {processor.py:208} INFO - Processing /home/airflow/.local/lib/python3.12/site-packages/airflow/example_dags/example_time_delta_sensor_async.py took 0.043 seconds
[2024-11-14T06:36:18.038+0000] {processor.py:186} INFO - Started process (PID=1366) to work on /home/airflow/.local/lib/python3.12/site-packages/airflow/example_dags/example_time_delta_sensor_async.py
[2024-11-14T06:36:18.040+0000] {processor.py:914} INFO - Processing file /home/airflow/.local/lib/python3.12/site-packages/airflow/example_dags/example_time_delta_sensor_async.py for tasks to queue
[2024-11-14T06:36:18.042+0000] {logging_mixin.py:190} INFO - [2024-11-14T06:36:18.042+0000] {dagbag.py:588} INFO - Filling up the DagBag from /home/airflow/.local/lib/python3.12/site-packages/airflow/example_dags/example_time_delta_sensor_async.py
[2024-11-14T06:36:18.047+0000] {processor.py:925} INFO - DAG(s) 'example_time_delta_sensor_async' retrieved from /home/airflow/.local/lib/python3.12/site-packages/airflow/example_dags/example_time_delta_sensor_async.py
[2024-11-14T06:36:18.064+0000] {logging_mixin.py:190} INFO - [2024-11-14T06:36:18.064+0000] {dag.py:3239} INFO - Sync 1 DAGs
[2024-11-14T06:36:18.073+0000] {logging_mixin.py:190} INFO - [2024-11-14T06:36:18.073+0000] {dag.py:4180} INFO - Setting next_dagrun for example_time_delta_sensor_async to None, run_after=None
[2024-11-14T06:36:18.083+0000] {processor.py:208} INFO - Processing /home/airflow/.local/lib/python3.12/site-packages/airflow/example_dags/example_time_delta_sensor_async.py took 0.048 seconds
[2024-11-14T06:36:48.420+0000] {processor.py:186} INFO - Started process (PID=1430) to work on /home/airflow/.local/lib/python3.12/site-packages/airflow/example_dags/example_time_delta_sensor_async.py
[2024-11-14T06:36:48.421+0000] {processor.py:914} INFO - Processing file /home/airflow/.local/lib/python3.12/site-packages/airflow/example_dags/example_time_delta_sensor_async.py for tasks to queue
[2024-11-14T06:36:48.423+0000] {logging_mixin.py:190} INFO - [2024-11-14T06:36:48.423+0000] {dagbag.py:588} INFO - Filling up the DagBag from /home/airflow/.local/lib/python3.12/site-packages/airflow/example_dags/example_time_delta_sensor_async.py
[2024-11-14T06:36:48.430+0000] {processor.py:925} INFO - DAG(s) 'example_time_delta_sensor_async' retrieved from /home/airflow/.local/lib/python3.12/site-packages/airflow/example_dags/example_time_delta_sensor_async.py
[2024-11-14T06:36:48.477+0000] {logging_mixin.py:190} INFO - [2024-11-14T06:36:48.477+0000] {dag.py:3239} INFO - Sync 1 DAGs
[2024-11-14T06:36:48.485+0000] {logging_mixin.py:190} INFO - [2024-11-14T06:36:48.485+0000] {dag.py:4180} INFO - Setting next_dagrun for example_time_delta_sensor_async to None, run_after=None
[2024-11-14T06:36:48.494+0000] {processor.py:208} INFO - Processing /home/airflow/.local/lib/python3.12/site-packages/airflow/example_dags/example_time_delta_sensor_async.py took 0.078 seconds
[2024-11-14T06:37:18.806+0000] {processor.py:186} INFO - Started process (PID=1494) to work on /home/airflow/.local/lib/python3.12/site-packages/airflow/example_dags/example_time_delta_sensor_async.py
[2024-11-14T06:37:18.807+0000] {processor.py:914} INFO - Processing file /home/airflow/.local/lib/python3.12/site-packages/airflow/example_dags/example_time_delta_sensor_async.py for tasks to queue
[2024-11-14T06:37:18.809+0000] {logging_mixin.py:190} INFO - [2024-11-14T06:37:18.809+0000] {dagbag.py:588} INFO - Filling up the DagBag from /home/airflow/.local/lib/python3.12/site-packages/airflow/example_dags/example_time_delta_sensor_async.py
[2024-11-14T06:37:18.813+0000] {processor.py:925} INFO - DAG(s) 'example_time_delta_sensor_async' retrieved from /home/airflow/.local/lib/python3.12/site-packages/airflow/example_dags/example_time_delta_sensor_async.py
[2024-11-14T06:37:18.824+0000] {logging_mixin.py:190} INFO - [2024-11-14T06:37:18.824+0000] {dag.py:3239} INFO - Sync 1 DAGs
[2024-11-14T06:37:18.834+0000] {logging_mixin.py:190} INFO - [2024-11-14T06:37:18.834+0000] {dag.py:4180} INFO - Setting next_dagrun for example_time_delta_sensor_async to None, run_after=None
[2024-11-14T06:37:18.850+0000] {processor.py:208} INFO - Processing /home/airflow/.local/lib/python3.12/site-packages/airflow/example_dags/example_time_delta_sensor_async.py took 0.048 seconds
[2024-11-14T06:37:49.186+0000] {processor.py:186} INFO - Started process (PID=1558) to work on /home/airflow/.local/lib/python3.12/site-packages/airflow/example_dags/example_time_delta_sensor_async.py
[2024-11-14T06:37:49.187+0000] {processor.py:914} INFO - Processing file /home/airflow/.local/lib/python3.12/site-packages/airflow/example_dags/example_time_delta_sensor_async.py for tasks to queue
[2024-11-14T06:37:49.188+0000] {logging_mixin.py:190} INFO - [2024-11-14T06:37:49.188+0000] {dagbag.py:588} INFO - Filling up the DagBag from /home/airflow/.local/lib/python3.12/site-packages/airflow/example_dags/example_time_delta_sensor_async.py
[2024-11-14T06:37:49.194+0000] {processor.py:925} INFO - DAG(s) 'example_time_delta_sensor_async' retrieved from /home/airflow/.local/lib/python3.12/site-packages/airflow/example_dags/example_time_delta_sensor_async.py
[2024-11-14T06:37:49.207+0000] {logging_mixin.py:190} INFO - [2024-11-14T06:37:49.206+0000] {dag.py:3239} INFO - Sync 1 DAGs
[2024-11-14T06:37:49.217+0000] {logging_mixin.py:190} INFO - [2024-11-14T06:37:49.217+0000] {dag.py:4180} INFO - Setting next_dagrun for example_time_delta_sensor_async to None, run_after=None
[2024-11-14T06:37:49.227+0000] {processor.py:208} INFO - Processing /home/airflow/.local/lib/python3.12/site-packages/airflow/example_dags/example_time_delta_sensor_async.py took 0.044 seconds
[2024-11-14T06:38:19.898+0000] {processor.py:186} INFO - Started process (PID=1622) to work on /home/airflow/.local/lib/python3.12/site-packages/airflow/example_dags/example_time_delta_sensor_async.py
[2024-11-14T06:38:19.898+0000] {processor.py:914} INFO - Processing file /home/airflow/.local/lib/python3.12/site-packages/airflow/example_dags/example_time_delta_sensor_async.py for tasks to queue
[2024-11-14T06:38:19.900+0000] {logging_mixin.py:190} INFO - [2024-11-14T06:38:19.900+0000] {dagbag.py:588} INFO - Filling up the DagBag from /home/airflow/.local/lib/python3.12/site-packages/airflow/example_dags/example_time_delta_sensor_async.py
[2024-11-14T06:38:19.904+0000] {processor.py:925} INFO - DAG(s) 'example_time_delta_sensor_async' retrieved from /home/airflow/.local/lib/python3.12/site-packages/airflow/example_dags/example_time_delta_sensor_async.py
[2024-11-14T06:38:19.916+0000] {logging_mixin.py:190} INFO - [2024-11-14T06:38:19.916+0000] {dag.py:3239} INFO - Sync 1 DAGs
[2024-11-14T06:38:19.924+0000] {logging_mixin.py:190} INFO - [2024-11-14T06:38:19.924+0000] {dag.py:4180} INFO - Setting next_dagrun for example_time_delta_sensor_async to None, run_after=None
[2024-11-14T06:38:19.933+0000] {processor.py:208} INFO - Processing /home/airflow/.local/lib/python3.12/site-packages/airflow/example_dags/example_time_delta_sensor_async.py took 0.039 seconds
[2024-11-14T06:38:50.624+0000] {processor.py:186} INFO - Started process (PID=1686) to work on /home/airflow/.local/lib/python3.12/site-packages/airflow/example_dags/example_time_delta_sensor_async.py
[2024-11-14T06:38:50.625+0000] {processor.py:914} INFO - Processing file /home/airflow/.local/lib/python3.12/site-packages/airflow/example_dags/example_time_delta_sensor_async.py for tasks to queue
[2024-11-14T06:38:50.626+0000] {logging_mixin.py:190} INFO - [2024-11-14T06:38:50.626+0000] {dagbag.py:588} INFO - Filling up the DagBag from /home/airflow/.local/lib/python3.12/site-packages/airflow/example_dags/example_time_delta_sensor_async.py
[2024-11-14T06:38:50.630+0000] {processor.py:925} INFO - DAG(s) 'example_time_delta_sensor_async' retrieved from /home/airflow/.local/lib/python3.12/site-packages/airflow/example_dags/example_time_delta_sensor_async.py
[2024-11-14T06:38:50.642+0000] {logging_mixin.py:190} INFO - [2024-11-14T06:38:50.642+0000] {dag.py:3239} INFO - Sync 1 DAGs
[2024-11-14T06:38:50.649+0000] {logging_mixin.py:190} INFO - [2024-11-14T06:38:50.649+0000] {dag.py:4180} INFO - Setting next_dagrun for example_time_delta_sensor_async to None, run_after=None
[2024-11-14T06:38:50.658+0000] {processor.py:208} INFO - Processing /home/airflow/.local/lib/python3.12/site-packages/airflow/example_dags/example_time_delta_sensor_async.py took 0.037 seconds
[2024-11-14T06:39:21.297+0000] {processor.py:186} INFO - Started process (PID=1751) to work on /home/airflow/.local/lib/python3.12/site-packages/airflow/example_dags/example_time_delta_sensor_async.py
[2024-11-14T06:39:21.298+0000] {processor.py:914} INFO - Processing file /home/airflow/.local/lib/python3.12/site-packages/airflow/example_dags/example_time_delta_sensor_async.py for tasks to queue
[2024-11-14T06:39:21.299+0000] {logging_mixin.py:190} INFO - [2024-11-14T06:39:21.299+0000] {dagbag.py:588} INFO - Filling up the DagBag from /home/airflow/.local/lib/python3.12/site-packages/airflow/example_dags/example_time_delta_sensor_async.py
[2024-11-14T06:39:21.304+0000] {processor.py:925} INFO - DAG(s) 'example_time_delta_sensor_async' retrieved from /home/airflow/.local/lib/python3.12/site-packages/airflow/example_dags/example_time_delta_sensor_async.py
[2024-11-14T06:39:21.319+0000] {logging_mixin.py:190} INFO - [2024-11-14T06:39:21.318+0000] {dag.py:3239} INFO - Sync 1 DAGs
[2024-11-14T06:39:21.328+0000] {logging_mixin.py:190} INFO - [2024-11-14T06:39:21.328+0000] {dag.py:4180} INFO - Setting next_dagrun for example_time_delta_sensor_async to None, run_after=None
[2024-11-14T06:39:21.348+0000] {processor.py:208} INFO - Processing /home/airflow/.local/lib/python3.12/site-packages/airflow/example_dags/example_time_delta_sensor_async.py took 0.054 seconds
[2024-11-14T06:39:52.005+0000] {processor.py:186} INFO - Started process (PID=1815) to work on /home/airflow/.local/lib/python3.12/site-packages/airflow/example_dags/example_time_delta_sensor_async.py
[2024-11-14T06:39:52.006+0000] {processor.py:914} INFO - Processing file /home/airflow/.local/lib/python3.12/site-packages/airflow/example_dags/example_time_delta_sensor_async.py for tasks to queue
[2024-11-14T06:39:52.007+0000] {logging_mixin.py:190} INFO - [2024-11-14T06:39:52.007+0000] {dagbag.py:588} INFO - Filling up the DagBag from /home/airflow/.local/lib/python3.12/site-packages/airflow/example_dags/example_time_delta_sensor_async.py
[2024-11-14T06:39:52.011+0000] {processor.py:925} INFO - DAG(s) 'example_time_delta_sensor_async' retrieved from /home/airflow/.local/lib/python3.12/site-packages/airflow/example_dags/example_time_delta_sensor_async.py
[2024-11-14T06:39:52.022+0000] {logging_mixin.py:190} INFO - [2024-11-14T06:39:52.022+0000] {dag.py:3239} INFO - Sync 1 DAGs
[2024-11-14T06:39:52.029+0000] {logging_mixin.py:190} INFO - [2024-11-14T06:39:52.029+0000] {dag.py:4180} INFO - Setting next_dagrun for example_time_delta_sensor_async to None, run_after=None
[2024-11-14T06:39:52.040+0000] {processor.py:208} INFO - Processing /home/airflow/.local/lib/python3.12/site-packages/airflow/example_dags/example_time_delta_sensor_async.py took 0.038 seconds
[2024-11-14T06:40:22.674+0000] {processor.py:186} INFO - Started process (PID=1879) to work on /home/airflow/.local/lib/python3.12/site-packages/airflow/example_dags/example_time_delta_sensor_async.py
[2024-11-14T06:40:22.675+0000] {processor.py:914} INFO - Processing file /home/airflow/.local/lib/python3.12/site-packages/airflow/example_dags/example_time_delta_sensor_async.py for tasks to queue
[2024-11-14T06:40:22.676+0000] {logging_mixin.py:190} INFO - [2024-11-14T06:40:22.676+0000] {dagbag.py:588} INFO - Filling up the DagBag from /home/airflow/.local/lib/python3.12/site-packages/airflow/example_dags/example_time_delta_sensor_async.py
[2024-11-14T06:40:22.681+0000] {processor.py:925} INFO - DAG(s) 'example_time_delta_sensor_async' retrieved from /home/airflow/.local/lib/python3.12/site-packages/airflow/example_dags/example_time_delta_sensor_async.py
[2024-11-14T06:40:22.694+0000] {logging_mixin.py:190} INFO - [2024-11-14T06:40:22.693+0000] {dag.py:3239} INFO - Sync 1 DAGs
[2024-11-14T06:40:22.701+0000] {logging_mixin.py:190} INFO - [2024-11-14T06:40:22.701+0000] {dag.py:4180} INFO - Setting next_dagrun for example_time_delta_sensor_async to None, run_after=None
[2024-11-14T06:40:22.711+0000] {processor.py:208} INFO - Processing /home/airflow/.local/lib/python3.12/site-packages/airflow/example_dags/example_time_delta_sensor_async.py took 0.041 seconds
[2024-11-14T06:40:53.138+0000] {processor.py:186} INFO - Started process (PID=1943) to work on /home/airflow/.local/lib/python3.12/site-packages/airflow/example_dags/example_time_delta_sensor_async.py
[2024-11-14T06:40:53.139+0000] {processor.py:914} INFO - Processing file /home/airflow/.local/lib/python3.12/site-packages/airflow/example_dags/example_time_delta_sensor_async.py for tasks to queue
[2024-11-14T06:40:53.140+0000] {logging_mixin.py:190} INFO - [2024-11-14T06:40:53.140+0000] {dagbag.py:588} INFO - Filling up the DagBag from /home/airflow/.local/lib/python3.12/site-packages/airflow/example_dags/example_time_delta_sensor_async.py
[2024-11-14T06:40:53.144+0000] {processor.py:925} INFO - DAG(s) 'example_time_delta_sensor_async' retrieved from /home/airflow/.local/lib/python3.12/site-packages/airflow/example_dags/example_time_delta_sensor_async.py
[2024-11-14T06:40:53.156+0000] {logging_mixin.py:190} INFO - [2024-11-14T06:40:53.155+0000] {dag.py:3239} INFO - Sync 1 DAGs
[2024-11-14T06:40:53.163+0000] {logging_mixin.py:190} INFO - [2024-11-14T06:40:53.163+0000] {dag.py:4180} INFO - Setting next_dagrun for example_time_delta_sensor_async to None, run_after=None
[2024-11-14T06:40:53.174+0000] {processor.py:208} INFO - Processing /home/airflow/.local/lib/python3.12/site-packages/airflow/example_dags/example_time_delta_sensor_async.py took 0.039 seconds
[2024-11-14T06:41:24.069+0000] {processor.py:186} INFO - Started process (PID=2006) to work on /home/airflow/.local/lib/python3.12/site-packages/airflow/example_dags/example_time_delta_sensor_async.py
[2024-11-14T06:41:24.069+0000] {processor.py:914} INFO - Processing file /home/airflow/.local/lib/python3.12/site-packages/airflow/example_dags/example_time_delta_sensor_async.py for tasks to queue
[2024-11-14T06:41:24.071+0000] {logging_mixin.py:190} INFO - [2024-11-14T06:41:24.071+0000] {dagbag.py:588} INFO - Filling up the DagBag from /home/airflow/.local/lib/python3.12/site-packages/airflow/example_dags/example_time_delta_sensor_async.py
[2024-11-14T06:41:24.076+0000] {processor.py:925} INFO - DAG(s) 'example_time_delta_sensor_async' retrieved from /home/airflow/.local/lib/python3.12/site-packages/airflow/example_dags/example_time_delta_sensor_async.py
[2024-11-14T06:41:24.091+0000] {logging_mixin.py:190} INFO - [2024-11-14T06:41:24.090+0000] {dag.py:3239} INFO - Sync 1 DAGs
[2024-11-14T06:41:24.098+0000] {logging_mixin.py:190} INFO - [2024-11-14T06:41:24.098+0000] {dag.py:4180} INFO - Setting next_dagrun for example_time_delta_sensor_async to None, run_after=None
[2024-11-14T06:41:24.108+0000] {processor.py:208} INFO - Processing /home/airflow/.local/lib/python3.12/site-packages/airflow/example_dags/example_time_delta_sensor_async.py took 0.044 seconds
