[2024-11-14T06:26:03.080+0000] {processor.py:186} INFO - Started process (PID=69) to work on /home/airflow/.local/lib/python3.12/site-packages/airflow/example_dags/example_subdag_operator.py
[2024-11-14T06:26:03.085+0000] {processor.py:914} INFO - Processing file /home/airflow/.local/lib/python3.12/site-packages/airflow/example_dags/example_subdag_operator.py for tasks to queue
[2024-11-14T06:26:03.094+0000] {logging_mixin.py:190} INFO - [2024-11-14T06:26:03.093+0000] {dagbag.py:588} INFO - Filling up the DagBag from /home/airflow/.local/lib/python3.12/site-packages/airflow/example_dags/example_subdag_operator.py
[2024-11-14T06:26:03.118+0000] {processor.py:925} INFO - DAG(s) 'example_subdag_operator.section-1', 'example_subdag_operator.section-2', 'example_subdag_operator' retrieved from /home/airflow/.local/lib/python3.12/site-packages/airflow/example_dags/example_subdag_operator.py
[2024-11-14T06:26:03.129+0000] {logging_mixin.py:190} INFO - [2024-11-14T06:26:03.129+0000] {dag.py:3239} INFO - Sync 3 DAGs
[2024-11-14T06:26:03.145+0000] {logging_mixin.py:190} INFO - [2024-11-14T06:26:03.145+0000] {dag.py:4180} INFO - Setting next_dagrun for example_subdag_operator to 2022-01-01 00:00:00+00:00, run_after=2022-01-01 00:00:00+00:00
[2024-11-14T06:26:03.147+0000] {logging_mixin.py:190} INFO - [2024-11-14T06:26:03.147+0000] {dag.py:4180} INFO - Setting next_dagrun for example_subdag_operator.section-1 to None, run_after=None
[2024-11-14T06:26:03.149+0000] {logging_mixin.py:190} INFO - [2024-11-14T06:26:03.149+0000] {dag.py:4180} INFO - Setting next_dagrun for example_subdag_operator.section-2 to None, run_after=None
[2024-11-14T06:26:03.154+0000] {logging_mixin.py:190} INFO - [2024-11-14T06:26:03.154+0000] {dag.py:3239} INFO - Sync 2 DAGs
[2024-11-14T06:26:03.157+0000] {logging_mixin.py:190} INFO - [2024-11-14T06:26:03.157+0000] {dag.py:4180} INFO - Setting next_dagrun for example_subdag_operator.section-1 to None, run_after=None
[2024-11-14T06:26:03.157+0000] {logging_mixin.py:190} INFO - [2024-11-14T06:26:03.157+0000] {dag.py:4180} INFO - Setting next_dagrun for example_subdag_operator.section-2 to None, run_after=None
[2024-11-14T06:26:03.163+0000] {processor.py:208} INFO - Processing /home/airflow/.local/lib/python3.12/site-packages/airflow/example_dags/example_subdag_operator.py took 0.087 seconds
[2024-11-14T06:26:34.134+0000] {processor.py:186} INFO - Started process (PID=133) to work on /home/airflow/.local/lib/python3.12/site-packages/airflow/example_dags/example_subdag_operator.py
[2024-11-14T06:26:34.135+0000] {processor.py:914} INFO - Processing file /home/airflow/.local/lib/python3.12/site-packages/airflow/example_dags/example_subdag_operator.py for tasks to queue
[2024-11-14T06:26:34.136+0000] {logging_mixin.py:190} INFO - [2024-11-14T06:26:34.136+0000] {dagbag.py:588} INFO - Filling up the DagBag from /home/airflow/.local/lib/python3.12/site-packages/airflow/example_dags/example_subdag_operator.py
[2024-11-14T06:26:34.156+0000] {processor.py:925} INFO - DAG(s) 'example_subdag_operator.section-1', 'example_subdag_operator.section-2', 'example_subdag_operator' retrieved from /home/airflow/.local/lib/python3.12/site-packages/airflow/example_dags/example_subdag_operator.py
[2024-11-14T06:26:34.164+0000] {logging_mixin.py:190} INFO - [2024-11-14T06:26:34.164+0000] {dag.py:3239} INFO - Sync 3 DAGs
[2024-11-14T06:26:34.189+0000] {logging_mixin.py:190} INFO - [2024-11-14T06:26:34.189+0000] {dag.py:4180} INFO - Setting next_dagrun for example_subdag_operator to 2022-01-01 00:00:00+00:00, run_after=2022-01-01 00:00:00+00:00
[2024-11-14T06:26:34.195+0000] {logging_mixin.py:190} INFO - [2024-11-14T06:26:34.194+0000] {dag.py:4180} INFO - Setting next_dagrun for example_subdag_operator.section-1 to None, run_after=None
[2024-11-14T06:26:34.195+0000] {logging_mixin.py:190} INFO - [2024-11-14T06:26:34.195+0000] {dag.py:4180} INFO - Setting next_dagrun for example_subdag_operator.section-2 to None, run_after=None
[2024-11-14T06:26:34.202+0000] {logging_mixin.py:190} INFO - [2024-11-14T06:26:34.201+0000] {dag.py:3239} INFO - Sync 2 DAGs
[2024-11-14T06:26:34.206+0000] {logging_mixin.py:190} INFO - [2024-11-14T06:26:34.206+0000] {dag.py:4180} INFO - Setting next_dagrun for example_subdag_operator.section-1 to None, run_after=None
[2024-11-14T06:26:34.207+0000] {logging_mixin.py:190} INFO - [2024-11-14T06:26:34.207+0000] {dag.py:4180} INFO - Setting next_dagrun for example_subdag_operator.section-2 to None, run_after=None
[2024-11-14T06:26:34.220+0000] {processor.py:208} INFO - Processing /home/airflow/.local/lib/python3.12/site-packages/airflow/example_dags/example_subdag_operator.py took 0.090 seconds
[2024-11-14T06:27:04.573+0000] {processor.py:186} INFO - Started process (PID=196) to work on /home/airflow/.local/lib/python3.12/site-packages/airflow/example_dags/example_subdag_operator.py
[2024-11-14T06:27:04.574+0000] {processor.py:914} INFO - Processing file /home/airflow/.local/lib/python3.12/site-packages/airflow/example_dags/example_subdag_operator.py for tasks to queue
[2024-11-14T06:27:04.576+0000] {logging_mixin.py:190} INFO - [2024-11-14T06:27:04.576+0000] {dagbag.py:588} INFO - Filling up the DagBag from /home/airflow/.local/lib/python3.12/site-packages/airflow/example_dags/example_subdag_operator.py
[2024-11-14T06:27:04.593+0000] {processor.py:925} INFO - DAG(s) 'example_subdag_operator.section-1', 'example_subdag_operator.section-2', 'example_subdag_operator' retrieved from /home/airflow/.local/lib/python3.12/site-packages/airflow/example_dags/example_subdag_operator.py
[2024-11-14T06:27:04.600+0000] {logging_mixin.py:190} INFO - [2024-11-14T06:27:04.600+0000] {dag.py:3239} INFO - Sync 3 DAGs
[2024-11-14T06:27:04.611+0000] {logging_mixin.py:190} INFO - [2024-11-14T06:27:04.611+0000] {dag.py:4180} INFO - Setting next_dagrun for example_subdag_operator to 2022-01-01 00:00:00+00:00, run_after=2022-01-01 00:00:00+00:00
[2024-11-14T06:27:04.613+0000] {logging_mixin.py:190} INFO - [2024-11-14T06:27:04.613+0000] {dag.py:4180} INFO - Setting next_dagrun for example_subdag_operator.section-1 to None, run_after=None
[2024-11-14T06:27:04.614+0000] {logging_mixin.py:190} INFO - [2024-11-14T06:27:04.614+0000] {dag.py:4180} INFO - Setting next_dagrun for example_subdag_operator.section-2 to None, run_after=None
[2024-11-14T06:27:04.621+0000] {logging_mixin.py:190} INFO - [2024-11-14T06:27:04.621+0000] {dag.py:3239} INFO - Sync 2 DAGs
[2024-11-14T06:27:04.629+0000] {logging_mixin.py:190} INFO - [2024-11-14T06:27:04.628+0000] {dag.py:4180} INFO - Setting next_dagrun for example_subdag_operator.section-1 to None, run_after=None
[2024-11-14T06:27:04.629+0000] {logging_mixin.py:190} INFO - [2024-11-14T06:27:04.629+0000] {dag.py:4180} INFO - Setting next_dagrun for example_subdag_operator.section-2 to None, run_after=None
[2024-11-14T06:27:04.636+0000] {processor.py:208} INFO - Processing /home/airflow/.local/lib/python3.12/site-packages/airflow/example_dags/example_subdag_operator.py took 0.067 seconds
[2024-11-14T06:27:35.275+0000] {processor.py:186} INFO - Started process (PID=266) to work on /home/airflow/.local/lib/python3.12/site-packages/airflow/example_dags/example_subdag_operator.py
[2024-11-14T06:27:35.276+0000] {processor.py:914} INFO - Processing file /home/airflow/.local/lib/python3.12/site-packages/airflow/example_dags/example_subdag_operator.py for tasks to queue
[2024-11-14T06:27:35.278+0000] {logging_mixin.py:190} INFO - [2024-11-14T06:27:35.277+0000] {dagbag.py:588} INFO - Filling up the DagBag from /home/airflow/.local/lib/python3.12/site-packages/airflow/example_dags/example_subdag_operator.py
[2024-11-14T06:27:35.293+0000] {processor.py:925} INFO - DAG(s) 'example_subdag_operator.section-1', 'example_subdag_operator.section-2', 'example_subdag_operator' retrieved from /home/airflow/.local/lib/python3.12/site-packages/airflow/example_dags/example_subdag_operator.py
[2024-11-14T06:27:35.303+0000] {logging_mixin.py:190} INFO - [2024-11-14T06:27:35.303+0000] {dag.py:3239} INFO - Sync 3 DAGs
[2024-11-14T06:27:35.357+0000] {logging_mixin.py:190} INFO - [2024-11-14T06:27:35.356+0000] {dag.py:4180} INFO - Setting next_dagrun for example_subdag_operator to 2022-01-01 00:00:00+00:00, run_after=2022-01-01 00:00:00+00:00
[2024-11-14T06:27:35.366+0000] {logging_mixin.py:190} INFO - [2024-11-14T06:27:35.366+0000] {dag.py:4180} INFO - Setting next_dagrun for example_subdag_operator.section-1 to None, run_after=None
[2024-11-14T06:27:35.372+0000] {logging_mixin.py:190} INFO - [2024-11-14T06:27:35.371+0000] {dag.py:4180} INFO - Setting next_dagrun for example_subdag_operator.section-2 to None, run_after=None
[2024-11-14T06:27:35.380+0000] {logging_mixin.py:190} INFO - [2024-11-14T06:27:35.380+0000] {dag.py:3239} INFO - Sync 2 DAGs
[2024-11-14T06:27:35.387+0000] {logging_mixin.py:190} INFO - [2024-11-14T06:27:35.387+0000] {dag.py:4180} INFO - Setting next_dagrun for example_subdag_operator.section-1 to None, run_after=None
[2024-11-14T06:27:35.387+0000] {logging_mixin.py:190} INFO - [2024-11-14T06:27:35.387+0000] {dag.py:4180} INFO - Setting next_dagrun for example_subdag_operator.section-2 to None, run_after=None
[2024-11-14T06:27:35.394+0000] {processor.py:208} INFO - Processing /home/airflow/.local/lib/python3.12/site-packages/airflow/example_dags/example_subdag_operator.py took 0.124 seconds
[2024-11-14T06:28:05.952+0000] {processor.py:186} INFO - Started process (PID=330) to work on /home/airflow/.local/lib/python3.12/site-packages/airflow/example_dags/example_subdag_operator.py
[2024-11-14T06:28:05.953+0000] {processor.py:914} INFO - Processing file /home/airflow/.local/lib/python3.12/site-packages/airflow/example_dags/example_subdag_operator.py for tasks to queue
[2024-11-14T06:28:05.956+0000] {logging_mixin.py:190} INFO - [2024-11-14T06:28:05.955+0000] {dagbag.py:588} INFO - Filling up the DagBag from /home/airflow/.local/lib/python3.12/site-packages/airflow/example_dags/example_subdag_operator.py
[2024-11-14T06:28:05.983+0000] {processor.py:925} INFO - DAG(s) 'example_subdag_operator.section-1', 'example_subdag_operator.section-2', 'example_subdag_operator' retrieved from /home/airflow/.local/lib/python3.12/site-packages/airflow/example_dags/example_subdag_operator.py
[2024-11-14T06:28:05.993+0000] {logging_mixin.py:190} INFO - [2024-11-14T06:28:05.993+0000] {dag.py:3239} INFO - Sync 3 DAGs
[2024-11-14T06:28:06.008+0000] {logging_mixin.py:190} INFO - [2024-11-14T06:28:06.008+0000] {dag.py:4180} INFO - Setting next_dagrun for example_subdag_operator to 2022-01-01 00:00:00+00:00, run_after=2022-01-01 00:00:00+00:00
[2024-11-14T06:28:06.010+0000] {logging_mixin.py:190} INFO - [2024-11-14T06:28:06.010+0000] {dag.py:4180} INFO - Setting next_dagrun for example_subdag_operator.section-1 to None, run_after=None
[2024-11-14T06:28:06.012+0000] {logging_mixin.py:190} INFO - [2024-11-14T06:28:06.011+0000] {dag.py:4180} INFO - Setting next_dagrun for example_subdag_operator.section-2 to None, run_after=None
[2024-11-14T06:28:06.018+0000] {logging_mixin.py:190} INFO - [2024-11-14T06:28:06.018+0000] {dag.py:3239} INFO - Sync 2 DAGs
[2024-11-14T06:28:06.022+0000] {logging_mixin.py:190} INFO - [2024-11-14T06:28:06.022+0000] {dag.py:4180} INFO - Setting next_dagrun for example_subdag_operator.section-1 to None, run_after=None
[2024-11-14T06:28:06.023+0000] {logging_mixin.py:190} INFO - [2024-11-14T06:28:06.023+0000] {dag.py:4180} INFO - Setting next_dagrun for example_subdag_operator.section-2 to None, run_after=None
[2024-11-14T06:28:06.029+0000] {processor.py:208} INFO - Processing /home/airflow/.local/lib/python3.12/site-packages/airflow/example_dags/example_subdag_operator.py took 0.083 seconds
[2024-11-14T06:28:36.899+0000] {processor.py:186} INFO - Started process (PID=394) to work on /home/airflow/.local/lib/python3.12/site-packages/airflow/example_dags/example_subdag_operator.py
[2024-11-14T06:28:36.901+0000] {processor.py:914} INFO - Processing file /home/airflow/.local/lib/python3.12/site-packages/airflow/example_dags/example_subdag_operator.py for tasks to queue
[2024-11-14T06:28:36.903+0000] {logging_mixin.py:190} INFO - [2024-11-14T06:28:36.903+0000] {dagbag.py:588} INFO - Filling up the DagBag from /home/airflow/.local/lib/python3.12/site-packages/airflow/example_dags/example_subdag_operator.py
[2024-11-14T06:28:36.932+0000] {processor.py:925} INFO - DAG(s) 'example_subdag_operator.section-1', 'example_subdag_operator.section-2', 'example_subdag_operator' retrieved from /home/airflow/.local/lib/python3.12/site-packages/airflow/example_dags/example_subdag_operator.py
[2024-11-14T06:28:36.944+0000] {logging_mixin.py:190} INFO - [2024-11-14T06:28:36.943+0000] {dag.py:3239} INFO - Sync 3 DAGs
[2024-11-14T06:28:36.970+0000] {logging_mixin.py:190} INFO - [2024-11-14T06:28:36.970+0000] {dag.py:4180} INFO - Setting next_dagrun for example_subdag_operator to 2022-01-01 00:00:00+00:00, run_after=2022-01-01 00:00:00+00:00
[2024-11-14T06:28:36.973+0000] {logging_mixin.py:190} INFO - [2024-11-14T06:28:36.973+0000] {dag.py:4180} INFO - Setting next_dagrun for example_subdag_operator.section-1 to None, run_after=None
[2024-11-14T06:28:36.974+0000] {logging_mixin.py:190} INFO - [2024-11-14T06:28:36.974+0000] {dag.py:4180} INFO - Setting next_dagrun for example_subdag_operator.section-2 to None, run_after=None
[2024-11-14T06:28:36.980+0000] {logging_mixin.py:190} INFO - [2024-11-14T06:28:36.980+0000] {dag.py:3239} INFO - Sync 2 DAGs
[2024-11-14T06:28:36.984+0000] {logging_mixin.py:190} INFO - [2024-11-14T06:28:36.984+0000] {dag.py:4180} INFO - Setting next_dagrun for example_subdag_operator.section-1 to None, run_after=None
[2024-11-14T06:28:36.988+0000] {logging_mixin.py:190} INFO - [2024-11-14T06:28:36.988+0000] {dag.py:4180} INFO - Setting next_dagrun for example_subdag_operator.section-2 to None, run_after=None
[2024-11-14T06:28:36.998+0000] {processor.py:208} INFO - Processing /home/airflow/.local/lib/python3.12/site-packages/airflow/example_dags/example_subdag_operator.py took 0.108 seconds
[2024-11-14T06:29:07.918+0000] {processor.py:186} INFO - Started process (PID=457) to work on /home/airflow/.local/lib/python3.12/site-packages/airflow/example_dags/example_subdag_operator.py
[2024-11-14T06:29:07.921+0000] {processor.py:914} INFO - Processing file /home/airflow/.local/lib/python3.12/site-packages/airflow/example_dags/example_subdag_operator.py for tasks to queue
[2024-11-14T06:29:07.925+0000] {logging_mixin.py:190} INFO - [2024-11-14T06:29:07.925+0000] {dagbag.py:588} INFO - Filling up the DagBag from /home/airflow/.local/lib/python3.12/site-packages/airflow/example_dags/example_subdag_operator.py
[2024-11-14T06:29:07.958+0000] {processor.py:925} INFO - DAG(s) 'example_subdag_operator.section-1', 'example_subdag_operator.section-2', 'example_subdag_operator' retrieved from /home/airflow/.local/lib/python3.12/site-packages/airflow/example_dags/example_subdag_operator.py
[2024-11-14T06:29:07.968+0000] {logging_mixin.py:190} INFO - [2024-11-14T06:29:07.968+0000] {dag.py:3239} INFO - Sync 3 DAGs
[2024-11-14T06:29:07.987+0000] {logging_mixin.py:190} INFO - [2024-11-14T06:29:07.987+0000] {dag.py:4180} INFO - Setting next_dagrun for example_subdag_operator to 2022-01-01 00:00:00+00:00, run_after=2022-01-01 00:00:00+00:00
[2024-11-14T06:29:07.989+0000] {logging_mixin.py:190} INFO - [2024-11-14T06:29:07.989+0000] {dag.py:4180} INFO - Setting next_dagrun for example_subdag_operator.section-1 to None, run_after=None
[2024-11-14T06:29:07.990+0000] {logging_mixin.py:190} INFO - [2024-11-14T06:29:07.990+0000] {dag.py:4180} INFO - Setting next_dagrun for example_subdag_operator.section-2 to None, run_after=None
[2024-11-14T06:29:07.995+0000] {logging_mixin.py:190} INFO - [2024-11-14T06:29:07.995+0000] {dag.py:3239} INFO - Sync 2 DAGs
[2024-11-14T06:29:08.000+0000] {logging_mixin.py:190} INFO - [2024-11-14T06:29:08.000+0000] {dag.py:4180} INFO - Setting next_dagrun for example_subdag_operator.section-1 to None, run_after=None
[2024-11-14T06:29:08.001+0000] {logging_mixin.py:190} INFO - [2024-11-14T06:29:08.001+0000] {dag.py:4180} INFO - Setting next_dagrun for example_subdag_operator.section-2 to None, run_after=None
[2024-11-14T06:29:08.011+0000] {processor.py:208} INFO - Processing /home/airflow/.local/lib/python3.12/site-packages/airflow/example_dags/example_subdag_operator.py took 0.102 seconds
[2024-11-14T06:29:38.073+0000] {processor.py:186} INFO - Started process (PID=521) to work on /home/airflow/.local/lib/python3.12/site-packages/airflow/example_dags/example_subdag_operator.py
[2024-11-14T06:29:38.074+0000] {processor.py:914} INFO - Processing file /home/airflow/.local/lib/python3.12/site-packages/airflow/example_dags/example_subdag_operator.py for tasks to queue
[2024-11-14T06:29:38.075+0000] {logging_mixin.py:190} INFO - [2024-11-14T06:29:38.075+0000] {dagbag.py:588} INFO - Filling up the DagBag from /home/airflow/.local/lib/python3.12/site-packages/airflow/example_dags/example_subdag_operator.py
[2024-11-14T06:29:38.091+0000] {processor.py:925} INFO - DAG(s) 'example_subdag_operator.section-1', 'example_subdag_operator.section-2', 'example_subdag_operator' retrieved from /home/airflow/.local/lib/python3.12/site-packages/airflow/example_dags/example_subdag_operator.py
[2024-11-14T06:29:38.100+0000] {logging_mixin.py:190} INFO - [2024-11-14T06:29:38.100+0000] {dag.py:3239} INFO - Sync 3 DAGs
[2024-11-14T06:29:38.114+0000] {logging_mixin.py:190} INFO - [2024-11-14T06:29:38.114+0000] {dag.py:4180} INFO - Setting next_dagrun for example_subdag_operator to 2022-01-01 00:00:00+00:00, run_after=2022-01-01 00:00:00+00:00
[2024-11-14T06:29:38.116+0000] {logging_mixin.py:190} INFO - [2024-11-14T06:29:38.116+0000] {dag.py:4180} INFO - Setting next_dagrun for example_subdag_operator.section-1 to None, run_after=None
[2024-11-14T06:29:38.117+0000] {logging_mixin.py:190} INFO - [2024-11-14T06:29:38.117+0000] {dag.py:4180} INFO - Setting next_dagrun for example_subdag_operator.section-2 to None, run_after=None
[2024-11-14T06:29:38.122+0000] {logging_mixin.py:190} INFO - [2024-11-14T06:29:38.122+0000] {dag.py:3239} INFO - Sync 2 DAGs
[2024-11-14T06:29:38.125+0000] {logging_mixin.py:190} INFO - [2024-11-14T06:29:38.125+0000] {dag.py:4180} INFO - Setting next_dagrun for example_subdag_operator.section-1 to None, run_after=None
[2024-11-14T06:29:38.125+0000] {logging_mixin.py:190} INFO - [2024-11-14T06:29:38.125+0000] {dag.py:4180} INFO - Setting next_dagrun for example_subdag_operator.section-2 to None, run_after=None
[2024-11-14T06:29:38.132+0000] {processor.py:208} INFO - Processing /home/airflow/.local/lib/python3.12/site-packages/airflow/example_dags/example_subdag_operator.py took 0.062 seconds
[2024-11-14T06:30:08.792+0000] {processor.py:186} INFO - Started process (PID=585) to work on /home/airflow/.local/lib/python3.12/site-packages/airflow/example_dags/example_subdag_operator.py
[2024-11-14T06:30:08.793+0000] {processor.py:914} INFO - Processing file /home/airflow/.local/lib/python3.12/site-packages/airflow/example_dags/example_subdag_operator.py for tasks to queue
[2024-11-14T06:30:08.795+0000] {logging_mixin.py:190} INFO - [2024-11-14T06:30:08.795+0000] {dagbag.py:588} INFO - Filling up the DagBag from /home/airflow/.local/lib/python3.12/site-packages/airflow/example_dags/example_subdag_operator.py
[2024-11-14T06:30:08.814+0000] {processor.py:925} INFO - DAG(s) 'example_subdag_operator.section-1', 'example_subdag_operator.section-2', 'example_subdag_operator' retrieved from /home/airflow/.local/lib/python3.12/site-packages/airflow/example_dags/example_subdag_operator.py
[2024-11-14T06:30:08.826+0000] {logging_mixin.py:190} INFO - [2024-11-14T06:30:08.826+0000] {dag.py:3239} INFO - Sync 3 DAGs
[2024-11-14T06:30:08.838+0000] {logging_mixin.py:190} INFO - [2024-11-14T06:30:08.838+0000] {dag.py:4180} INFO - Setting next_dagrun for example_subdag_operator to 2022-01-01 00:00:00+00:00, run_after=2022-01-01 00:00:00+00:00
[2024-11-14T06:30:08.840+0000] {logging_mixin.py:190} INFO - [2024-11-14T06:30:08.840+0000] {dag.py:4180} INFO - Setting next_dagrun for example_subdag_operator.section-1 to None, run_after=None
[2024-11-14T06:30:08.844+0000] {logging_mixin.py:190} INFO - [2024-11-14T06:30:08.844+0000] {dag.py:4180} INFO - Setting next_dagrun for example_subdag_operator.section-2 to None, run_after=None
[2024-11-14T06:30:08.848+0000] {logging_mixin.py:190} INFO - [2024-11-14T06:30:08.848+0000] {dag.py:3239} INFO - Sync 2 DAGs
[2024-11-14T06:30:08.851+0000] {logging_mixin.py:190} INFO - [2024-11-14T06:30:08.851+0000] {dag.py:4180} INFO - Setting next_dagrun for example_subdag_operator.section-1 to None, run_after=None
[2024-11-14T06:30:08.852+0000] {logging_mixin.py:190} INFO - [2024-11-14T06:30:08.852+0000] {dag.py:4180} INFO - Setting next_dagrun for example_subdag_operator.section-2 to None, run_after=None
[2024-11-14T06:30:08.858+0000] {processor.py:208} INFO - Processing /home/airflow/.local/lib/python3.12/site-packages/airflow/example_dags/example_subdag_operator.py took 0.072 seconds
[2024-11-14T06:30:39.269+0000] {processor.py:186} INFO - Started process (PID=649) to work on /home/airflow/.local/lib/python3.12/site-packages/airflow/example_dags/example_subdag_operator.py
[2024-11-14T06:30:39.270+0000] {processor.py:914} INFO - Processing file /home/airflow/.local/lib/python3.12/site-packages/airflow/example_dags/example_subdag_operator.py for tasks to queue
[2024-11-14T06:30:39.271+0000] {logging_mixin.py:190} INFO - [2024-11-14T06:30:39.271+0000] {dagbag.py:588} INFO - Filling up the DagBag from /home/airflow/.local/lib/python3.12/site-packages/airflow/example_dags/example_subdag_operator.py
[2024-11-14T06:30:39.288+0000] {processor.py:925} INFO - DAG(s) 'example_subdag_operator.section-1', 'example_subdag_operator.section-2', 'example_subdag_operator' retrieved from /home/airflow/.local/lib/python3.12/site-packages/airflow/example_dags/example_subdag_operator.py
[2024-11-14T06:30:39.296+0000] {logging_mixin.py:190} INFO - [2024-11-14T06:30:39.295+0000] {dag.py:3239} INFO - Sync 3 DAGs
[2024-11-14T06:30:39.312+0000] {logging_mixin.py:190} INFO - [2024-11-14T06:30:39.311+0000] {dag.py:4180} INFO - Setting next_dagrun for example_subdag_operator to 2022-01-01 00:00:00+00:00, run_after=2022-01-01 00:00:00+00:00
[2024-11-14T06:30:39.314+0000] {logging_mixin.py:190} INFO - [2024-11-14T06:30:39.314+0000] {dag.py:4180} INFO - Setting next_dagrun for example_subdag_operator.section-1 to None, run_after=None
[2024-11-14T06:30:39.317+0000] {logging_mixin.py:190} INFO - [2024-11-14T06:30:39.317+0000] {dag.py:4180} INFO - Setting next_dagrun for example_subdag_operator.section-2 to None, run_after=None
[2024-11-14T06:30:39.322+0000] {logging_mixin.py:190} INFO - [2024-11-14T06:30:39.322+0000] {dag.py:3239} INFO - Sync 2 DAGs
[2024-11-14T06:30:39.325+0000] {logging_mixin.py:190} INFO - [2024-11-14T06:30:39.325+0000] {dag.py:4180} INFO - Setting next_dagrun for example_subdag_operator.section-1 to None, run_after=None
[2024-11-14T06:30:39.325+0000] {logging_mixin.py:190} INFO - [2024-11-14T06:30:39.325+0000] {dag.py:4180} INFO - Setting next_dagrun for example_subdag_operator.section-2 to None, run_after=None
[2024-11-14T06:30:39.331+0000] {processor.py:208} INFO - Processing /home/airflow/.local/lib/python3.12/site-packages/airflow/example_dags/example_subdag_operator.py took 0.066 seconds
[2024-11-14T06:31:09.898+0000] {processor.py:186} INFO - Started process (PID=712) to work on /home/airflow/.local/lib/python3.12/site-packages/airflow/example_dags/example_subdag_operator.py
[2024-11-14T06:31:09.899+0000] {processor.py:914} INFO - Processing file /home/airflow/.local/lib/python3.12/site-packages/airflow/example_dags/example_subdag_operator.py for tasks to queue
[2024-11-14T06:31:09.901+0000] {logging_mixin.py:190} INFO - [2024-11-14T06:31:09.901+0000] {dagbag.py:588} INFO - Filling up the DagBag from /home/airflow/.local/lib/python3.12/site-packages/airflow/example_dags/example_subdag_operator.py
[2024-11-14T06:31:09.916+0000] {processor.py:925} INFO - DAG(s) 'example_subdag_operator.section-1', 'example_subdag_operator.section-2', 'example_subdag_operator' retrieved from /home/airflow/.local/lib/python3.12/site-packages/airflow/example_dags/example_subdag_operator.py
[2024-11-14T06:31:09.924+0000] {logging_mixin.py:190} INFO - [2024-11-14T06:31:09.924+0000] {dag.py:3239} INFO - Sync 3 DAGs
[2024-11-14T06:31:09.936+0000] {logging_mixin.py:190} INFO - [2024-11-14T06:31:09.936+0000] {dag.py:4180} INFO - Setting next_dagrun for example_subdag_operator to 2022-01-01 00:00:00+00:00, run_after=2022-01-01 00:00:00+00:00
[2024-11-14T06:31:09.939+0000] {logging_mixin.py:190} INFO - [2024-11-14T06:31:09.938+0000] {dag.py:4180} INFO - Setting next_dagrun for example_subdag_operator.section-1 to None, run_after=None
[2024-11-14T06:31:09.939+0000] {logging_mixin.py:190} INFO - [2024-11-14T06:31:09.939+0000] {dag.py:4180} INFO - Setting next_dagrun for example_subdag_operator.section-2 to None, run_after=None
[2024-11-14T06:31:09.943+0000] {logging_mixin.py:190} INFO - [2024-11-14T06:31:09.943+0000] {dag.py:3239} INFO - Sync 2 DAGs
[2024-11-14T06:31:09.946+0000] {logging_mixin.py:190} INFO - [2024-11-14T06:31:09.946+0000] {dag.py:4180} INFO - Setting next_dagrun for example_subdag_operator.section-1 to None, run_after=None
[2024-11-14T06:31:09.946+0000] {logging_mixin.py:190} INFO - [2024-11-14T06:31:09.946+0000] {dag.py:4180} INFO - Setting next_dagrun for example_subdag_operator.section-2 to None, run_after=None
[2024-11-14T06:31:09.952+0000] {processor.py:208} INFO - Processing /home/airflow/.local/lib/python3.12/site-packages/airflow/example_dags/example_subdag_operator.py took 0.058 seconds
[2024-11-14T06:31:40.322+0000] {processor.py:186} INFO - Started process (PID=776) to work on /home/airflow/.local/lib/python3.12/site-packages/airflow/example_dags/example_subdag_operator.py
[2024-11-14T06:31:40.323+0000] {processor.py:914} INFO - Processing file /home/airflow/.local/lib/python3.12/site-packages/airflow/example_dags/example_subdag_operator.py for tasks to queue
[2024-11-14T06:31:40.325+0000] {logging_mixin.py:190} INFO - [2024-11-14T06:31:40.325+0000] {dagbag.py:588} INFO - Filling up the DagBag from /home/airflow/.local/lib/python3.12/site-packages/airflow/example_dags/example_subdag_operator.py
[2024-11-14T06:31:40.345+0000] {processor.py:925} INFO - DAG(s) 'example_subdag_operator.section-1', 'example_subdag_operator.section-2', 'example_subdag_operator' retrieved from /home/airflow/.local/lib/python3.12/site-packages/airflow/example_dags/example_subdag_operator.py
[2024-11-14T06:31:40.355+0000] {logging_mixin.py:190} INFO - [2024-11-14T06:31:40.355+0000] {dag.py:3239} INFO - Sync 3 DAGs
[2024-11-14T06:31:40.371+0000] {logging_mixin.py:190} INFO - [2024-11-14T06:31:40.371+0000] {dag.py:4180} INFO - Setting next_dagrun for example_subdag_operator to 2022-01-01 00:00:00+00:00, run_after=2022-01-01 00:00:00+00:00
[2024-11-14T06:31:40.375+0000] {logging_mixin.py:190} INFO - [2024-11-14T06:31:40.375+0000] {dag.py:4180} INFO - Setting next_dagrun for example_subdag_operator.section-1 to None, run_after=None
[2024-11-14T06:31:40.376+0000] {logging_mixin.py:190} INFO - [2024-11-14T06:31:40.376+0000] {dag.py:4180} INFO - Setting next_dagrun for example_subdag_operator.section-2 to None, run_after=None
[2024-11-14T06:31:40.381+0000] {logging_mixin.py:190} INFO - [2024-11-14T06:31:40.380+0000] {dag.py:3239} INFO - Sync 2 DAGs
[2024-11-14T06:31:40.384+0000] {logging_mixin.py:190} INFO - [2024-11-14T06:31:40.384+0000] {dag.py:4180} INFO - Setting next_dagrun for example_subdag_operator.section-1 to None, run_after=None
[2024-11-14T06:31:40.384+0000] {logging_mixin.py:190} INFO - [2024-11-14T06:31:40.384+0000] {dag.py:4180} INFO - Setting next_dagrun for example_subdag_operator.section-2 to None, run_after=None
[2024-11-14T06:31:40.390+0000] {processor.py:208} INFO - Processing /home/airflow/.local/lib/python3.12/site-packages/airflow/example_dags/example_subdag_operator.py took 0.072 seconds
[2024-11-14T06:32:10.716+0000] {processor.py:186} INFO - Started process (PID=840) to work on /home/airflow/.local/lib/python3.12/site-packages/airflow/example_dags/example_subdag_operator.py
[2024-11-14T06:32:10.717+0000] {processor.py:914} INFO - Processing file /home/airflow/.local/lib/python3.12/site-packages/airflow/example_dags/example_subdag_operator.py for tasks to queue
[2024-11-14T06:32:10.719+0000] {logging_mixin.py:190} INFO - [2024-11-14T06:32:10.718+0000] {dagbag.py:588} INFO - Filling up the DagBag from /home/airflow/.local/lib/python3.12/site-packages/airflow/example_dags/example_subdag_operator.py
[2024-11-14T06:32:10.740+0000] {processor.py:925} INFO - DAG(s) 'example_subdag_operator.section-1', 'example_subdag_operator.section-2', 'example_subdag_operator' retrieved from /home/airflow/.local/lib/python3.12/site-packages/airflow/example_dags/example_subdag_operator.py
[2024-11-14T06:32:10.749+0000] {logging_mixin.py:190} INFO - [2024-11-14T06:32:10.749+0000] {dag.py:3239} INFO - Sync 3 DAGs
[2024-11-14T06:32:10.774+0000] {logging_mixin.py:190} INFO - [2024-11-14T06:32:10.774+0000] {dag.py:4180} INFO - Setting next_dagrun for example_subdag_operator to 2022-01-01 00:00:00+00:00, run_after=2022-01-01 00:00:00+00:00
[2024-11-14T06:32:10.776+0000] {logging_mixin.py:190} INFO - [2024-11-14T06:32:10.776+0000] {dag.py:4180} INFO - Setting next_dagrun for example_subdag_operator.section-1 to None, run_after=None
[2024-11-14T06:32:10.777+0000] {logging_mixin.py:190} INFO - [2024-11-14T06:32:10.777+0000] {dag.py:4180} INFO - Setting next_dagrun for example_subdag_operator.section-2 to None, run_after=None
[2024-11-14T06:32:10.782+0000] {logging_mixin.py:190} INFO - [2024-11-14T06:32:10.782+0000] {dag.py:3239} INFO - Sync 2 DAGs
[2024-11-14T06:32:10.784+0000] {logging_mixin.py:190} INFO - [2024-11-14T06:32:10.784+0000] {dag.py:4180} INFO - Setting next_dagrun for example_subdag_operator.section-1 to None, run_after=None
[2024-11-14T06:32:10.785+0000] {logging_mixin.py:190} INFO - [2024-11-14T06:32:10.785+0000] {dag.py:4180} INFO - Setting next_dagrun for example_subdag_operator.section-2 to None, run_after=None
[2024-11-14T06:32:10.790+0000] {processor.py:208} INFO - Processing /home/airflow/.local/lib/python3.12/site-packages/airflow/example_dags/example_subdag_operator.py took 0.079 seconds
[2024-11-14T06:32:41.140+0000] {processor.py:186} INFO - Started process (PID=904) to work on /home/airflow/.local/lib/python3.12/site-packages/airflow/example_dags/example_subdag_operator.py
[2024-11-14T06:32:41.141+0000] {processor.py:914} INFO - Processing file /home/airflow/.local/lib/python3.12/site-packages/airflow/example_dags/example_subdag_operator.py for tasks to queue
[2024-11-14T06:32:41.143+0000] {logging_mixin.py:190} INFO - [2024-11-14T06:32:41.143+0000] {dagbag.py:588} INFO - Filling up the DagBag from /home/airflow/.local/lib/python3.12/site-packages/airflow/example_dags/example_subdag_operator.py
[2024-11-14T06:32:41.162+0000] {processor.py:925} INFO - DAG(s) 'example_subdag_operator.section-1', 'example_subdag_operator.section-2', 'example_subdag_operator' retrieved from /home/airflow/.local/lib/python3.12/site-packages/airflow/example_dags/example_subdag_operator.py
[2024-11-14T06:32:41.170+0000] {logging_mixin.py:190} INFO - [2024-11-14T06:32:41.170+0000] {dag.py:3239} INFO - Sync 3 DAGs
[2024-11-14T06:32:41.182+0000] {logging_mixin.py:190} INFO - [2024-11-14T06:32:41.182+0000] {dag.py:4180} INFO - Setting next_dagrun for example_subdag_operator to 2022-01-01 00:00:00+00:00, run_after=2022-01-01 00:00:00+00:00
[2024-11-14T06:32:41.184+0000] {logging_mixin.py:190} INFO - [2024-11-14T06:32:41.184+0000] {dag.py:4180} INFO - Setting next_dagrun for example_subdag_operator.section-1 to None, run_after=None
[2024-11-14T06:32:41.185+0000] {logging_mixin.py:190} INFO - [2024-11-14T06:32:41.185+0000] {dag.py:4180} INFO - Setting next_dagrun for example_subdag_operator.section-2 to None, run_after=None
[2024-11-14T06:32:41.192+0000] {logging_mixin.py:190} INFO - [2024-11-14T06:32:41.191+0000] {dag.py:3239} INFO - Sync 2 DAGs
[2024-11-14T06:32:41.197+0000] {logging_mixin.py:190} INFO - [2024-11-14T06:32:41.197+0000] {dag.py:4180} INFO - Setting next_dagrun for example_subdag_operator.section-1 to None, run_after=None
[2024-11-14T06:32:41.197+0000] {logging_mixin.py:190} INFO - [2024-11-14T06:32:41.197+0000] {dag.py:4180} INFO - Setting next_dagrun for example_subdag_operator.section-2 to None, run_after=None
[2024-11-14T06:32:41.204+0000] {processor.py:208} INFO - Processing /home/airflow/.local/lib/python3.12/site-packages/airflow/example_dags/example_subdag_operator.py took 0.070 seconds
[2024-11-14T06:33:11.504+0000] {processor.py:186} INFO - Started process (PID=968) to work on /home/airflow/.local/lib/python3.12/site-packages/airflow/example_dags/example_subdag_operator.py
[2024-11-14T06:33:11.505+0000] {processor.py:914} INFO - Processing file /home/airflow/.local/lib/python3.12/site-packages/airflow/example_dags/example_subdag_operator.py for tasks to queue
[2024-11-14T06:33:11.508+0000] {logging_mixin.py:190} INFO - [2024-11-14T06:33:11.508+0000] {dagbag.py:588} INFO - Filling up the DagBag from /home/airflow/.local/lib/python3.12/site-packages/airflow/example_dags/example_subdag_operator.py
[2024-11-14T06:33:11.536+0000] {processor.py:925} INFO - DAG(s) 'example_subdag_operator.section-1', 'example_subdag_operator.section-2', 'example_subdag_operator' retrieved from /home/airflow/.local/lib/python3.12/site-packages/airflow/example_dags/example_subdag_operator.py
[2024-11-14T06:33:11.552+0000] {logging_mixin.py:190} INFO - [2024-11-14T06:33:11.552+0000] {dag.py:3239} INFO - Sync 3 DAGs
[2024-11-14T06:33:11.566+0000] {logging_mixin.py:190} INFO - [2024-11-14T06:33:11.566+0000] {dag.py:4180} INFO - Setting next_dagrun for example_subdag_operator to 2022-01-01 00:00:00+00:00, run_after=2022-01-01 00:00:00+00:00
[2024-11-14T06:33:11.568+0000] {logging_mixin.py:190} INFO - [2024-11-14T06:33:11.568+0000] {dag.py:4180} INFO - Setting next_dagrun for example_subdag_operator.section-1 to None, run_after=None
[2024-11-14T06:33:11.569+0000] {logging_mixin.py:190} INFO - [2024-11-14T06:33:11.569+0000] {dag.py:4180} INFO - Setting next_dagrun for example_subdag_operator.section-2 to None, run_after=None
[2024-11-14T06:33:11.573+0000] {logging_mixin.py:190} INFO - [2024-11-14T06:33:11.573+0000] {dag.py:3239} INFO - Sync 2 DAGs
[2024-11-14T06:33:11.576+0000] {logging_mixin.py:190} INFO - [2024-11-14T06:33:11.576+0000] {dag.py:4180} INFO - Setting next_dagrun for example_subdag_operator.section-1 to None, run_after=None
[2024-11-14T06:33:11.576+0000] {logging_mixin.py:190} INFO - [2024-11-14T06:33:11.576+0000] {dag.py:4180} INFO - Setting next_dagrun for example_subdag_operator.section-2 to None, run_after=None
[2024-11-14T06:33:11.581+0000] {processor.py:208} INFO - Processing /home/airflow/.local/lib/python3.12/site-packages/airflow/example_dags/example_subdag_operator.py took 0.088 seconds
[2024-11-14T06:33:41.946+0000] {processor.py:186} INFO - Started process (PID=1032) to work on /home/airflow/.local/lib/python3.12/site-packages/airflow/example_dags/example_subdag_operator.py
[2024-11-14T06:33:41.947+0000] {processor.py:914} INFO - Processing file /home/airflow/.local/lib/python3.12/site-packages/airflow/example_dags/example_subdag_operator.py for tasks to queue
[2024-11-14T06:33:41.949+0000] {logging_mixin.py:190} INFO - [2024-11-14T06:33:41.949+0000] {dagbag.py:588} INFO - Filling up the DagBag from /home/airflow/.local/lib/python3.12/site-packages/airflow/example_dags/example_subdag_operator.py
[2024-11-14T06:33:41.971+0000] {processor.py:925} INFO - DAG(s) 'example_subdag_operator.section-1', 'example_subdag_operator.section-2', 'example_subdag_operator' retrieved from /home/airflow/.local/lib/python3.12/site-packages/airflow/example_dags/example_subdag_operator.py
[2024-11-14T06:33:41.996+0000] {logging_mixin.py:190} INFO - [2024-11-14T06:33:41.995+0000] {dag.py:3239} INFO - Sync 3 DAGs
[2024-11-14T06:33:42.014+0000] {logging_mixin.py:190} INFO - [2024-11-14T06:33:42.014+0000] {dag.py:4180} INFO - Setting next_dagrun for example_subdag_operator to 2022-01-01 00:00:00+00:00, run_after=2022-01-01 00:00:00+00:00
[2024-11-14T06:33:42.016+0000] {logging_mixin.py:190} INFO - [2024-11-14T06:33:42.016+0000] {dag.py:4180} INFO - Setting next_dagrun for example_subdag_operator.section-1 to None, run_after=None
[2024-11-14T06:33:42.017+0000] {logging_mixin.py:190} INFO - [2024-11-14T06:33:42.017+0000] {dag.py:4180} INFO - Setting next_dagrun for example_subdag_operator.section-2 to None, run_after=None
[2024-11-14T06:33:42.021+0000] {logging_mixin.py:190} INFO - [2024-11-14T06:33:42.021+0000] {dag.py:3239} INFO - Sync 2 DAGs
[2024-11-14T06:33:42.026+0000] {logging_mixin.py:190} INFO - [2024-11-14T06:33:42.025+0000] {dag.py:4180} INFO - Setting next_dagrun for example_subdag_operator.section-1 to None, run_after=None
[2024-11-14T06:33:42.026+0000] {logging_mixin.py:190} INFO - [2024-11-14T06:33:42.026+0000] {dag.py:4180} INFO - Setting next_dagrun for example_subdag_operator.section-2 to None, run_after=None
[2024-11-14T06:33:42.033+0000] {processor.py:208} INFO - Processing /home/airflow/.local/lib/python3.12/site-packages/airflow/example_dags/example_subdag_operator.py took 0.093 seconds
[2024-11-14T06:34:12.711+0000] {processor.py:186} INFO - Started process (PID=1095) to work on /home/airflow/.local/lib/python3.12/site-packages/airflow/example_dags/example_subdag_operator.py
[2024-11-14T06:34:12.713+0000] {processor.py:914} INFO - Processing file /home/airflow/.local/lib/python3.12/site-packages/airflow/example_dags/example_subdag_operator.py for tasks to queue
[2024-11-14T06:34:12.716+0000] {logging_mixin.py:190} INFO - [2024-11-14T06:34:12.715+0000] {dagbag.py:588} INFO - Filling up the DagBag from /home/airflow/.local/lib/python3.12/site-packages/airflow/example_dags/example_subdag_operator.py
[2024-11-14T06:34:12.735+0000] {processor.py:925} INFO - DAG(s) 'example_subdag_operator.section-1', 'example_subdag_operator.section-2', 'example_subdag_operator' retrieved from /home/airflow/.local/lib/python3.12/site-packages/airflow/example_dags/example_subdag_operator.py
[2024-11-14T06:34:12.745+0000] {logging_mixin.py:190} INFO - [2024-11-14T06:34:12.745+0000] {dag.py:3239} INFO - Sync 3 DAGs
[2024-11-14T06:34:12.788+0000] {logging_mixin.py:190} INFO - [2024-11-14T06:34:12.788+0000] {dag.py:4180} INFO - Setting next_dagrun for example_subdag_operator to 2022-01-01 00:00:00+00:00, run_after=2022-01-01 00:00:00+00:00
[2024-11-14T06:34:12.791+0000] {logging_mixin.py:190} INFO - [2024-11-14T06:34:12.791+0000] {dag.py:4180} INFO - Setting next_dagrun for example_subdag_operator.section-1 to None, run_after=None
[2024-11-14T06:34:12.792+0000] {logging_mixin.py:190} INFO - [2024-11-14T06:34:12.792+0000] {dag.py:4180} INFO - Setting next_dagrun for example_subdag_operator.section-2 to None, run_after=None
[2024-11-14T06:34:12.797+0000] {logging_mixin.py:190} INFO - [2024-11-14T06:34:12.797+0000] {dag.py:3239} INFO - Sync 2 DAGs
[2024-11-14T06:34:12.800+0000] {logging_mixin.py:190} INFO - [2024-11-14T06:34:12.800+0000] {dag.py:4180} INFO - Setting next_dagrun for example_subdag_operator.section-1 to None, run_after=None
[2024-11-14T06:34:12.800+0000] {logging_mixin.py:190} INFO - [2024-11-14T06:34:12.800+0000] {dag.py:4180} INFO - Setting next_dagrun for example_subdag_operator.section-2 to None, run_after=None
[2024-11-14T06:34:12.807+0000] {processor.py:208} INFO - Processing /home/airflow/.local/lib/python3.12/site-packages/airflow/example_dags/example_subdag_operator.py took 0.103 seconds
[2024-11-14T06:34:43.244+0000] {processor.py:186} INFO - Started process (PID=1159) to work on /home/airflow/.local/lib/python3.12/site-packages/airflow/example_dags/example_subdag_operator.py
[2024-11-14T06:34:43.245+0000] {processor.py:914} INFO - Processing file /home/airflow/.local/lib/python3.12/site-packages/airflow/example_dags/example_subdag_operator.py for tasks to queue
[2024-11-14T06:34:43.247+0000] {logging_mixin.py:190} INFO - [2024-11-14T06:34:43.246+0000] {dagbag.py:588} INFO - Filling up the DagBag from /home/airflow/.local/lib/python3.12/site-packages/airflow/example_dags/example_subdag_operator.py
[2024-11-14T06:34:43.268+0000] {processor.py:925} INFO - DAG(s) 'example_subdag_operator.section-1', 'example_subdag_operator.section-2', 'example_subdag_operator' retrieved from /home/airflow/.local/lib/python3.12/site-packages/airflow/example_dags/example_subdag_operator.py
[2024-11-14T06:34:43.277+0000] {logging_mixin.py:190} INFO - [2024-11-14T06:34:43.277+0000] {dag.py:3239} INFO - Sync 3 DAGs
[2024-11-14T06:34:43.289+0000] {logging_mixin.py:190} INFO - [2024-11-14T06:34:43.289+0000] {dag.py:4180} INFO - Setting next_dagrun for example_subdag_operator to 2022-01-01 00:00:00+00:00, run_after=2022-01-01 00:00:00+00:00
[2024-11-14T06:34:43.291+0000] {logging_mixin.py:190} INFO - [2024-11-14T06:34:43.291+0000] {dag.py:4180} INFO - Setting next_dagrun for example_subdag_operator.section-1 to None, run_after=None
[2024-11-14T06:34:43.292+0000] {logging_mixin.py:190} INFO - [2024-11-14T06:34:43.292+0000] {dag.py:4180} INFO - Setting next_dagrun for example_subdag_operator.section-2 to None, run_after=None
[2024-11-14T06:34:43.295+0000] {logging_mixin.py:190} INFO - [2024-11-14T06:34:43.295+0000] {dag.py:3239} INFO - Sync 2 DAGs
[2024-11-14T06:34:43.298+0000] {logging_mixin.py:190} INFO - [2024-11-14T06:34:43.298+0000] {dag.py:4180} INFO - Setting next_dagrun for example_subdag_operator.section-1 to None, run_after=None
[2024-11-14T06:34:43.299+0000] {logging_mixin.py:190} INFO - [2024-11-14T06:34:43.298+0000] {dag.py:4180} INFO - Setting next_dagrun for example_subdag_operator.section-2 to None, run_after=None
[2024-11-14T06:34:43.304+0000] {processor.py:208} INFO - Processing /home/airflow/.local/lib/python3.12/site-packages/airflow/example_dags/example_subdag_operator.py took 0.064 seconds
[2024-11-14T06:35:13.981+0000] {processor.py:186} INFO - Started process (PID=1223) to work on /home/airflow/.local/lib/python3.12/site-packages/airflow/example_dags/example_subdag_operator.py
[2024-11-14T06:35:13.985+0000] {processor.py:914} INFO - Processing file /home/airflow/.local/lib/python3.12/site-packages/airflow/example_dags/example_subdag_operator.py for tasks to queue
[2024-11-14T06:35:13.989+0000] {logging_mixin.py:190} INFO - [2024-11-14T06:35:13.988+0000] {dagbag.py:588} INFO - Filling up the DagBag from /home/airflow/.local/lib/python3.12/site-packages/airflow/example_dags/example_subdag_operator.py
[2024-11-14T06:35:14.013+0000] {processor.py:925} INFO - DAG(s) 'example_subdag_operator.section-1', 'example_subdag_operator.section-2', 'example_subdag_operator' retrieved from /home/airflow/.local/lib/python3.12/site-packages/airflow/example_dags/example_subdag_operator.py
[2024-11-14T06:35:14.022+0000] {logging_mixin.py:190} INFO - [2024-11-14T06:35:14.022+0000] {dag.py:3239} INFO - Sync 3 DAGs
[2024-11-14T06:35:14.047+0000] {logging_mixin.py:190} INFO - [2024-11-14T06:35:14.047+0000] {dag.py:4180} INFO - Setting next_dagrun for example_subdag_operator to 2022-01-01 00:00:00+00:00, run_after=2022-01-01 00:00:00+00:00
[2024-11-14T06:35:14.050+0000] {logging_mixin.py:190} INFO - [2024-11-14T06:35:14.050+0000] {dag.py:4180} INFO - Setting next_dagrun for example_subdag_operator.section-1 to None, run_after=None
[2024-11-14T06:35:14.051+0000] {logging_mixin.py:190} INFO - [2024-11-14T06:35:14.051+0000] {dag.py:4180} INFO - Setting next_dagrun for example_subdag_operator.section-2 to None, run_after=None
[2024-11-14T06:35:14.057+0000] {logging_mixin.py:190} INFO - [2024-11-14T06:35:14.057+0000] {dag.py:3239} INFO - Sync 2 DAGs
[2024-11-14T06:35:14.062+0000] {logging_mixin.py:190} INFO - [2024-11-14T06:35:14.061+0000] {dag.py:4180} INFO - Setting next_dagrun for example_subdag_operator.section-1 to None, run_after=None
[2024-11-14T06:35:14.062+0000] {logging_mixin.py:190} INFO - [2024-11-14T06:35:14.062+0000] {dag.py:4180} INFO - Setting next_dagrun for example_subdag_operator.section-2 to None, run_after=None
[2024-11-14T06:35:14.069+0000] {processor.py:208} INFO - Processing /home/airflow/.local/lib/python3.12/site-packages/airflow/example_dags/example_subdag_operator.py took 0.099 seconds
[2024-11-14T06:35:44.792+0000] {processor.py:186} INFO - Started process (PID=1287) to work on /home/airflow/.local/lib/python3.12/site-packages/airflow/example_dags/example_subdag_operator.py
[2024-11-14T06:35:44.793+0000] {processor.py:914} INFO - Processing file /home/airflow/.local/lib/python3.12/site-packages/airflow/example_dags/example_subdag_operator.py for tasks to queue
[2024-11-14T06:35:44.795+0000] {logging_mixin.py:190} INFO - [2024-11-14T06:35:44.795+0000] {dagbag.py:588} INFO - Filling up the DagBag from /home/airflow/.local/lib/python3.12/site-packages/airflow/example_dags/example_subdag_operator.py
[2024-11-14T06:35:44.812+0000] {processor.py:925} INFO - DAG(s) 'example_subdag_operator.section-1', 'example_subdag_operator.section-2', 'example_subdag_operator' retrieved from /home/airflow/.local/lib/python3.12/site-packages/airflow/example_dags/example_subdag_operator.py
[2024-11-14T06:35:44.820+0000] {logging_mixin.py:190} INFO - [2024-11-14T06:35:44.820+0000] {dag.py:3239} INFO - Sync 3 DAGs
[2024-11-14T06:35:44.832+0000] {logging_mixin.py:190} INFO - [2024-11-14T06:35:44.832+0000] {dag.py:4180} INFO - Setting next_dagrun for example_subdag_operator to 2022-01-01 00:00:00+00:00, run_after=2022-01-01 00:00:00+00:00
[2024-11-14T06:35:44.834+0000] {logging_mixin.py:190} INFO - [2024-11-14T06:35:44.834+0000] {dag.py:4180} INFO - Setting next_dagrun for example_subdag_operator.section-1 to None, run_after=None
[2024-11-14T06:35:44.835+0000] {logging_mixin.py:190} INFO - [2024-11-14T06:35:44.835+0000] {dag.py:4180} INFO - Setting next_dagrun for example_subdag_operator.section-2 to None, run_after=None
[2024-11-14T06:35:44.866+0000] {logging_mixin.py:190} INFO - [2024-11-14T06:35:44.866+0000] {dag.py:3239} INFO - Sync 2 DAGs
[2024-11-14T06:35:44.880+0000] {logging_mixin.py:190} INFO - [2024-11-14T06:35:44.880+0000] {dag.py:4180} INFO - Setting next_dagrun for example_subdag_operator.section-1 to None, run_after=None
[2024-11-14T06:35:44.881+0000] {logging_mixin.py:190} INFO - [2024-11-14T06:35:44.881+0000] {dag.py:4180} INFO - Setting next_dagrun for example_subdag_operator.section-2 to None, run_after=None
[2024-11-14T06:35:44.889+0000] {processor.py:208} INFO - Processing /home/airflow/.local/lib/python3.12/site-packages/airflow/example_dags/example_subdag_operator.py took 0.102 seconds
[2024-11-14T06:36:15.297+0000] {processor.py:186} INFO - Started process (PID=1351) to work on /home/airflow/.local/lib/python3.12/site-packages/airflow/example_dags/example_subdag_operator.py
[2024-11-14T06:36:15.298+0000] {processor.py:914} INFO - Processing file /home/airflow/.local/lib/python3.12/site-packages/airflow/example_dags/example_subdag_operator.py for tasks to queue
[2024-11-14T06:36:15.300+0000] {logging_mixin.py:190} INFO - [2024-11-14T06:36:15.300+0000] {dagbag.py:588} INFO - Filling up the DagBag from /home/airflow/.local/lib/python3.12/site-packages/airflow/example_dags/example_subdag_operator.py
[2024-11-14T06:36:15.320+0000] {processor.py:925} INFO - DAG(s) 'example_subdag_operator.section-1', 'example_subdag_operator.section-2', 'example_subdag_operator' retrieved from /home/airflow/.local/lib/python3.12/site-packages/airflow/example_dags/example_subdag_operator.py
[2024-11-14T06:36:15.329+0000] {logging_mixin.py:190} INFO - [2024-11-14T06:36:15.329+0000] {dag.py:3239} INFO - Sync 3 DAGs
[2024-11-14T06:36:15.342+0000] {logging_mixin.py:190} INFO - [2024-11-14T06:36:15.342+0000] {dag.py:4180} INFO - Setting next_dagrun for example_subdag_operator to 2022-01-01 00:00:00+00:00, run_after=2022-01-01 00:00:00+00:00
[2024-11-14T06:36:15.344+0000] {logging_mixin.py:190} INFO - [2024-11-14T06:36:15.344+0000] {dag.py:4180} INFO - Setting next_dagrun for example_subdag_operator.section-1 to None, run_after=None
[2024-11-14T06:36:15.345+0000] {logging_mixin.py:190} INFO - [2024-11-14T06:36:15.345+0000] {dag.py:4180} INFO - Setting next_dagrun for example_subdag_operator.section-2 to None, run_after=None
[2024-11-14T06:36:15.350+0000] {logging_mixin.py:190} INFO - [2024-11-14T06:36:15.350+0000] {dag.py:3239} INFO - Sync 2 DAGs
[2024-11-14T06:36:15.353+0000] {logging_mixin.py:190} INFO - [2024-11-14T06:36:15.353+0000] {dag.py:4180} INFO - Setting next_dagrun for example_subdag_operator.section-1 to None, run_after=None
[2024-11-14T06:36:15.353+0000] {logging_mixin.py:190} INFO - [2024-11-14T06:36:15.353+0000] {dag.py:4180} INFO - Setting next_dagrun for example_subdag_operator.section-2 to None, run_after=None
[2024-11-14T06:36:15.359+0000] {processor.py:208} INFO - Processing /home/airflow/.local/lib/python3.12/site-packages/airflow/example_dags/example_subdag_operator.py took 0.067 seconds
[2024-11-14T06:36:45.886+0000] {processor.py:186} INFO - Started process (PID=1415) to work on /home/airflow/.local/lib/python3.12/site-packages/airflow/example_dags/example_subdag_operator.py
[2024-11-14T06:36:45.887+0000] {processor.py:914} INFO - Processing file /home/airflow/.local/lib/python3.12/site-packages/airflow/example_dags/example_subdag_operator.py for tasks to queue
[2024-11-14T06:36:45.889+0000] {logging_mixin.py:190} INFO - [2024-11-14T06:36:45.889+0000] {dagbag.py:588} INFO - Filling up the DagBag from /home/airflow/.local/lib/python3.12/site-packages/airflow/example_dags/example_subdag_operator.py
[2024-11-14T06:36:45.907+0000] {processor.py:925} INFO - DAG(s) 'example_subdag_operator.section-1', 'example_subdag_operator.section-2', 'example_subdag_operator' retrieved from /home/airflow/.local/lib/python3.12/site-packages/airflow/example_dags/example_subdag_operator.py
[2024-11-14T06:36:45.915+0000] {logging_mixin.py:190} INFO - [2024-11-14T06:36:45.915+0000] {dag.py:3239} INFO - Sync 3 DAGs
[2024-11-14T06:36:45.928+0000] {logging_mixin.py:190} INFO - [2024-11-14T06:36:45.927+0000] {dag.py:4180} INFO - Setting next_dagrun for example_subdag_operator to 2022-01-01 00:00:00+00:00, run_after=2022-01-01 00:00:00+00:00
[2024-11-14T06:36:45.930+0000] {logging_mixin.py:190} INFO - [2024-11-14T06:36:45.929+0000] {dag.py:4180} INFO - Setting next_dagrun for example_subdag_operator.section-1 to None, run_after=None
[2024-11-14T06:36:45.930+0000] {logging_mixin.py:190} INFO - [2024-11-14T06:36:45.930+0000] {dag.py:4180} INFO - Setting next_dagrun for example_subdag_operator.section-2 to None, run_after=None
[2024-11-14T06:36:45.934+0000] {logging_mixin.py:190} INFO - [2024-11-14T06:36:45.934+0000] {dag.py:3239} INFO - Sync 2 DAGs
[2024-11-14T06:36:45.937+0000] {logging_mixin.py:190} INFO - [2024-11-14T06:36:45.937+0000] {dag.py:4180} INFO - Setting next_dagrun for example_subdag_operator.section-1 to None, run_after=None
[2024-11-14T06:36:45.937+0000] {logging_mixin.py:190} INFO - [2024-11-14T06:36:45.937+0000] {dag.py:4180} INFO - Setting next_dagrun for example_subdag_operator.section-2 to None, run_after=None
[2024-11-14T06:36:45.942+0000] {processor.py:208} INFO - Processing /home/airflow/.local/lib/python3.12/site-packages/airflow/example_dags/example_subdag_operator.py took 0.061 seconds
[2024-11-14T06:37:16.264+0000] {processor.py:186} INFO - Started process (PID=1479) to work on /home/airflow/.local/lib/python3.12/site-packages/airflow/example_dags/example_subdag_operator.py
[2024-11-14T06:37:16.265+0000] {processor.py:914} INFO - Processing file /home/airflow/.local/lib/python3.12/site-packages/airflow/example_dags/example_subdag_operator.py for tasks to queue
[2024-11-14T06:37:16.267+0000] {logging_mixin.py:190} INFO - [2024-11-14T06:37:16.266+0000] {dagbag.py:588} INFO - Filling up the DagBag from /home/airflow/.local/lib/python3.12/site-packages/airflow/example_dags/example_subdag_operator.py
[2024-11-14T06:37:16.286+0000] {processor.py:925} INFO - DAG(s) 'example_subdag_operator.section-1', 'example_subdag_operator.section-2', 'example_subdag_operator' retrieved from /home/airflow/.local/lib/python3.12/site-packages/airflow/example_dags/example_subdag_operator.py
[2024-11-14T06:37:16.301+0000] {logging_mixin.py:190} INFO - [2024-11-14T06:37:16.301+0000] {dag.py:3239} INFO - Sync 3 DAGs
[2024-11-14T06:37:16.316+0000] {logging_mixin.py:190} INFO - [2024-11-14T06:37:16.316+0000] {dag.py:4180} INFO - Setting next_dagrun for example_subdag_operator to 2022-01-01 00:00:00+00:00, run_after=2022-01-01 00:00:00+00:00
[2024-11-14T06:37:16.318+0000] {logging_mixin.py:190} INFO - [2024-11-14T06:37:16.318+0000] {dag.py:4180} INFO - Setting next_dagrun for example_subdag_operator.section-1 to None, run_after=None
[2024-11-14T06:37:16.319+0000] {logging_mixin.py:190} INFO - [2024-11-14T06:37:16.319+0000] {dag.py:4180} INFO - Setting next_dagrun for example_subdag_operator.section-2 to None, run_after=None
[2024-11-14T06:37:16.323+0000] {logging_mixin.py:190} INFO - [2024-11-14T06:37:16.323+0000] {dag.py:3239} INFO - Sync 2 DAGs
[2024-11-14T06:37:16.326+0000] {logging_mixin.py:190} INFO - [2024-11-14T06:37:16.326+0000] {dag.py:4180} INFO - Setting next_dagrun for example_subdag_operator.section-1 to None, run_after=None
[2024-11-14T06:37:16.326+0000] {logging_mixin.py:190} INFO - [2024-11-14T06:37:16.326+0000] {dag.py:4180} INFO - Setting next_dagrun for example_subdag_operator.section-2 to None, run_after=None
[2024-11-14T06:37:16.331+0000] {processor.py:208} INFO - Processing /home/airflow/.local/lib/python3.12/site-packages/airflow/example_dags/example_subdag_operator.py took 0.072 seconds
[2024-11-14T06:37:46.660+0000] {processor.py:186} INFO - Started process (PID=1543) to work on /home/airflow/.local/lib/python3.12/site-packages/airflow/example_dags/example_subdag_operator.py
[2024-11-14T06:37:46.662+0000] {processor.py:914} INFO - Processing file /home/airflow/.local/lib/python3.12/site-packages/airflow/example_dags/example_subdag_operator.py for tasks to queue
[2024-11-14T06:37:46.663+0000] {logging_mixin.py:190} INFO - [2024-11-14T06:37:46.663+0000] {dagbag.py:588} INFO - Filling up the DagBag from /home/airflow/.local/lib/python3.12/site-packages/airflow/example_dags/example_subdag_operator.py
[2024-11-14T06:37:46.678+0000] {processor.py:925} INFO - DAG(s) 'example_subdag_operator.section-1', 'example_subdag_operator.section-2', 'example_subdag_operator' retrieved from /home/airflow/.local/lib/python3.12/site-packages/airflow/example_dags/example_subdag_operator.py
[2024-11-14T06:37:46.684+0000] {logging_mixin.py:190} INFO - [2024-11-14T06:37:46.684+0000] {dag.py:3239} INFO - Sync 3 DAGs
[2024-11-14T06:37:46.696+0000] {logging_mixin.py:190} INFO - [2024-11-14T06:37:46.696+0000] {dag.py:4180} INFO - Setting next_dagrun for example_subdag_operator to 2022-01-01 00:00:00+00:00, run_after=2022-01-01 00:00:00+00:00
[2024-11-14T06:37:46.698+0000] {logging_mixin.py:190} INFO - [2024-11-14T06:37:46.698+0000] {dag.py:4180} INFO - Setting next_dagrun for example_subdag_operator.section-1 to None, run_after=None
[2024-11-14T06:37:46.699+0000] {logging_mixin.py:190} INFO - [2024-11-14T06:37:46.699+0000] {dag.py:4180} INFO - Setting next_dagrun for example_subdag_operator.section-2 to None, run_after=None
[2024-11-14T06:37:46.702+0000] {logging_mixin.py:190} INFO - [2024-11-14T06:37:46.702+0000] {dag.py:3239} INFO - Sync 2 DAGs
[2024-11-14T06:37:46.705+0000] {logging_mixin.py:190} INFO - [2024-11-14T06:37:46.705+0000] {dag.py:4180} INFO - Setting next_dagrun for example_subdag_operator.section-1 to None, run_after=None
[2024-11-14T06:37:46.705+0000] {logging_mixin.py:190} INFO - [2024-11-14T06:37:46.705+0000] {dag.py:4180} INFO - Setting next_dagrun for example_subdag_operator.section-2 to None, run_after=None
[2024-11-14T06:37:46.710+0000] {processor.py:208} INFO - Processing /home/airflow/.local/lib/python3.12/site-packages/airflow/example_dags/example_subdag_operator.py took 0.054 seconds
[2024-11-14T06:38:17.320+0000] {processor.py:186} INFO - Started process (PID=1607) to work on /home/airflow/.local/lib/python3.12/site-packages/airflow/example_dags/example_subdag_operator.py
[2024-11-14T06:38:17.323+0000] {processor.py:914} INFO - Processing file /home/airflow/.local/lib/python3.12/site-packages/airflow/example_dags/example_subdag_operator.py for tasks to queue
[2024-11-14T06:38:17.325+0000] {logging_mixin.py:190} INFO - [2024-11-14T06:38:17.324+0000] {dagbag.py:588} INFO - Filling up the DagBag from /home/airflow/.local/lib/python3.12/site-packages/airflow/example_dags/example_subdag_operator.py
[2024-11-14T06:38:17.348+0000] {processor.py:925} INFO - DAG(s) 'example_subdag_operator.section-1', 'example_subdag_operator.section-2', 'example_subdag_operator' retrieved from /home/airflow/.local/lib/python3.12/site-packages/airflow/example_dags/example_subdag_operator.py
[2024-11-14T06:38:17.372+0000] {logging_mixin.py:190} INFO - [2024-11-14T06:38:17.371+0000] {dag.py:3239} INFO - Sync 3 DAGs
[2024-11-14T06:38:17.402+0000] {logging_mixin.py:190} INFO - [2024-11-14T06:38:17.402+0000] {dag.py:4180} INFO - Setting next_dagrun for example_subdag_operator to 2022-01-01 00:00:00+00:00, run_after=2022-01-01 00:00:00+00:00
[2024-11-14T06:38:17.405+0000] {logging_mixin.py:190} INFO - [2024-11-14T06:38:17.405+0000] {dag.py:4180} INFO - Setting next_dagrun for example_subdag_operator.section-1 to None, run_after=None
[2024-11-14T06:38:17.406+0000] {logging_mixin.py:190} INFO - [2024-11-14T06:38:17.405+0000] {dag.py:4180} INFO - Setting next_dagrun for example_subdag_operator.section-2 to None, run_after=None
[2024-11-14T06:38:17.410+0000] {logging_mixin.py:190} INFO - [2024-11-14T06:38:17.410+0000] {dag.py:3239} INFO - Sync 2 DAGs
[2024-11-14T06:38:17.414+0000] {logging_mixin.py:190} INFO - [2024-11-14T06:38:17.414+0000] {dag.py:4180} INFO - Setting next_dagrun for example_subdag_operator.section-1 to None, run_after=None
[2024-11-14T06:38:17.414+0000] {logging_mixin.py:190} INFO - [2024-11-14T06:38:17.414+0000] {dag.py:4180} INFO - Setting next_dagrun for example_subdag_operator.section-2 to None, run_after=None
[2024-11-14T06:38:17.420+0000] {processor.py:208} INFO - Processing /home/airflow/.local/lib/python3.12/site-packages/airflow/example_dags/example_subdag_operator.py took 0.106 seconds
[2024-11-14T06:38:48.041+0000] {processor.py:186} INFO - Started process (PID=1671) to work on /home/airflow/.local/lib/python3.12/site-packages/airflow/example_dags/example_subdag_operator.py
[2024-11-14T06:38:48.042+0000] {processor.py:914} INFO - Processing file /home/airflow/.local/lib/python3.12/site-packages/airflow/example_dags/example_subdag_operator.py for tasks to queue
[2024-11-14T06:38:48.043+0000] {logging_mixin.py:190} INFO - [2024-11-14T06:38:48.043+0000] {dagbag.py:588} INFO - Filling up the DagBag from /home/airflow/.local/lib/python3.12/site-packages/airflow/example_dags/example_subdag_operator.py
[2024-11-14T06:38:48.060+0000] {processor.py:925} INFO - DAG(s) 'example_subdag_operator.section-1', 'example_subdag_operator.section-2', 'example_subdag_operator' retrieved from /home/airflow/.local/lib/python3.12/site-packages/airflow/example_dags/example_subdag_operator.py
[2024-11-14T06:38:48.068+0000] {logging_mixin.py:190} INFO - [2024-11-14T06:38:48.068+0000] {dag.py:3239} INFO - Sync 3 DAGs
[2024-11-14T06:38:48.086+0000] {logging_mixin.py:190} INFO - [2024-11-14T06:38:48.086+0000] {dag.py:4180} INFO - Setting next_dagrun for example_subdag_operator to 2022-01-01 00:00:00+00:00, run_after=2022-01-01 00:00:00+00:00
[2024-11-14T06:38:48.088+0000] {logging_mixin.py:190} INFO - [2024-11-14T06:38:48.088+0000] {dag.py:4180} INFO - Setting next_dagrun for example_subdag_operator.section-1 to None, run_after=None
[2024-11-14T06:38:48.089+0000] {logging_mixin.py:190} INFO - [2024-11-14T06:38:48.089+0000] {dag.py:4180} INFO - Setting next_dagrun for example_subdag_operator.section-2 to None, run_after=None
[2024-11-14T06:38:48.093+0000] {logging_mixin.py:190} INFO - [2024-11-14T06:38:48.093+0000] {dag.py:3239} INFO - Sync 2 DAGs
[2024-11-14T06:38:48.097+0000] {logging_mixin.py:190} INFO - [2024-11-14T06:38:48.097+0000] {dag.py:4180} INFO - Setting next_dagrun for example_subdag_operator.section-1 to None, run_after=None
[2024-11-14T06:38:48.097+0000] {logging_mixin.py:190} INFO - [2024-11-14T06:38:48.097+0000] {dag.py:4180} INFO - Setting next_dagrun for example_subdag_operator.section-2 to None, run_after=None
[2024-11-14T06:38:48.106+0000] {processor.py:208} INFO - Processing /home/airflow/.local/lib/python3.12/site-packages/airflow/example_dags/example_subdag_operator.py took 0.068 seconds
[2024-11-14T06:39:18.644+0000] {processor.py:186} INFO - Started process (PID=1736) to work on /home/airflow/.local/lib/python3.12/site-packages/airflow/example_dags/example_subdag_operator.py
[2024-11-14T06:39:18.645+0000] {processor.py:914} INFO - Processing file /home/airflow/.local/lib/python3.12/site-packages/airflow/example_dags/example_subdag_operator.py for tasks to queue
[2024-11-14T06:39:18.647+0000] {logging_mixin.py:190} INFO - [2024-11-14T06:39:18.646+0000] {dagbag.py:588} INFO - Filling up the DagBag from /home/airflow/.local/lib/python3.12/site-packages/airflow/example_dags/example_subdag_operator.py
[2024-11-14T06:39:18.662+0000] {processor.py:925} INFO - DAG(s) 'example_subdag_operator.section-1', 'example_subdag_operator.section-2', 'example_subdag_operator' retrieved from /home/airflow/.local/lib/python3.12/site-packages/airflow/example_dags/example_subdag_operator.py
[2024-11-14T06:39:18.670+0000] {logging_mixin.py:190} INFO - [2024-11-14T06:39:18.670+0000] {dag.py:3239} INFO - Sync 3 DAGs
[2024-11-14T06:39:18.681+0000] {logging_mixin.py:190} INFO - [2024-11-14T06:39:18.681+0000] {dag.py:4180} INFO - Setting next_dagrun for example_subdag_operator to 2022-01-01 00:00:00+00:00, run_after=2022-01-01 00:00:00+00:00
[2024-11-14T06:39:18.683+0000] {logging_mixin.py:190} INFO - [2024-11-14T06:39:18.683+0000] {dag.py:4180} INFO - Setting next_dagrun for example_subdag_operator.section-1 to None, run_after=None
[2024-11-14T06:39:18.684+0000] {logging_mixin.py:190} INFO - [2024-11-14T06:39:18.684+0000] {dag.py:4180} INFO - Setting next_dagrun for example_subdag_operator.section-2 to None, run_after=None
[2024-11-14T06:39:18.687+0000] {logging_mixin.py:190} INFO - [2024-11-14T06:39:18.687+0000] {dag.py:3239} INFO - Sync 2 DAGs
[2024-11-14T06:39:18.690+0000] {logging_mixin.py:190} INFO - [2024-11-14T06:39:18.690+0000] {dag.py:4180} INFO - Setting next_dagrun for example_subdag_operator.section-1 to None, run_after=None
[2024-11-14T06:39:18.690+0000] {logging_mixin.py:190} INFO - [2024-11-14T06:39:18.690+0000] {dag.py:4180} INFO - Setting next_dagrun for example_subdag_operator.section-2 to None, run_after=None
[2024-11-14T06:39:18.696+0000] {processor.py:208} INFO - Processing /home/airflow/.local/lib/python3.12/site-packages/airflow/example_dags/example_subdag_operator.py took 0.056 seconds
[2024-11-14T06:39:49.413+0000] {processor.py:186} INFO - Started process (PID=1800) to work on /home/airflow/.local/lib/python3.12/site-packages/airflow/example_dags/example_subdag_operator.py
[2024-11-14T06:39:49.414+0000] {processor.py:914} INFO - Processing file /home/airflow/.local/lib/python3.12/site-packages/airflow/example_dags/example_subdag_operator.py for tasks to queue
[2024-11-14T06:39:49.423+0000] {logging_mixin.py:190} INFO - [2024-11-14T06:39:49.423+0000] {dagbag.py:588} INFO - Filling up the DagBag from /home/airflow/.local/lib/python3.12/site-packages/airflow/example_dags/example_subdag_operator.py
[2024-11-14T06:39:49.478+0000] {processor.py:925} INFO - DAG(s) 'example_subdag_operator.section-1', 'example_subdag_operator.section-2', 'example_subdag_operator' retrieved from /home/airflow/.local/lib/python3.12/site-packages/airflow/example_dags/example_subdag_operator.py
[2024-11-14T06:39:49.487+0000] {logging_mixin.py:190} INFO - [2024-11-14T06:39:49.487+0000] {dag.py:3239} INFO - Sync 3 DAGs
[2024-11-14T06:39:49.500+0000] {logging_mixin.py:190} INFO - [2024-11-14T06:39:49.500+0000] {dag.py:4180} INFO - Setting next_dagrun for example_subdag_operator to 2022-01-01 00:00:00+00:00, run_after=2022-01-01 00:00:00+00:00
[2024-11-14T06:39:49.502+0000] {logging_mixin.py:190} INFO - [2024-11-14T06:39:49.502+0000] {dag.py:4180} INFO - Setting next_dagrun for example_subdag_operator.section-1 to None, run_after=None
[2024-11-14T06:39:49.503+0000] {logging_mixin.py:190} INFO - [2024-11-14T06:39:49.503+0000] {dag.py:4180} INFO - Setting next_dagrun for example_subdag_operator.section-2 to None, run_after=None
[2024-11-14T06:39:49.508+0000] {logging_mixin.py:190} INFO - [2024-11-14T06:39:49.508+0000] {dag.py:3239} INFO - Sync 2 DAGs
[2024-11-14T06:39:49.511+0000] {logging_mixin.py:190} INFO - [2024-11-14T06:39:49.510+0000] {dag.py:4180} INFO - Setting next_dagrun for example_subdag_operator.section-1 to None, run_after=None
[2024-11-14T06:39:49.511+0000] {logging_mixin.py:190} INFO - [2024-11-14T06:39:49.511+0000] {dag.py:4180} INFO - Setting next_dagrun for example_subdag_operator.section-2 to None, run_after=None
[2024-11-14T06:39:49.517+0000] {processor.py:208} INFO - Processing /home/airflow/.local/lib/python3.12/site-packages/airflow/example_dags/example_subdag_operator.py took 0.108 seconds
[2024-11-14T06:40:20.128+0000] {processor.py:186} INFO - Started process (PID=1864) to work on /home/airflow/.local/lib/python3.12/site-packages/airflow/example_dags/example_subdag_operator.py
[2024-11-14T06:40:20.129+0000] {processor.py:914} INFO - Processing file /home/airflow/.local/lib/python3.12/site-packages/airflow/example_dags/example_subdag_operator.py for tasks to queue
[2024-11-14T06:40:20.132+0000] {logging_mixin.py:190} INFO - [2024-11-14T06:40:20.132+0000] {dagbag.py:588} INFO - Filling up the DagBag from /home/airflow/.local/lib/python3.12/site-packages/airflow/example_dags/example_subdag_operator.py
[2024-11-14T06:40:20.156+0000] {processor.py:925} INFO - DAG(s) 'example_subdag_operator.section-1', 'example_subdag_operator.section-2', 'example_subdag_operator' retrieved from /home/airflow/.local/lib/python3.12/site-packages/airflow/example_dags/example_subdag_operator.py
[2024-11-14T06:40:20.168+0000] {logging_mixin.py:190} INFO - [2024-11-14T06:40:20.168+0000] {dag.py:3239} INFO - Sync 3 DAGs
[2024-11-14T06:40:20.183+0000] {logging_mixin.py:190} INFO - [2024-11-14T06:40:20.183+0000] {dag.py:4180} INFO - Setting next_dagrun for example_subdag_operator to 2022-01-01 00:00:00+00:00, run_after=2022-01-01 00:00:00+00:00
[2024-11-14T06:40:20.185+0000] {logging_mixin.py:190} INFO - [2024-11-14T06:40:20.185+0000] {dag.py:4180} INFO - Setting next_dagrun for example_subdag_operator.section-1 to None, run_after=None
[2024-11-14T06:40:20.186+0000] {logging_mixin.py:190} INFO - [2024-11-14T06:40:20.186+0000] {dag.py:4180} INFO - Setting next_dagrun for example_subdag_operator.section-2 to None, run_after=None
[2024-11-14T06:40:20.190+0000] {logging_mixin.py:190} INFO - [2024-11-14T06:40:20.190+0000] {dag.py:3239} INFO - Sync 2 DAGs
[2024-11-14T06:40:20.193+0000] {logging_mixin.py:190} INFO - [2024-11-14T06:40:20.193+0000] {dag.py:4180} INFO - Setting next_dagrun for example_subdag_operator.section-1 to None, run_after=None
[2024-11-14T06:40:20.194+0000] {logging_mixin.py:190} INFO - [2024-11-14T06:40:20.194+0000] {dag.py:4180} INFO - Setting next_dagrun for example_subdag_operator.section-2 to None, run_after=None
[2024-11-14T06:40:20.199+0000] {processor.py:208} INFO - Processing /home/airflow/.local/lib/python3.12/site-packages/airflow/example_dags/example_subdag_operator.py took 0.075 seconds
[2024-11-14T06:40:50.558+0000] {processor.py:186} INFO - Started process (PID=1928) to work on /home/airflow/.local/lib/python3.12/site-packages/airflow/example_dags/example_subdag_operator.py
[2024-11-14T06:40:50.559+0000] {processor.py:914} INFO - Processing file /home/airflow/.local/lib/python3.12/site-packages/airflow/example_dags/example_subdag_operator.py for tasks to queue
[2024-11-14T06:40:50.562+0000] {logging_mixin.py:190} INFO - [2024-11-14T06:40:50.561+0000] {dagbag.py:588} INFO - Filling up the DagBag from /home/airflow/.local/lib/python3.12/site-packages/airflow/example_dags/example_subdag_operator.py
[2024-11-14T06:40:50.584+0000] {processor.py:925} INFO - DAG(s) 'example_subdag_operator.section-1', 'example_subdag_operator.section-2', 'example_subdag_operator' retrieved from /home/airflow/.local/lib/python3.12/site-packages/airflow/example_dags/example_subdag_operator.py
[2024-11-14T06:40:50.599+0000] {logging_mixin.py:190} INFO - [2024-11-14T06:40:50.599+0000] {dag.py:3239} INFO - Sync 3 DAGs
[2024-11-14T06:40:50.612+0000] {logging_mixin.py:190} INFO - [2024-11-14T06:40:50.612+0000] {dag.py:4180} INFO - Setting next_dagrun for example_subdag_operator to 2022-01-01 00:00:00+00:00, run_after=2022-01-01 00:00:00+00:00
[2024-11-14T06:40:50.615+0000] {logging_mixin.py:190} INFO - [2024-11-14T06:40:50.614+0000] {dag.py:4180} INFO - Setting next_dagrun for example_subdag_operator.section-1 to None, run_after=None
[2024-11-14T06:40:50.615+0000] {logging_mixin.py:190} INFO - [2024-11-14T06:40:50.615+0000] {dag.py:4180} INFO - Setting next_dagrun for example_subdag_operator.section-2 to None, run_after=None
[2024-11-14T06:40:50.620+0000] {logging_mixin.py:190} INFO - [2024-11-14T06:40:50.619+0000] {dag.py:3239} INFO - Sync 2 DAGs
[2024-11-14T06:40:50.623+0000] {logging_mixin.py:190} INFO - [2024-11-14T06:40:50.623+0000] {dag.py:4180} INFO - Setting next_dagrun for example_subdag_operator.section-1 to None, run_after=None
[2024-11-14T06:40:50.623+0000] {logging_mixin.py:190} INFO - [2024-11-14T06:40:50.623+0000] {dag.py:4180} INFO - Setting next_dagrun for example_subdag_operator.section-2 to None, run_after=None
[2024-11-14T06:40:50.629+0000] {processor.py:208} INFO - Processing /home/airflow/.local/lib/python3.12/site-packages/airflow/example_dags/example_subdag_operator.py took 0.077 seconds
[2024-11-14T06:41:21.393+0000] {processor.py:186} INFO - Started process (PID=1991) to work on /home/airflow/.local/lib/python3.12/site-packages/airflow/example_dags/example_subdag_operator.py
[2024-11-14T06:41:21.394+0000] {processor.py:914} INFO - Processing file /home/airflow/.local/lib/python3.12/site-packages/airflow/example_dags/example_subdag_operator.py for tasks to queue
[2024-11-14T06:41:21.396+0000] {logging_mixin.py:190} INFO - [2024-11-14T06:41:21.396+0000] {dagbag.py:588} INFO - Filling up the DagBag from /home/airflow/.local/lib/python3.12/site-packages/airflow/example_dags/example_subdag_operator.py
[2024-11-14T06:41:21.425+0000] {processor.py:925} INFO - DAG(s) 'example_subdag_operator.section-1', 'example_subdag_operator.section-2', 'example_subdag_operator' retrieved from /home/airflow/.local/lib/python3.12/site-packages/airflow/example_dags/example_subdag_operator.py
[2024-11-14T06:41:21.437+0000] {logging_mixin.py:190} INFO - [2024-11-14T06:41:21.437+0000] {dag.py:3239} INFO - Sync 3 DAGs
[2024-11-14T06:41:21.455+0000] {logging_mixin.py:190} INFO - [2024-11-14T06:41:21.455+0000] {dag.py:4180} INFO - Setting next_dagrun for example_subdag_operator to 2022-01-01 00:00:00+00:00, run_after=2022-01-01 00:00:00+00:00
[2024-11-14T06:41:21.457+0000] {logging_mixin.py:190} INFO - [2024-11-14T06:41:21.457+0000] {dag.py:4180} INFO - Setting next_dagrun for example_subdag_operator.section-1 to None, run_after=None
[2024-11-14T06:41:21.458+0000] {logging_mixin.py:190} INFO - [2024-11-14T06:41:21.458+0000] {dag.py:4180} INFO - Setting next_dagrun for example_subdag_operator.section-2 to None, run_after=None
[2024-11-14T06:41:21.463+0000] {logging_mixin.py:190} INFO - [2024-11-14T06:41:21.463+0000] {dag.py:3239} INFO - Sync 2 DAGs
[2024-11-14T06:41:21.466+0000] {logging_mixin.py:190} INFO - [2024-11-14T06:41:21.466+0000] {dag.py:4180} INFO - Setting next_dagrun for example_subdag_operator.section-1 to None, run_after=None
[2024-11-14T06:41:21.467+0000] {logging_mixin.py:190} INFO - [2024-11-14T06:41:21.466+0000] {dag.py:4180} INFO - Setting next_dagrun for example_subdag_operator.section-2 to None, run_after=None
[2024-11-14T06:41:21.473+0000] {processor.py:208} INFO - Processing /home/airflow/.local/lib/python3.12/site-packages/airflow/example_dags/example_subdag_operator.py took 0.086 seconds
