[2024-11-14T06:26:03.147+0000] {processor.py:186} INFO - Started process (PID=70) to work on /home/airflow/.local/lib/python3.12/site-packages/airflow/example_dags/example_latest_only_with_trigger.py
[2024-11-14T06:26:03.149+0000] {processor.py:914} INFO - Processing file /home/airflow/.local/lib/python3.12/site-packages/airflow/example_dags/example_latest_only_with_trigger.py for tasks to queue
[2024-11-14T06:26:03.151+0000] {logging_mixin.py:190} INFO - [2024-11-14T06:26:03.150+0000] {dagbag.py:588} INFO - Filling up the DagBag from /home/airflow/.local/lib/python3.12/site-packages/airflow/example_dags/example_latest_only_with_trigger.py
[2024-11-14T06:26:03.156+0000] {processor.py:925} INFO - DAG(s) 'latest_only_with_trigger' retrieved from /home/airflow/.local/lib/python3.12/site-packages/airflow/example_dags/example_latest_only_with_trigger.py
[2024-11-14T06:26:03.174+0000] {logging_mixin.py:190} INFO - [2024-11-14T06:26:03.174+0000] {dag.py:3239} INFO - Sync 1 DAGs
[2024-11-14T06:26:03.189+0000] {logging_mixin.py:190} INFO - [2024-11-14T06:26:03.189+0000] {dag.py:4180} INFO - Setting next_dagrun for latest_only_with_trigger to 2024-11-14 00:00:00+00:00, run_after=2024-11-14 04:00:00+00:00
[2024-11-14T06:26:03.202+0000] {processor.py:208} INFO - Processing /home/airflow/.local/lib/python3.12/site-packages/airflow/example_dags/example_latest_only_with_trigger.py took 0.060 seconds
[2024-11-14T06:26:34.246+0000] {processor.py:186} INFO - Started process (PID=134) to work on /home/airflow/.local/lib/python3.12/site-packages/airflow/example_dags/example_latest_only_with_trigger.py
[2024-11-14T06:26:34.247+0000] {processor.py:914} INFO - Processing file /home/airflow/.local/lib/python3.12/site-packages/airflow/example_dags/example_latest_only_with_trigger.py for tasks to queue
[2024-11-14T06:26:34.249+0000] {logging_mixin.py:190} INFO - [2024-11-14T06:26:34.249+0000] {dagbag.py:588} INFO - Filling up the DagBag from /home/airflow/.local/lib/python3.12/site-packages/airflow/example_dags/example_latest_only_with_trigger.py
[2024-11-14T06:26:34.255+0000] {processor.py:925} INFO - DAG(s) 'latest_only_with_trigger' retrieved from /home/airflow/.local/lib/python3.12/site-packages/airflow/example_dags/example_latest_only_with_trigger.py
[2024-11-14T06:26:34.272+0000] {logging_mixin.py:190} INFO - [2024-11-14T06:26:34.272+0000] {dag.py:3239} INFO - Sync 1 DAGs
[2024-11-14T06:26:34.291+0000] {logging_mixin.py:190} INFO - [2024-11-14T06:26:34.291+0000] {dag.py:4180} INFO - Setting next_dagrun for latest_only_with_trigger to 2024-11-14 00:00:00+00:00, run_after=2024-11-14 04:00:00+00:00
[2024-11-14T06:26:34.303+0000] {processor.py:208} INFO - Processing /home/airflow/.local/lib/python3.12/site-packages/airflow/example_dags/example_latest_only_with_trigger.py took 0.063 seconds
[2024-11-14T06:27:04.631+0000] {processor.py:186} INFO - Started process (PID=197) to work on /home/airflow/.local/lib/python3.12/site-packages/airflow/example_dags/example_latest_only_with_trigger.py
[2024-11-14T06:27:04.632+0000] {processor.py:914} INFO - Processing file /home/airflow/.local/lib/python3.12/site-packages/airflow/example_dags/example_latest_only_with_trigger.py for tasks to queue
[2024-11-14T06:27:04.633+0000] {logging_mixin.py:190} INFO - [2024-11-14T06:27:04.633+0000] {dagbag.py:588} INFO - Filling up the DagBag from /home/airflow/.local/lib/python3.12/site-packages/airflow/example_dags/example_latest_only_with_trigger.py
[2024-11-14T06:27:04.639+0000] {processor.py:925} INFO - DAG(s) 'latest_only_with_trigger' retrieved from /home/airflow/.local/lib/python3.12/site-packages/airflow/example_dags/example_latest_only_with_trigger.py
[2024-11-14T06:27:04.652+0000] {logging_mixin.py:190} INFO - [2024-11-14T06:27:04.651+0000] {dag.py:3239} INFO - Sync 1 DAGs
[2024-11-14T06:27:04.663+0000] {logging_mixin.py:190} INFO - [2024-11-14T06:27:04.663+0000] {dag.py:4180} INFO - Setting next_dagrun for latest_only_with_trigger to 2024-11-14 00:00:00+00:00, run_after=2024-11-14 04:00:00+00:00
[2024-11-14T06:27:04.672+0000] {processor.py:208} INFO - Processing /home/airflow/.local/lib/python3.12/site-packages/airflow/example_dags/example_latest_only_with_trigger.py took 0.046 seconds
[2024-11-14T06:27:35.391+0000] {processor.py:186} INFO - Started process (PID=267) to work on /home/airflow/.local/lib/python3.12/site-packages/airflow/example_dags/example_latest_only_with_trigger.py
[2024-11-14T06:27:35.392+0000] {processor.py:914} INFO - Processing file /home/airflow/.local/lib/python3.12/site-packages/airflow/example_dags/example_latest_only_with_trigger.py for tasks to queue
[2024-11-14T06:27:35.394+0000] {logging_mixin.py:190} INFO - [2024-11-14T06:27:35.394+0000] {dagbag.py:588} INFO - Filling up the DagBag from /home/airflow/.local/lib/python3.12/site-packages/airflow/example_dags/example_latest_only_with_trigger.py
[2024-11-14T06:27:35.401+0000] {processor.py:925} INFO - DAG(s) 'latest_only_with_trigger' retrieved from /home/airflow/.local/lib/python3.12/site-packages/airflow/example_dags/example_latest_only_with_trigger.py
[2024-11-14T06:27:35.419+0000] {logging_mixin.py:190} INFO - [2024-11-14T06:27:35.419+0000] {dag.py:3239} INFO - Sync 1 DAGs
[2024-11-14T06:27:35.434+0000] {logging_mixin.py:190} INFO - [2024-11-14T06:27:35.433+0000] {dag.py:4180} INFO - Setting next_dagrun for latest_only_with_trigger to 2024-11-14 00:00:00+00:00, run_after=2024-11-14 04:00:00+00:00
[2024-11-14T06:27:35.444+0000] {processor.py:208} INFO - Processing /home/airflow/.local/lib/python3.12/site-packages/airflow/example_dags/example_latest_only_with_trigger.py took 0.057 seconds
[2024-11-14T06:28:06.029+0000] {processor.py:186} INFO - Started process (PID=331) to work on /home/airflow/.local/lib/python3.12/site-packages/airflow/example_dags/example_latest_only_with_trigger.py
[2024-11-14T06:28:06.030+0000] {processor.py:914} INFO - Processing file /home/airflow/.local/lib/python3.12/site-packages/airflow/example_dags/example_latest_only_with_trigger.py for tasks to queue
[2024-11-14T06:28:06.032+0000] {logging_mixin.py:190} INFO - [2024-11-14T06:28:06.032+0000] {dagbag.py:588} INFO - Filling up the DagBag from /home/airflow/.local/lib/python3.12/site-packages/airflow/example_dags/example_latest_only_with_trigger.py
[2024-11-14T06:28:06.037+0000] {processor.py:925} INFO - DAG(s) 'latest_only_with_trigger' retrieved from /home/airflow/.local/lib/python3.12/site-packages/airflow/example_dags/example_latest_only_with_trigger.py
[2024-11-14T06:28:06.048+0000] {logging_mixin.py:190} INFO - [2024-11-14T06:28:06.048+0000] {dag.py:3239} INFO - Sync 1 DAGs
[2024-11-14T06:28:06.060+0000] {logging_mixin.py:190} INFO - [2024-11-14T06:28:06.060+0000] {dag.py:4180} INFO - Setting next_dagrun for latest_only_with_trigger to 2024-11-14 00:00:00+00:00, run_after=2024-11-14 04:00:00+00:00
[2024-11-14T06:28:06.069+0000] {processor.py:208} INFO - Processing /home/airflow/.local/lib/python3.12/site-packages/airflow/example_dags/example_latest_only_with_trigger.py took 0.044 seconds
[2024-11-14T06:28:36.995+0000] {processor.py:186} INFO - Started process (PID=395) to work on /home/airflow/.local/lib/python3.12/site-packages/airflow/example_dags/example_latest_only_with_trigger.py
[2024-11-14T06:28:36.996+0000] {processor.py:914} INFO - Processing file /home/airflow/.local/lib/python3.12/site-packages/airflow/example_dags/example_latest_only_with_trigger.py for tasks to queue
[2024-11-14T06:28:36.998+0000] {logging_mixin.py:190} INFO - [2024-11-14T06:28:36.998+0000] {dagbag.py:588} INFO - Filling up the DagBag from /home/airflow/.local/lib/python3.12/site-packages/airflow/example_dags/example_latest_only_with_trigger.py
[2024-11-14T06:28:37.004+0000] {processor.py:925} INFO - DAG(s) 'latest_only_with_trigger' retrieved from /home/airflow/.local/lib/python3.12/site-packages/airflow/example_dags/example_latest_only_with_trigger.py
[2024-11-14T06:28:37.056+0000] {logging_mixin.py:190} INFO - [2024-11-14T06:28:37.055+0000] {dag.py:3239} INFO - Sync 1 DAGs
[2024-11-14T06:28:37.084+0000] {logging_mixin.py:190} INFO - [2024-11-14T06:28:37.083+0000] {dag.py:4180} INFO - Setting next_dagrun for latest_only_with_trigger to 2024-11-14 00:00:00+00:00, run_after=2024-11-14 04:00:00+00:00
[2024-11-14T06:28:37.106+0000] {processor.py:208} INFO - Processing /home/airflow/.local/lib/python3.12/site-packages/airflow/example_dags/example_latest_only_with_trigger.py took 0.115 seconds
[2024-11-14T06:29:08.036+0000] {processor.py:186} INFO - Started process (PID=458) to work on /home/airflow/.local/lib/python3.12/site-packages/airflow/example_dags/example_latest_only_with_trigger.py
[2024-11-14T06:29:08.039+0000] {processor.py:914} INFO - Processing file /home/airflow/.local/lib/python3.12/site-packages/airflow/example_dags/example_latest_only_with_trigger.py for tasks to queue
[2024-11-14T06:29:08.042+0000] {logging_mixin.py:190} INFO - [2024-11-14T06:29:08.041+0000] {dagbag.py:588} INFO - Filling up the DagBag from /home/airflow/.local/lib/python3.12/site-packages/airflow/example_dags/example_latest_only_with_trigger.py
[2024-11-14T06:29:08.048+0000] {processor.py:925} INFO - DAG(s) 'latest_only_with_trigger' retrieved from /home/airflow/.local/lib/python3.12/site-packages/airflow/example_dags/example_latest_only_with_trigger.py
[2024-11-14T06:29:08.067+0000] {logging_mixin.py:190} INFO - [2024-11-14T06:29:08.067+0000] {dag.py:3239} INFO - Sync 1 DAGs
[2024-11-14T06:29:08.085+0000] {logging_mixin.py:190} INFO - [2024-11-14T06:29:08.085+0000] {dag.py:4180} INFO - Setting next_dagrun for latest_only_with_trigger to 2024-11-14 00:00:00+00:00, run_after=2024-11-14 04:00:00+00:00
[2024-11-14T06:29:08.099+0000] {processor.py:208} INFO - Processing /home/airflow/.local/lib/python3.12/site-packages/airflow/example_dags/example_latest_only_with_trigger.py took 0.074 seconds
[2024-11-14T06:29:38.130+0000] {processor.py:186} INFO - Started process (PID=522) to work on /home/airflow/.local/lib/python3.12/site-packages/airflow/example_dags/example_latest_only_with_trigger.py
[2024-11-14T06:29:38.131+0000] {processor.py:914} INFO - Processing file /home/airflow/.local/lib/python3.12/site-packages/airflow/example_dags/example_latest_only_with_trigger.py for tasks to queue
[2024-11-14T06:29:38.132+0000] {logging_mixin.py:190} INFO - [2024-11-14T06:29:38.132+0000] {dagbag.py:588} INFO - Filling up the DagBag from /home/airflow/.local/lib/python3.12/site-packages/airflow/example_dags/example_latest_only_with_trigger.py
[2024-11-14T06:29:38.139+0000] {processor.py:925} INFO - DAG(s) 'latest_only_with_trigger' retrieved from /home/airflow/.local/lib/python3.12/site-packages/airflow/example_dags/example_latest_only_with_trigger.py
[2024-11-14T06:29:38.149+0000] {logging_mixin.py:190} INFO - [2024-11-14T06:29:38.149+0000] {dag.py:3239} INFO - Sync 1 DAGs
[2024-11-14T06:29:38.160+0000] {logging_mixin.py:190} INFO - [2024-11-14T06:29:38.160+0000] {dag.py:4180} INFO - Setting next_dagrun for latest_only_with_trigger to 2024-11-14 00:00:00+00:00, run_after=2024-11-14 04:00:00+00:00
[2024-11-14T06:29:38.170+0000] {processor.py:208} INFO - Processing /home/airflow/.local/lib/python3.12/site-packages/airflow/example_dags/example_latest_only_with_trigger.py took 0.044 seconds
[2024-11-14T06:30:08.861+0000] {processor.py:186} INFO - Started process (PID=586) to work on /home/airflow/.local/lib/python3.12/site-packages/airflow/example_dags/example_latest_only_with_trigger.py
[2024-11-14T06:30:08.862+0000] {processor.py:914} INFO - Processing file /home/airflow/.local/lib/python3.12/site-packages/airflow/example_dags/example_latest_only_with_trigger.py for tasks to queue
[2024-11-14T06:30:08.864+0000] {logging_mixin.py:190} INFO - [2024-11-14T06:30:08.863+0000] {dagbag.py:588} INFO - Filling up the DagBag from /home/airflow/.local/lib/python3.12/site-packages/airflow/example_dags/example_latest_only_with_trigger.py
[2024-11-14T06:30:08.868+0000] {processor.py:925} INFO - DAG(s) 'latest_only_with_trigger' retrieved from /home/airflow/.local/lib/python3.12/site-packages/airflow/example_dags/example_latest_only_with_trigger.py
[2024-11-14T06:30:08.880+0000] {logging_mixin.py:190} INFO - [2024-11-14T06:30:08.880+0000] {dag.py:3239} INFO - Sync 1 DAGs
[2024-11-14T06:30:08.892+0000] {logging_mixin.py:190} INFO - [2024-11-14T06:30:08.892+0000] {dag.py:4180} INFO - Setting next_dagrun for latest_only_with_trigger to 2024-11-14 00:00:00+00:00, run_after=2024-11-14 04:00:00+00:00
[2024-11-14T06:30:08.901+0000] {processor.py:208} INFO - Processing /home/airflow/.local/lib/python3.12/site-packages/airflow/example_dags/example_latest_only_with_trigger.py took 0.048 seconds
[2024-11-14T06:30:39.329+0000] {processor.py:186} INFO - Started process (PID=650) to work on /home/airflow/.local/lib/python3.12/site-packages/airflow/example_dags/example_latest_only_with_trigger.py
[2024-11-14T06:30:39.330+0000] {processor.py:914} INFO - Processing file /home/airflow/.local/lib/python3.12/site-packages/airflow/example_dags/example_latest_only_with_trigger.py for tasks to queue
[2024-11-14T06:30:39.331+0000] {logging_mixin.py:190} INFO - [2024-11-14T06:30:39.331+0000] {dagbag.py:588} INFO - Filling up the DagBag from /home/airflow/.local/lib/python3.12/site-packages/airflow/example_dags/example_latest_only_with_trigger.py
[2024-11-14T06:30:39.336+0000] {processor.py:925} INFO - DAG(s) 'latest_only_with_trigger' retrieved from /home/airflow/.local/lib/python3.12/site-packages/airflow/example_dags/example_latest_only_with_trigger.py
[2024-11-14T06:30:39.347+0000] {logging_mixin.py:190} INFO - [2024-11-14T06:30:39.346+0000] {dag.py:3239} INFO - Sync 1 DAGs
[2024-11-14T06:30:39.358+0000] {logging_mixin.py:190} INFO - [2024-11-14T06:30:39.358+0000] {dag.py:4180} INFO - Setting next_dagrun for latest_only_with_trigger to 2024-11-14 00:00:00+00:00, run_after=2024-11-14 04:00:00+00:00
[2024-11-14T06:30:39.365+0000] {processor.py:208} INFO - Processing /home/airflow/.local/lib/python3.12/site-packages/airflow/example_dags/example_latest_only_with_trigger.py took 0.041 seconds
[2024-11-14T06:31:09.954+0000] {processor.py:186} INFO - Started process (PID=713) to work on /home/airflow/.local/lib/python3.12/site-packages/airflow/example_dags/example_latest_only_with_trigger.py
[2024-11-14T06:31:09.955+0000] {processor.py:914} INFO - Processing file /home/airflow/.local/lib/python3.12/site-packages/airflow/example_dags/example_latest_only_with_trigger.py for tasks to queue
[2024-11-14T06:31:09.957+0000] {logging_mixin.py:190} INFO - [2024-11-14T06:31:09.957+0000] {dagbag.py:588} INFO - Filling up the DagBag from /home/airflow/.local/lib/python3.12/site-packages/airflow/example_dags/example_latest_only_with_trigger.py
[2024-11-14T06:31:09.961+0000] {processor.py:925} INFO - DAG(s) 'latest_only_with_trigger' retrieved from /home/airflow/.local/lib/python3.12/site-packages/airflow/example_dags/example_latest_only_with_trigger.py
[2024-11-14T06:31:09.973+0000] {logging_mixin.py:190} INFO - [2024-11-14T06:31:09.972+0000] {dag.py:3239} INFO - Sync 1 DAGs
[2024-11-14T06:31:09.985+0000] {logging_mixin.py:190} INFO - [2024-11-14T06:31:09.985+0000] {dag.py:4180} INFO - Setting next_dagrun for latest_only_with_trigger to 2024-11-14 00:00:00+00:00, run_after=2024-11-14 04:00:00+00:00
[2024-11-14T06:31:09.994+0000] {processor.py:208} INFO - Processing /home/airflow/.local/lib/python3.12/site-packages/airflow/example_dags/example_latest_only_with_trigger.py took 0.044 seconds
[2024-11-14T06:31:40.380+0000] {processor.py:186} INFO - Started process (PID=777) to work on /home/airflow/.local/lib/python3.12/site-packages/airflow/example_dags/example_latest_only_with_trigger.py
[2024-11-14T06:31:40.381+0000] {processor.py:914} INFO - Processing file /home/airflow/.local/lib/python3.12/site-packages/airflow/example_dags/example_latest_only_with_trigger.py for tasks to queue
[2024-11-14T06:31:40.383+0000] {logging_mixin.py:190} INFO - [2024-11-14T06:31:40.382+0000] {dagbag.py:588} INFO - Filling up the DagBag from /home/airflow/.local/lib/python3.12/site-packages/airflow/example_dags/example_latest_only_with_trigger.py
[2024-11-14T06:31:40.388+0000] {processor.py:925} INFO - DAG(s) 'latest_only_with_trigger' retrieved from /home/airflow/.local/lib/python3.12/site-packages/airflow/example_dags/example_latest_only_with_trigger.py
[2024-11-14T06:31:40.399+0000] {logging_mixin.py:190} INFO - [2024-11-14T06:31:40.398+0000] {dag.py:3239} INFO - Sync 1 DAGs
[2024-11-14T06:31:40.410+0000] {logging_mixin.py:190} INFO - [2024-11-14T06:31:40.410+0000] {dag.py:4180} INFO - Setting next_dagrun for latest_only_with_trigger to 2024-11-14 00:00:00+00:00, run_after=2024-11-14 04:00:00+00:00
[2024-11-14T06:31:40.419+0000] {processor.py:208} INFO - Processing /home/airflow/.local/lib/python3.12/site-packages/airflow/example_dags/example_latest_only_with_trigger.py took 0.042 seconds
[2024-11-14T06:32:10.794+0000] {processor.py:186} INFO - Started process (PID=841) to work on /home/airflow/.local/lib/python3.12/site-packages/airflow/example_dags/example_latest_only_with_trigger.py
[2024-11-14T06:32:10.795+0000] {processor.py:914} INFO - Processing file /home/airflow/.local/lib/python3.12/site-packages/airflow/example_dags/example_latest_only_with_trigger.py for tasks to queue
[2024-11-14T06:32:10.798+0000] {logging_mixin.py:190} INFO - [2024-11-14T06:32:10.797+0000] {dagbag.py:588} INFO - Filling up the DagBag from /home/airflow/.local/lib/python3.12/site-packages/airflow/example_dags/example_latest_only_with_trigger.py
[2024-11-14T06:32:10.803+0000] {processor.py:925} INFO - DAG(s) 'latest_only_with_trigger' retrieved from /home/airflow/.local/lib/python3.12/site-packages/airflow/example_dags/example_latest_only_with_trigger.py
[2024-11-14T06:32:10.815+0000] {logging_mixin.py:190} INFO - [2024-11-14T06:32:10.815+0000] {dag.py:3239} INFO - Sync 1 DAGs
[2024-11-14T06:32:10.826+0000] {logging_mixin.py:190} INFO - [2024-11-14T06:32:10.826+0000] {dag.py:4180} INFO - Setting next_dagrun for latest_only_with_trigger to 2024-11-14 00:00:00+00:00, run_after=2024-11-14 04:00:00+00:00
[2024-11-14T06:32:10.837+0000] {processor.py:208} INFO - Processing /home/airflow/.local/lib/python3.12/site-packages/airflow/example_dags/example_latest_only_with_trigger.py took 0.046 seconds
[2024-11-14T06:32:41.193+0000] {processor.py:186} INFO - Started process (PID=905) to work on /home/airflow/.local/lib/python3.12/site-packages/airflow/example_dags/example_latest_only_with_trigger.py
[2024-11-14T06:32:41.193+0000] {processor.py:914} INFO - Processing file /home/airflow/.local/lib/python3.12/site-packages/airflow/example_dags/example_latest_only_with_trigger.py for tasks to queue
[2024-11-14T06:32:41.195+0000] {logging_mixin.py:190} INFO - [2024-11-14T06:32:41.195+0000] {dagbag.py:588} INFO - Filling up the DagBag from /home/airflow/.local/lib/python3.12/site-packages/airflow/example_dags/example_latest_only_with_trigger.py
[2024-11-14T06:32:41.200+0000] {processor.py:925} INFO - DAG(s) 'latest_only_with_trigger' retrieved from /home/airflow/.local/lib/python3.12/site-packages/airflow/example_dags/example_latest_only_with_trigger.py
[2024-11-14T06:32:41.214+0000] {logging_mixin.py:190} INFO - [2024-11-14T06:32:41.214+0000] {dag.py:3239} INFO - Sync 1 DAGs
[2024-11-14T06:32:41.226+0000] {logging_mixin.py:190} INFO - [2024-11-14T06:32:41.226+0000] {dag.py:4180} INFO - Setting next_dagrun for latest_only_with_trigger to 2024-11-14 00:00:00+00:00, run_after=2024-11-14 04:00:00+00:00
[2024-11-14T06:32:41.235+0000] {processor.py:208} INFO - Processing /home/airflow/.local/lib/python3.12/site-packages/airflow/example_dags/example_latest_only_with_trigger.py took 0.045 seconds
[2024-11-14T06:33:11.585+0000] {processor.py:186} INFO - Started process (PID=969) to work on /home/airflow/.local/lib/python3.12/site-packages/airflow/example_dags/example_latest_only_with_trigger.py
[2024-11-14T06:33:11.586+0000] {processor.py:914} INFO - Processing file /home/airflow/.local/lib/python3.12/site-packages/airflow/example_dags/example_latest_only_with_trigger.py for tasks to queue
[2024-11-14T06:33:11.587+0000] {logging_mixin.py:190} INFO - [2024-11-14T06:33:11.587+0000] {dagbag.py:588} INFO - Filling up the DagBag from /home/airflow/.local/lib/python3.12/site-packages/airflow/example_dags/example_latest_only_with_trigger.py
[2024-11-14T06:33:11.592+0000] {processor.py:925} INFO - DAG(s) 'latest_only_with_trigger' retrieved from /home/airflow/.local/lib/python3.12/site-packages/airflow/example_dags/example_latest_only_with_trigger.py
[2024-11-14T06:33:11.602+0000] {logging_mixin.py:190} INFO - [2024-11-14T06:33:11.602+0000] {dag.py:3239} INFO - Sync 1 DAGs
[2024-11-14T06:33:11.614+0000] {logging_mixin.py:190} INFO - [2024-11-14T06:33:11.613+0000] {dag.py:4180} INFO - Setting next_dagrun for latest_only_with_trigger to 2024-11-14 00:00:00+00:00, run_after=2024-11-14 04:00:00+00:00
[2024-11-14T06:33:11.623+0000] {processor.py:208} INFO - Processing /home/airflow/.local/lib/python3.12/site-packages/airflow/example_dags/example_latest_only_with_trigger.py took 0.041 seconds
[2024-11-14T06:33:42.039+0000] {processor.py:186} INFO - Started process (PID=1033) to work on /home/airflow/.local/lib/python3.12/site-packages/airflow/example_dags/example_latest_only_with_trigger.py
[2024-11-14T06:33:42.039+0000] {processor.py:914} INFO - Processing file /home/airflow/.local/lib/python3.12/site-packages/airflow/example_dags/example_latest_only_with_trigger.py for tasks to queue
[2024-11-14T06:33:42.041+0000] {logging_mixin.py:190} INFO - [2024-11-14T06:33:42.041+0000] {dagbag.py:588} INFO - Filling up the DagBag from /home/airflow/.local/lib/python3.12/site-packages/airflow/example_dags/example_latest_only_with_trigger.py
[2024-11-14T06:33:42.068+0000] {processor.py:925} INFO - DAG(s) 'latest_only_with_trigger' retrieved from /home/airflow/.local/lib/python3.12/site-packages/airflow/example_dags/example_latest_only_with_trigger.py
[2024-11-14T06:33:42.103+0000] {logging_mixin.py:190} INFO - [2024-11-14T06:33:42.103+0000] {dag.py:3239} INFO - Sync 1 DAGs
[2024-11-14T06:33:42.126+0000] {logging_mixin.py:190} INFO - [2024-11-14T06:33:42.126+0000] {dag.py:4180} INFO - Setting next_dagrun for latest_only_with_trigger to 2024-11-14 00:00:00+00:00, run_after=2024-11-14 04:00:00+00:00
[2024-11-14T06:33:42.143+0000] {processor.py:208} INFO - Processing /home/airflow/.local/lib/python3.12/site-packages/airflow/example_dags/example_latest_only_with_trigger.py took 0.109 seconds
[2024-11-14T06:34:12.790+0000] {processor.py:186} INFO - Started process (PID=1096) to work on /home/airflow/.local/lib/python3.12/site-packages/airflow/example_dags/example_latest_only_with_trigger.py
[2024-11-14T06:34:12.791+0000] {processor.py:914} INFO - Processing file /home/airflow/.local/lib/python3.12/site-packages/airflow/example_dags/example_latest_only_with_trigger.py for tasks to queue
[2024-11-14T06:34:12.792+0000] {logging_mixin.py:190} INFO - [2024-11-14T06:34:12.792+0000] {dagbag.py:588} INFO - Filling up the DagBag from /home/airflow/.local/lib/python3.12/site-packages/airflow/example_dags/example_latest_only_with_trigger.py
[2024-11-14T06:34:12.797+0000] {processor.py:925} INFO - DAG(s) 'latest_only_with_trigger' retrieved from /home/airflow/.local/lib/python3.12/site-packages/airflow/example_dags/example_latest_only_with_trigger.py
[2024-11-14T06:34:12.808+0000] {logging_mixin.py:190} INFO - [2024-11-14T06:34:12.808+0000] {dag.py:3239} INFO - Sync 1 DAGs
[2024-11-14T06:34:12.819+0000] {logging_mixin.py:190} INFO - [2024-11-14T06:34:12.819+0000] {dag.py:4180} INFO - Setting next_dagrun for latest_only_with_trigger to 2024-11-14 00:00:00+00:00, run_after=2024-11-14 04:00:00+00:00
[2024-11-14T06:34:12.828+0000] {processor.py:208} INFO - Processing /home/airflow/.local/lib/python3.12/site-packages/airflow/example_dags/example_latest_only_with_trigger.py took 0.042 seconds
[2024-11-14T06:34:43.310+0000] {processor.py:186} INFO - Started process (PID=1160) to work on /home/airflow/.local/lib/python3.12/site-packages/airflow/example_dags/example_latest_only_with_trigger.py
[2024-11-14T06:34:43.311+0000] {processor.py:914} INFO - Processing file /home/airflow/.local/lib/python3.12/site-packages/airflow/example_dags/example_latest_only_with_trigger.py for tasks to queue
[2024-11-14T06:34:43.314+0000] {logging_mixin.py:190} INFO - [2024-11-14T06:34:43.314+0000] {dagbag.py:588} INFO - Filling up the DagBag from /home/airflow/.local/lib/python3.12/site-packages/airflow/example_dags/example_latest_only_with_trigger.py
[2024-11-14T06:34:43.318+0000] {processor.py:925} INFO - DAG(s) 'latest_only_with_trigger' retrieved from /home/airflow/.local/lib/python3.12/site-packages/airflow/example_dags/example_latest_only_with_trigger.py
[2024-11-14T06:34:43.332+0000] {logging_mixin.py:190} INFO - [2024-11-14T06:34:43.331+0000] {dag.py:3239} INFO - Sync 1 DAGs
[2024-11-14T06:34:43.343+0000] {logging_mixin.py:190} INFO - [2024-11-14T06:34:43.343+0000] {dag.py:4180} INFO - Setting next_dagrun for latest_only_with_trigger to 2024-11-14 00:00:00+00:00, run_after=2024-11-14 04:00:00+00:00
[2024-11-14T06:34:43.352+0000] {processor.py:208} INFO - Processing /home/airflow/.local/lib/python3.12/site-packages/airflow/example_dags/example_latest_only_with_trigger.py took 0.045 seconds
[2024-11-14T06:35:14.065+0000] {processor.py:186} INFO - Started process (PID=1224) to work on /home/airflow/.local/lib/python3.12/site-packages/airflow/example_dags/example_latest_only_with_trigger.py
[2024-11-14T06:35:14.066+0000] {processor.py:914} INFO - Processing file /home/airflow/.local/lib/python3.12/site-packages/airflow/example_dags/example_latest_only_with_trigger.py for tasks to queue
[2024-11-14T06:35:14.069+0000] {logging_mixin.py:190} INFO - [2024-11-14T06:35:14.069+0000] {dagbag.py:588} INFO - Filling up the DagBag from /home/airflow/.local/lib/python3.12/site-packages/airflow/example_dags/example_latest_only_with_trigger.py
[2024-11-14T06:35:14.084+0000] {processor.py:925} INFO - DAG(s) 'latest_only_with_trigger' retrieved from /home/airflow/.local/lib/python3.12/site-packages/airflow/example_dags/example_latest_only_with_trigger.py
[2024-11-14T06:35:14.104+0000] {logging_mixin.py:190} INFO - [2024-11-14T06:35:14.104+0000] {dag.py:3239} INFO - Sync 1 DAGs
[2024-11-14T06:35:14.118+0000] {logging_mixin.py:190} INFO - [2024-11-14T06:35:14.118+0000] {dag.py:4180} INFO - Setting next_dagrun for latest_only_with_trigger to 2024-11-14 00:00:00+00:00, run_after=2024-11-14 04:00:00+00:00
[2024-11-14T06:35:14.129+0000] {processor.py:208} INFO - Processing /home/airflow/.local/lib/python3.12/site-packages/airflow/example_dags/example_latest_only_with_trigger.py took 0.067 seconds
[2024-11-14T06:35:44.879+0000] {processor.py:186} INFO - Started process (PID=1288) to work on /home/airflow/.local/lib/python3.12/site-packages/airflow/example_dags/example_latest_only_with_trigger.py
[2024-11-14T06:35:44.881+0000] {processor.py:914} INFO - Processing file /home/airflow/.local/lib/python3.12/site-packages/airflow/example_dags/example_latest_only_with_trigger.py for tasks to queue
[2024-11-14T06:35:44.883+0000] {logging_mixin.py:190} INFO - [2024-11-14T06:35:44.882+0000] {dagbag.py:588} INFO - Filling up the DagBag from /home/airflow/.local/lib/python3.12/site-packages/airflow/example_dags/example_latest_only_with_trigger.py
[2024-11-14T06:35:44.890+0000] {processor.py:925} INFO - DAG(s) 'latest_only_with_trigger' retrieved from /home/airflow/.local/lib/python3.12/site-packages/airflow/example_dags/example_latest_only_with_trigger.py
[2024-11-14T06:35:44.903+0000] {logging_mixin.py:190} INFO - [2024-11-14T06:35:44.903+0000] {dag.py:3239} INFO - Sync 1 DAGs
[2024-11-14T06:35:44.916+0000] {logging_mixin.py:190} INFO - [2024-11-14T06:35:44.916+0000] {dag.py:4180} INFO - Setting next_dagrun for latest_only_with_trigger to 2024-11-14 00:00:00+00:00, run_after=2024-11-14 04:00:00+00:00
[2024-11-14T06:35:44.925+0000] {processor.py:208} INFO - Processing /home/airflow/.local/lib/python3.12/site-packages/airflow/example_dags/example_latest_only_with_trigger.py took 0.055 seconds
[2024-11-14T06:36:15.361+0000] {processor.py:186} INFO - Started process (PID=1352) to work on /home/airflow/.local/lib/python3.12/site-packages/airflow/example_dags/example_latest_only_with_trigger.py
[2024-11-14T06:36:15.363+0000] {processor.py:914} INFO - Processing file /home/airflow/.local/lib/python3.12/site-packages/airflow/example_dags/example_latest_only_with_trigger.py for tasks to queue
[2024-11-14T06:36:15.364+0000] {logging_mixin.py:190} INFO - [2024-11-14T06:36:15.364+0000] {dagbag.py:588} INFO - Filling up the DagBag from /home/airflow/.local/lib/python3.12/site-packages/airflow/example_dags/example_latest_only_with_trigger.py
[2024-11-14T06:36:15.369+0000] {processor.py:925} INFO - DAG(s) 'latest_only_with_trigger' retrieved from /home/airflow/.local/lib/python3.12/site-packages/airflow/example_dags/example_latest_only_with_trigger.py
[2024-11-14T06:36:15.380+0000] {logging_mixin.py:190} INFO - [2024-11-14T06:36:15.380+0000] {dag.py:3239} INFO - Sync 1 DAGs
[2024-11-14T06:36:15.399+0000] {logging_mixin.py:190} INFO - [2024-11-14T06:36:15.399+0000] {dag.py:4180} INFO - Setting next_dagrun for latest_only_with_trigger to 2024-11-14 00:00:00+00:00, run_after=2024-11-14 04:00:00+00:00
[2024-11-14T06:36:15.409+0000] {processor.py:208} INFO - Processing /home/airflow/.local/lib/python3.12/site-packages/airflow/example_dags/example_latest_only_with_trigger.py took 0.052 seconds
[2024-11-14T06:36:45.946+0000] {processor.py:186} INFO - Started process (PID=1416) to work on /home/airflow/.local/lib/python3.12/site-packages/airflow/example_dags/example_latest_only_with_trigger.py
[2024-11-14T06:36:45.946+0000] {processor.py:914} INFO - Processing file /home/airflow/.local/lib/python3.12/site-packages/airflow/example_dags/example_latest_only_with_trigger.py for tasks to queue
[2024-11-14T06:36:45.949+0000] {logging_mixin.py:190} INFO - [2024-11-14T06:36:45.948+0000] {dagbag.py:588} INFO - Filling up the DagBag from /home/airflow/.local/lib/python3.12/site-packages/airflow/example_dags/example_latest_only_with_trigger.py
[2024-11-14T06:36:45.955+0000] {processor.py:925} INFO - DAG(s) 'latest_only_with_trigger' retrieved from /home/airflow/.local/lib/python3.12/site-packages/airflow/example_dags/example_latest_only_with_trigger.py
[2024-11-14T06:36:45.967+0000] {logging_mixin.py:190} INFO - [2024-11-14T06:36:45.967+0000] {dag.py:3239} INFO - Sync 1 DAGs
[2024-11-14T06:36:45.981+0000] {logging_mixin.py:190} INFO - [2024-11-14T06:36:45.981+0000] {dag.py:4180} INFO - Setting next_dagrun for latest_only_with_trigger to 2024-11-14 00:00:00+00:00, run_after=2024-11-14 04:00:00+00:00
[2024-11-14T06:36:45.990+0000] {processor.py:208} INFO - Processing /home/airflow/.local/lib/python3.12/site-packages/airflow/example_dags/example_latest_only_with_trigger.py took 0.048 seconds
[2024-11-14T06:37:16.333+0000] {processor.py:186} INFO - Started process (PID=1480) to work on /home/airflow/.local/lib/python3.12/site-packages/airflow/example_dags/example_latest_only_with_trigger.py
[2024-11-14T06:37:16.334+0000] {processor.py:914} INFO - Processing file /home/airflow/.local/lib/python3.12/site-packages/airflow/example_dags/example_latest_only_with_trigger.py for tasks to queue
[2024-11-14T06:37:16.335+0000] {logging_mixin.py:190} INFO - [2024-11-14T06:37:16.335+0000] {dagbag.py:588} INFO - Filling up the DagBag from /home/airflow/.local/lib/python3.12/site-packages/airflow/example_dags/example_latest_only_with_trigger.py
[2024-11-14T06:37:16.339+0000] {processor.py:925} INFO - DAG(s) 'latest_only_with_trigger' retrieved from /home/airflow/.local/lib/python3.12/site-packages/airflow/example_dags/example_latest_only_with_trigger.py
[2024-11-14T06:37:16.350+0000] {logging_mixin.py:190} INFO - [2024-11-14T06:37:16.350+0000] {dag.py:3239} INFO - Sync 1 DAGs
[2024-11-14T06:37:16.361+0000] {logging_mixin.py:190} INFO - [2024-11-14T06:37:16.361+0000] {dag.py:4180} INFO - Setting next_dagrun for latest_only_with_trigger to 2024-11-14 00:00:00+00:00, run_after=2024-11-14 04:00:00+00:00
[2024-11-14T06:37:16.369+0000] {processor.py:208} INFO - Processing /home/airflow/.local/lib/python3.12/site-packages/airflow/example_dags/example_latest_only_with_trigger.py took 0.039 seconds
[2024-11-14T06:37:46.714+0000] {processor.py:186} INFO - Started process (PID=1544) to work on /home/airflow/.local/lib/python3.12/site-packages/airflow/example_dags/example_latest_only_with_trigger.py
[2024-11-14T06:37:46.715+0000] {processor.py:914} INFO - Processing file /home/airflow/.local/lib/python3.12/site-packages/airflow/example_dags/example_latest_only_with_trigger.py for tasks to queue
[2024-11-14T06:37:46.716+0000] {logging_mixin.py:190} INFO - [2024-11-14T06:37:46.716+0000] {dagbag.py:588} INFO - Filling up the DagBag from /home/airflow/.local/lib/python3.12/site-packages/airflow/example_dags/example_latest_only_with_trigger.py
[2024-11-14T06:37:46.721+0000] {processor.py:925} INFO - DAG(s) 'latest_only_with_trigger' retrieved from /home/airflow/.local/lib/python3.12/site-packages/airflow/example_dags/example_latest_only_with_trigger.py
[2024-11-14T06:37:46.731+0000] {logging_mixin.py:190} INFO - [2024-11-14T06:37:46.731+0000] {dag.py:3239} INFO - Sync 1 DAGs
[2024-11-14T06:37:46.743+0000] {logging_mixin.py:190} INFO - [2024-11-14T06:37:46.743+0000] {dag.py:4180} INFO - Setting next_dagrun for latest_only_with_trigger to 2024-11-14 00:00:00+00:00, run_after=2024-11-14 04:00:00+00:00
[2024-11-14T06:37:46.752+0000] {processor.py:208} INFO - Processing /home/airflow/.local/lib/python3.12/site-packages/airflow/example_dags/example_latest_only_with_trigger.py took 0.041 seconds
[2024-11-14T06:38:17.414+0000] {processor.py:186} INFO - Started process (PID=1608) to work on /home/airflow/.local/lib/python3.12/site-packages/airflow/example_dags/example_latest_only_with_trigger.py
[2024-11-14T06:38:17.415+0000] {processor.py:914} INFO - Processing file /home/airflow/.local/lib/python3.12/site-packages/airflow/example_dags/example_latest_only_with_trigger.py for tasks to queue
[2024-11-14T06:38:17.417+0000] {logging_mixin.py:190} INFO - [2024-11-14T06:38:17.417+0000] {dagbag.py:588} INFO - Filling up the DagBag from /home/airflow/.local/lib/python3.12/site-packages/airflow/example_dags/example_latest_only_with_trigger.py
[2024-11-14T06:38:17.421+0000] {processor.py:925} INFO - DAG(s) 'latest_only_with_trigger' retrieved from /home/airflow/.local/lib/python3.12/site-packages/airflow/example_dags/example_latest_only_with_trigger.py
[2024-11-14T06:38:17.436+0000] {logging_mixin.py:190} INFO - [2024-11-14T06:38:17.436+0000] {dag.py:3239} INFO - Sync 1 DAGs
[2024-11-14T06:38:17.452+0000] {logging_mixin.py:190} INFO - [2024-11-14T06:38:17.451+0000] {dag.py:4180} INFO - Setting next_dagrun for latest_only_with_trigger to 2024-11-14 00:00:00+00:00, run_after=2024-11-14 04:00:00+00:00
[2024-11-14T06:38:17.462+0000] {processor.py:208} INFO - Processing /home/airflow/.local/lib/python3.12/site-packages/airflow/example_dags/example_latest_only_with_trigger.py took 0.051 seconds
[2024-11-14T06:38:48.103+0000] {processor.py:186} INFO - Started process (PID=1672) to work on /home/airflow/.local/lib/python3.12/site-packages/airflow/example_dags/example_latest_only_with_trigger.py
[2024-11-14T06:38:48.104+0000] {processor.py:914} INFO - Processing file /home/airflow/.local/lib/python3.12/site-packages/airflow/example_dags/example_latest_only_with_trigger.py for tasks to queue
[2024-11-14T06:38:48.106+0000] {logging_mixin.py:190} INFO - [2024-11-14T06:38:48.106+0000] {dagbag.py:588} INFO - Filling up the DagBag from /home/airflow/.local/lib/python3.12/site-packages/airflow/example_dags/example_latest_only_with_trigger.py
[2024-11-14T06:38:48.111+0000] {processor.py:925} INFO - DAG(s) 'latest_only_with_trigger' retrieved from /home/airflow/.local/lib/python3.12/site-packages/airflow/example_dags/example_latest_only_with_trigger.py
[2024-11-14T06:38:48.125+0000] {logging_mixin.py:190} INFO - [2024-11-14T06:38:48.125+0000] {dag.py:3239} INFO - Sync 1 DAGs
[2024-11-14T06:38:48.140+0000] {logging_mixin.py:190} INFO - [2024-11-14T06:38:48.139+0000] {dag.py:4180} INFO - Setting next_dagrun for latest_only_with_trigger to 2024-11-14 00:00:00+00:00, run_after=2024-11-14 04:00:00+00:00
[2024-11-14T06:38:48.152+0000] {processor.py:208} INFO - Processing /home/airflow/.local/lib/python3.12/site-packages/airflow/example_dags/example_latest_only_with_trigger.py took 0.054 seconds
[2024-11-14T06:39:18.691+0000] {processor.py:186} INFO - Started process (PID=1737) to work on /home/airflow/.local/lib/python3.12/site-packages/airflow/example_dags/example_latest_only_with_trigger.py
[2024-11-14T06:39:18.692+0000] {processor.py:914} INFO - Processing file /home/airflow/.local/lib/python3.12/site-packages/airflow/example_dags/example_latest_only_with_trigger.py for tasks to queue
[2024-11-14T06:39:18.694+0000] {logging_mixin.py:190} INFO - [2024-11-14T06:39:18.694+0000] {dagbag.py:588} INFO - Filling up the DagBag from /home/airflow/.local/lib/python3.12/site-packages/airflow/example_dags/example_latest_only_with_trigger.py
[2024-11-14T06:39:18.698+0000] {processor.py:925} INFO - DAG(s) 'latest_only_with_trigger' retrieved from /home/airflow/.local/lib/python3.12/site-packages/airflow/example_dags/example_latest_only_with_trigger.py
[2024-11-14T06:39:18.709+0000] {logging_mixin.py:190} INFO - [2024-11-14T06:39:18.708+0000] {dag.py:3239} INFO - Sync 1 DAGs
[2024-11-14T06:39:18.720+0000] {logging_mixin.py:190} INFO - [2024-11-14T06:39:18.720+0000] {dag.py:4180} INFO - Setting next_dagrun for latest_only_with_trigger to 2024-11-14 00:00:00+00:00, run_after=2024-11-14 04:00:00+00:00
[2024-11-14T06:39:18.729+0000] {processor.py:208} INFO - Processing /home/airflow/.local/lib/python3.12/site-packages/airflow/example_dags/example_latest_only_with_trigger.py took 0.041 seconds
[2024-11-14T06:39:49.512+0000] {processor.py:186} INFO - Started process (PID=1801) to work on /home/airflow/.local/lib/python3.12/site-packages/airflow/example_dags/example_latest_only_with_trigger.py
[2024-11-14T06:39:49.513+0000] {processor.py:914} INFO - Processing file /home/airflow/.local/lib/python3.12/site-packages/airflow/example_dags/example_latest_only_with_trigger.py for tasks to queue
[2024-11-14T06:39:49.515+0000] {logging_mixin.py:190} INFO - [2024-11-14T06:39:49.514+0000] {dagbag.py:588} INFO - Filling up the DagBag from /home/airflow/.local/lib/python3.12/site-packages/airflow/example_dags/example_latest_only_with_trigger.py
[2024-11-14T06:39:49.519+0000] {processor.py:925} INFO - DAG(s) 'latest_only_with_trigger' retrieved from /home/airflow/.local/lib/python3.12/site-packages/airflow/example_dags/example_latest_only_with_trigger.py
[2024-11-14T06:39:49.531+0000] {logging_mixin.py:190} INFO - [2024-11-14T06:39:49.531+0000] {dag.py:3239} INFO - Sync 1 DAGs
[2024-11-14T06:39:49.542+0000] {logging_mixin.py:190} INFO - [2024-11-14T06:39:49.542+0000] {dag.py:4180} INFO - Setting next_dagrun for latest_only_with_trigger to 2024-11-14 00:00:00+00:00, run_after=2024-11-14 04:00:00+00:00
[2024-11-14T06:39:49.550+0000] {processor.py:208} INFO - Processing /home/airflow/.local/lib/python3.12/site-packages/airflow/example_dags/example_latest_only_with_trigger.py took 0.041 seconds
[2024-11-14T06:40:20.187+0000] {processor.py:186} INFO - Started process (PID=1865) to work on /home/airflow/.local/lib/python3.12/site-packages/airflow/example_dags/example_latest_only_with_trigger.py
[2024-11-14T06:40:20.188+0000] {processor.py:914} INFO - Processing file /home/airflow/.local/lib/python3.12/site-packages/airflow/example_dags/example_latest_only_with_trigger.py for tasks to queue
[2024-11-14T06:40:20.190+0000] {logging_mixin.py:190} INFO - [2024-11-14T06:40:20.189+0000] {dagbag.py:588} INFO - Filling up the DagBag from /home/airflow/.local/lib/python3.12/site-packages/airflow/example_dags/example_latest_only_with_trigger.py
[2024-11-14T06:40:20.194+0000] {processor.py:925} INFO - DAG(s) 'latest_only_with_trigger' retrieved from /home/airflow/.local/lib/python3.12/site-packages/airflow/example_dags/example_latest_only_with_trigger.py
[2024-11-14T06:40:20.206+0000] {logging_mixin.py:190} INFO - [2024-11-14T06:40:20.206+0000] {dag.py:3239} INFO - Sync 1 DAGs
[2024-11-14T06:40:20.217+0000] {logging_mixin.py:190} INFO - [2024-11-14T06:40:20.217+0000] {dag.py:4180} INFO - Setting next_dagrun for latest_only_with_trigger to 2024-11-14 00:00:00+00:00, run_after=2024-11-14 04:00:00+00:00
[2024-11-14T06:40:20.225+0000] {processor.py:208} INFO - Processing /home/airflow/.local/lib/python3.12/site-packages/airflow/example_dags/example_latest_only_with_trigger.py took 0.041 seconds
[2024-11-14T06:40:50.629+0000] {processor.py:186} INFO - Started process (PID=1929) to work on /home/airflow/.local/lib/python3.12/site-packages/airflow/example_dags/example_latest_only_with_trigger.py
[2024-11-14T06:40:50.630+0000] {processor.py:914} INFO - Processing file /home/airflow/.local/lib/python3.12/site-packages/airflow/example_dags/example_latest_only_with_trigger.py for tasks to queue
[2024-11-14T06:40:50.631+0000] {logging_mixin.py:190} INFO - [2024-11-14T06:40:50.631+0000] {dagbag.py:588} INFO - Filling up the DagBag from /home/airflow/.local/lib/python3.12/site-packages/airflow/example_dags/example_latest_only_with_trigger.py
[2024-11-14T06:40:50.636+0000] {processor.py:925} INFO - DAG(s) 'latest_only_with_trigger' retrieved from /home/airflow/.local/lib/python3.12/site-packages/airflow/example_dags/example_latest_only_with_trigger.py
[2024-11-14T06:40:50.648+0000] {logging_mixin.py:190} INFO - [2024-11-14T06:40:50.647+0000] {dag.py:3239} INFO - Sync 1 DAGs
[2024-11-14T06:40:50.660+0000] {logging_mixin.py:190} INFO - [2024-11-14T06:40:50.660+0000] {dag.py:4180} INFO - Setting next_dagrun for latest_only_with_trigger to 2024-11-14 00:00:00+00:00, run_after=2024-11-14 04:00:00+00:00
[2024-11-14T06:40:50.673+0000] {processor.py:208} INFO - Processing /home/airflow/.local/lib/python3.12/site-packages/airflow/example_dags/example_latest_only_with_trigger.py took 0.047 seconds
[2024-11-14T06:41:21.469+0000] {processor.py:186} INFO - Started process (PID=1992) to work on /home/airflow/.local/lib/python3.12/site-packages/airflow/example_dags/example_latest_only_with_trigger.py
[2024-11-14T06:41:21.470+0000] {processor.py:914} INFO - Processing file /home/airflow/.local/lib/python3.12/site-packages/airflow/example_dags/example_latest_only_with_trigger.py for tasks to queue
[2024-11-14T06:41:21.472+0000] {logging_mixin.py:190} INFO - [2024-11-14T06:41:21.472+0000] {dagbag.py:588} INFO - Filling up the DagBag from /home/airflow/.local/lib/python3.12/site-packages/airflow/example_dags/example_latest_only_with_trigger.py
[2024-11-14T06:41:21.477+0000] {processor.py:925} INFO - DAG(s) 'latest_only_with_trigger' retrieved from /home/airflow/.local/lib/python3.12/site-packages/airflow/example_dags/example_latest_only_with_trigger.py
[2024-11-14T06:41:21.490+0000] {logging_mixin.py:190} INFO - [2024-11-14T06:41:21.490+0000] {dag.py:3239} INFO - Sync 1 DAGs
[2024-11-14T06:41:21.503+0000] {logging_mixin.py:190} INFO - [2024-11-14T06:41:21.503+0000] {dag.py:4180} INFO - Setting next_dagrun for latest_only_with_trigger to 2024-11-14 00:00:00+00:00, run_after=2024-11-14 04:00:00+00:00
[2024-11-14T06:41:21.511+0000] {processor.py:208} INFO - Processing /home/airflow/.local/lib/python3.12/site-packages/airflow/example_dags/example_latest_only_with_trigger.py took 0.046 seconds
