[2024-11-14T06:26:03.942+0000] {processor.py:186} INFO - Started process (PID=89) to work on /home/airflow/.local/lib/python3.12/site-packages/airflow/example_dags/example_sla_dag.py
[2024-11-14T06:26:03.944+0000] {processor.py:914} INFO - Processing file /home/airflow/.local/lib/python3.12/site-packages/airflow/example_dags/example_sla_dag.py for tasks to queue
[2024-11-14T06:26:03.949+0000] {logging_mixin.py:190} INFO - [2024-11-14T06:26:03.948+0000] {dagbag.py:588} INFO - Filling up the DagBag from /home/airflow/.local/lib/python3.12/site-packages/airflow/example_dags/example_sla_dag.py
[2024-11-14T06:26:03.958+0000] {processor.py:925} INFO - DAG(s) 'example_sla_dag' retrieved from /home/airflow/.local/lib/python3.12/site-packages/airflow/example_dags/example_sla_dag.py
[2024-11-14T06:26:03.972+0000] {logging_mixin.py:190} INFO - [2024-11-14T06:26:03.972+0000] {dag.py:3239} INFO - Sync 1 DAGs
[2024-11-14T06:26:03.991+0000] {logging_mixin.py:190} INFO - [2024-11-14T06:26:03.991+0000] {dag.py:4180} INFO - Setting next_dagrun for example_sla_dag to 2024-11-14 06:24:00+00:00, run_after=2024-11-14 06:26:00+00:00
[2024-11-14T06:26:04.003+0000] {processor.py:208} INFO - Processing /home/airflow/.local/lib/python3.12/site-packages/airflow/example_dags/example_sla_dag.py took 0.066 seconds
[2024-11-14T06:26:35.963+0000] {processor.py:186} INFO - Started process (PID=159) to work on /home/airflow/.local/lib/python3.12/site-packages/airflow/example_dags/example_sla_dag.py
[2024-11-14T06:26:35.963+0000] {processor.py:914} INFO - Processing file /home/airflow/.local/lib/python3.12/site-packages/airflow/example_dags/example_sla_dag.py for tasks to queue
[2024-11-14T06:26:35.965+0000] {logging_mixin.py:190} INFO - [2024-11-14T06:26:35.965+0000] {dagbag.py:588} INFO - Filling up the DagBag from /home/airflow/.local/lib/python3.12/site-packages/airflow/example_dags/example_sla_dag.py
[2024-11-14T06:26:35.971+0000] {processor.py:925} INFO - DAG(s) 'example_sla_dag' retrieved from /home/airflow/.local/lib/python3.12/site-packages/airflow/example_dags/example_sla_dag.py
[2024-11-14T06:26:35.981+0000] {logging_mixin.py:190} INFO - [2024-11-14T06:26:35.981+0000] {dag.py:3239} INFO - Sync 1 DAGs
[2024-11-14T06:26:35.998+0000] {logging_mixin.py:190} INFO - [2024-11-14T06:26:35.998+0000] {dag.py:4180} INFO - Setting next_dagrun for example_sla_dag to 2024-11-14 06:24:00+00:00, run_after=2024-11-14 06:26:00+00:00
[2024-11-14T06:26:36.008+0000] {processor.py:208} INFO - Processing /home/airflow/.local/lib/python3.12/site-packages/airflow/example_dags/example_sla_dag.py took 0.049 seconds
[2024-11-14T06:27:06.763+0000] {processor.py:186} INFO - Started process (PID=223) to work on /home/airflow/.local/lib/python3.12/site-packages/airflow/example_dags/example_sla_dag.py
[2024-11-14T06:27:06.763+0000] {processor.py:914} INFO - Processing file /home/airflow/.local/lib/python3.12/site-packages/airflow/example_dags/example_sla_dag.py for tasks to queue
[2024-11-14T06:27:06.765+0000] {logging_mixin.py:190} INFO - [2024-11-14T06:27:06.765+0000] {dagbag.py:588} INFO - Filling up the DagBag from /home/airflow/.local/lib/python3.12/site-packages/airflow/example_dags/example_sla_dag.py
[2024-11-14T06:27:06.771+0000] {processor.py:925} INFO - DAG(s) 'example_sla_dag' retrieved from /home/airflow/.local/lib/python3.12/site-packages/airflow/example_dags/example_sla_dag.py
[2024-11-14T06:27:06.783+0000] {logging_mixin.py:190} INFO - [2024-11-14T06:27:06.782+0000] {dag.py:3239} INFO - Sync 1 DAGs
[2024-11-14T06:27:06.796+0000] {logging_mixin.py:190} INFO - [2024-11-14T06:27:06.796+0000] {dag.py:4180} INFO - Setting next_dagrun for example_sla_dag to 2024-11-14 06:24:00+00:00, run_after=2024-11-14 06:26:00+00:00
[2024-11-14T06:27:06.807+0000] {processor.py:208} INFO - Processing /home/airflow/.local/lib/python3.12/site-packages/airflow/example_dags/example_sla_dag.py took 0.048 seconds
[2024-11-14T06:27:37.645+0000] {processor.py:186} INFO - Started process (PID=287) to work on /home/airflow/.local/lib/python3.12/site-packages/airflow/example_dags/example_sla_dag.py
[2024-11-14T06:27:37.646+0000] {processor.py:914} INFO - Processing file /home/airflow/.local/lib/python3.12/site-packages/airflow/example_dags/example_sla_dag.py for tasks to queue
[2024-11-14T06:27:37.648+0000] {logging_mixin.py:190} INFO - [2024-11-14T06:27:37.647+0000] {dagbag.py:588} INFO - Filling up the DagBag from /home/airflow/.local/lib/python3.12/site-packages/airflow/example_dags/example_sla_dag.py
[2024-11-14T06:27:37.654+0000] {processor.py:925} INFO - DAG(s) 'example_sla_dag' retrieved from /home/airflow/.local/lib/python3.12/site-packages/airflow/example_dags/example_sla_dag.py
[2024-11-14T06:27:37.666+0000] {logging_mixin.py:190} INFO - [2024-11-14T06:27:37.666+0000] {dag.py:3239} INFO - Sync 1 DAGs
[2024-11-14T06:27:37.678+0000] {logging_mixin.py:190} INFO - [2024-11-14T06:27:37.678+0000] {dag.py:4180} INFO - Setting next_dagrun for example_sla_dag to 2024-11-14 06:24:00+00:00, run_after=2024-11-14 06:26:00+00:00
[2024-11-14T06:27:37.687+0000] {processor.py:208} INFO - Processing /home/airflow/.local/lib/python3.12/site-packages/airflow/example_dags/example_sla_dag.py took 0.045 seconds
[2024-11-14T06:28:08.024+0000] {processor.py:186} INFO - Started process (PID=351) to work on /home/airflow/.local/lib/python3.12/site-packages/airflow/example_dags/example_sla_dag.py
[2024-11-14T06:28:08.024+0000] {processor.py:914} INFO - Processing file /home/airflow/.local/lib/python3.12/site-packages/airflow/example_dags/example_sla_dag.py for tasks to queue
[2024-11-14T06:28:08.026+0000] {logging_mixin.py:190} INFO - [2024-11-14T06:28:08.026+0000] {dagbag.py:588} INFO - Filling up the DagBag from /home/airflow/.local/lib/python3.12/site-packages/airflow/example_dags/example_sla_dag.py
[2024-11-14T06:28:08.032+0000] {processor.py:925} INFO - DAG(s) 'example_sla_dag' retrieved from /home/airflow/.local/lib/python3.12/site-packages/airflow/example_dags/example_sla_dag.py
[2024-11-14T06:28:08.044+0000] {logging_mixin.py:190} INFO - [2024-11-14T06:28:08.044+0000] {dag.py:3239} INFO - Sync 1 DAGs
[2024-11-14T06:28:08.056+0000] {logging_mixin.py:190} INFO - [2024-11-14T06:28:08.056+0000] {dag.py:4180} INFO - Setting next_dagrun for example_sla_dag to 2024-11-14 06:26:00+00:00, run_after=2024-11-14 06:28:00+00:00
[2024-11-14T06:28:08.065+0000] {processor.py:208} INFO - Processing /home/airflow/.local/lib/python3.12/site-packages/airflow/example_dags/example_sla_dag.py took 0.046 seconds
[2024-11-14T06:28:38.760+0000] {processor.py:186} INFO - Started process (PID=414) to work on /home/airflow/.local/lib/python3.12/site-packages/airflow/example_dags/example_sla_dag.py
[2024-11-14T06:28:38.761+0000] {processor.py:914} INFO - Processing file /home/airflow/.local/lib/python3.12/site-packages/airflow/example_dags/example_sla_dag.py for tasks to queue
[2024-11-14T06:28:38.762+0000] {logging_mixin.py:190} INFO - [2024-11-14T06:28:38.762+0000] {dagbag.py:588} INFO - Filling up the DagBag from /home/airflow/.local/lib/python3.12/site-packages/airflow/example_dags/example_sla_dag.py
[2024-11-14T06:28:38.769+0000] {processor.py:925} INFO - DAG(s) 'example_sla_dag' retrieved from /home/airflow/.local/lib/python3.12/site-packages/airflow/example_dags/example_sla_dag.py
[2024-11-14T06:28:38.781+0000] {logging_mixin.py:190} INFO - [2024-11-14T06:28:38.781+0000] {dag.py:3239} INFO - Sync 1 DAGs
[2024-11-14T06:28:38.793+0000] {logging_mixin.py:190} INFO - [2024-11-14T06:28:38.793+0000] {dag.py:4180} INFO - Setting next_dagrun for example_sla_dag to 2024-11-14 06:26:00+00:00, run_after=2024-11-14 06:28:00+00:00
[2024-11-14T06:28:38.801+0000] {processor.py:208} INFO - Processing /home/airflow/.local/lib/python3.12/site-packages/airflow/example_dags/example_sla_dag.py took 0.044 seconds
[2024-11-14T06:29:09.978+0000] {processor.py:186} INFO - Started process (PID=477) to work on /home/airflow/.local/lib/python3.12/site-packages/airflow/example_dags/example_sla_dag.py
[2024-11-14T06:29:09.979+0000] {processor.py:914} INFO - Processing file /home/airflow/.local/lib/python3.12/site-packages/airflow/example_dags/example_sla_dag.py for tasks to queue
[2024-11-14T06:29:09.982+0000] {logging_mixin.py:190} INFO - [2024-11-14T06:29:09.981+0000] {dagbag.py:588} INFO - Filling up the DagBag from /home/airflow/.local/lib/python3.12/site-packages/airflow/example_dags/example_sla_dag.py
[2024-11-14T06:29:09.991+0000] {processor.py:925} INFO - DAG(s) 'example_sla_dag' retrieved from /home/airflow/.local/lib/python3.12/site-packages/airflow/example_dags/example_sla_dag.py
[2024-11-14T06:29:10.005+0000] {logging_mixin.py:190} INFO - [2024-11-14T06:29:10.005+0000] {dag.py:3239} INFO - Sync 1 DAGs
[2024-11-14T06:29:10.023+0000] {logging_mixin.py:190} INFO - [2024-11-14T06:29:10.023+0000] {dag.py:4180} INFO - Setting next_dagrun for example_sla_dag to 2024-11-14 06:26:00+00:00, run_after=2024-11-14 06:28:00+00:00
[2024-11-14T06:29:10.036+0000] {processor.py:208} INFO - Processing /home/airflow/.local/lib/python3.12/site-packages/airflow/example_dags/example_sla_dag.py took 0.064 seconds
[2024-11-14T06:29:41.028+0000] {processor.py:186} INFO - Started process (PID=541) to work on /home/airflow/.local/lib/python3.12/site-packages/airflow/example_dags/example_sla_dag.py
[2024-11-14T06:29:41.028+0000] {processor.py:914} INFO - Processing file /home/airflow/.local/lib/python3.12/site-packages/airflow/example_dags/example_sla_dag.py for tasks to queue
[2024-11-14T06:29:41.030+0000] {logging_mixin.py:190} INFO - [2024-11-14T06:29:41.030+0000] {dagbag.py:588} INFO - Filling up the DagBag from /home/airflow/.local/lib/python3.12/site-packages/airflow/example_dags/example_sla_dag.py
[2024-11-14T06:29:41.036+0000] {processor.py:925} INFO - DAG(s) 'example_sla_dag' retrieved from /home/airflow/.local/lib/python3.12/site-packages/airflow/example_dags/example_sla_dag.py
[2024-11-14T06:29:41.047+0000] {logging_mixin.py:190} INFO - [2024-11-14T06:29:41.046+0000] {dag.py:3239} INFO - Sync 1 DAGs
[2024-11-14T06:29:41.060+0000] {logging_mixin.py:190} INFO - [2024-11-14T06:29:41.060+0000] {dag.py:4180} INFO - Setting next_dagrun for example_sla_dag to 2024-11-14 06:26:00+00:00, run_after=2024-11-14 06:28:00+00:00
[2024-11-14T06:29:41.083+0000] {processor.py:208} INFO - Processing /home/airflow/.local/lib/python3.12/site-packages/airflow/example_dags/example_sla_dag.py took 0.059 seconds
[2024-11-14T06:30:11.468+0000] {processor.py:186} INFO - Started process (PID=605) to work on /home/airflow/.local/lib/python3.12/site-packages/airflow/example_dags/example_sla_dag.py
[2024-11-14T06:30:11.469+0000] {processor.py:914} INFO - Processing file /home/airflow/.local/lib/python3.12/site-packages/airflow/example_dags/example_sla_dag.py for tasks to queue
[2024-11-14T06:30:11.471+0000] {logging_mixin.py:190} INFO - [2024-11-14T06:30:11.471+0000] {dagbag.py:588} INFO - Filling up the DagBag from /home/airflow/.local/lib/python3.12/site-packages/airflow/example_dags/example_sla_dag.py
[2024-11-14T06:30:11.476+0000] {processor.py:925} INFO - DAG(s) 'example_sla_dag' retrieved from /home/airflow/.local/lib/python3.12/site-packages/airflow/example_dags/example_sla_dag.py
[2024-11-14T06:30:11.487+0000] {logging_mixin.py:190} INFO - [2024-11-14T06:30:11.487+0000] {dag.py:3239} INFO - Sync 1 DAGs
[2024-11-14T06:30:11.501+0000] {logging_mixin.py:190} INFO - [2024-11-14T06:30:11.500+0000] {dag.py:4180} INFO - Setting next_dagrun for example_sla_dag to 2024-11-14 06:28:00+00:00, run_after=2024-11-14 06:30:00+00:00
[2024-11-14T06:30:11.509+0000] {processor.py:208} INFO - Processing /home/airflow/.local/lib/python3.12/site-packages/airflow/example_dags/example_sla_dag.py took 0.045 seconds
[2024-11-14T06:30:42.027+0000] {processor.py:186} INFO - Started process (PID=669) to work on /home/airflow/.local/lib/python3.12/site-packages/airflow/example_dags/example_sla_dag.py
[2024-11-14T06:30:42.027+0000] {processor.py:914} INFO - Processing file /home/airflow/.local/lib/python3.12/site-packages/airflow/example_dags/example_sla_dag.py for tasks to queue
[2024-11-14T06:30:42.029+0000] {logging_mixin.py:190} INFO - [2024-11-14T06:30:42.029+0000] {dagbag.py:588} INFO - Filling up the DagBag from /home/airflow/.local/lib/python3.12/site-packages/airflow/example_dags/example_sla_dag.py
[2024-11-14T06:30:42.035+0000] {processor.py:925} INFO - DAG(s) 'example_sla_dag' retrieved from /home/airflow/.local/lib/python3.12/site-packages/airflow/example_dags/example_sla_dag.py
[2024-11-14T06:30:42.045+0000] {logging_mixin.py:190} INFO - [2024-11-14T06:30:42.045+0000] {dag.py:3239} INFO - Sync 1 DAGs
[2024-11-14T06:30:42.057+0000] {logging_mixin.py:190} INFO - [2024-11-14T06:30:42.057+0000] {dag.py:4180} INFO - Setting next_dagrun for example_sla_dag to 2024-11-14 06:28:00+00:00, run_after=2024-11-14 06:30:00+00:00
[2024-11-14T06:30:42.064+0000] {processor.py:208} INFO - Processing /home/airflow/.local/lib/python3.12/site-packages/airflow/example_dags/example_sla_dag.py took 0.041 seconds
[2024-11-14T06:31:12.645+0000] {processor.py:186} INFO - Started process (PID=732) to work on /home/airflow/.local/lib/python3.12/site-packages/airflow/example_dags/example_sla_dag.py
[2024-11-14T06:31:12.646+0000] {processor.py:914} INFO - Processing file /home/airflow/.local/lib/python3.12/site-packages/airflow/example_dags/example_sla_dag.py for tasks to queue
[2024-11-14T06:31:12.648+0000] {logging_mixin.py:190} INFO - [2024-11-14T06:31:12.647+0000] {dagbag.py:588} INFO - Filling up the DagBag from /home/airflow/.local/lib/python3.12/site-packages/airflow/example_dags/example_sla_dag.py
[2024-11-14T06:31:12.653+0000] {processor.py:925} INFO - DAG(s) 'example_sla_dag' retrieved from /home/airflow/.local/lib/python3.12/site-packages/airflow/example_dags/example_sla_dag.py
[2024-11-14T06:31:12.664+0000] {logging_mixin.py:190} INFO - [2024-11-14T06:31:12.663+0000] {dag.py:3239} INFO - Sync 1 DAGs
[2024-11-14T06:31:12.677+0000] {logging_mixin.py:190} INFO - [2024-11-14T06:31:12.676+0000] {dag.py:4180} INFO - Setting next_dagrun for example_sla_dag to 2024-11-14 06:28:00+00:00, run_after=2024-11-14 06:30:00+00:00
[2024-11-14T06:31:12.687+0000] {processor.py:208} INFO - Processing /home/airflow/.local/lib/python3.12/site-packages/airflow/example_dags/example_sla_dag.py took 0.045 seconds
[2024-11-14T06:31:43.147+0000] {processor.py:186} INFO - Started process (PID=796) to work on /home/airflow/.local/lib/python3.12/site-packages/airflow/example_dags/example_sla_dag.py
[2024-11-14T06:31:43.148+0000] {processor.py:914} INFO - Processing file /home/airflow/.local/lib/python3.12/site-packages/airflow/example_dags/example_sla_dag.py for tasks to queue
[2024-11-14T06:31:43.149+0000] {logging_mixin.py:190} INFO - [2024-11-14T06:31:43.149+0000] {dagbag.py:588} INFO - Filling up the DagBag from /home/airflow/.local/lib/python3.12/site-packages/airflow/example_dags/example_sla_dag.py
[2024-11-14T06:31:43.155+0000] {processor.py:925} INFO - DAG(s) 'example_sla_dag' retrieved from /home/airflow/.local/lib/python3.12/site-packages/airflow/example_dags/example_sla_dag.py
[2024-11-14T06:31:43.165+0000] {logging_mixin.py:190} INFO - [2024-11-14T06:31:43.165+0000] {dag.py:3239} INFO - Sync 1 DAGs
[2024-11-14T06:31:43.180+0000] {logging_mixin.py:190} INFO - [2024-11-14T06:31:43.179+0000] {dag.py:4180} INFO - Setting next_dagrun for example_sla_dag to 2024-11-14 06:28:00+00:00, run_after=2024-11-14 06:30:00+00:00
[2024-11-14T06:31:43.190+0000] {processor.py:208} INFO - Processing /home/airflow/.local/lib/python3.12/site-packages/airflow/example_dags/example_sla_dag.py took 0.046 seconds
[2024-11-14T06:32:13.453+0000] {processor.py:186} INFO - Started process (PID=860) to work on /home/airflow/.local/lib/python3.12/site-packages/airflow/example_dags/example_sla_dag.py
[2024-11-14T06:32:13.454+0000] {processor.py:914} INFO - Processing file /home/airflow/.local/lib/python3.12/site-packages/airflow/example_dags/example_sla_dag.py for tasks to queue
[2024-11-14T06:32:13.455+0000] {logging_mixin.py:190} INFO - [2024-11-14T06:32:13.455+0000] {dagbag.py:588} INFO - Filling up the DagBag from /home/airflow/.local/lib/python3.12/site-packages/airflow/example_dags/example_sla_dag.py
[2024-11-14T06:32:13.461+0000] {processor.py:925} INFO - DAG(s) 'example_sla_dag' retrieved from /home/airflow/.local/lib/python3.12/site-packages/airflow/example_dags/example_sla_dag.py
[2024-11-14T06:32:13.471+0000] {logging_mixin.py:190} INFO - [2024-11-14T06:32:13.470+0000] {dag.py:3239} INFO - Sync 1 DAGs
[2024-11-14T06:32:13.483+0000] {logging_mixin.py:190} INFO - [2024-11-14T06:32:13.483+0000] {dag.py:4180} INFO - Setting next_dagrun for example_sla_dag to 2024-11-14 06:30:00+00:00, run_after=2024-11-14 06:32:00+00:00
[2024-11-14T06:32:13.492+0000] {processor.py:208} INFO - Processing /home/airflow/.local/lib/python3.12/site-packages/airflow/example_dags/example_sla_dag.py took 0.043 seconds
[2024-11-14T06:32:43.804+0000] {processor.py:186} INFO - Started process (PID=924) to work on /home/airflow/.local/lib/python3.12/site-packages/airflow/example_dags/example_sla_dag.py
[2024-11-14T06:32:43.805+0000] {processor.py:914} INFO - Processing file /home/airflow/.local/lib/python3.12/site-packages/airflow/example_dags/example_sla_dag.py for tasks to queue
[2024-11-14T06:32:43.806+0000] {logging_mixin.py:190} INFO - [2024-11-14T06:32:43.806+0000] {dagbag.py:588} INFO - Filling up the DagBag from /home/airflow/.local/lib/python3.12/site-packages/airflow/example_dags/example_sla_dag.py
[2024-11-14T06:32:43.811+0000] {processor.py:925} INFO - DAG(s) 'example_sla_dag' retrieved from /home/airflow/.local/lib/python3.12/site-packages/airflow/example_dags/example_sla_dag.py
[2024-11-14T06:32:43.822+0000] {logging_mixin.py:190} INFO - [2024-11-14T06:32:43.821+0000] {dag.py:3239} INFO - Sync 1 DAGs
[2024-11-14T06:32:43.834+0000] {logging_mixin.py:190} INFO - [2024-11-14T06:32:43.834+0000] {dag.py:4180} INFO - Setting next_dagrun for example_sla_dag to 2024-11-14 06:30:00+00:00, run_after=2024-11-14 06:32:00+00:00
[2024-11-14T06:32:43.843+0000] {processor.py:208} INFO - Processing /home/airflow/.local/lib/python3.12/site-packages/airflow/example_dags/example_sla_dag.py took 0.043 seconds
[2024-11-14T06:33:14.327+0000] {processor.py:186} INFO - Started process (PID=988) to work on /home/airflow/.local/lib/python3.12/site-packages/airflow/example_dags/example_sla_dag.py
[2024-11-14T06:33:14.328+0000] {processor.py:914} INFO - Processing file /home/airflow/.local/lib/python3.12/site-packages/airflow/example_dags/example_sla_dag.py for tasks to queue
[2024-11-14T06:33:14.329+0000] {logging_mixin.py:190} INFO - [2024-11-14T06:33:14.329+0000] {dagbag.py:588} INFO - Filling up the DagBag from /home/airflow/.local/lib/python3.12/site-packages/airflow/example_dags/example_sla_dag.py
[2024-11-14T06:33:14.336+0000] {processor.py:925} INFO - DAG(s) 'example_sla_dag' retrieved from /home/airflow/.local/lib/python3.12/site-packages/airflow/example_dags/example_sla_dag.py
[2024-11-14T06:33:14.346+0000] {logging_mixin.py:190} INFO - [2024-11-14T06:33:14.345+0000] {dag.py:3239} INFO - Sync 1 DAGs
[2024-11-14T06:33:14.357+0000] {logging_mixin.py:190} INFO - [2024-11-14T06:33:14.357+0000] {dag.py:4180} INFO - Setting next_dagrun for example_sla_dag to 2024-11-14 06:30:00+00:00, run_after=2024-11-14 06:32:00+00:00
[2024-11-14T06:33:14.366+0000] {processor.py:208} INFO - Processing /home/airflow/.local/lib/python3.12/site-packages/airflow/example_dags/example_sla_dag.py took 0.042 seconds
[2024-11-14T06:33:44.765+0000] {processor.py:186} INFO - Started process (PID=1052) to work on /home/airflow/.local/lib/python3.12/site-packages/airflow/example_dags/example_sla_dag.py
[2024-11-14T06:33:44.766+0000] {processor.py:914} INFO - Processing file /home/airflow/.local/lib/python3.12/site-packages/airflow/example_dags/example_sla_dag.py for tasks to queue
[2024-11-14T06:33:44.773+0000] {logging_mixin.py:190} INFO - [2024-11-14T06:33:44.773+0000] {dagbag.py:588} INFO - Filling up the DagBag from /home/airflow/.local/lib/python3.12/site-packages/airflow/example_dags/example_sla_dag.py
[2024-11-14T06:33:44.787+0000] {processor.py:925} INFO - DAG(s) 'example_sla_dag' retrieved from /home/airflow/.local/lib/python3.12/site-packages/airflow/example_dags/example_sla_dag.py
[2024-11-14T06:33:44.798+0000] {logging_mixin.py:190} INFO - [2024-11-14T06:33:44.797+0000] {dag.py:3239} INFO - Sync 1 DAGs
[2024-11-14T06:33:44.810+0000] {logging_mixin.py:190} INFO - [2024-11-14T06:33:44.810+0000] {dag.py:4180} INFO - Setting next_dagrun for example_sla_dag to 2024-11-14 06:30:00+00:00, run_after=2024-11-14 06:32:00+00:00
[2024-11-14T06:33:44.819+0000] {processor.py:208} INFO - Processing /home/airflow/.local/lib/python3.12/site-packages/airflow/example_dags/example_sla_dag.py took 0.057 seconds
[2024-11-14T06:34:15.458+0000] {processor.py:186} INFO - Started process (PID=1115) to work on /home/airflow/.local/lib/python3.12/site-packages/airflow/example_dags/example_sla_dag.py
[2024-11-14T06:34:15.459+0000] {processor.py:914} INFO - Processing file /home/airflow/.local/lib/python3.12/site-packages/airflow/example_dags/example_sla_dag.py for tasks to queue
[2024-11-14T06:34:15.460+0000] {logging_mixin.py:190} INFO - [2024-11-14T06:34:15.460+0000] {dagbag.py:588} INFO - Filling up the DagBag from /home/airflow/.local/lib/python3.12/site-packages/airflow/example_dags/example_sla_dag.py
[2024-11-14T06:34:15.466+0000] {processor.py:925} INFO - DAG(s) 'example_sla_dag' retrieved from /home/airflow/.local/lib/python3.12/site-packages/airflow/example_dags/example_sla_dag.py
[2024-11-14T06:34:15.477+0000] {logging_mixin.py:190} INFO - [2024-11-14T06:34:15.477+0000] {dag.py:3239} INFO - Sync 1 DAGs
[2024-11-14T06:34:15.489+0000] {logging_mixin.py:190} INFO - [2024-11-14T06:34:15.488+0000] {dag.py:4180} INFO - Setting next_dagrun for example_sla_dag to 2024-11-14 06:32:00+00:00, run_after=2024-11-14 06:34:00+00:00
[2024-11-14T06:34:15.497+0000] {processor.py:208} INFO - Processing /home/airflow/.local/lib/python3.12/site-packages/airflow/example_dags/example_sla_dag.py took 0.042 seconds
[2024-11-14T06:34:46.048+0000] {processor.py:186} INFO - Started process (PID=1179) to work on /home/airflow/.local/lib/python3.12/site-packages/airflow/example_dags/example_sla_dag.py
[2024-11-14T06:34:46.049+0000] {processor.py:914} INFO - Processing file /home/airflow/.local/lib/python3.12/site-packages/airflow/example_dags/example_sla_dag.py for tasks to queue
[2024-11-14T06:34:46.050+0000] {logging_mixin.py:190} INFO - [2024-11-14T06:34:46.050+0000] {dagbag.py:588} INFO - Filling up the DagBag from /home/airflow/.local/lib/python3.12/site-packages/airflow/example_dags/example_sla_dag.py
[2024-11-14T06:34:46.056+0000] {processor.py:925} INFO - DAG(s) 'example_sla_dag' retrieved from /home/airflow/.local/lib/python3.12/site-packages/airflow/example_dags/example_sla_dag.py
[2024-11-14T06:34:46.066+0000] {logging_mixin.py:190} INFO - [2024-11-14T06:34:46.066+0000] {dag.py:3239} INFO - Sync 1 DAGs
[2024-11-14T06:34:46.080+0000] {logging_mixin.py:190} INFO - [2024-11-14T06:34:46.080+0000] {dag.py:4180} INFO - Setting next_dagrun for example_sla_dag to 2024-11-14 06:32:00+00:00, run_after=2024-11-14 06:34:00+00:00
[2024-11-14T06:34:46.091+0000] {processor.py:208} INFO - Processing /home/airflow/.local/lib/python3.12/site-packages/airflow/example_dags/example_sla_dag.py took 0.047 seconds
[2024-11-14T06:35:16.956+0000] {processor.py:186} INFO - Started process (PID=1243) to work on /home/airflow/.local/lib/python3.12/site-packages/airflow/example_dags/example_sla_dag.py
[2024-11-14T06:35:16.957+0000] {processor.py:914} INFO - Processing file /home/airflow/.local/lib/python3.12/site-packages/airflow/example_dags/example_sla_dag.py for tasks to queue
[2024-11-14T06:35:16.962+0000] {logging_mixin.py:190} INFO - [2024-11-14T06:35:16.962+0000] {dagbag.py:588} INFO - Filling up the DagBag from /home/airflow/.local/lib/python3.12/site-packages/airflow/example_dags/example_sla_dag.py
[2024-11-14T06:35:16.972+0000] {processor.py:925} INFO - DAG(s) 'example_sla_dag' retrieved from /home/airflow/.local/lib/python3.12/site-packages/airflow/example_dags/example_sla_dag.py
[2024-11-14T06:35:16.986+0000] {logging_mixin.py:190} INFO - [2024-11-14T06:35:16.986+0000] {dag.py:3239} INFO - Sync 1 DAGs
[2024-11-14T06:35:17.000+0000] {logging_mixin.py:190} INFO - [2024-11-14T06:35:17.000+0000] {dag.py:4180} INFO - Setting next_dagrun for example_sla_dag to 2024-11-14 06:32:00+00:00, run_after=2024-11-14 06:34:00+00:00
[2024-11-14T06:35:17.009+0000] {processor.py:208} INFO - Processing /home/airflow/.local/lib/python3.12/site-packages/airflow/example_dags/example_sla_dag.py took 0.057 seconds
[2024-11-14T06:35:47.598+0000] {processor.py:186} INFO - Started process (PID=1307) to work on /home/airflow/.local/lib/python3.12/site-packages/airflow/example_dags/example_sla_dag.py
[2024-11-14T06:35:47.599+0000] {processor.py:914} INFO - Processing file /home/airflow/.local/lib/python3.12/site-packages/airflow/example_dags/example_sla_dag.py for tasks to queue
[2024-11-14T06:35:47.600+0000] {logging_mixin.py:190} INFO - [2024-11-14T06:35:47.600+0000] {dagbag.py:588} INFO - Filling up the DagBag from /home/airflow/.local/lib/python3.12/site-packages/airflow/example_dags/example_sla_dag.py
[2024-11-14T06:35:47.606+0000] {processor.py:925} INFO - DAG(s) 'example_sla_dag' retrieved from /home/airflow/.local/lib/python3.12/site-packages/airflow/example_dags/example_sla_dag.py
[2024-11-14T06:35:47.616+0000] {logging_mixin.py:190} INFO - [2024-11-14T06:35:47.616+0000] {dag.py:3239} INFO - Sync 1 DAGs
[2024-11-14T06:35:47.628+0000] {logging_mixin.py:190} INFO - [2024-11-14T06:35:47.628+0000] {dag.py:4180} INFO - Setting next_dagrun for example_sla_dag to 2024-11-14 06:32:00+00:00, run_after=2024-11-14 06:34:00+00:00
[2024-11-14T06:35:47.636+0000] {processor.py:208} INFO - Processing /home/airflow/.local/lib/python3.12/site-packages/airflow/example_dags/example_sla_dag.py took 0.042 seconds
[2024-11-14T06:36:18.218+0000] {processor.py:186} INFO - Started process (PID=1371) to work on /home/airflow/.local/lib/python3.12/site-packages/airflow/example_dags/example_sla_dag.py
[2024-11-14T06:36:18.219+0000] {processor.py:914} INFO - Processing file /home/airflow/.local/lib/python3.12/site-packages/airflow/example_dags/example_sla_dag.py for tasks to queue
[2024-11-14T06:36:18.220+0000] {logging_mixin.py:190} INFO - [2024-11-14T06:36:18.220+0000] {dagbag.py:588} INFO - Filling up the DagBag from /home/airflow/.local/lib/python3.12/site-packages/airflow/example_dags/example_sla_dag.py
[2024-11-14T06:36:18.226+0000] {processor.py:925} INFO - DAG(s) 'example_sla_dag' retrieved from /home/airflow/.local/lib/python3.12/site-packages/airflow/example_dags/example_sla_dag.py
[2024-11-14T06:36:18.237+0000] {logging_mixin.py:190} INFO - [2024-11-14T06:36:18.237+0000] {dag.py:3239} INFO - Sync 1 DAGs
[2024-11-14T06:36:18.255+0000] {logging_mixin.py:190} INFO - [2024-11-14T06:36:18.255+0000] {dag.py:4180} INFO - Setting next_dagrun for example_sla_dag to 2024-11-14 06:34:00+00:00, run_after=2024-11-14 06:36:00+00:00
[2024-11-14T06:36:18.269+0000] {processor.py:208} INFO - Processing /home/airflow/.local/lib/python3.12/site-packages/airflow/example_dags/example_sla_dag.py took 0.055 seconds
[2024-11-14T06:36:48.598+0000] {processor.py:186} INFO - Started process (PID=1435) to work on /home/airflow/.local/lib/python3.12/site-packages/airflow/example_dags/example_sla_dag.py
[2024-11-14T06:36:48.599+0000] {processor.py:914} INFO - Processing file /home/airflow/.local/lib/python3.12/site-packages/airflow/example_dags/example_sla_dag.py for tasks to queue
[2024-11-14T06:36:48.600+0000] {logging_mixin.py:190} INFO - [2024-11-14T06:36:48.600+0000] {dagbag.py:588} INFO - Filling up the DagBag from /home/airflow/.local/lib/python3.12/site-packages/airflow/example_dags/example_sla_dag.py
[2024-11-14T06:36:48.606+0000] {processor.py:925} INFO - DAG(s) 'example_sla_dag' retrieved from /home/airflow/.local/lib/python3.12/site-packages/airflow/example_dags/example_sla_dag.py
[2024-11-14T06:36:48.617+0000] {logging_mixin.py:190} INFO - [2024-11-14T06:36:48.617+0000] {dag.py:3239} INFO - Sync 1 DAGs
[2024-11-14T06:36:48.631+0000] {logging_mixin.py:190} INFO - [2024-11-14T06:36:48.630+0000] {dag.py:4180} INFO - Setting next_dagrun for example_sla_dag to 2024-11-14 06:34:00+00:00, run_after=2024-11-14 06:36:00+00:00
[2024-11-14T06:36:48.640+0000] {processor.py:208} INFO - Processing /home/airflow/.local/lib/python3.12/site-packages/airflow/example_dags/example_sla_dag.py took 0.045 seconds
[2024-11-14T06:37:18.934+0000] {processor.py:186} INFO - Started process (PID=1499) to work on /home/airflow/.local/lib/python3.12/site-packages/airflow/example_dags/example_sla_dag.py
[2024-11-14T06:37:18.934+0000] {processor.py:914} INFO - Processing file /home/airflow/.local/lib/python3.12/site-packages/airflow/example_dags/example_sla_dag.py for tasks to queue
[2024-11-14T06:37:18.936+0000] {logging_mixin.py:190} INFO - [2024-11-14T06:37:18.936+0000] {dagbag.py:588} INFO - Filling up the DagBag from /home/airflow/.local/lib/python3.12/site-packages/airflow/example_dags/example_sla_dag.py
[2024-11-14T06:37:18.941+0000] {processor.py:925} INFO - DAG(s) 'example_sla_dag' retrieved from /home/airflow/.local/lib/python3.12/site-packages/airflow/example_dags/example_sla_dag.py
[2024-11-14T06:37:18.951+0000] {logging_mixin.py:190} INFO - [2024-11-14T06:37:18.951+0000] {dag.py:3239} INFO - Sync 1 DAGs
[2024-11-14T06:37:18.969+0000] {logging_mixin.py:190} INFO - [2024-11-14T06:37:18.969+0000] {dag.py:4180} INFO - Setting next_dagrun for example_sla_dag to 2024-11-14 06:34:00+00:00, run_after=2024-11-14 06:36:00+00:00
[2024-11-14T06:37:18.978+0000] {processor.py:208} INFO - Processing /home/airflow/.local/lib/python3.12/site-packages/airflow/example_dags/example_sla_dag.py took 0.048 seconds
[2024-11-14T06:37:49.394+0000] {processor.py:186} INFO - Started process (PID=1563) to work on /home/airflow/.local/lib/python3.12/site-packages/airflow/example_dags/example_sla_dag.py
[2024-11-14T06:37:49.394+0000] {processor.py:914} INFO - Processing file /home/airflow/.local/lib/python3.12/site-packages/airflow/example_dags/example_sla_dag.py for tasks to queue
[2024-11-14T06:37:49.396+0000] {logging_mixin.py:190} INFO - [2024-11-14T06:37:49.396+0000] {dagbag.py:588} INFO - Filling up the DagBag from /home/airflow/.local/lib/python3.12/site-packages/airflow/example_dags/example_sla_dag.py
[2024-11-14T06:37:49.402+0000] {processor.py:925} INFO - DAG(s) 'example_sla_dag' retrieved from /home/airflow/.local/lib/python3.12/site-packages/airflow/example_dags/example_sla_dag.py
[2024-11-14T06:37:49.412+0000] {logging_mixin.py:190} INFO - [2024-11-14T06:37:49.412+0000] {dag.py:3239} INFO - Sync 1 DAGs
[2024-11-14T06:37:49.424+0000] {logging_mixin.py:190} INFO - [2024-11-14T06:37:49.424+0000] {dag.py:4180} INFO - Setting next_dagrun for example_sla_dag to 2024-11-14 06:34:00+00:00, run_after=2024-11-14 06:36:00+00:00
[2024-11-14T06:37:49.432+0000] {processor.py:208} INFO - Processing /home/airflow/.local/lib/python3.12/site-packages/airflow/example_dags/example_sla_dag.py took 0.042 seconds
[2024-11-14T06:38:20.115+0000] {processor.py:186} INFO - Started process (PID=1627) to work on /home/airflow/.local/lib/python3.12/site-packages/airflow/example_dags/example_sla_dag.py
[2024-11-14T06:38:20.116+0000] {processor.py:914} INFO - Processing file /home/airflow/.local/lib/python3.12/site-packages/airflow/example_dags/example_sla_dag.py for tasks to queue
[2024-11-14T06:38:20.117+0000] {logging_mixin.py:190} INFO - [2024-11-14T06:38:20.117+0000] {dagbag.py:588} INFO - Filling up the DagBag from /home/airflow/.local/lib/python3.12/site-packages/airflow/example_dags/example_sla_dag.py
[2024-11-14T06:38:20.123+0000] {processor.py:925} INFO - DAG(s) 'example_sla_dag' retrieved from /home/airflow/.local/lib/python3.12/site-packages/airflow/example_dags/example_sla_dag.py
[2024-11-14T06:38:20.133+0000] {logging_mixin.py:190} INFO - [2024-11-14T06:38:20.133+0000] {dag.py:3239} INFO - Sync 1 DAGs
[2024-11-14T06:38:20.146+0000] {logging_mixin.py:190} INFO - [2024-11-14T06:38:20.146+0000] {dag.py:4180} INFO - Setting next_dagrun for example_sla_dag to 2024-11-14 06:36:00+00:00, run_after=2024-11-14 06:38:00+00:00
[2024-11-14T06:38:20.154+0000] {processor.py:208} INFO - Processing /home/airflow/.local/lib/python3.12/site-packages/airflow/example_dags/example_sla_dag.py took 0.043 seconds
[2024-11-14T06:38:50.783+0000] {processor.py:186} INFO - Started process (PID=1691) to work on /home/airflow/.local/lib/python3.12/site-packages/airflow/example_dags/example_sla_dag.py
[2024-11-14T06:38:50.784+0000] {processor.py:914} INFO - Processing file /home/airflow/.local/lib/python3.12/site-packages/airflow/example_dags/example_sla_dag.py for tasks to queue
[2024-11-14T06:38:50.785+0000] {logging_mixin.py:190} INFO - [2024-11-14T06:38:50.785+0000] {dagbag.py:588} INFO - Filling up the DagBag from /home/airflow/.local/lib/python3.12/site-packages/airflow/example_dags/example_sla_dag.py
[2024-11-14T06:38:50.791+0000] {processor.py:925} INFO - DAG(s) 'example_sla_dag' retrieved from /home/airflow/.local/lib/python3.12/site-packages/airflow/example_dags/example_sla_dag.py
[2024-11-14T06:38:50.802+0000] {logging_mixin.py:190} INFO - [2024-11-14T06:38:50.801+0000] {dag.py:3239} INFO - Sync 1 DAGs
[2024-11-14T06:38:50.815+0000] {logging_mixin.py:190} INFO - [2024-11-14T06:38:50.815+0000] {dag.py:4180} INFO - Setting next_dagrun for example_sla_dag to 2024-11-14 06:36:00+00:00, run_after=2024-11-14 06:38:00+00:00
[2024-11-14T06:38:50.826+0000] {processor.py:208} INFO - Processing /home/airflow/.local/lib/python3.12/site-packages/airflow/example_dags/example_sla_dag.py took 0.046 seconds
[2024-11-14T06:39:21.609+0000] {processor.py:186} INFO - Started process (PID=1756) to work on /home/airflow/.local/lib/python3.12/site-packages/airflow/example_dags/example_sla_dag.py
[2024-11-14T06:39:21.610+0000] {processor.py:914} INFO - Processing file /home/airflow/.local/lib/python3.12/site-packages/airflow/example_dags/example_sla_dag.py for tasks to queue
[2024-11-14T06:39:21.612+0000] {logging_mixin.py:190} INFO - [2024-11-14T06:39:21.612+0000] {dagbag.py:588} INFO - Filling up the DagBag from /home/airflow/.local/lib/python3.12/site-packages/airflow/example_dags/example_sla_dag.py
[2024-11-14T06:39:21.621+0000] {processor.py:925} INFO - DAG(s) 'example_sla_dag' retrieved from /home/airflow/.local/lib/python3.12/site-packages/airflow/example_dags/example_sla_dag.py
[2024-11-14T06:39:21.633+0000] {logging_mixin.py:190} INFO - [2024-11-14T06:39:21.633+0000] {dag.py:3239} INFO - Sync 1 DAGs
[2024-11-14T06:39:21.650+0000] {logging_mixin.py:190} INFO - [2024-11-14T06:39:21.650+0000] {dag.py:4180} INFO - Setting next_dagrun for example_sla_dag to 2024-11-14 06:36:00+00:00, run_after=2024-11-14 06:38:00+00:00
[2024-11-14T06:39:21.666+0000] {processor.py:208} INFO - Processing /home/airflow/.local/lib/python3.12/site-packages/airflow/example_dags/example_sla_dag.py took 0.061 seconds
[2024-11-14T06:39:52.264+0000] {processor.py:186} INFO - Started process (PID=1820) to work on /home/airflow/.local/lib/python3.12/site-packages/airflow/example_dags/example_sla_dag.py
[2024-11-14T06:39:52.265+0000] {processor.py:914} INFO - Processing file /home/airflow/.local/lib/python3.12/site-packages/airflow/example_dags/example_sla_dag.py for tasks to queue
[2024-11-14T06:39:52.266+0000] {logging_mixin.py:190} INFO - [2024-11-14T06:39:52.266+0000] {dagbag.py:588} INFO - Filling up the DagBag from /home/airflow/.local/lib/python3.12/site-packages/airflow/example_dags/example_sla_dag.py
[2024-11-14T06:39:52.272+0000] {processor.py:925} INFO - DAG(s) 'example_sla_dag' retrieved from /home/airflow/.local/lib/python3.12/site-packages/airflow/example_dags/example_sla_dag.py
[2024-11-14T06:39:52.284+0000] {logging_mixin.py:190} INFO - [2024-11-14T06:39:52.284+0000] {dag.py:3239} INFO - Sync 1 DAGs
[2024-11-14T06:39:52.297+0000] {logging_mixin.py:190} INFO - [2024-11-14T06:39:52.297+0000] {dag.py:4180} INFO - Setting next_dagrun for example_sla_dag to 2024-11-14 06:36:00+00:00, run_after=2024-11-14 06:38:00+00:00
[2024-11-14T06:39:52.306+0000] {processor.py:208} INFO - Processing /home/airflow/.local/lib/python3.12/site-packages/airflow/example_dags/example_sla_dag.py took 0.046 seconds
[2024-11-14T06:40:22.811+0000] {processor.py:186} INFO - Started process (PID=1884) to work on /home/airflow/.local/lib/python3.12/site-packages/airflow/example_dags/example_sla_dag.py
[2024-11-14T06:40:22.812+0000] {processor.py:914} INFO - Processing file /home/airflow/.local/lib/python3.12/site-packages/airflow/example_dags/example_sla_dag.py for tasks to queue
[2024-11-14T06:40:22.814+0000] {logging_mixin.py:190} INFO - [2024-11-14T06:40:22.814+0000] {dagbag.py:588} INFO - Filling up the DagBag from /home/airflow/.local/lib/python3.12/site-packages/airflow/example_dags/example_sla_dag.py
[2024-11-14T06:40:22.820+0000] {processor.py:925} INFO - DAG(s) 'example_sla_dag' retrieved from /home/airflow/.local/lib/python3.12/site-packages/airflow/example_dags/example_sla_dag.py
[2024-11-14T06:40:22.830+0000] {logging_mixin.py:190} INFO - [2024-11-14T06:40:22.830+0000] {dag.py:3239} INFO - Sync 1 DAGs
[2024-11-14T06:40:22.843+0000] {logging_mixin.py:190} INFO - [2024-11-14T06:40:22.843+0000] {dag.py:4180} INFO - Setting next_dagrun for example_sla_dag to 2024-11-14 06:38:00+00:00, run_after=2024-11-14 06:40:00+00:00
[2024-11-14T06:40:22.852+0000] {processor.py:208} INFO - Processing /home/airflow/.local/lib/python3.12/site-packages/airflow/example_dags/example_sla_dag.py took 0.045 seconds
[2024-11-14T06:40:53.261+0000] {processor.py:186} INFO - Started process (PID=1948) to work on /home/airflow/.local/lib/python3.12/site-packages/airflow/example_dags/example_sla_dag.py
[2024-11-14T06:40:53.262+0000] {processor.py:914} INFO - Processing file /home/airflow/.local/lib/python3.12/site-packages/airflow/example_dags/example_sla_dag.py for tasks to queue
[2024-11-14T06:40:53.263+0000] {logging_mixin.py:190} INFO - [2024-11-14T06:40:53.263+0000] {dagbag.py:588} INFO - Filling up the DagBag from /home/airflow/.local/lib/python3.12/site-packages/airflow/example_dags/example_sla_dag.py
[2024-11-14T06:40:53.270+0000] {processor.py:925} INFO - DAG(s) 'example_sla_dag' retrieved from /home/airflow/.local/lib/python3.12/site-packages/airflow/example_dags/example_sla_dag.py
[2024-11-14T06:40:53.282+0000] {logging_mixin.py:190} INFO - [2024-11-14T06:40:53.282+0000] {dag.py:3239} INFO - Sync 1 DAGs
[2024-11-14T06:40:53.295+0000] {logging_mixin.py:190} INFO - [2024-11-14T06:40:53.295+0000] {dag.py:4180} INFO - Setting next_dagrun for example_sla_dag to 2024-11-14 06:38:00+00:00, run_after=2024-11-14 06:40:00+00:00
[2024-11-14T06:40:53.305+0000] {processor.py:208} INFO - Processing /home/airflow/.local/lib/python3.12/site-packages/airflow/example_dags/example_sla_dag.py took 0.048 seconds
[2024-11-14T06:41:24.195+0000] {processor.py:186} INFO - Started process (PID=2011) to work on /home/airflow/.local/lib/python3.12/site-packages/airflow/example_dags/example_sla_dag.py
[2024-11-14T06:41:24.196+0000] {processor.py:914} INFO - Processing file /home/airflow/.local/lib/python3.12/site-packages/airflow/example_dags/example_sla_dag.py for tasks to queue
[2024-11-14T06:41:24.198+0000] {logging_mixin.py:190} INFO - [2024-11-14T06:41:24.197+0000] {dagbag.py:588} INFO - Filling up the DagBag from /home/airflow/.local/lib/python3.12/site-packages/airflow/example_dags/example_sla_dag.py
[2024-11-14T06:41:24.203+0000] {processor.py:925} INFO - DAG(s) 'example_sla_dag' retrieved from /home/airflow/.local/lib/python3.12/site-packages/airflow/example_dags/example_sla_dag.py
[2024-11-14T06:41:24.214+0000] {logging_mixin.py:190} INFO - [2024-11-14T06:41:24.214+0000] {dag.py:3239} INFO - Sync 1 DAGs
[2024-11-14T06:41:24.226+0000] {logging_mixin.py:190} INFO - [2024-11-14T06:41:24.226+0000] {dag.py:4180} INFO - Setting next_dagrun for example_sla_dag to 2024-11-14 06:38:00+00:00, run_after=2024-11-14 06:40:00+00:00
[2024-11-14T06:41:24.276+0000] {processor.py:208} INFO - Processing /home/airflow/.local/lib/python3.12/site-packages/airflow/example_dags/example_sla_dag.py took 0.084 seconds
