[2024-11-14T06:26:04.024+0000] {processor.py:186} INFO - Started process (PID=91) to work on /home/airflow/.local/lib/python3.12/site-packages/airflow/example_dags/example_bash_decorator.py
[2024-11-14T06:26:04.025+0000] {processor.py:914} INFO - Processing file /home/airflow/.local/lib/python3.12/site-packages/airflow/example_dags/example_bash_decorator.py for tasks to queue
[2024-11-14T06:26:04.026+0000] {logging_mixin.py:190} INFO - [2024-11-14T06:26:04.026+0000] {dagbag.py:588} INFO - Filling up the DagBag from /home/airflow/.local/lib/python3.12/site-packages/airflow/example_dags/example_bash_decorator.py
[2024-11-14T06:26:04.037+0000] {processor.py:925} INFO - DAG(s) 'example_bash_decorator' retrieved from /home/airflow/.local/lib/python3.12/site-packages/airflow/example_dags/example_bash_decorator.py
[2024-11-14T06:26:04.106+0000] {logging_mixin.py:190} INFO - [2024-11-14T06:26:04.106+0000] {dag.py:3239} INFO - Sync 1 DAGs
[2024-11-14T06:26:04.113+0000] {logging_mixin.py:190} INFO - [2024-11-14T06:26:04.113+0000] {dag.py:4180} INFO - Setting next_dagrun for example_bash_decorator to None, run_after=None
[2024-11-14T06:26:04.126+0000] {processor.py:208} INFO - Processing /home/airflow/.local/lib/python3.12/site-packages/airflow/example_dags/example_bash_decorator.py took 0.105 seconds
[2024-11-14T06:26:36.029+0000] {processor.py:186} INFO - Started process (PID=161) to work on /home/airflow/.local/lib/python3.12/site-packages/airflow/example_dags/example_bash_decorator.py
[2024-11-14T06:26:36.030+0000] {processor.py:914} INFO - Processing file /home/airflow/.local/lib/python3.12/site-packages/airflow/example_dags/example_bash_decorator.py for tasks to queue
[2024-11-14T06:26:36.032+0000] {logging_mixin.py:190} INFO - [2024-11-14T06:26:36.032+0000] {dagbag.py:588} INFO - Filling up the DagBag from /home/airflow/.local/lib/python3.12/site-packages/airflow/example_dags/example_bash_decorator.py
[2024-11-14T06:26:36.042+0000] {processor.py:925} INFO - DAG(s) 'example_bash_decorator' retrieved from /home/airflow/.local/lib/python3.12/site-packages/airflow/example_dags/example_bash_decorator.py
[2024-11-14T06:26:36.061+0000] {logging_mixin.py:190} INFO - [2024-11-14T06:26:36.061+0000] {dag.py:3239} INFO - Sync 1 DAGs
[2024-11-14T06:26:36.071+0000] {logging_mixin.py:190} INFO - [2024-11-14T06:26:36.071+0000] {dag.py:4180} INFO - Setting next_dagrun for example_bash_decorator to None, run_after=None
[2024-11-14T06:26:36.084+0000] {processor.py:208} INFO - Processing /home/airflow/.local/lib/python3.12/site-packages/airflow/example_dags/example_bash_decorator.py took 0.059 seconds
[2024-11-14T06:27:06.789+0000] {processor.py:186} INFO - Started process (PID=224) to work on /home/airflow/.local/lib/python3.12/site-packages/airflow/example_dags/example_bash_decorator.py
[2024-11-14T06:27:06.790+0000] {processor.py:914} INFO - Processing file /home/airflow/.local/lib/python3.12/site-packages/airflow/example_dags/example_bash_decorator.py for tasks to queue
[2024-11-14T06:27:06.792+0000] {logging_mixin.py:190} INFO - [2024-11-14T06:27:06.792+0000] {dagbag.py:588} INFO - Filling up the DagBag from /home/airflow/.local/lib/python3.12/site-packages/airflow/example_dags/example_bash_decorator.py
[2024-11-14T06:27:06.800+0000] {processor.py:925} INFO - DAG(s) 'example_bash_decorator' retrieved from /home/airflow/.local/lib/python3.12/site-packages/airflow/example_dags/example_bash_decorator.py
[2024-11-14T06:27:06.813+0000] {logging_mixin.py:190} INFO - [2024-11-14T06:27:06.812+0000] {dag.py:3239} INFO - Sync 1 DAGs
[2024-11-14T06:27:06.820+0000] {logging_mixin.py:190} INFO - [2024-11-14T06:27:06.820+0000] {dag.py:4180} INFO - Setting next_dagrun for example_bash_decorator to None, run_after=None
[2024-11-14T06:27:06.830+0000] {processor.py:208} INFO - Processing /home/airflow/.local/lib/python3.12/site-packages/airflow/example_dags/example_bash_decorator.py took 0.044 seconds
[2024-11-14T06:27:37.663+0000] {processor.py:186} INFO - Started process (PID=288) to work on /home/airflow/.local/lib/python3.12/site-packages/airflow/example_dags/example_bash_decorator.py
[2024-11-14T06:27:37.664+0000] {processor.py:914} INFO - Processing file /home/airflow/.local/lib/python3.12/site-packages/airflow/example_dags/example_bash_decorator.py for tasks to queue
[2024-11-14T06:27:37.665+0000] {logging_mixin.py:190} INFO - [2024-11-14T06:27:37.665+0000] {dagbag.py:588} INFO - Filling up the DagBag from /home/airflow/.local/lib/python3.12/site-packages/airflow/example_dags/example_bash_decorator.py
[2024-11-14T06:27:37.674+0000] {processor.py:925} INFO - DAG(s) 'example_bash_decorator' retrieved from /home/airflow/.local/lib/python3.12/site-packages/airflow/example_dags/example_bash_decorator.py
[2024-11-14T06:27:37.686+0000] {logging_mixin.py:190} INFO - [2024-11-14T06:27:37.686+0000] {dag.py:3239} INFO - Sync 1 DAGs
[2024-11-14T06:27:37.694+0000] {logging_mixin.py:190} INFO - [2024-11-14T06:27:37.694+0000] {dag.py:4180} INFO - Setting next_dagrun for example_bash_decorator to None, run_after=None
[2024-11-14T06:27:37.705+0000] {processor.py:208} INFO - Processing /home/airflow/.local/lib/python3.12/site-packages/airflow/example_dags/example_bash_decorator.py took 0.046 seconds
[2024-11-14T06:28:08.081+0000] {processor.py:186} INFO - Started process (PID=352) to work on /home/airflow/.local/lib/python3.12/site-packages/airflow/example_dags/example_bash_decorator.py
[2024-11-14T06:28:08.083+0000] {processor.py:914} INFO - Processing file /home/airflow/.local/lib/python3.12/site-packages/airflow/example_dags/example_bash_decorator.py for tasks to queue
[2024-11-14T06:28:08.084+0000] {logging_mixin.py:190} INFO - [2024-11-14T06:28:08.084+0000] {dagbag.py:588} INFO - Filling up the DagBag from /home/airflow/.local/lib/python3.12/site-packages/airflow/example_dags/example_bash_decorator.py
[2024-11-14T06:28:08.098+0000] {processor.py:925} INFO - DAG(s) 'example_bash_decorator' retrieved from /home/airflow/.local/lib/python3.12/site-packages/airflow/example_dags/example_bash_decorator.py
[2024-11-14T06:28:08.111+0000] {logging_mixin.py:190} INFO - [2024-11-14T06:28:08.111+0000] {dag.py:3239} INFO - Sync 1 DAGs
[2024-11-14T06:28:08.119+0000] {logging_mixin.py:190} INFO - [2024-11-14T06:28:08.119+0000] {dag.py:4180} INFO - Setting next_dagrun for example_bash_decorator to None, run_after=None
[2024-11-14T06:28:08.129+0000] {processor.py:208} INFO - Processing /home/airflow/.local/lib/python3.12/site-packages/airflow/example_dags/example_bash_decorator.py took 0.052 seconds
[2024-11-14T06:28:38.763+0000] {processor.py:186} INFO - Started process (PID=415) to work on /home/airflow/.local/lib/python3.12/site-packages/airflow/example_dags/example_bash_decorator.py
[2024-11-14T06:28:38.764+0000] {processor.py:914} INFO - Processing file /home/airflow/.local/lib/python3.12/site-packages/airflow/example_dags/example_bash_decorator.py for tasks to queue
[2024-11-14T06:28:38.765+0000] {logging_mixin.py:190} INFO - [2024-11-14T06:28:38.765+0000] {dagbag.py:588} INFO - Filling up the DagBag from /home/airflow/.local/lib/python3.12/site-packages/airflow/example_dags/example_bash_decorator.py
[2024-11-14T06:28:38.776+0000] {processor.py:925} INFO - DAG(s) 'example_bash_decorator' retrieved from /home/airflow/.local/lib/python3.12/site-packages/airflow/example_dags/example_bash_decorator.py
[2024-11-14T06:28:38.787+0000] {logging_mixin.py:190} INFO - [2024-11-14T06:28:38.787+0000] {dag.py:3239} INFO - Sync 1 DAGs
[2024-11-14T06:28:38.793+0000] {logging_mixin.py:190} INFO - [2024-11-14T06:28:38.793+0000] {dag.py:4180} INFO - Setting next_dagrun for example_bash_decorator to None, run_after=None
[2024-11-14T06:28:38.801+0000] {processor.py:208} INFO - Processing /home/airflow/.local/lib/python3.12/site-packages/airflow/example_dags/example_bash_decorator.py took 0.041 seconds
[2024-11-14T06:29:10.017+0000] {processor.py:186} INFO - Started process (PID=478) to work on /home/airflow/.local/lib/python3.12/site-packages/airflow/example_dags/example_bash_decorator.py
[2024-11-14T06:29:10.018+0000] {processor.py:914} INFO - Processing file /home/airflow/.local/lib/python3.12/site-packages/airflow/example_dags/example_bash_decorator.py for tasks to queue
[2024-11-14T06:29:10.022+0000] {logging_mixin.py:190} INFO - [2024-11-14T06:29:10.022+0000] {dagbag.py:588} INFO - Filling up the DagBag from /home/airflow/.local/lib/python3.12/site-packages/airflow/example_dags/example_bash_decorator.py
[2024-11-14T06:29:10.033+0000] {processor.py:925} INFO - DAG(s) 'example_bash_decorator' retrieved from /home/airflow/.local/lib/python3.12/site-packages/airflow/example_dags/example_bash_decorator.py
[2024-11-14T06:29:10.049+0000] {logging_mixin.py:190} INFO - [2024-11-14T06:29:10.049+0000] {dag.py:3239} INFO - Sync 1 DAGs
[2024-11-14T06:29:10.058+0000] {logging_mixin.py:190} INFO - [2024-11-14T06:29:10.058+0000] {dag.py:4180} INFO - Setting next_dagrun for example_bash_decorator to None, run_after=None
[2024-11-14T06:29:10.072+0000] {processor.py:208} INFO - Processing /home/airflow/.local/lib/python3.12/site-packages/airflow/example_dags/example_bash_decorator.py took 0.059 seconds
[2024-11-14T06:29:41.096+0000] {processor.py:186} INFO - Started process (PID=542) to work on /home/airflow/.local/lib/python3.12/site-packages/airflow/example_dags/example_bash_decorator.py
[2024-11-14T06:29:41.097+0000] {processor.py:914} INFO - Processing file /home/airflow/.local/lib/python3.12/site-packages/airflow/example_dags/example_bash_decorator.py for tasks to queue
[2024-11-14T06:29:41.098+0000] {logging_mixin.py:190} INFO - [2024-11-14T06:29:41.098+0000] {dagbag.py:588} INFO - Filling up the DagBag from /home/airflow/.local/lib/python3.12/site-packages/airflow/example_dags/example_bash_decorator.py
[2024-11-14T06:29:41.107+0000] {processor.py:925} INFO - DAG(s) 'example_bash_decorator' retrieved from /home/airflow/.local/lib/python3.12/site-packages/airflow/example_dags/example_bash_decorator.py
[2024-11-14T06:29:41.121+0000] {logging_mixin.py:190} INFO - [2024-11-14T06:29:41.121+0000] {dag.py:3239} INFO - Sync 1 DAGs
[2024-11-14T06:29:41.129+0000] {logging_mixin.py:190} INFO - [2024-11-14T06:29:41.129+0000] {dag.py:4180} INFO - Setting next_dagrun for example_bash_decorator to None, run_after=None
[2024-11-14T06:29:41.140+0000] {processor.py:208} INFO - Processing /home/airflow/.local/lib/python3.12/site-packages/airflow/example_dags/example_bash_decorator.py took 0.047 seconds
[2024-11-14T06:30:11.499+0000] {processor.py:186} INFO - Started process (PID=606) to work on /home/airflow/.local/lib/python3.12/site-packages/airflow/example_dags/example_bash_decorator.py
[2024-11-14T06:30:11.500+0000] {processor.py:914} INFO - Processing file /home/airflow/.local/lib/python3.12/site-packages/airflow/example_dags/example_bash_decorator.py for tasks to queue
[2024-11-14T06:30:11.501+0000] {logging_mixin.py:190} INFO - [2024-11-14T06:30:11.501+0000] {dagbag.py:588} INFO - Filling up the DagBag from /home/airflow/.local/lib/python3.12/site-packages/airflow/example_dags/example_bash_decorator.py
[2024-11-14T06:30:11.509+0000] {processor.py:925} INFO - DAG(s) 'example_bash_decorator' retrieved from /home/airflow/.local/lib/python3.12/site-packages/airflow/example_dags/example_bash_decorator.py
[2024-11-14T06:30:11.521+0000] {logging_mixin.py:190} INFO - [2024-11-14T06:30:11.521+0000] {dag.py:3239} INFO - Sync 1 DAGs
[2024-11-14T06:30:11.531+0000] {logging_mixin.py:190} INFO - [2024-11-14T06:30:11.530+0000] {dag.py:4180} INFO - Setting next_dagrun for example_bash_decorator to None, run_after=None
[2024-11-14T06:30:11.545+0000] {processor.py:208} INFO - Processing /home/airflow/.local/lib/python3.12/site-packages/airflow/example_dags/example_bash_decorator.py took 0.049 seconds
[2024-11-14T06:30:42.029+0000] {processor.py:186} INFO - Started process (PID=670) to work on /home/airflow/.local/lib/python3.12/site-packages/airflow/example_dags/example_bash_decorator.py
[2024-11-14T06:30:42.030+0000] {processor.py:914} INFO - Processing file /home/airflow/.local/lib/python3.12/site-packages/airflow/example_dags/example_bash_decorator.py for tasks to queue
[2024-11-14T06:30:42.031+0000] {logging_mixin.py:190} INFO - [2024-11-14T06:30:42.031+0000] {dagbag.py:588} INFO - Filling up the DagBag from /home/airflow/.local/lib/python3.12/site-packages/airflow/example_dags/example_bash_decorator.py
[2024-11-14T06:30:42.039+0000] {processor.py:925} INFO - DAG(s) 'example_bash_decorator' retrieved from /home/airflow/.local/lib/python3.12/site-packages/airflow/example_dags/example_bash_decorator.py
[2024-11-14T06:30:42.050+0000] {logging_mixin.py:190} INFO - [2024-11-14T06:30:42.049+0000] {dag.py:3239} INFO - Sync 1 DAGs
[2024-11-14T06:30:42.056+0000] {logging_mixin.py:190} INFO - [2024-11-14T06:30:42.056+0000] {dag.py:4180} INFO - Setting next_dagrun for example_bash_decorator to None, run_after=None
[2024-11-14T06:30:42.065+0000] {processor.py:208} INFO - Processing /home/airflow/.local/lib/python3.12/site-packages/airflow/example_dags/example_bash_decorator.py took 0.038 seconds
[2024-11-14T06:31:12.656+0000] {processor.py:186} INFO - Started process (PID=733) to work on /home/airflow/.local/lib/python3.12/site-packages/airflow/example_dags/example_bash_decorator.py
[2024-11-14T06:31:12.656+0000] {processor.py:914} INFO - Processing file /home/airflow/.local/lib/python3.12/site-packages/airflow/example_dags/example_bash_decorator.py for tasks to queue
[2024-11-14T06:31:12.658+0000] {logging_mixin.py:190} INFO - [2024-11-14T06:31:12.658+0000] {dagbag.py:588} INFO - Filling up the DagBag from /home/airflow/.local/lib/python3.12/site-packages/airflow/example_dags/example_bash_decorator.py
[2024-11-14T06:31:12.666+0000] {processor.py:925} INFO - DAG(s) 'example_bash_decorator' retrieved from /home/airflow/.local/lib/python3.12/site-packages/airflow/example_dags/example_bash_decorator.py
[2024-11-14T06:31:12.680+0000] {logging_mixin.py:190} INFO - [2024-11-14T06:31:12.679+0000] {dag.py:3239} INFO - Sync 1 DAGs
[2024-11-14T06:31:12.687+0000] {logging_mixin.py:190} INFO - [2024-11-14T06:31:12.687+0000] {dag.py:4180} INFO - Setting next_dagrun for example_bash_decorator to None, run_after=None
[2024-11-14T06:31:12.697+0000] {processor.py:208} INFO - Processing /home/airflow/.local/lib/python3.12/site-packages/airflow/example_dags/example_bash_decorator.py took 0.045 seconds
[2024-11-14T06:31:43.204+0000] {processor.py:186} INFO - Started process (PID=797) to work on /home/airflow/.local/lib/python3.12/site-packages/airflow/example_dags/example_bash_decorator.py
[2024-11-14T06:31:43.205+0000] {processor.py:914} INFO - Processing file /home/airflow/.local/lib/python3.12/site-packages/airflow/example_dags/example_bash_decorator.py for tasks to queue
[2024-11-14T06:31:43.206+0000] {logging_mixin.py:190} INFO - [2024-11-14T06:31:43.206+0000] {dagbag.py:588} INFO - Filling up the DagBag from /home/airflow/.local/lib/python3.12/site-packages/airflow/example_dags/example_bash_decorator.py
[2024-11-14T06:31:43.215+0000] {processor.py:925} INFO - DAG(s) 'example_bash_decorator' retrieved from /home/airflow/.local/lib/python3.12/site-packages/airflow/example_dags/example_bash_decorator.py
[2024-11-14T06:31:43.228+0000] {logging_mixin.py:190} INFO - [2024-11-14T06:31:43.228+0000] {dag.py:3239} INFO - Sync 1 DAGs
[2024-11-14T06:31:43.235+0000] {logging_mixin.py:190} INFO - [2024-11-14T06:31:43.235+0000] {dag.py:4180} INFO - Setting next_dagrun for example_bash_decorator to None, run_after=None
[2024-11-14T06:31:43.244+0000] {processor.py:208} INFO - Processing /home/airflow/.local/lib/python3.12/site-packages/airflow/example_dags/example_bash_decorator.py took 0.044 seconds
[2024-11-14T06:32:13.489+0000] {processor.py:186} INFO - Started process (PID=861) to work on /home/airflow/.local/lib/python3.12/site-packages/airflow/example_dags/example_bash_decorator.py
[2024-11-14T06:32:13.490+0000] {processor.py:914} INFO - Processing file /home/airflow/.local/lib/python3.12/site-packages/airflow/example_dags/example_bash_decorator.py for tasks to queue
[2024-11-14T06:32:13.491+0000] {logging_mixin.py:190} INFO - [2024-11-14T06:32:13.491+0000] {dagbag.py:588} INFO - Filling up the DagBag from /home/airflow/.local/lib/python3.12/site-packages/airflow/example_dags/example_bash_decorator.py
[2024-11-14T06:32:13.499+0000] {processor.py:925} INFO - DAG(s) 'example_bash_decorator' retrieved from /home/airflow/.local/lib/python3.12/site-packages/airflow/example_dags/example_bash_decorator.py
[2024-11-14T06:32:13.512+0000] {logging_mixin.py:190} INFO - [2024-11-14T06:32:13.512+0000] {dag.py:3239} INFO - Sync 1 DAGs
[2024-11-14T06:32:13.519+0000] {logging_mixin.py:190} INFO - [2024-11-14T06:32:13.519+0000] {dag.py:4180} INFO - Setting next_dagrun for example_bash_decorator to None, run_after=None
[2024-11-14T06:32:13.528+0000] {processor.py:208} INFO - Processing /home/airflow/.local/lib/python3.12/site-packages/airflow/example_dags/example_bash_decorator.py took 0.043 seconds
[2024-11-14T06:32:43.839+0000] {processor.py:186} INFO - Started process (PID=925) to work on /home/airflow/.local/lib/python3.12/site-packages/airflow/example_dags/example_bash_decorator.py
[2024-11-14T06:32:43.840+0000] {processor.py:914} INFO - Processing file /home/airflow/.local/lib/python3.12/site-packages/airflow/example_dags/example_bash_decorator.py for tasks to queue
[2024-11-14T06:32:43.841+0000] {logging_mixin.py:190} INFO - [2024-11-14T06:32:43.841+0000] {dagbag.py:588} INFO - Filling up the DagBag from /home/airflow/.local/lib/python3.12/site-packages/airflow/example_dags/example_bash_decorator.py
[2024-11-14T06:32:43.849+0000] {processor.py:925} INFO - DAG(s) 'example_bash_decorator' retrieved from /home/airflow/.local/lib/python3.12/site-packages/airflow/example_dags/example_bash_decorator.py
[2024-11-14T06:32:43.861+0000] {logging_mixin.py:190} INFO - [2024-11-14T06:32:43.861+0000] {dag.py:3239} INFO - Sync 1 DAGs
[2024-11-14T06:32:43.869+0000] {logging_mixin.py:190} INFO - [2024-11-14T06:32:43.869+0000] {dag.py:4180} INFO - Setting next_dagrun for example_bash_decorator to None, run_after=None
[2024-11-14T06:32:43.878+0000] {processor.py:208} INFO - Processing /home/airflow/.local/lib/python3.12/site-packages/airflow/example_dags/example_bash_decorator.py took 0.042 seconds
[2024-11-14T06:33:14.379+0000] {processor.py:186} INFO - Started process (PID=989) to work on /home/airflow/.local/lib/python3.12/site-packages/airflow/example_dags/example_bash_decorator.py
[2024-11-14T06:33:14.379+0000] {processor.py:914} INFO - Processing file /home/airflow/.local/lib/python3.12/site-packages/airflow/example_dags/example_bash_decorator.py for tasks to queue
[2024-11-14T06:33:14.381+0000] {logging_mixin.py:190} INFO - [2024-11-14T06:33:14.380+0000] {dagbag.py:588} INFO - Filling up the DagBag from /home/airflow/.local/lib/python3.12/site-packages/airflow/example_dags/example_bash_decorator.py
[2024-11-14T06:33:14.388+0000] {processor.py:925} INFO - DAG(s) 'example_bash_decorator' retrieved from /home/airflow/.local/lib/python3.12/site-packages/airflow/example_dags/example_bash_decorator.py
[2024-11-14T06:33:14.400+0000] {logging_mixin.py:190} INFO - [2024-11-14T06:33:14.399+0000] {dag.py:3239} INFO - Sync 1 DAGs
[2024-11-14T06:33:14.406+0000] {logging_mixin.py:190} INFO - [2024-11-14T06:33:14.406+0000] {dag.py:4180} INFO - Setting next_dagrun for example_bash_decorator to None, run_after=None
[2024-11-14T06:33:14.415+0000] {processor.py:208} INFO - Processing /home/airflow/.local/lib/python3.12/site-packages/airflow/example_dags/example_bash_decorator.py took 0.040 seconds
[2024-11-14T06:33:44.803+0000] {processor.py:186} INFO - Started process (PID=1053) to work on /home/airflow/.local/lib/python3.12/site-packages/airflow/example_dags/example_bash_decorator.py
[2024-11-14T06:33:44.804+0000] {processor.py:914} INFO - Processing file /home/airflow/.local/lib/python3.12/site-packages/airflow/example_dags/example_bash_decorator.py for tasks to queue
[2024-11-14T06:33:44.805+0000] {logging_mixin.py:190} INFO - [2024-11-14T06:33:44.805+0000] {dagbag.py:588} INFO - Filling up the DagBag from /home/airflow/.local/lib/python3.12/site-packages/airflow/example_dags/example_bash_decorator.py
[2024-11-14T06:33:44.813+0000] {processor.py:925} INFO - DAG(s) 'example_bash_decorator' retrieved from /home/airflow/.local/lib/python3.12/site-packages/airflow/example_dags/example_bash_decorator.py
[2024-11-14T06:33:44.825+0000] {logging_mixin.py:190} INFO - [2024-11-14T06:33:44.825+0000] {dag.py:3239} INFO - Sync 1 DAGs
[2024-11-14T06:33:44.832+0000] {logging_mixin.py:190} INFO - [2024-11-14T06:33:44.832+0000] {dag.py:4180} INFO - Setting next_dagrun for example_bash_decorator to None, run_after=None
[2024-11-14T06:33:44.842+0000] {processor.py:208} INFO - Processing /home/airflow/.local/lib/python3.12/site-packages/airflow/example_dags/example_bash_decorator.py took 0.044 seconds
[2024-11-14T06:34:15.461+0000] {processor.py:186} INFO - Started process (PID=1116) to work on /home/airflow/.local/lib/python3.12/site-packages/airflow/example_dags/example_bash_decorator.py
[2024-11-14T06:34:15.462+0000] {processor.py:914} INFO - Processing file /home/airflow/.local/lib/python3.12/site-packages/airflow/example_dags/example_bash_decorator.py for tasks to queue
[2024-11-14T06:34:15.463+0000] {logging_mixin.py:190} INFO - [2024-11-14T06:34:15.463+0000] {dagbag.py:588} INFO - Filling up the DagBag from /home/airflow/.local/lib/python3.12/site-packages/airflow/example_dags/example_bash_decorator.py
[2024-11-14T06:34:15.470+0000] {processor.py:925} INFO - DAG(s) 'example_bash_decorator' retrieved from /home/airflow/.local/lib/python3.12/site-packages/airflow/example_dags/example_bash_decorator.py
[2024-11-14T06:34:15.482+0000] {logging_mixin.py:190} INFO - [2024-11-14T06:34:15.482+0000] {dag.py:3239} INFO - Sync 1 DAGs
[2024-11-14T06:34:15.488+0000] {logging_mixin.py:190} INFO - [2024-11-14T06:34:15.488+0000] {dag.py:4180} INFO - Setting next_dagrun for example_bash_decorator to None, run_after=None
[2024-11-14T06:34:15.497+0000] {processor.py:208} INFO - Processing /home/airflow/.local/lib/python3.12/site-packages/airflow/example_dags/example_bash_decorator.py took 0.039 seconds
[2024-11-14T06:34:46.079+0000] {processor.py:186} INFO - Started process (PID=1180) to work on /home/airflow/.local/lib/python3.12/site-packages/airflow/example_dags/example_bash_decorator.py
[2024-11-14T06:34:46.080+0000] {processor.py:914} INFO - Processing file /home/airflow/.local/lib/python3.12/site-packages/airflow/example_dags/example_bash_decorator.py for tasks to queue
[2024-11-14T06:34:46.082+0000] {logging_mixin.py:190} INFO - [2024-11-14T06:34:46.082+0000] {dagbag.py:588} INFO - Filling up the DagBag from /home/airflow/.local/lib/python3.12/site-packages/airflow/example_dags/example_bash_decorator.py
[2024-11-14T06:34:46.093+0000] {processor.py:925} INFO - DAG(s) 'example_bash_decorator' retrieved from /home/airflow/.local/lib/python3.12/site-packages/airflow/example_dags/example_bash_decorator.py
[2024-11-14T06:34:46.106+0000] {logging_mixin.py:190} INFO - [2024-11-14T06:34:46.106+0000] {dag.py:3239} INFO - Sync 1 DAGs
[2024-11-14T06:34:46.114+0000] {logging_mixin.py:190} INFO - [2024-11-14T06:34:46.114+0000] {dag.py:4180} INFO - Setting next_dagrun for example_bash_decorator to None, run_after=None
[2024-11-14T06:34:46.124+0000] {processor.py:208} INFO - Processing /home/airflow/.local/lib/python3.12/site-packages/airflow/example_dags/example_bash_decorator.py took 0.049 seconds
[2024-11-14T06:35:17.015+0000] {processor.py:186} INFO - Started process (PID=1244) to work on /home/airflow/.local/lib/python3.12/site-packages/airflow/example_dags/example_bash_decorator.py
[2024-11-14T06:35:17.016+0000] {processor.py:914} INFO - Processing file /home/airflow/.local/lib/python3.12/site-packages/airflow/example_dags/example_bash_decorator.py for tasks to queue
[2024-11-14T06:35:17.017+0000] {logging_mixin.py:190} INFO - [2024-11-14T06:35:17.017+0000] {dagbag.py:588} INFO - Filling up the DagBag from /home/airflow/.local/lib/python3.12/site-packages/airflow/example_dags/example_bash_decorator.py
[2024-11-14T06:35:17.026+0000] {processor.py:925} INFO - DAG(s) 'example_bash_decorator' retrieved from /home/airflow/.local/lib/python3.12/site-packages/airflow/example_dags/example_bash_decorator.py
[2024-11-14T06:35:17.042+0000] {logging_mixin.py:190} INFO - [2024-11-14T06:35:17.042+0000] {dag.py:3239} INFO - Sync 1 DAGs
[2024-11-14T06:35:17.052+0000] {logging_mixin.py:190} INFO - [2024-11-14T06:35:17.052+0000] {dag.py:4180} INFO - Setting next_dagrun for example_bash_decorator to None, run_after=None
[2024-11-14T06:35:17.063+0000] {processor.py:208} INFO - Processing /home/airflow/.local/lib/python3.12/site-packages/airflow/example_dags/example_bash_decorator.py took 0.051 seconds
[2024-11-14T06:35:47.606+0000] {processor.py:186} INFO - Started process (PID=1308) to work on /home/airflow/.local/lib/python3.12/site-packages/airflow/example_dags/example_bash_decorator.py
[2024-11-14T06:35:47.607+0000] {processor.py:914} INFO - Processing file /home/airflow/.local/lib/python3.12/site-packages/airflow/example_dags/example_bash_decorator.py for tasks to queue
[2024-11-14T06:35:47.608+0000] {logging_mixin.py:190} INFO - [2024-11-14T06:35:47.608+0000] {dagbag.py:588} INFO - Filling up the DagBag from /home/airflow/.local/lib/python3.12/site-packages/airflow/example_dags/example_bash_decorator.py
[2024-11-14T06:35:47.616+0000] {processor.py:925} INFO - DAG(s) 'example_bash_decorator' retrieved from /home/airflow/.local/lib/python3.12/site-packages/airflow/example_dags/example_bash_decorator.py
[2024-11-14T06:35:47.627+0000] {logging_mixin.py:190} INFO - [2024-11-14T06:35:47.627+0000] {dag.py:3239} INFO - Sync 1 DAGs
[2024-11-14T06:35:47.634+0000] {logging_mixin.py:190} INFO - [2024-11-14T06:35:47.634+0000] {dag.py:4180} INFO - Setting next_dagrun for example_bash_decorator to None, run_after=None
[2024-11-14T06:35:47.643+0000] {processor.py:208} INFO - Processing /home/airflow/.local/lib/python3.12/site-packages/airflow/example_dags/example_bash_decorator.py took 0.040 seconds
[2024-11-14T06:36:18.230+0000] {processor.py:186} INFO - Started process (PID=1372) to work on /home/airflow/.local/lib/python3.12/site-packages/airflow/example_dags/example_bash_decorator.py
[2024-11-14T06:36:18.231+0000] {processor.py:914} INFO - Processing file /home/airflow/.local/lib/python3.12/site-packages/airflow/example_dags/example_bash_decorator.py for tasks to queue
[2024-11-14T06:36:18.232+0000] {logging_mixin.py:190} INFO - [2024-11-14T06:36:18.232+0000] {dagbag.py:588} INFO - Filling up the DagBag from /home/airflow/.local/lib/python3.12/site-packages/airflow/example_dags/example_bash_decorator.py
[2024-11-14T06:36:18.240+0000] {processor.py:925} INFO - DAG(s) 'example_bash_decorator' retrieved from /home/airflow/.local/lib/python3.12/site-packages/airflow/example_dags/example_bash_decorator.py
[2024-11-14T06:36:18.263+0000] {logging_mixin.py:190} INFO - [2024-11-14T06:36:18.263+0000] {dag.py:3239} INFO - Sync 1 DAGs
[2024-11-14T06:36:18.274+0000] {logging_mixin.py:190} INFO - [2024-11-14T06:36:18.274+0000] {dag.py:4180} INFO - Setting next_dagrun for example_bash_decorator to None, run_after=None
[2024-11-14T06:36:18.286+0000] {processor.py:208} INFO - Processing /home/airflow/.local/lib/python3.12/site-packages/airflow/example_dags/example_bash_decorator.py took 0.060 seconds
[2024-11-14T06:36:48.621+0000] {processor.py:186} INFO - Started process (PID=1436) to work on /home/airflow/.local/lib/python3.12/site-packages/airflow/example_dags/example_bash_decorator.py
[2024-11-14T06:36:48.622+0000] {processor.py:914} INFO - Processing file /home/airflow/.local/lib/python3.12/site-packages/airflow/example_dags/example_bash_decorator.py for tasks to queue
[2024-11-14T06:36:48.623+0000] {logging_mixin.py:190} INFO - [2024-11-14T06:36:48.623+0000] {dagbag.py:588} INFO - Filling up the DagBag from /home/airflow/.local/lib/python3.12/site-packages/airflow/example_dags/example_bash_decorator.py
[2024-11-14T06:36:48.632+0000] {processor.py:925} INFO - DAG(s) 'example_bash_decorator' retrieved from /home/airflow/.local/lib/python3.12/site-packages/airflow/example_dags/example_bash_decorator.py
[2024-11-14T06:36:48.645+0000] {logging_mixin.py:190} INFO - [2024-11-14T06:36:48.645+0000] {dag.py:3239} INFO - Sync 1 DAGs
[2024-11-14T06:36:48.652+0000] {logging_mixin.py:190} INFO - [2024-11-14T06:36:48.652+0000] {dag.py:4180} INFO - Setting next_dagrun for example_bash_decorator to None, run_after=None
[2024-11-14T06:36:48.664+0000] {processor.py:208} INFO - Processing /home/airflow/.local/lib/python3.12/site-packages/airflow/example_dags/example_bash_decorator.py took 0.046 seconds
[2024-11-14T06:37:18.978+0000] {processor.py:186} INFO - Started process (PID=1500) to work on /home/airflow/.local/lib/python3.12/site-packages/airflow/example_dags/example_bash_decorator.py
[2024-11-14T06:37:18.979+0000] {processor.py:914} INFO - Processing file /home/airflow/.local/lib/python3.12/site-packages/airflow/example_dags/example_bash_decorator.py for tasks to queue
[2024-11-14T06:37:18.980+0000] {logging_mixin.py:190} INFO - [2024-11-14T06:37:18.980+0000] {dagbag.py:588} INFO - Filling up the DagBag from /home/airflow/.local/lib/python3.12/site-packages/airflow/example_dags/example_bash_decorator.py
[2024-11-14T06:37:18.988+0000] {processor.py:925} INFO - DAG(s) 'example_bash_decorator' retrieved from /home/airflow/.local/lib/python3.12/site-packages/airflow/example_dags/example_bash_decorator.py
[2024-11-14T06:37:19.000+0000] {logging_mixin.py:190} INFO - [2024-11-14T06:37:19.000+0000] {dag.py:3239} INFO - Sync 1 DAGs
[2024-11-14T06:37:19.007+0000] {logging_mixin.py:190} INFO - [2024-11-14T06:37:19.007+0000] {dag.py:4180} INFO - Setting next_dagrun for example_bash_decorator to None, run_after=None
[2024-11-14T06:37:19.015+0000] {processor.py:208} INFO - Processing /home/airflow/.local/lib/python3.12/site-packages/airflow/example_dags/example_bash_decorator.py took 0.041 seconds
[2024-11-14T06:37:49.397+0000] {processor.py:186} INFO - Started process (PID=1564) to work on /home/airflow/.local/lib/python3.12/site-packages/airflow/example_dags/example_bash_decorator.py
[2024-11-14T06:37:49.397+0000] {processor.py:914} INFO - Processing file /home/airflow/.local/lib/python3.12/site-packages/airflow/example_dags/example_bash_decorator.py for tasks to queue
[2024-11-14T06:37:49.399+0000] {logging_mixin.py:190} INFO - [2024-11-14T06:37:49.398+0000] {dagbag.py:588} INFO - Filling up the DagBag from /home/airflow/.local/lib/python3.12/site-packages/airflow/example_dags/example_bash_decorator.py
[2024-11-14T06:37:49.407+0000] {processor.py:925} INFO - DAG(s) 'example_bash_decorator' retrieved from /home/airflow/.local/lib/python3.12/site-packages/airflow/example_dags/example_bash_decorator.py
[2024-11-14T06:37:49.417+0000] {logging_mixin.py:190} INFO - [2024-11-14T06:37:49.417+0000] {dag.py:3239} INFO - Sync 1 DAGs
[2024-11-14T06:37:49.424+0000] {logging_mixin.py:190} INFO - [2024-11-14T06:37:49.424+0000] {dag.py:4180} INFO - Setting next_dagrun for example_bash_decorator to None, run_after=None
[2024-11-14T06:37:49.432+0000] {processor.py:208} INFO - Processing /home/airflow/.local/lib/python3.12/site-packages/airflow/example_dags/example_bash_decorator.py took 0.039 seconds
[2024-11-14T06:38:20.118+0000] {processor.py:186} INFO - Started process (PID=1628) to work on /home/airflow/.local/lib/python3.12/site-packages/airflow/example_dags/example_bash_decorator.py
[2024-11-14T06:38:20.119+0000] {processor.py:914} INFO - Processing file /home/airflow/.local/lib/python3.12/site-packages/airflow/example_dags/example_bash_decorator.py for tasks to queue
[2024-11-14T06:38:20.120+0000] {logging_mixin.py:190} INFO - [2024-11-14T06:38:20.120+0000] {dagbag.py:588} INFO - Filling up the DagBag from /home/airflow/.local/lib/python3.12/site-packages/airflow/example_dags/example_bash_decorator.py
[2024-11-14T06:38:20.127+0000] {processor.py:925} INFO - DAG(s) 'example_bash_decorator' retrieved from /home/airflow/.local/lib/python3.12/site-packages/airflow/example_dags/example_bash_decorator.py
[2024-11-14T06:38:20.139+0000] {logging_mixin.py:190} INFO - [2024-11-14T06:38:20.139+0000] {dag.py:3239} INFO - Sync 1 DAGs
[2024-11-14T06:38:20.146+0000] {logging_mixin.py:190} INFO - [2024-11-14T06:38:20.146+0000] {dag.py:4180} INFO - Setting next_dagrun for example_bash_decorator to None, run_after=None
[2024-11-14T06:38:20.154+0000] {processor.py:208} INFO - Processing /home/airflow/.local/lib/python3.12/site-packages/airflow/example_dags/example_bash_decorator.py took 0.039 seconds
[2024-11-14T06:38:50.799+0000] {processor.py:186} INFO - Started process (PID=1692) to work on /home/airflow/.local/lib/python3.12/site-packages/airflow/example_dags/example_bash_decorator.py
[2024-11-14T06:38:50.800+0000] {processor.py:914} INFO - Processing file /home/airflow/.local/lib/python3.12/site-packages/airflow/example_dags/example_bash_decorator.py for tasks to queue
[2024-11-14T06:38:50.802+0000] {logging_mixin.py:190} INFO - [2024-11-14T06:38:50.801+0000] {dagbag.py:588} INFO - Filling up the DagBag from /home/airflow/.local/lib/python3.12/site-packages/airflow/example_dags/example_bash_decorator.py
[2024-11-14T06:38:50.811+0000] {processor.py:925} INFO - DAG(s) 'example_bash_decorator' retrieved from /home/airflow/.local/lib/python3.12/site-packages/airflow/example_dags/example_bash_decorator.py
[2024-11-14T06:38:50.824+0000] {logging_mixin.py:190} INFO - [2024-11-14T06:38:50.824+0000] {dag.py:3239} INFO - Sync 1 DAGs
[2024-11-14T06:38:50.833+0000] {logging_mixin.py:190} INFO - [2024-11-14T06:38:50.833+0000] {dag.py:4180} INFO - Setting next_dagrun for example_bash_decorator to None, run_after=None
[2024-11-14T06:38:50.844+0000] {processor.py:208} INFO - Processing /home/airflow/.local/lib/python3.12/site-packages/airflow/example_dags/example_bash_decorator.py took 0.049 seconds
[2024-11-14T06:39:21.614+0000] {processor.py:186} INFO - Started process (PID=1757) to work on /home/airflow/.local/lib/python3.12/site-packages/airflow/example_dags/example_bash_decorator.py
[2024-11-14T06:39:21.616+0000] {processor.py:914} INFO - Processing file /home/airflow/.local/lib/python3.12/site-packages/airflow/example_dags/example_bash_decorator.py for tasks to queue
[2024-11-14T06:39:21.618+0000] {logging_mixin.py:190} INFO - [2024-11-14T06:39:21.618+0000] {dagbag.py:588} INFO - Filling up the DagBag from /home/airflow/.local/lib/python3.12/site-packages/airflow/example_dags/example_bash_decorator.py
[2024-11-14T06:39:21.631+0000] {processor.py:925} INFO - DAG(s) 'example_bash_decorator' retrieved from /home/airflow/.local/lib/python3.12/site-packages/airflow/example_dags/example_bash_decorator.py
[2024-11-14T06:39:21.645+0000] {logging_mixin.py:190} INFO - [2024-11-14T06:39:21.644+0000] {dag.py:3239} INFO - Sync 1 DAGs
[2024-11-14T06:39:21.661+0000] {logging_mixin.py:190} INFO - [2024-11-14T06:39:21.661+0000] {dag.py:4180} INFO - Setting next_dagrun for example_bash_decorator to None, run_after=None
[2024-11-14T06:39:21.676+0000] {processor.py:208} INFO - Processing /home/airflow/.local/lib/python3.12/site-packages/airflow/example_dags/example_bash_decorator.py took 0.067 seconds
[2024-11-14T06:39:52.267+0000] {processor.py:186} INFO - Started process (PID=1821) to work on /home/airflow/.local/lib/python3.12/site-packages/airflow/example_dags/example_bash_decorator.py
[2024-11-14T06:39:52.268+0000] {processor.py:914} INFO - Processing file /home/airflow/.local/lib/python3.12/site-packages/airflow/example_dags/example_bash_decorator.py for tasks to queue
[2024-11-14T06:39:52.269+0000] {logging_mixin.py:190} INFO - [2024-11-14T06:39:52.269+0000] {dagbag.py:588} INFO - Filling up the DagBag from /home/airflow/.local/lib/python3.12/site-packages/airflow/example_dags/example_bash_decorator.py
[2024-11-14T06:39:52.278+0000] {processor.py:925} INFO - DAG(s) 'example_bash_decorator' retrieved from /home/airflow/.local/lib/python3.12/site-packages/airflow/example_dags/example_bash_decorator.py
[2024-11-14T06:39:52.291+0000] {logging_mixin.py:190} INFO - [2024-11-14T06:39:52.290+0000] {dag.py:3239} INFO - Sync 1 DAGs
[2024-11-14T06:39:52.298+0000] {logging_mixin.py:190} INFO - [2024-11-14T06:39:52.298+0000] {dag.py:4180} INFO - Setting next_dagrun for example_bash_decorator to None, run_after=None
[2024-11-14T06:39:52.306+0000] {processor.py:208} INFO - Processing /home/airflow/.local/lib/python3.12/site-packages/airflow/example_dags/example_bash_decorator.py took 0.042 seconds
[2024-11-14T06:40:22.834+0000] {processor.py:186} INFO - Started process (PID=1885) to work on /home/airflow/.local/lib/python3.12/site-packages/airflow/example_dags/example_bash_decorator.py
[2024-11-14T06:40:22.835+0000] {processor.py:914} INFO - Processing file /home/airflow/.local/lib/python3.12/site-packages/airflow/example_dags/example_bash_decorator.py for tasks to queue
[2024-11-14T06:40:22.837+0000] {logging_mixin.py:190} INFO - [2024-11-14T06:40:22.837+0000] {dagbag.py:588} INFO - Filling up the DagBag from /home/airflow/.local/lib/python3.12/site-packages/airflow/example_dags/example_bash_decorator.py
[2024-11-14T06:40:22.844+0000] {processor.py:925} INFO - DAG(s) 'example_bash_decorator' retrieved from /home/airflow/.local/lib/python3.12/site-packages/airflow/example_dags/example_bash_decorator.py
[2024-11-14T06:40:22.856+0000] {logging_mixin.py:190} INFO - [2024-11-14T06:40:22.856+0000] {dag.py:3239} INFO - Sync 1 DAGs
[2024-11-14T06:40:22.863+0000] {logging_mixin.py:190} INFO - [2024-11-14T06:40:22.863+0000] {dag.py:4180} INFO - Setting next_dagrun for example_bash_decorator to None, run_after=None
[2024-11-14T06:40:22.872+0000] {processor.py:208} INFO - Processing /home/airflow/.local/lib/python3.12/site-packages/airflow/example_dags/example_bash_decorator.py took 0.041 seconds
[2024-11-14T06:40:53.300+0000] {processor.py:186} INFO - Started process (PID=1949) to work on /home/airflow/.local/lib/python3.12/site-packages/airflow/example_dags/example_bash_decorator.py
[2024-11-14T06:40:53.301+0000] {processor.py:914} INFO - Processing file /home/airflow/.local/lib/python3.12/site-packages/airflow/example_dags/example_bash_decorator.py for tasks to queue
[2024-11-14T06:40:53.302+0000] {logging_mixin.py:190} INFO - [2024-11-14T06:40:53.302+0000] {dagbag.py:588} INFO - Filling up the DagBag from /home/airflow/.local/lib/python3.12/site-packages/airflow/example_dags/example_bash_decorator.py
[2024-11-14T06:40:53.311+0000] {processor.py:925} INFO - DAG(s) 'example_bash_decorator' retrieved from /home/airflow/.local/lib/python3.12/site-packages/airflow/example_dags/example_bash_decorator.py
[2024-11-14T06:40:53.323+0000] {logging_mixin.py:190} INFO - [2024-11-14T06:40:53.322+0000] {dag.py:3239} INFO - Sync 1 DAGs
[2024-11-14T06:40:53.330+0000] {logging_mixin.py:190} INFO - [2024-11-14T06:40:53.330+0000] {dag.py:4180} INFO - Setting next_dagrun for example_bash_decorator to None, run_after=None
[2024-11-14T06:40:53.375+0000] {processor.py:208} INFO - Processing /home/airflow/.local/lib/python3.12/site-packages/airflow/example_dags/example_bash_decorator.py took 0.079 seconds
[2024-11-14T06:41:24.272+0000] {processor.py:186} INFO - Started process (PID=2012) to work on /home/airflow/.local/lib/python3.12/site-packages/airflow/example_dags/example_bash_decorator.py
[2024-11-14T06:41:24.273+0000] {processor.py:914} INFO - Processing file /home/airflow/.local/lib/python3.12/site-packages/airflow/example_dags/example_bash_decorator.py for tasks to queue
[2024-11-14T06:41:24.276+0000] {logging_mixin.py:190} INFO - [2024-11-14T06:41:24.276+0000] {dagbag.py:588} INFO - Filling up the DagBag from /home/airflow/.local/lib/python3.12/site-packages/airflow/example_dags/example_bash_decorator.py
[2024-11-14T06:41:24.287+0000] {processor.py:925} INFO - DAG(s) 'example_bash_decorator' retrieved from /home/airflow/.local/lib/python3.12/site-packages/airflow/example_dags/example_bash_decorator.py
[2024-11-14T06:41:24.301+0000] {logging_mixin.py:190} INFO - [2024-11-14T06:41:24.301+0000] {dag.py:3239} INFO - Sync 1 DAGs
[2024-11-14T06:41:24.309+0000] {logging_mixin.py:190} INFO - [2024-11-14T06:41:24.308+0000] {dag.py:4180} INFO - Setting next_dagrun for example_bash_decorator to None, run_after=None
[2024-11-14T06:41:24.318+0000] {processor.py:208} INFO - Processing /home/airflow/.local/lib/python3.12/site-packages/airflow/example_dags/example_bash_decorator.py took 0.054 seconds
