[2024-11-14T06:26:04.209+0000] {processor.py:186} INFO - Started process (PID=93) to work on /home/airflow/.local/lib/python3.12/site-packages/airflow/example_dags/example_display_name.py
[2024-11-14T06:26:04.209+0000] {processor.py:914} INFO - Processing file /home/airflow/.local/lib/python3.12/site-packages/airflow/example_dags/example_display_name.py for tasks to queue
[2024-11-14T06:26:04.211+0000] {logging_mixin.py:190} INFO - [2024-11-14T06:26:04.211+0000] {dagbag.py:588} INFO - Filling up the DagBag from /home/airflow/.local/lib/python3.12/site-packages/airflow/example_dags/example_display_name.py
[2024-11-14T06:26:04.217+0000] {processor.py:925} INFO - DAG(s) 'example_display_name' retrieved from /home/airflow/.local/lib/python3.12/site-packages/airflow/example_dags/example_display_name.py
[2024-11-14T06:26:04.232+0000] {logging_mixin.py:190} INFO - [2024-11-14T06:26:04.232+0000] {dag.py:3239} INFO - Sync 1 DAGs
[2024-11-14T06:26:04.246+0000] {logging_mixin.py:190} INFO - [2024-11-14T06:26:04.246+0000] {dag.py:4180} INFO - Setting next_dagrun for example_display_name to None, run_after=None
[2024-11-14T06:26:04.281+0000] {processor.py:208} INFO - Processing /home/airflow/.local/lib/python3.12/site-packages/airflow/example_dags/example_display_name.py took 0.076 seconds
[2024-11-14T06:26:36.164+0000] {processor.py:186} INFO - Started process (PID=163) to work on /home/airflow/.local/lib/python3.12/site-packages/airflow/example_dags/example_display_name.py
[2024-11-14T06:26:36.164+0000] {processor.py:914} INFO - Processing file /home/airflow/.local/lib/python3.12/site-packages/airflow/example_dags/example_display_name.py for tasks to queue
[2024-11-14T06:26:36.166+0000] {logging_mixin.py:190} INFO - [2024-11-14T06:26:36.166+0000] {dagbag.py:588} INFO - Filling up the DagBag from /home/airflow/.local/lib/python3.12/site-packages/airflow/example_dags/example_display_name.py
[2024-11-14T06:26:36.171+0000] {processor.py:925} INFO - DAG(s) 'example_display_name' retrieved from /home/airflow/.local/lib/python3.12/site-packages/airflow/example_dags/example_display_name.py
[2024-11-14T06:26:36.191+0000] {logging_mixin.py:190} INFO - [2024-11-14T06:26:36.191+0000] {dag.py:3239} INFO - Sync 1 DAGs
[2024-11-14T06:26:36.201+0000] {logging_mixin.py:190} INFO - [2024-11-14T06:26:36.201+0000] {dag.py:4180} INFO - Setting next_dagrun for example_display_name to None, run_after=None
[2024-11-14T06:26:36.224+0000] {processor.py:208} INFO - Processing /home/airflow/.local/lib/python3.12/site-packages/airflow/example_dags/example_display_name.py took 0.065 seconds
[2024-11-14T06:27:06.844+0000] {processor.py:186} INFO - Started process (PID=226) to work on /home/airflow/.local/lib/python3.12/site-packages/airflow/example_dags/example_display_name.py
[2024-11-14T06:27:06.845+0000] {processor.py:914} INFO - Processing file /home/airflow/.local/lib/python3.12/site-packages/airflow/example_dags/example_display_name.py for tasks to queue
[2024-11-14T06:27:06.846+0000] {logging_mixin.py:190} INFO - [2024-11-14T06:27:06.846+0000] {dagbag.py:588} INFO - Filling up the DagBag from /home/airflow/.local/lib/python3.12/site-packages/airflow/example_dags/example_display_name.py
[2024-11-14T06:27:06.851+0000] {processor.py:925} INFO - DAG(s) 'example_display_name' retrieved from /home/airflow/.local/lib/python3.12/site-packages/airflow/example_dags/example_display_name.py
[2024-11-14T06:27:06.862+0000] {logging_mixin.py:190} INFO - [2024-11-14T06:27:06.862+0000] {dag.py:3239} INFO - Sync 1 DAGs
[2024-11-14T06:27:06.871+0000] {logging_mixin.py:190} INFO - [2024-11-14T06:27:06.871+0000] {dag.py:4180} INFO - Setting next_dagrun for example_display_name to None, run_after=None
[2024-11-14T06:27:06.885+0000] {processor.py:208} INFO - Processing /home/airflow/.local/lib/python3.12/site-packages/airflow/example_dags/example_display_name.py took 0.045 seconds
[2024-11-14T06:27:37.772+0000] {processor.py:186} INFO - Started process (PID=291) to work on /home/airflow/.local/lib/python3.12/site-packages/airflow/example_dags/example_display_name.py
[2024-11-14T06:27:37.773+0000] {processor.py:914} INFO - Processing file /home/airflow/.local/lib/python3.12/site-packages/airflow/example_dags/example_display_name.py for tasks to queue
[2024-11-14T06:27:37.774+0000] {logging_mixin.py:190} INFO - [2024-11-14T06:27:37.774+0000] {dagbag.py:588} INFO - Filling up the DagBag from /home/airflow/.local/lib/python3.12/site-packages/airflow/example_dags/example_display_name.py
[2024-11-14T06:27:37.779+0000] {processor.py:925} INFO - DAG(s) 'example_display_name' retrieved from /home/airflow/.local/lib/python3.12/site-packages/airflow/example_dags/example_display_name.py
[2024-11-14T06:27:37.790+0000] {logging_mixin.py:190} INFO - [2024-11-14T06:27:37.790+0000] {dag.py:3239} INFO - Sync 1 DAGs
[2024-11-14T06:27:37.797+0000] {logging_mixin.py:190} INFO - [2024-11-14T06:27:37.797+0000] {dag.py:4180} INFO - Setting next_dagrun for example_display_name to None, run_after=None
[2024-11-14T06:27:37.806+0000] {processor.py:208} INFO - Processing /home/airflow/.local/lib/python3.12/site-packages/airflow/example_dags/example_display_name.py took 0.037 seconds
[2024-11-14T06:28:08.218+0000] {processor.py:186} INFO - Started process (PID=354) to work on /home/airflow/.local/lib/python3.12/site-packages/airflow/example_dags/example_display_name.py
[2024-11-14T06:28:08.219+0000] {processor.py:914} INFO - Processing file /home/airflow/.local/lib/python3.12/site-packages/airflow/example_dags/example_display_name.py for tasks to queue
[2024-11-14T06:28:08.220+0000] {logging_mixin.py:190} INFO - [2024-11-14T06:28:08.220+0000] {dagbag.py:588} INFO - Filling up the DagBag from /home/airflow/.local/lib/python3.12/site-packages/airflow/example_dags/example_display_name.py
[2024-11-14T06:28:08.225+0000] {processor.py:925} INFO - DAG(s) 'example_display_name' retrieved from /home/airflow/.local/lib/python3.12/site-packages/airflow/example_dags/example_display_name.py
[2024-11-14T06:28:08.252+0000] {logging_mixin.py:190} INFO - [2024-11-14T06:28:08.251+0000] {dag.py:3239} INFO - Sync 1 DAGs
[2024-11-14T06:28:08.266+0000] {logging_mixin.py:190} INFO - [2024-11-14T06:28:08.266+0000] {dag.py:4180} INFO - Setting next_dagrun for example_display_name to None, run_after=None
[2024-11-14T06:28:08.453+0000] {processor.py:208} INFO - Processing /home/airflow/.local/lib/python3.12/site-packages/airflow/example_dags/example_display_name.py took 0.240 seconds
[2024-11-14T06:28:38.864+0000] {processor.py:186} INFO - Started process (PID=417) to work on /home/airflow/.local/lib/python3.12/site-packages/airflow/example_dags/example_display_name.py
[2024-11-14T06:28:38.865+0000] {processor.py:914} INFO - Processing file /home/airflow/.local/lib/python3.12/site-packages/airflow/example_dags/example_display_name.py for tasks to queue
[2024-11-14T06:28:38.866+0000] {logging_mixin.py:190} INFO - [2024-11-14T06:28:38.866+0000] {dagbag.py:588} INFO - Filling up the DagBag from /home/airflow/.local/lib/python3.12/site-packages/airflow/example_dags/example_display_name.py
[2024-11-14T06:28:38.871+0000] {processor.py:925} INFO - DAG(s) 'example_display_name' retrieved from /home/airflow/.local/lib/python3.12/site-packages/airflow/example_dags/example_display_name.py
[2024-11-14T06:28:38.881+0000] {logging_mixin.py:190} INFO - [2024-11-14T06:28:38.881+0000] {dag.py:3239} INFO - Sync 1 DAGs
[2024-11-14T06:28:38.888+0000] {logging_mixin.py:190} INFO - [2024-11-14T06:28:38.888+0000] {dag.py:4180} INFO - Setting next_dagrun for example_display_name to None, run_after=None
[2024-11-14T06:28:38.897+0000] {processor.py:208} INFO - Processing /home/airflow/.local/lib/python3.12/site-packages/airflow/example_dags/example_display_name.py took 0.037 seconds
[2024-11-14T06:29:10.091+0000] {processor.py:186} INFO - Started process (PID=480) to work on /home/airflow/.local/lib/python3.12/site-packages/airflow/example_dags/example_display_name.py
[2024-11-14T06:29:10.092+0000] {processor.py:914} INFO - Processing file /home/airflow/.local/lib/python3.12/site-packages/airflow/example_dags/example_display_name.py for tasks to queue
[2024-11-14T06:29:10.093+0000] {logging_mixin.py:190} INFO - [2024-11-14T06:29:10.093+0000] {dagbag.py:588} INFO - Filling up the DagBag from /home/airflow/.local/lib/python3.12/site-packages/airflow/example_dags/example_display_name.py
[2024-11-14T06:29:10.099+0000] {processor.py:925} INFO - DAG(s) 'example_display_name' retrieved from /home/airflow/.local/lib/python3.12/site-packages/airflow/example_dags/example_display_name.py
[2024-11-14T06:29:10.111+0000] {logging_mixin.py:190} INFO - [2024-11-14T06:29:10.110+0000] {dag.py:3239} INFO - Sync 1 DAGs
[2024-11-14T06:29:10.119+0000] {logging_mixin.py:190} INFO - [2024-11-14T06:29:10.119+0000] {dag.py:4180} INFO - Setting next_dagrun for example_display_name to None, run_after=None
[2024-11-14T06:29:10.137+0000] {processor.py:208} INFO - Processing /home/airflow/.local/lib/python3.12/site-packages/airflow/example_dags/example_display_name.py took 0.050 seconds
[2024-11-14T06:29:41.162+0000] {processor.py:186} INFO - Started process (PID=544) to work on /home/airflow/.local/lib/python3.12/site-packages/airflow/example_dags/example_display_name.py
[2024-11-14T06:29:41.163+0000] {processor.py:914} INFO - Processing file /home/airflow/.local/lib/python3.12/site-packages/airflow/example_dags/example_display_name.py for tasks to queue
[2024-11-14T06:29:41.166+0000] {logging_mixin.py:190} INFO - [2024-11-14T06:29:41.165+0000] {dagbag.py:588} INFO - Filling up the DagBag from /home/airflow/.local/lib/python3.12/site-packages/airflow/example_dags/example_display_name.py
[2024-11-14T06:29:41.172+0000] {processor.py:925} INFO - DAG(s) 'example_display_name' retrieved from /home/airflow/.local/lib/python3.12/site-packages/airflow/example_dags/example_display_name.py
[2024-11-14T06:29:41.183+0000] {logging_mixin.py:190} INFO - [2024-11-14T06:29:41.183+0000] {dag.py:3239} INFO - Sync 1 DAGs
[2024-11-14T06:29:41.194+0000] {logging_mixin.py:190} INFO - [2024-11-14T06:29:41.193+0000] {dag.py:4180} INFO - Setting next_dagrun for example_display_name to None, run_after=None
[2024-11-14T06:29:41.214+0000] {processor.py:208} INFO - Processing /home/airflow/.local/lib/python3.12/site-packages/airflow/example_dags/example_display_name.py took 0.057 seconds
[2024-11-14T06:30:11.563+0000] {processor.py:186} INFO - Started process (PID=608) to work on /home/airflow/.local/lib/python3.12/site-packages/airflow/example_dags/example_display_name.py
[2024-11-14T06:30:11.564+0000] {processor.py:914} INFO - Processing file /home/airflow/.local/lib/python3.12/site-packages/airflow/example_dags/example_display_name.py for tasks to queue
[2024-11-14T06:30:11.566+0000] {logging_mixin.py:190} INFO - [2024-11-14T06:30:11.566+0000] {dagbag.py:588} INFO - Filling up the DagBag from /home/airflow/.local/lib/python3.12/site-packages/airflow/example_dags/example_display_name.py
[2024-11-14T06:30:11.570+0000] {processor.py:925} INFO - DAG(s) 'example_display_name' retrieved from /home/airflow/.local/lib/python3.12/site-packages/airflow/example_dags/example_display_name.py
[2024-11-14T06:30:11.580+0000] {logging_mixin.py:190} INFO - [2024-11-14T06:30:11.580+0000] {dag.py:3239} INFO - Sync 1 DAGs
[2024-11-14T06:30:11.587+0000] {logging_mixin.py:190} INFO - [2024-11-14T06:30:11.587+0000] {dag.py:4180} INFO - Setting next_dagrun for example_display_name to None, run_after=None
[2024-11-14T06:30:11.597+0000] {processor.py:208} INFO - Processing /home/airflow/.local/lib/python3.12/site-packages/airflow/example_dags/example_display_name.py took 0.037 seconds
[2024-11-14T06:30:42.081+0000] {processor.py:186} INFO - Started process (PID=672) to work on /home/airflow/.local/lib/python3.12/site-packages/airflow/example_dags/example_display_name.py
[2024-11-14T06:30:42.081+0000] {processor.py:914} INFO - Processing file /home/airflow/.local/lib/python3.12/site-packages/airflow/example_dags/example_display_name.py for tasks to queue
[2024-11-14T06:30:42.082+0000] {logging_mixin.py:190} INFO - [2024-11-14T06:30:42.082+0000] {dagbag.py:588} INFO - Filling up the DagBag from /home/airflow/.local/lib/python3.12/site-packages/airflow/example_dags/example_display_name.py
[2024-11-14T06:30:42.087+0000] {processor.py:925} INFO - DAG(s) 'example_display_name' retrieved from /home/airflow/.local/lib/python3.12/site-packages/airflow/example_dags/example_display_name.py
[2024-11-14T06:30:42.097+0000] {logging_mixin.py:190} INFO - [2024-11-14T06:30:42.097+0000] {dag.py:3239} INFO - Sync 1 DAGs
[2024-11-14T06:30:42.103+0000] {logging_mixin.py:190} INFO - [2024-11-14T06:30:42.103+0000] {dag.py:4180} INFO - Setting next_dagrun for example_display_name to None, run_after=None
[2024-11-14T06:30:42.116+0000] {processor.py:208} INFO - Processing /home/airflow/.local/lib/python3.12/site-packages/airflow/example_dags/example_display_name.py took 0.038 seconds
[2024-11-14T06:31:12.714+0000] {processor.py:186} INFO - Started process (PID=735) to work on /home/airflow/.local/lib/python3.12/site-packages/airflow/example_dags/example_display_name.py
[2024-11-14T06:31:12.715+0000] {processor.py:914} INFO - Processing file /home/airflow/.local/lib/python3.12/site-packages/airflow/example_dags/example_display_name.py for tasks to queue
[2024-11-14T06:31:12.717+0000] {logging_mixin.py:190} INFO - [2024-11-14T06:31:12.716+0000] {dagbag.py:588} INFO - Filling up the DagBag from /home/airflow/.local/lib/python3.12/site-packages/airflow/example_dags/example_display_name.py
[2024-11-14T06:31:12.721+0000] {processor.py:925} INFO - DAG(s) 'example_display_name' retrieved from /home/airflow/.local/lib/python3.12/site-packages/airflow/example_dags/example_display_name.py
[2024-11-14T06:31:12.731+0000] {logging_mixin.py:190} INFO - [2024-11-14T06:31:12.731+0000] {dag.py:3239} INFO - Sync 1 DAGs
[2024-11-14T06:31:12.737+0000] {logging_mixin.py:190} INFO - [2024-11-14T06:31:12.737+0000] {dag.py:4180} INFO - Setting next_dagrun for example_display_name to None, run_after=None
[2024-11-14T06:31:12.746+0000] {processor.py:208} INFO - Processing /home/airflow/.local/lib/python3.12/site-packages/airflow/example_dags/example_display_name.py took 0.036 seconds
[2024-11-14T06:31:43.257+0000] {processor.py:186} INFO - Started process (PID=799) to work on /home/airflow/.local/lib/python3.12/site-packages/airflow/example_dags/example_display_name.py
[2024-11-14T06:31:43.258+0000] {processor.py:914} INFO - Processing file /home/airflow/.local/lib/python3.12/site-packages/airflow/example_dags/example_display_name.py for tasks to queue
[2024-11-14T06:31:43.259+0000] {logging_mixin.py:190} INFO - [2024-11-14T06:31:43.259+0000] {dagbag.py:588} INFO - Filling up the DagBag from /home/airflow/.local/lib/python3.12/site-packages/airflow/example_dags/example_display_name.py
[2024-11-14T06:31:43.264+0000] {processor.py:925} INFO - DAG(s) 'example_display_name' retrieved from /home/airflow/.local/lib/python3.12/site-packages/airflow/example_dags/example_display_name.py
[2024-11-14T06:31:43.273+0000] {logging_mixin.py:190} INFO - [2024-11-14T06:31:43.273+0000] {dag.py:3239} INFO - Sync 1 DAGs
[2024-11-14T06:31:43.280+0000] {logging_mixin.py:190} INFO - [2024-11-14T06:31:43.280+0000] {dag.py:4180} INFO - Setting next_dagrun for example_display_name to None, run_after=None
[2024-11-14T06:31:43.288+0000] {processor.py:208} INFO - Processing /home/airflow/.local/lib/python3.12/site-packages/airflow/example_dags/example_display_name.py took 0.034 seconds
[2024-11-14T06:32:13.547+0000] {processor.py:186} INFO - Started process (PID=863) to work on /home/airflow/.local/lib/python3.12/site-packages/airflow/example_dags/example_display_name.py
[2024-11-14T06:32:13.548+0000] {processor.py:914} INFO - Processing file /home/airflow/.local/lib/python3.12/site-packages/airflow/example_dags/example_display_name.py for tasks to queue
[2024-11-14T06:32:13.549+0000] {logging_mixin.py:190} INFO - [2024-11-14T06:32:13.549+0000] {dagbag.py:588} INFO - Filling up the DagBag from /home/airflow/.local/lib/python3.12/site-packages/airflow/example_dags/example_display_name.py
[2024-11-14T06:32:13.554+0000] {processor.py:925} INFO - DAG(s) 'example_display_name' retrieved from /home/airflow/.local/lib/python3.12/site-packages/airflow/example_dags/example_display_name.py
[2024-11-14T06:32:13.564+0000] {logging_mixin.py:190} INFO - [2024-11-14T06:32:13.563+0000] {dag.py:3239} INFO - Sync 1 DAGs
[2024-11-14T06:32:13.571+0000] {logging_mixin.py:190} INFO - [2024-11-14T06:32:13.571+0000] {dag.py:4180} INFO - Setting next_dagrun for example_display_name to None, run_after=None
[2024-11-14T06:32:13.581+0000] {processor.py:208} INFO - Processing /home/airflow/.local/lib/python3.12/site-packages/airflow/example_dags/example_display_name.py took 0.038 seconds
[2024-11-14T06:32:43.894+0000] {processor.py:186} INFO - Started process (PID=927) to work on /home/airflow/.local/lib/python3.12/site-packages/airflow/example_dags/example_display_name.py
[2024-11-14T06:32:43.894+0000] {processor.py:914} INFO - Processing file /home/airflow/.local/lib/python3.12/site-packages/airflow/example_dags/example_display_name.py for tasks to queue
[2024-11-14T06:32:43.896+0000] {logging_mixin.py:190} INFO - [2024-11-14T06:32:43.895+0000] {dagbag.py:588} INFO - Filling up the DagBag from /home/airflow/.local/lib/python3.12/site-packages/airflow/example_dags/example_display_name.py
[2024-11-14T06:32:43.900+0000] {processor.py:925} INFO - DAG(s) 'example_display_name' retrieved from /home/airflow/.local/lib/python3.12/site-packages/airflow/example_dags/example_display_name.py
[2024-11-14T06:32:43.910+0000] {logging_mixin.py:190} INFO - [2024-11-14T06:32:43.910+0000] {dag.py:3239} INFO - Sync 1 DAGs
[2024-11-14T06:32:43.917+0000] {logging_mixin.py:190} INFO - [2024-11-14T06:32:43.917+0000] {dag.py:4180} INFO - Setting next_dagrun for example_display_name to None, run_after=None
[2024-11-14T06:32:43.925+0000] {processor.py:208} INFO - Processing /home/airflow/.local/lib/python3.12/site-packages/airflow/example_dags/example_display_name.py took 0.036 seconds
[2024-11-14T06:33:14.432+0000] {processor.py:186} INFO - Started process (PID=991) to work on /home/airflow/.local/lib/python3.12/site-packages/airflow/example_dags/example_display_name.py
[2024-11-14T06:33:14.432+0000] {processor.py:914} INFO - Processing file /home/airflow/.local/lib/python3.12/site-packages/airflow/example_dags/example_display_name.py for tasks to queue
[2024-11-14T06:33:14.434+0000] {logging_mixin.py:190} INFO - [2024-11-14T06:33:14.433+0000] {dagbag.py:588} INFO - Filling up the DagBag from /home/airflow/.local/lib/python3.12/site-packages/airflow/example_dags/example_display_name.py
[2024-11-14T06:33:14.439+0000] {processor.py:925} INFO - DAG(s) 'example_display_name' retrieved from /home/airflow/.local/lib/python3.12/site-packages/airflow/example_dags/example_display_name.py
[2024-11-14T06:33:14.456+0000] {logging_mixin.py:190} INFO - [2024-11-14T06:33:14.456+0000] {dag.py:3239} INFO - Sync 1 DAGs
[2024-11-14T06:33:14.468+0000] {logging_mixin.py:190} INFO - [2024-11-14T06:33:14.468+0000] {dag.py:4180} INFO - Setting next_dagrun for example_display_name to None, run_after=None
[2024-11-14T06:33:14.483+0000] {processor.py:208} INFO - Processing /home/airflow/.local/lib/python3.12/site-packages/airflow/example_dags/example_display_name.py took 0.054 seconds
[2024-11-14T06:33:44.858+0000] {processor.py:186} INFO - Started process (PID=1055) to work on /home/airflow/.local/lib/python3.12/site-packages/airflow/example_dags/example_display_name.py
[2024-11-14T06:33:44.858+0000] {processor.py:914} INFO - Processing file /home/airflow/.local/lib/python3.12/site-packages/airflow/example_dags/example_display_name.py for tasks to queue
[2024-11-14T06:33:44.860+0000] {logging_mixin.py:190} INFO - [2024-11-14T06:33:44.859+0000] {dagbag.py:588} INFO - Filling up the DagBag from /home/airflow/.local/lib/python3.12/site-packages/airflow/example_dags/example_display_name.py
[2024-11-14T06:33:44.864+0000] {processor.py:925} INFO - DAG(s) 'example_display_name' retrieved from /home/airflow/.local/lib/python3.12/site-packages/airflow/example_dags/example_display_name.py
[2024-11-14T06:33:44.874+0000] {logging_mixin.py:190} INFO - [2024-11-14T06:33:44.874+0000] {dag.py:3239} INFO - Sync 1 DAGs
[2024-11-14T06:33:44.881+0000] {logging_mixin.py:190} INFO - [2024-11-14T06:33:44.881+0000] {dag.py:4180} INFO - Setting next_dagrun for example_display_name to None, run_after=None
[2024-11-14T06:33:44.891+0000] {processor.py:208} INFO - Processing /home/airflow/.local/lib/python3.12/site-packages/airflow/example_dags/example_display_name.py took 0.037 seconds
[2024-11-14T06:34:15.560+0000] {processor.py:186} INFO - Started process (PID=1118) to work on /home/airflow/.local/lib/python3.12/site-packages/airflow/example_dags/example_display_name.py
[2024-11-14T06:34:15.561+0000] {processor.py:914} INFO - Processing file /home/airflow/.local/lib/python3.12/site-packages/airflow/example_dags/example_display_name.py for tasks to queue
[2024-11-14T06:34:15.562+0000] {logging_mixin.py:190} INFO - [2024-11-14T06:34:15.562+0000] {dagbag.py:588} INFO - Filling up the DagBag from /home/airflow/.local/lib/python3.12/site-packages/airflow/example_dags/example_display_name.py
[2024-11-14T06:34:15.566+0000] {processor.py:925} INFO - DAG(s) 'example_display_name' retrieved from /home/airflow/.local/lib/python3.12/site-packages/airflow/example_dags/example_display_name.py
[2024-11-14T06:34:15.575+0000] {logging_mixin.py:190} INFO - [2024-11-14T06:34:15.575+0000] {dag.py:3239} INFO - Sync 1 DAGs
[2024-11-14T06:34:15.581+0000] {logging_mixin.py:190} INFO - [2024-11-14T06:34:15.581+0000] {dag.py:4180} INFO - Setting next_dagrun for example_display_name to None, run_after=None
[2024-11-14T06:34:15.589+0000] {processor.py:208} INFO - Processing /home/airflow/.local/lib/python3.12/site-packages/airflow/example_dags/example_display_name.py took 0.033 seconds
[2024-11-14T06:34:46.149+0000] {processor.py:186} INFO - Started process (PID=1182) to work on /home/airflow/.local/lib/python3.12/site-packages/airflow/example_dags/example_display_name.py
[2024-11-14T06:34:46.150+0000] {processor.py:914} INFO - Processing file /home/airflow/.local/lib/python3.12/site-packages/airflow/example_dags/example_display_name.py for tasks to queue
[2024-11-14T06:34:46.153+0000] {logging_mixin.py:190} INFO - [2024-11-14T06:34:46.152+0000] {dagbag.py:588} INFO - Filling up the DagBag from /home/airflow/.local/lib/python3.12/site-packages/airflow/example_dags/example_display_name.py
[2024-11-14T06:34:46.159+0000] {processor.py:925} INFO - DAG(s) 'example_display_name' retrieved from /home/airflow/.local/lib/python3.12/site-packages/airflow/example_dags/example_display_name.py
[2024-11-14T06:34:46.173+0000] {logging_mixin.py:190} INFO - [2024-11-14T06:34:46.173+0000] {dag.py:3239} INFO - Sync 1 DAGs
[2024-11-14T06:34:46.181+0000] {logging_mixin.py:190} INFO - [2024-11-14T06:34:46.181+0000] {dag.py:4180} INFO - Setting next_dagrun for example_display_name to None, run_after=None
[2024-11-14T06:34:46.190+0000] {processor.py:208} INFO - Processing /home/airflow/.local/lib/python3.12/site-packages/airflow/example_dags/example_display_name.py took 0.046 seconds
[2024-11-14T06:35:17.081+0000] {processor.py:186} INFO - Started process (PID=1246) to work on /home/airflow/.local/lib/python3.12/site-packages/airflow/example_dags/example_display_name.py
[2024-11-14T06:35:17.082+0000] {processor.py:914} INFO - Processing file /home/airflow/.local/lib/python3.12/site-packages/airflow/example_dags/example_display_name.py for tasks to queue
[2024-11-14T06:35:17.083+0000] {logging_mixin.py:190} INFO - [2024-11-14T06:35:17.083+0000] {dagbag.py:588} INFO - Filling up the DagBag from /home/airflow/.local/lib/python3.12/site-packages/airflow/example_dags/example_display_name.py
[2024-11-14T06:35:17.089+0000] {processor.py:925} INFO - DAG(s) 'example_display_name' retrieved from /home/airflow/.local/lib/python3.12/site-packages/airflow/example_dags/example_display_name.py
[2024-11-14T06:35:17.101+0000] {logging_mixin.py:190} INFO - [2024-11-14T06:35:17.101+0000] {dag.py:3239} INFO - Sync 1 DAGs
[2024-11-14T06:35:17.109+0000] {logging_mixin.py:190} INFO - [2024-11-14T06:35:17.109+0000] {dag.py:4180} INFO - Setting next_dagrun for example_display_name to None, run_after=None
[2024-11-14T06:35:17.118+0000] {processor.py:208} INFO - Processing /home/airflow/.local/lib/python3.12/site-packages/airflow/example_dags/example_display_name.py took 0.042 seconds
[2024-11-14T06:35:47.657+0000] {processor.py:186} INFO - Started process (PID=1310) to work on /home/airflow/.local/lib/python3.12/site-packages/airflow/example_dags/example_display_name.py
[2024-11-14T06:35:47.658+0000] {processor.py:914} INFO - Processing file /home/airflow/.local/lib/python3.12/site-packages/airflow/example_dags/example_display_name.py for tasks to queue
[2024-11-14T06:35:47.660+0000] {logging_mixin.py:190} INFO - [2024-11-14T06:35:47.659+0000] {dagbag.py:588} INFO - Filling up the DagBag from /home/airflow/.local/lib/python3.12/site-packages/airflow/example_dags/example_display_name.py
[2024-11-14T06:35:47.664+0000] {processor.py:925} INFO - DAG(s) 'example_display_name' retrieved from /home/airflow/.local/lib/python3.12/site-packages/airflow/example_dags/example_display_name.py
[2024-11-14T06:35:47.674+0000] {logging_mixin.py:190} INFO - [2024-11-14T06:35:47.674+0000] {dag.py:3239} INFO - Sync 1 DAGs
[2024-11-14T06:35:47.682+0000] {logging_mixin.py:190} INFO - [2024-11-14T06:35:47.682+0000] {dag.py:4180} INFO - Setting next_dagrun for example_display_name to None, run_after=None
[2024-11-14T06:35:47.691+0000] {processor.py:208} INFO - Processing /home/airflow/.local/lib/python3.12/site-packages/airflow/example_dags/example_display_name.py took 0.037 seconds
[2024-11-14T06:36:18.304+0000] {processor.py:186} INFO - Started process (PID=1374) to work on /home/airflow/.local/lib/python3.12/site-packages/airflow/example_dags/example_display_name.py
[2024-11-14T06:36:18.305+0000] {processor.py:914} INFO - Processing file /home/airflow/.local/lib/python3.12/site-packages/airflow/example_dags/example_display_name.py for tasks to queue
[2024-11-14T06:36:18.306+0000] {logging_mixin.py:190} INFO - [2024-11-14T06:36:18.306+0000] {dagbag.py:588} INFO - Filling up the DagBag from /home/airflow/.local/lib/python3.12/site-packages/airflow/example_dags/example_display_name.py
[2024-11-14T06:36:18.311+0000] {processor.py:925} INFO - DAG(s) 'example_display_name' retrieved from /home/airflow/.local/lib/python3.12/site-packages/airflow/example_dags/example_display_name.py
[2024-11-14T06:36:18.321+0000] {logging_mixin.py:190} INFO - [2024-11-14T06:36:18.321+0000] {dag.py:3239} INFO - Sync 1 DAGs
[2024-11-14T06:36:18.328+0000] {logging_mixin.py:190} INFO - [2024-11-14T06:36:18.328+0000] {dag.py:4180} INFO - Setting next_dagrun for example_display_name to None, run_after=None
[2024-11-14T06:36:18.335+0000] {processor.py:208} INFO - Processing /home/airflow/.local/lib/python3.12/site-packages/airflow/example_dags/example_display_name.py took 0.036 seconds
[2024-11-14T06:36:48.679+0000] {processor.py:186} INFO - Started process (PID=1438) to work on /home/airflow/.local/lib/python3.12/site-packages/airflow/example_dags/example_display_name.py
[2024-11-14T06:36:48.680+0000] {processor.py:914} INFO - Processing file /home/airflow/.local/lib/python3.12/site-packages/airflow/example_dags/example_display_name.py for tasks to queue
[2024-11-14T06:36:48.681+0000] {logging_mixin.py:190} INFO - [2024-11-14T06:36:48.681+0000] {dagbag.py:588} INFO - Filling up the DagBag from /home/airflow/.local/lib/python3.12/site-packages/airflow/example_dags/example_display_name.py
[2024-11-14T06:36:48.686+0000] {processor.py:925} INFO - DAG(s) 'example_display_name' retrieved from /home/airflow/.local/lib/python3.12/site-packages/airflow/example_dags/example_display_name.py
[2024-11-14T06:36:48.698+0000] {logging_mixin.py:190} INFO - [2024-11-14T06:36:48.698+0000] {dag.py:3239} INFO - Sync 1 DAGs
[2024-11-14T06:36:48.706+0000] {logging_mixin.py:190} INFO - [2024-11-14T06:36:48.706+0000] {dag.py:4180} INFO - Setting next_dagrun for example_display_name to None, run_after=None
[2024-11-14T06:36:48.715+0000] {processor.py:208} INFO - Processing /home/airflow/.local/lib/python3.12/site-packages/airflow/example_dags/example_display_name.py took 0.039 seconds
[2024-11-14T06:37:19.030+0000] {processor.py:186} INFO - Started process (PID=1502) to work on /home/airflow/.local/lib/python3.12/site-packages/airflow/example_dags/example_display_name.py
[2024-11-14T06:37:19.030+0000] {processor.py:914} INFO - Processing file /home/airflow/.local/lib/python3.12/site-packages/airflow/example_dags/example_display_name.py for tasks to queue
[2024-11-14T06:37:19.032+0000] {logging_mixin.py:190} INFO - [2024-11-14T06:37:19.032+0000] {dagbag.py:588} INFO - Filling up the DagBag from /home/airflow/.local/lib/python3.12/site-packages/airflow/example_dags/example_display_name.py
[2024-11-14T06:37:19.036+0000] {processor.py:925} INFO - DAG(s) 'example_display_name' retrieved from /home/airflow/.local/lib/python3.12/site-packages/airflow/example_dags/example_display_name.py
[2024-11-14T06:37:19.046+0000] {logging_mixin.py:190} INFO - [2024-11-14T06:37:19.046+0000] {dag.py:3239} INFO - Sync 1 DAGs
[2024-11-14T06:37:19.053+0000] {logging_mixin.py:190} INFO - [2024-11-14T06:37:19.052+0000] {dag.py:4180} INFO - Setting next_dagrun for example_display_name to None, run_after=None
[2024-11-14T06:37:19.061+0000] {processor.py:208} INFO - Processing /home/airflow/.local/lib/python3.12/site-packages/airflow/example_dags/example_display_name.py took 0.035 seconds
[2024-11-14T06:37:49.500+0000] {processor.py:186} INFO - Started process (PID=1566) to work on /home/airflow/.local/lib/python3.12/site-packages/airflow/example_dags/example_display_name.py
[2024-11-14T06:37:49.501+0000] {processor.py:914} INFO - Processing file /home/airflow/.local/lib/python3.12/site-packages/airflow/example_dags/example_display_name.py for tasks to queue
[2024-11-14T06:37:49.502+0000] {logging_mixin.py:190} INFO - [2024-11-14T06:37:49.502+0000] {dagbag.py:588} INFO - Filling up the DagBag from /home/airflow/.local/lib/python3.12/site-packages/airflow/example_dags/example_display_name.py
[2024-11-14T06:37:49.507+0000] {processor.py:925} INFO - DAG(s) 'example_display_name' retrieved from /home/airflow/.local/lib/python3.12/site-packages/airflow/example_dags/example_display_name.py
[2024-11-14T06:37:49.518+0000] {logging_mixin.py:190} INFO - [2024-11-14T06:37:49.518+0000] {dag.py:3239} INFO - Sync 1 DAGs
[2024-11-14T06:37:49.525+0000] {logging_mixin.py:190} INFO - [2024-11-14T06:37:49.525+0000] {dag.py:4180} INFO - Setting next_dagrun for example_display_name to None, run_after=None
[2024-11-14T06:37:49.534+0000] {processor.py:208} INFO - Processing /home/airflow/.local/lib/python3.12/site-packages/airflow/example_dags/example_display_name.py took 0.038 seconds
[2024-11-14T06:38:20.222+0000] {processor.py:186} INFO - Started process (PID=1630) to work on /home/airflow/.local/lib/python3.12/site-packages/airflow/example_dags/example_display_name.py
[2024-11-14T06:38:20.223+0000] {processor.py:914} INFO - Processing file /home/airflow/.local/lib/python3.12/site-packages/airflow/example_dags/example_display_name.py for tasks to queue
[2024-11-14T06:38:20.224+0000] {logging_mixin.py:190} INFO - [2024-11-14T06:38:20.224+0000] {dagbag.py:588} INFO - Filling up the DagBag from /home/airflow/.local/lib/python3.12/site-packages/airflow/example_dags/example_display_name.py
[2024-11-14T06:38:20.228+0000] {processor.py:925} INFO - DAG(s) 'example_display_name' retrieved from /home/airflow/.local/lib/python3.12/site-packages/airflow/example_dags/example_display_name.py
[2024-11-14T06:38:20.239+0000] {logging_mixin.py:190} INFO - [2024-11-14T06:38:20.239+0000] {dag.py:3239} INFO - Sync 1 DAGs
[2024-11-14T06:38:20.245+0000] {logging_mixin.py:190} INFO - [2024-11-14T06:38:20.245+0000] {dag.py:4180} INFO - Setting next_dagrun for example_display_name to None, run_after=None
[2024-11-14T06:38:20.254+0000] {processor.py:208} INFO - Processing /home/airflow/.local/lib/python3.12/site-packages/airflow/example_dags/example_display_name.py took 0.035 seconds
[2024-11-14T06:38:50.860+0000] {processor.py:186} INFO - Started process (PID=1694) to work on /home/airflow/.local/lib/python3.12/site-packages/airflow/example_dags/example_display_name.py
[2024-11-14T06:38:50.861+0000] {processor.py:914} INFO - Processing file /home/airflow/.local/lib/python3.12/site-packages/airflow/example_dags/example_display_name.py for tasks to queue
[2024-11-14T06:38:50.863+0000] {logging_mixin.py:190} INFO - [2024-11-14T06:38:50.862+0000] {dagbag.py:588} INFO - Filling up the DagBag from /home/airflow/.local/lib/python3.12/site-packages/airflow/example_dags/example_display_name.py
[2024-11-14T06:38:50.868+0000] {processor.py:925} INFO - DAG(s) 'example_display_name' retrieved from /home/airflow/.local/lib/python3.12/site-packages/airflow/example_dags/example_display_name.py
[2024-11-14T06:38:50.878+0000] {logging_mixin.py:190} INFO - [2024-11-14T06:38:50.878+0000] {dag.py:3239} INFO - Sync 1 DAGs
[2024-11-14T06:38:50.885+0000] {logging_mixin.py:190} INFO - [2024-11-14T06:38:50.885+0000] {dag.py:4180} INFO - Setting next_dagrun for example_display_name to None, run_after=None
[2024-11-14T06:38:50.894+0000] {processor.py:208} INFO - Processing /home/airflow/.local/lib/python3.12/site-packages/airflow/example_dags/example_display_name.py took 0.038 seconds
[2024-11-14T06:39:21.695+0000] {processor.py:186} INFO - Started process (PID=1759) to work on /home/airflow/.local/lib/python3.12/site-packages/airflow/example_dags/example_display_name.py
[2024-11-14T06:39:21.695+0000] {processor.py:914} INFO - Processing file /home/airflow/.local/lib/python3.12/site-packages/airflow/example_dags/example_display_name.py for tasks to queue
[2024-11-14T06:39:21.697+0000] {logging_mixin.py:190} INFO - [2024-11-14T06:39:21.697+0000] {dagbag.py:588} INFO - Filling up the DagBag from /home/airflow/.local/lib/python3.12/site-packages/airflow/example_dags/example_display_name.py
[2024-11-14T06:39:21.703+0000] {processor.py:925} INFO - DAG(s) 'example_display_name' retrieved from /home/airflow/.local/lib/python3.12/site-packages/airflow/example_dags/example_display_name.py
[2024-11-14T06:39:21.735+0000] {logging_mixin.py:190} INFO - [2024-11-14T06:39:21.735+0000] {dag.py:3239} INFO - Sync 1 DAGs
[2024-11-14T06:39:21.751+0000] {logging_mixin.py:190} INFO - [2024-11-14T06:39:21.751+0000] {dag.py:4180} INFO - Setting next_dagrun for example_display_name to None, run_after=None
[2024-11-14T06:39:21.766+0000] {processor.py:208} INFO - Processing /home/airflow/.local/lib/python3.12/site-packages/airflow/example_dags/example_display_name.py took 0.076 seconds
[2024-11-14T06:39:52.394+0000] {processor.py:186} INFO - Started process (PID=1823) to work on /home/airflow/.local/lib/python3.12/site-packages/airflow/example_dags/example_display_name.py
[2024-11-14T06:39:52.395+0000] {processor.py:914} INFO - Processing file /home/airflow/.local/lib/python3.12/site-packages/airflow/example_dags/example_display_name.py for tasks to queue
[2024-11-14T06:39:52.398+0000] {logging_mixin.py:190} INFO - [2024-11-14T06:39:52.398+0000] {dagbag.py:588} INFO - Filling up the DagBag from /home/airflow/.local/lib/python3.12/site-packages/airflow/example_dags/example_display_name.py
[2024-11-14T06:39:52.404+0000] {processor.py:925} INFO - DAG(s) 'example_display_name' retrieved from /home/airflow/.local/lib/python3.12/site-packages/airflow/example_dags/example_display_name.py
[2024-11-14T06:39:52.423+0000] {logging_mixin.py:190} INFO - [2024-11-14T06:39:52.423+0000] {dag.py:3239} INFO - Sync 1 DAGs
[2024-11-14T06:39:52.432+0000] {logging_mixin.py:190} INFO - [2024-11-14T06:39:52.432+0000] {dag.py:4180} INFO - Setting next_dagrun for example_display_name to None, run_after=None
[2024-11-14T06:39:52.441+0000] {processor.py:208} INFO - Processing /home/airflow/.local/lib/python3.12/site-packages/airflow/example_dags/example_display_name.py took 0.052 seconds
[2024-11-14T06:40:22.887+0000] {processor.py:186} INFO - Started process (PID=1887) to work on /home/airflow/.local/lib/python3.12/site-packages/airflow/example_dags/example_display_name.py
[2024-11-14T06:40:22.888+0000] {processor.py:914} INFO - Processing file /home/airflow/.local/lib/python3.12/site-packages/airflow/example_dags/example_display_name.py for tasks to queue
[2024-11-14T06:40:22.890+0000] {logging_mixin.py:190} INFO - [2024-11-14T06:40:22.889+0000] {dagbag.py:588} INFO - Filling up the DagBag from /home/airflow/.local/lib/python3.12/site-packages/airflow/example_dags/example_display_name.py
[2024-11-14T06:40:22.894+0000] {processor.py:925} INFO - DAG(s) 'example_display_name' retrieved from /home/airflow/.local/lib/python3.12/site-packages/airflow/example_dags/example_display_name.py
[2024-11-14T06:40:22.904+0000] {logging_mixin.py:190} INFO - [2024-11-14T06:40:22.904+0000] {dag.py:3239} INFO - Sync 1 DAGs
[2024-11-14T06:40:22.911+0000] {logging_mixin.py:190} INFO - [2024-11-14T06:40:22.911+0000] {dag.py:4180} INFO - Setting next_dagrun for example_display_name to None, run_after=None
[2024-11-14T06:40:22.919+0000] {processor.py:208} INFO - Processing /home/airflow/.local/lib/python3.12/site-packages/airflow/example_dags/example_display_name.py took 0.035 seconds
[2024-11-14T06:40:53.396+0000] {processor.py:186} INFO - Started process (PID=1951) to work on /home/airflow/.local/lib/python3.12/site-packages/airflow/example_dags/example_display_name.py
[2024-11-14T06:40:53.397+0000] {processor.py:914} INFO - Processing file /home/airflow/.local/lib/python3.12/site-packages/airflow/example_dags/example_display_name.py for tasks to queue
[2024-11-14T06:40:53.398+0000] {logging_mixin.py:190} INFO - [2024-11-14T06:40:53.398+0000] {dagbag.py:588} INFO - Filling up the DagBag from /home/airflow/.local/lib/python3.12/site-packages/airflow/example_dags/example_display_name.py
[2024-11-14T06:40:53.403+0000] {processor.py:925} INFO - DAG(s) 'example_display_name' retrieved from /home/airflow/.local/lib/python3.12/site-packages/airflow/example_dags/example_display_name.py
[2024-11-14T06:40:53.414+0000] {logging_mixin.py:190} INFO - [2024-11-14T06:40:53.414+0000] {dag.py:3239} INFO - Sync 1 DAGs
[2024-11-14T06:40:53.421+0000] {logging_mixin.py:190} INFO - [2024-11-14T06:40:53.421+0000] {dag.py:4180} INFO - Setting next_dagrun for example_display_name to None, run_after=None
[2024-11-14T06:40:53.429+0000] {processor.py:208} INFO - Processing /home/airflow/.local/lib/python3.12/site-packages/airflow/example_dags/example_display_name.py took 0.037 seconds
[2024-11-14T06:41:24.333+0000] {processor.py:186} INFO - Started process (PID=2014) to work on /home/airflow/.local/lib/python3.12/site-packages/airflow/example_dags/example_display_name.py
[2024-11-14T06:41:24.334+0000] {processor.py:914} INFO - Processing file /home/airflow/.local/lib/python3.12/site-packages/airflow/example_dags/example_display_name.py for tasks to queue
[2024-11-14T06:41:24.336+0000] {logging_mixin.py:190} INFO - [2024-11-14T06:41:24.336+0000] {dagbag.py:588} INFO - Filling up the DagBag from /home/airflow/.local/lib/python3.12/site-packages/airflow/example_dags/example_display_name.py
[2024-11-14T06:41:24.342+0000] {processor.py:925} INFO - DAG(s) 'example_display_name' retrieved from /home/airflow/.local/lib/python3.12/site-packages/airflow/example_dags/example_display_name.py
[2024-11-14T06:41:24.354+0000] {logging_mixin.py:190} INFO - [2024-11-14T06:41:24.354+0000] {dag.py:3239} INFO - Sync 1 DAGs
[2024-11-14T06:41:24.362+0000] {logging_mixin.py:190} INFO - [2024-11-14T06:41:24.362+0000] {dag.py:4180} INFO - Setting next_dagrun for example_display_name to None, run_after=None
[2024-11-14T06:41:24.372+0000] {processor.py:208} INFO - Processing /home/airflow/.local/lib/python3.12/site-packages/airflow/example_dags/example_display_name.py took 0.043 seconds
