[2024-11-14T06:26:03.739+0000] {processor.py:186} INFO - Started process (PID=83) to work on /home/airflow/.local/lib/python3.12/site-packages/airflow/example_dags/example_branch_python_dop_operator_3.py
[2024-11-14T06:26:03.740+0000] {processor.py:914} INFO - Processing file /home/airflow/.local/lib/python3.12/site-packages/airflow/example_dags/example_branch_python_dop_operator_3.py for tasks to queue
[2024-11-14T06:26:03.741+0000] {logging_mixin.py:190} INFO - [2024-11-14T06:26:03.741+0000] {dagbag.py:588} INFO - Filling up the DagBag from /home/airflow/.local/lib/python3.12/site-packages/airflow/example_dags/example_branch_python_dop_operator_3.py
[2024-11-14T06:26:03.748+0000] {processor.py:925} INFO - DAG(s) 'example_branch_dop_operator_v3' retrieved from /home/airflow/.local/lib/python3.12/site-packages/airflow/example_dags/example_branch_python_dop_operator_3.py
[2024-11-14T06:26:03.760+0000] {logging_mixin.py:190} INFO - [2024-11-14T06:26:03.759+0000] {dag.py:3239} INFO - Sync 1 DAGs
[2024-11-14T06:26:03.776+0000] {logging_mixin.py:190} INFO - [2024-11-14T06:26:03.776+0000] {dag.py:4180} INFO - Setting next_dagrun for example_branch_dop_operator_v3 to 2024-11-14 06:25:00+00:00, run_after=2024-11-14 06:26:00+00:00
[2024-11-14T06:26:03.785+0000] {processor.py:208} INFO - Processing /home/airflow/.local/lib/python3.12/site-packages/airflow/example_dags/example_branch_python_dop_operator_3.py took 0.049 seconds
[2024-11-14T06:26:35.750+0000] {processor.py:186} INFO - Started process (PID=153) to work on /home/airflow/.local/lib/python3.12/site-packages/airflow/example_dags/example_branch_python_dop_operator_3.py
[2024-11-14T06:26:35.752+0000] {processor.py:914} INFO - Processing file /home/airflow/.local/lib/python3.12/site-packages/airflow/example_dags/example_branch_python_dop_operator_3.py for tasks to queue
[2024-11-14T06:26:35.757+0000] {logging_mixin.py:190} INFO - [2024-11-14T06:26:35.757+0000] {dagbag.py:588} INFO - Filling up the DagBag from /home/airflow/.local/lib/python3.12/site-packages/airflow/example_dags/example_branch_python_dop_operator_3.py
[2024-11-14T06:26:35.764+0000] {processor.py:925} INFO - DAG(s) 'example_branch_dop_operator_v3' retrieved from /home/airflow/.local/lib/python3.12/site-packages/airflow/example_dags/example_branch_python_dop_operator_3.py
[2024-11-14T06:26:35.779+0000] {logging_mixin.py:190} INFO - [2024-11-14T06:26:35.778+0000] {dag.py:3239} INFO - Sync 1 DAGs
[2024-11-14T06:26:35.792+0000] {logging_mixin.py:190} INFO - [2024-11-14T06:26:35.792+0000] {dag.py:4180} INFO - Setting next_dagrun for example_branch_dop_operator_v3 to 2024-11-14 06:25:00+00:00, run_after=2024-11-14 06:26:00+00:00
[2024-11-14T06:26:35.804+0000] {processor.py:208} INFO - Processing /home/airflow/.local/lib/python3.12/site-packages/airflow/example_dags/example_branch_python_dop_operator_3.py took 0.059 seconds
[2024-11-14T06:27:06.599+0000] {processor.py:186} INFO - Started process (PID=217) to work on /home/airflow/.local/lib/python3.12/site-packages/airflow/example_dags/example_branch_python_dop_operator_3.py
[2024-11-14T06:27:06.600+0000] {processor.py:914} INFO - Processing file /home/airflow/.local/lib/python3.12/site-packages/airflow/example_dags/example_branch_python_dop_operator_3.py for tasks to queue
[2024-11-14T06:27:06.602+0000] {logging_mixin.py:190} INFO - [2024-11-14T06:27:06.602+0000] {dagbag.py:588} INFO - Filling up the DagBag from /home/airflow/.local/lib/python3.12/site-packages/airflow/example_dags/example_branch_python_dop_operator_3.py
[2024-11-14T06:27:06.608+0000] {processor.py:925} INFO - DAG(s) 'example_branch_dop_operator_v3' retrieved from /home/airflow/.local/lib/python3.12/site-packages/airflow/example_dags/example_branch_python_dop_operator_3.py
[2024-11-14T06:27:06.618+0000] {logging_mixin.py:190} INFO - [2024-11-14T06:27:06.618+0000] {dag.py:3239} INFO - Sync 1 DAGs
[2024-11-14T06:27:06.634+0000] {logging_mixin.py:190} INFO - [2024-11-14T06:27:06.634+0000] {dag.py:4180} INFO - Setting next_dagrun for example_branch_dop_operator_v3 to 2024-11-14 06:26:00+00:00, run_after=2024-11-14 06:27:00+00:00
[2024-11-14T06:27:06.644+0000] {processor.py:208} INFO - Processing /home/airflow/.local/lib/python3.12/site-packages/airflow/example_dags/example_branch_python_dop_operator_3.py took 0.049 seconds
[2024-11-14T06:27:37.192+0000] {processor.py:186} INFO - Started process (PID=281) to work on /home/airflow/.local/lib/python3.12/site-packages/airflow/example_dags/example_branch_python_dop_operator_3.py
[2024-11-14T06:27:37.194+0000] {processor.py:914} INFO - Processing file /home/airflow/.local/lib/python3.12/site-packages/airflow/example_dags/example_branch_python_dop_operator_3.py for tasks to queue
[2024-11-14T06:27:37.195+0000] {logging_mixin.py:190} INFO - [2024-11-14T06:27:37.195+0000] {dagbag.py:588} INFO - Filling up the DagBag from /home/airflow/.local/lib/python3.12/site-packages/airflow/example_dags/example_branch_python_dop_operator_3.py
[2024-11-14T06:27:37.202+0000] {processor.py:925} INFO - DAG(s) 'example_branch_dop_operator_v3' retrieved from /home/airflow/.local/lib/python3.12/site-packages/airflow/example_dags/example_branch_python_dop_operator_3.py
[2024-11-14T06:27:37.213+0000] {logging_mixin.py:190} INFO - [2024-11-14T06:27:37.213+0000] {dag.py:3239} INFO - Sync 1 DAGs
[2024-11-14T06:27:37.228+0000] {logging_mixin.py:190} INFO - [2024-11-14T06:27:37.227+0000] {dag.py:4180} INFO - Setting next_dagrun for example_branch_dop_operator_v3 to 2024-11-14 06:26:00+00:00, run_after=2024-11-14 06:27:00+00:00
[2024-11-14T06:27:37.241+0000] {processor.py:208} INFO - Processing /home/airflow/.local/lib/python3.12/site-packages/airflow/example_dags/example_branch_python_dop_operator_3.py took 0.054 seconds
[2024-11-14T06:28:07.715+0000] {processor.py:186} INFO - Started process (PID=344) to work on /home/airflow/.local/lib/python3.12/site-packages/airflow/example_dags/example_branch_python_dop_operator_3.py
[2024-11-14T06:28:07.717+0000] {processor.py:914} INFO - Processing file /home/airflow/.local/lib/python3.12/site-packages/airflow/example_dags/example_branch_python_dop_operator_3.py for tasks to queue
[2024-11-14T06:28:07.719+0000] {logging_mixin.py:190} INFO - [2024-11-14T06:28:07.719+0000] {dagbag.py:588} INFO - Filling up the DagBag from /home/airflow/.local/lib/python3.12/site-packages/airflow/example_dags/example_branch_python_dop_operator_3.py
[2024-11-14T06:28:07.728+0000] {processor.py:925} INFO - DAG(s) 'example_branch_dop_operator_v3' retrieved from /home/airflow/.local/lib/python3.12/site-packages/airflow/example_dags/example_branch_python_dop_operator_3.py
[2024-11-14T06:28:07.743+0000] {logging_mixin.py:190} INFO - [2024-11-14T06:28:07.743+0000] {dag.py:3239} INFO - Sync 1 DAGs
[2024-11-14T06:28:07.769+0000] {logging_mixin.py:190} INFO - [2024-11-14T06:28:07.768+0000] {dag.py:4180} INFO - Setting next_dagrun for example_branch_dop_operator_v3 to 2024-11-14 06:27:00+00:00, run_after=2024-11-14 06:28:00+00:00
[2024-11-14T06:28:07.794+0000] {processor.py:208} INFO - Processing /home/airflow/.local/lib/python3.12/site-packages/airflow/example_dags/example_branch_python_dop_operator_3.py took 0.086 seconds
[2024-11-14T06:28:38.555+0000] {processor.py:186} INFO - Started process (PID=408) to work on /home/airflow/.local/lib/python3.12/site-packages/airflow/example_dags/example_branch_python_dop_operator_3.py
[2024-11-14T06:28:38.556+0000] {processor.py:914} INFO - Processing file /home/airflow/.local/lib/python3.12/site-packages/airflow/example_dags/example_branch_python_dop_operator_3.py for tasks to queue
[2024-11-14T06:28:38.558+0000] {logging_mixin.py:190} INFO - [2024-11-14T06:28:38.558+0000] {dagbag.py:588} INFO - Filling up the DagBag from /home/airflow/.local/lib/python3.12/site-packages/airflow/example_dags/example_branch_python_dop_operator_3.py
[2024-11-14T06:28:38.564+0000] {processor.py:925} INFO - DAG(s) 'example_branch_dop_operator_v3' retrieved from /home/airflow/.local/lib/python3.12/site-packages/airflow/example_dags/example_branch_python_dop_operator_3.py
[2024-11-14T06:28:38.574+0000] {logging_mixin.py:190} INFO - [2024-11-14T06:28:38.574+0000] {dag.py:3239} INFO - Sync 1 DAGs
[2024-11-14T06:28:38.586+0000] {logging_mixin.py:190} INFO - [2024-11-14T06:28:38.586+0000] {dag.py:4180} INFO - Setting next_dagrun for example_branch_dop_operator_v3 to 2024-11-14 06:27:00+00:00, run_after=2024-11-14 06:28:00+00:00
[2024-11-14T06:28:38.594+0000] {processor.py:208} INFO - Processing /home/airflow/.local/lib/python3.12/site-packages/airflow/example_dags/example_branch_python_dop_operator_3.py took 0.042 seconds
[2024-11-14T06:29:09.697+0000] {processor.py:186} INFO - Started process (PID=471) to work on /home/airflow/.local/lib/python3.12/site-packages/airflow/example_dags/example_branch_python_dop_operator_3.py
[2024-11-14T06:29:09.698+0000] {processor.py:914} INFO - Processing file /home/airflow/.local/lib/python3.12/site-packages/airflow/example_dags/example_branch_python_dop_operator_3.py for tasks to queue
[2024-11-14T06:29:09.704+0000] {logging_mixin.py:190} INFO - [2024-11-14T06:29:09.703+0000] {dagbag.py:588} INFO - Filling up the DagBag from /home/airflow/.local/lib/python3.12/site-packages/airflow/example_dags/example_branch_python_dop_operator_3.py
[2024-11-14T06:29:09.716+0000] {processor.py:925} INFO - DAG(s) 'example_branch_dop_operator_v3' retrieved from /home/airflow/.local/lib/python3.12/site-packages/airflow/example_dags/example_branch_python_dop_operator_3.py
[2024-11-14T06:29:09.738+0000] {logging_mixin.py:190} INFO - [2024-11-14T06:29:09.738+0000] {dag.py:3239} INFO - Sync 1 DAGs
[2024-11-14T06:29:09.781+0000] {logging_mixin.py:190} INFO - [2024-11-14T06:29:09.781+0000] {dag.py:4180} INFO - Setting next_dagrun for example_branch_dop_operator_v3 to 2024-11-14 06:28:00+00:00, run_after=2024-11-14 06:29:00+00:00
[2024-11-14T06:29:09.798+0000] {processor.py:208} INFO - Processing /home/airflow/.local/lib/python3.12/site-packages/airflow/example_dags/example_branch_python_dop_operator_3.py took 0.108 seconds
[2024-11-14T06:29:40.740+0000] {processor.py:186} INFO - Started process (PID=535) to work on /home/airflow/.local/lib/python3.12/site-packages/airflow/example_dags/example_branch_python_dop_operator_3.py
[2024-11-14T06:29:40.742+0000] {processor.py:914} INFO - Processing file /home/airflow/.local/lib/python3.12/site-packages/airflow/example_dags/example_branch_python_dop_operator_3.py for tasks to queue
[2024-11-14T06:29:40.744+0000] {logging_mixin.py:190} INFO - [2024-11-14T06:29:40.744+0000] {dagbag.py:588} INFO - Filling up the DagBag from /home/airflow/.local/lib/python3.12/site-packages/airflow/example_dags/example_branch_python_dop_operator_3.py
[2024-11-14T06:29:40.753+0000] {processor.py:925} INFO - DAG(s) 'example_branch_dop_operator_v3' retrieved from /home/airflow/.local/lib/python3.12/site-packages/airflow/example_dags/example_branch_python_dop_operator_3.py
[2024-11-14T06:29:40.788+0000] {logging_mixin.py:190} INFO - [2024-11-14T06:29:40.788+0000] {dag.py:3239} INFO - Sync 1 DAGs
[2024-11-14T06:29:40.833+0000] {logging_mixin.py:190} INFO - [2024-11-14T06:29:40.833+0000] {dag.py:4180} INFO - Setting next_dagrun for example_branch_dop_operator_v3 to 2024-11-14 06:28:00+00:00, run_after=2024-11-14 06:29:00+00:00
[2024-11-14T06:29:40.846+0000] {processor.py:208} INFO - Processing /home/airflow/.local/lib/python3.12/site-packages/airflow/example_dags/example_branch_python_dop_operator_3.py took 0.110 seconds
[2024-11-14T06:30:11.295+0000] {processor.py:186} INFO - Started process (PID=599) to work on /home/airflow/.local/lib/python3.12/site-packages/airflow/example_dags/example_branch_python_dop_operator_3.py
[2024-11-14T06:30:11.295+0000] {processor.py:914} INFO - Processing file /home/airflow/.local/lib/python3.12/site-packages/airflow/example_dags/example_branch_python_dop_operator_3.py for tasks to queue
[2024-11-14T06:30:11.297+0000] {logging_mixin.py:190} INFO - [2024-11-14T06:30:11.296+0000] {dagbag.py:588} INFO - Filling up the DagBag from /home/airflow/.local/lib/python3.12/site-packages/airflow/example_dags/example_branch_python_dop_operator_3.py
[2024-11-14T06:30:11.303+0000] {processor.py:925} INFO - DAG(s) 'example_branch_dop_operator_v3' retrieved from /home/airflow/.local/lib/python3.12/site-packages/airflow/example_dags/example_branch_python_dop_operator_3.py
[2024-11-14T06:30:11.314+0000] {logging_mixin.py:190} INFO - [2024-11-14T06:30:11.314+0000] {dag.py:3239} INFO - Sync 1 DAGs
[2024-11-14T06:30:11.329+0000] {logging_mixin.py:190} INFO - [2024-11-14T06:30:11.329+0000] {dag.py:4180} INFO - Setting next_dagrun for example_branch_dop_operator_v3 to 2024-11-14 06:29:00+00:00, run_after=2024-11-14 06:30:00+00:00
[2024-11-14T06:30:11.341+0000] {processor.py:208} INFO - Processing /home/airflow/.local/lib/python3.12/site-packages/airflow/example_dags/example_branch_python_dop_operator_3.py took 0.050 seconds
[2024-11-14T06:30:41.816+0000] {processor.py:186} INFO - Started process (PID=663) to work on /home/airflow/.local/lib/python3.12/site-packages/airflow/example_dags/example_branch_python_dop_operator_3.py
[2024-11-14T06:30:41.817+0000] {processor.py:914} INFO - Processing file /home/airflow/.local/lib/python3.12/site-packages/airflow/example_dags/example_branch_python_dop_operator_3.py for tasks to queue
[2024-11-14T06:30:41.818+0000] {logging_mixin.py:190} INFO - [2024-11-14T06:30:41.818+0000] {dagbag.py:588} INFO - Filling up the DagBag from /home/airflow/.local/lib/python3.12/site-packages/airflow/example_dags/example_branch_python_dop_operator_3.py
[2024-11-14T06:30:41.823+0000] {processor.py:925} INFO - DAG(s) 'example_branch_dop_operator_v3' retrieved from /home/airflow/.local/lib/python3.12/site-packages/airflow/example_dags/example_branch_python_dop_operator_3.py
[2024-11-14T06:30:41.834+0000] {logging_mixin.py:190} INFO - [2024-11-14T06:30:41.833+0000] {dag.py:3239} INFO - Sync 1 DAGs
[2024-11-14T06:30:41.846+0000] {logging_mixin.py:190} INFO - [2024-11-14T06:30:41.846+0000] {dag.py:4180} INFO - Setting next_dagrun for example_branch_dop_operator_v3 to 2024-11-14 06:29:00+00:00, run_after=2024-11-14 06:30:00+00:00
[2024-11-14T06:30:41.857+0000] {processor.py:208} INFO - Processing /home/airflow/.local/lib/python3.12/site-packages/airflow/example_dags/example_branch_python_dop_operator_3.py took 0.044 seconds
[2024-11-14T06:31:12.446+0000] {processor.py:186} INFO - Started process (PID=726) to work on /home/airflow/.local/lib/python3.12/site-packages/airflow/example_dags/example_branch_python_dop_operator_3.py
[2024-11-14T06:31:12.447+0000] {processor.py:914} INFO - Processing file /home/airflow/.local/lib/python3.12/site-packages/airflow/example_dags/example_branch_python_dop_operator_3.py for tasks to queue
[2024-11-14T06:31:12.448+0000] {logging_mixin.py:190} INFO - [2024-11-14T06:31:12.448+0000] {dagbag.py:588} INFO - Filling up the DagBag from /home/airflow/.local/lib/python3.12/site-packages/airflow/example_dags/example_branch_python_dop_operator_3.py
[2024-11-14T06:31:12.454+0000] {processor.py:925} INFO - DAG(s) 'example_branch_dop_operator_v3' retrieved from /home/airflow/.local/lib/python3.12/site-packages/airflow/example_dags/example_branch_python_dop_operator_3.py
[2024-11-14T06:31:12.464+0000] {logging_mixin.py:190} INFO - [2024-11-14T06:31:12.464+0000] {dag.py:3239} INFO - Sync 1 DAGs
[2024-11-14T06:31:12.476+0000] {logging_mixin.py:190} INFO - [2024-11-14T06:31:12.476+0000] {dag.py:4180} INFO - Setting next_dagrun for example_branch_dop_operator_v3 to 2024-11-14 06:30:00+00:00, run_after=2024-11-14 06:31:00+00:00
[2024-11-14T06:31:12.484+0000] {processor.py:208} INFO - Processing /home/airflow/.local/lib/python3.12/site-packages/airflow/example_dags/example_branch_python_dop_operator_3.py took 0.041 seconds
[2024-11-14T06:31:42.857+0000] {processor.py:186} INFO - Started process (PID=790) to work on /home/airflow/.local/lib/python3.12/site-packages/airflow/example_dags/example_branch_python_dop_operator_3.py
[2024-11-14T06:31:42.858+0000] {processor.py:914} INFO - Processing file /home/airflow/.local/lib/python3.12/site-packages/airflow/example_dags/example_branch_python_dop_operator_3.py for tasks to queue
[2024-11-14T06:31:42.860+0000] {logging_mixin.py:190} INFO - [2024-11-14T06:31:42.860+0000] {dagbag.py:588} INFO - Filling up the DagBag from /home/airflow/.local/lib/python3.12/site-packages/airflow/example_dags/example_branch_python_dop_operator_3.py
[2024-11-14T06:31:42.867+0000] {processor.py:925} INFO - DAG(s) 'example_branch_dop_operator_v3' retrieved from /home/airflow/.local/lib/python3.12/site-packages/airflow/example_dags/example_branch_python_dop_operator_3.py
[2024-11-14T06:31:42.879+0000] {logging_mixin.py:190} INFO - [2024-11-14T06:31:42.879+0000] {dag.py:3239} INFO - Sync 1 DAGs
[2024-11-14T06:31:42.892+0000] {logging_mixin.py:190} INFO - [2024-11-14T06:31:42.892+0000] {dag.py:4180} INFO - Setting next_dagrun for example_branch_dop_operator_v3 to 2024-11-14 06:30:00+00:00, run_after=2024-11-14 06:31:00+00:00
[2024-11-14T06:31:42.901+0000] {processor.py:208} INFO - Processing /home/airflow/.local/lib/python3.12/site-packages/airflow/example_dags/example_branch_python_dop_operator_3.py took 0.049 seconds
[2024-11-14T06:32:13.292+0000] {processor.py:186} INFO - Started process (PID=854) to work on /home/airflow/.local/lib/python3.12/site-packages/airflow/example_dags/example_branch_python_dop_operator_3.py
[2024-11-14T06:32:13.293+0000] {processor.py:914} INFO - Processing file /home/airflow/.local/lib/python3.12/site-packages/airflow/example_dags/example_branch_python_dop_operator_3.py for tasks to queue
[2024-11-14T06:32:13.294+0000] {logging_mixin.py:190} INFO - [2024-11-14T06:32:13.294+0000] {dagbag.py:588} INFO - Filling up the DagBag from /home/airflow/.local/lib/python3.12/site-packages/airflow/example_dags/example_branch_python_dop_operator_3.py
[2024-11-14T06:32:13.300+0000] {processor.py:925} INFO - DAG(s) 'example_branch_dop_operator_v3' retrieved from /home/airflow/.local/lib/python3.12/site-packages/airflow/example_dags/example_branch_python_dop_operator_3.py
[2024-11-14T06:32:13.312+0000] {logging_mixin.py:190} INFO - [2024-11-14T06:32:13.311+0000] {dag.py:3239} INFO - Sync 1 DAGs
[2024-11-14T06:32:13.324+0000] {logging_mixin.py:190} INFO - [2024-11-14T06:32:13.323+0000] {dag.py:4180} INFO - Setting next_dagrun for example_branch_dop_operator_v3 to 2024-11-14 06:31:00+00:00, run_after=2024-11-14 06:32:00+00:00
[2024-11-14T06:32:13.333+0000] {processor.py:208} INFO - Processing /home/airflow/.local/lib/python3.12/site-packages/airflow/example_dags/example_branch_python_dop_operator_3.py took 0.044 seconds
[2024-11-14T06:32:43.640+0000] {processor.py:186} INFO - Started process (PID=918) to work on /home/airflow/.local/lib/python3.12/site-packages/airflow/example_dags/example_branch_python_dop_operator_3.py
[2024-11-14T06:32:43.641+0000] {processor.py:914} INFO - Processing file /home/airflow/.local/lib/python3.12/site-packages/airflow/example_dags/example_branch_python_dop_operator_3.py for tasks to queue
[2024-11-14T06:32:43.642+0000] {logging_mixin.py:190} INFO - [2024-11-14T06:32:43.642+0000] {dagbag.py:588} INFO - Filling up the DagBag from /home/airflow/.local/lib/python3.12/site-packages/airflow/example_dags/example_branch_python_dop_operator_3.py
[2024-11-14T06:32:43.648+0000] {processor.py:925} INFO - DAG(s) 'example_branch_dop_operator_v3' retrieved from /home/airflow/.local/lib/python3.12/site-packages/airflow/example_dags/example_branch_python_dop_operator_3.py
[2024-11-14T06:32:43.660+0000] {logging_mixin.py:190} INFO - [2024-11-14T06:32:43.660+0000] {dag.py:3239} INFO - Sync 1 DAGs
[2024-11-14T06:32:43.674+0000] {logging_mixin.py:190} INFO - [2024-11-14T06:32:43.674+0000] {dag.py:4180} INFO - Setting next_dagrun for example_branch_dop_operator_v3 to 2024-11-14 06:31:00+00:00, run_after=2024-11-14 06:32:00+00:00
[2024-11-14T06:32:43.684+0000] {processor.py:208} INFO - Processing /home/airflow/.local/lib/python3.12/site-packages/airflow/example_dags/example_branch_python_dop_operator_3.py took 0.048 seconds
[2024-11-14T06:33:14.107+0000] {processor.py:186} INFO - Started process (PID=982) to work on /home/airflow/.local/lib/python3.12/site-packages/airflow/example_dags/example_branch_python_dop_operator_3.py
[2024-11-14T06:33:14.108+0000] {processor.py:914} INFO - Processing file /home/airflow/.local/lib/python3.12/site-packages/airflow/example_dags/example_branch_python_dop_operator_3.py for tasks to queue
[2024-11-14T06:33:14.109+0000] {logging_mixin.py:190} INFO - [2024-11-14T06:33:14.109+0000] {dagbag.py:588} INFO - Filling up the DagBag from /home/airflow/.local/lib/python3.12/site-packages/airflow/example_dags/example_branch_python_dop_operator_3.py
[2024-11-14T06:33:14.116+0000] {processor.py:925} INFO - DAG(s) 'example_branch_dop_operator_v3' retrieved from /home/airflow/.local/lib/python3.12/site-packages/airflow/example_dags/example_branch_python_dop_operator_3.py
[2024-11-14T06:33:14.128+0000] {logging_mixin.py:190} INFO - [2024-11-14T06:33:14.128+0000] {dag.py:3239} INFO - Sync 1 DAGs
[2024-11-14T06:33:14.146+0000] {logging_mixin.py:190} INFO - [2024-11-14T06:33:14.146+0000] {dag.py:4180} INFO - Setting next_dagrun for example_branch_dop_operator_v3 to 2024-11-14 06:32:00+00:00, run_after=2024-11-14 06:33:00+00:00
[2024-11-14T06:33:14.157+0000] {processor.py:208} INFO - Processing /home/airflow/.local/lib/python3.12/site-packages/airflow/example_dags/example_branch_python_dop_operator_3.py took 0.054 seconds
[2024-11-14T06:33:44.572+0000] {processor.py:186} INFO - Started process (PID=1046) to work on /home/airflow/.local/lib/python3.12/site-packages/airflow/example_dags/example_branch_python_dop_operator_3.py
[2024-11-14T06:33:44.573+0000] {processor.py:914} INFO - Processing file /home/airflow/.local/lib/python3.12/site-packages/airflow/example_dags/example_branch_python_dop_operator_3.py for tasks to queue
[2024-11-14T06:33:44.574+0000] {logging_mixin.py:190} INFO - [2024-11-14T06:33:44.574+0000] {dagbag.py:588} INFO - Filling up the DagBag from /home/airflow/.local/lib/python3.12/site-packages/airflow/example_dags/example_branch_python_dop_operator_3.py
[2024-11-14T06:33:44.582+0000] {processor.py:925} INFO - DAG(s) 'example_branch_dop_operator_v3' retrieved from /home/airflow/.local/lib/python3.12/site-packages/airflow/example_dags/example_branch_python_dop_operator_3.py
[2024-11-14T06:33:44.596+0000] {logging_mixin.py:190} INFO - [2024-11-14T06:33:44.596+0000] {dag.py:3239} INFO - Sync 1 DAGs
[2024-11-14T06:33:44.610+0000] {logging_mixin.py:190} INFO - [2024-11-14T06:33:44.609+0000] {dag.py:4180} INFO - Setting next_dagrun for example_branch_dop_operator_v3 to 2024-11-14 06:32:00+00:00, run_after=2024-11-14 06:33:00+00:00
[2024-11-14T06:33:44.621+0000] {processor.py:208} INFO - Processing /home/airflow/.local/lib/python3.12/site-packages/airflow/example_dags/example_branch_python_dop_operator_3.py took 0.055 seconds
[2024-11-14T06:34:15.258+0000] {processor.py:186} INFO - Started process (PID=1109) to work on /home/airflow/.local/lib/python3.12/site-packages/airflow/example_dags/example_branch_python_dop_operator_3.py
[2024-11-14T06:34:15.258+0000] {processor.py:914} INFO - Processing file /home/airflow/.local/lib/python3.12/site-packages/airflow/example_dags/example_branch_python_dop_operator_3.py for tasks to queue
[2024-11-14T06:34:15.260+0000] {logging_mixin.py:190} INFO - [2024-11-14T06:34:15.260+0000] {dagbag.py:588} INFO - Filling up the DagBag from /home/airflow/.local/lib/python3.12/site-packages/airflow/example_dags/example_branch_python_dop_operator_3.py
[2024-11-14T06:34:15.266+0000] {processor.py:925} INFO - DAG(s) 'example_branch_dop_operator_v3' retrieved from /home/airflow/.local/lib/python3.12/site-packages/airflow/example_dags/example_branch_python_dop_operator_3.py
[2024-11-14T06:34:15.276+0000] {logging_mixin.py:190} INFO - [2024-11-14T06:34:15.276+0000] {dag.py:3239} INFO - Sync 1 DAGs
[2024-11-14T06:34:15.289+0000] {logging_mixin.py:190} INFO - [2024-11-14T06:34:15.289+0000] {dag.py:4180} INFO - Setting next_dagrun for example_branch_dop_operator_v3 to 2024-11-14 06:33:00+00:00, run_after=2024-11-14 06:34:00+00:00
[2024-11-14T06:34:15.297+0000] {processor.py:208} INFO - Processing /home/airflow/.local/lib/python3.12/site-packages/airflow/example_dags/example_branch_python_dop_operator_3.py took 0.043 seconds
[2024-11-14T06:34:45.850+0000] {processor.py:186} INFO - Started process (PID=1173) to work on /home/airflow/.local/lib/python3.12/site-packages/airflow/example_dags/example_branch_python_dop_operator_3.py
[2024-11-14T06:34:45.851+0000] {processor.py:914} INFO - Processing file /home/airflow/.local/lib/python3.12/site-packages/airflow/example_dags/example_branch_python_dop_operator_3.py for tasks to queue
[2024-11-14T06:34:45.853+0000] {logging_mixin.py:190} INFO - [2024-11-14T06:34:45.852+0000] {dagbag.py:588} INFO - Filling up the DagBag from /home/airflow/.local/lib/python3.12/site-packages/airflow/example_dags/example_branch_python_dop_operator_3.py
[2024-11-14T06:34:45.860+0000] {processor.py:925} INFO - DAG(s) 'example_branch_dop_operator_v3' retrieved from /home/airflow/.local/lib/python3.12/site-packages/airflow/example_dags/example_branch_python_dop_operator_3.py
[2024-11-14T06:34:45.871+0000] {logging_mixin.py:190} INFO - [2024-11-14T06:34:45.871+0000] {dag.py:3239} INFO - Sync 1 DAGs
[2024-11-14T06:34:45.886+0000] {logging_mixin.py:190} INFO - [2024-11-14T06:34:45.886+0000] {dag.py:4180} INFO - Setting next_dagrun for example_branch_dop_operator_v3 to 2024-11-14 06:33:00+00:00, run_after=2024-11-14 06:34:00+00:00
[2024-11-14T06:34:45.896+0000] {processor.py:208} INFO - Processing /home/airflow/.local/lib/python3.12/site-packages/airflow/example_dags/example_branch_python_dop_operator_3.py took 0.050 seconds
[2024-11-14T06:35:16.717+0000] {processor.py:186} INFO - Started process (PID=1237) to work on /home/airflow/.local/lib/python3.12/site-packages/airflow/example_dags/example_branch_python_dop_operator_3.py
[2024-11-14T06:35:16.718+0000] {processor.py:914} INFO - Processing file /home/airflow/.local/lib/python3.12/site-packages/airflow/example_dags/example_branch_python_dop_operator_3.py for tasks to queue
[2024-11-14T06:35:16.719+0000] {logging_mixin.py:190} INFO - [2024-11-14T06:35:16.719+0000] {dagbag.py:588} INFO - Filling up the DagBag from /home/airflow/.local/lib/python3.12/site-packages/airflow/example_dags/example_branch_python_dop_operator_3.py
[2024-11-14T06:35:16.725+0000] {processor.py:925} INFO - DAG(s) 'example_branch_dop_operator_v3' retrieved from /home/airflow/.local/lib/python3.12/site-packages/airflow/example_dags/example_branch_python_dop_operator_3.py
[2024-11-14T06:35:16.737+0000] {logging_mixin.py:190} INFO - [2024-11-14T06:35:16.737+0000] {dag.py:3239} INFO - Sync 1 DAGs
[2024-11-14T06:35:16.749+0000] {logging_mixin.py:190} INFO - [2024-11-14T06:35:16.749+0000] {dag.py:4180} INFO - Setting next_dagrun for example_branch_dop_operator_v3 to 2024-11-14 06:34:00+00:00, run_after=2024-11-14 06:35:00+00:00
[2024-11-14T06:35:16.758+0000] {processor.py:208} INFO - Processing /home/airflow/.local/lib/python3.12/site-packages/airflow/example_dags/example_branch_python_dop_operator_3.py took 0.045 seconds
[2024-11-14T06:35:47.380+0000] {processor.py:186} INFO - Started process (PID=1301) to work on /home/airflow/.local/lib/python3.12/site-packages/airflow/example_dags/example_branch_python_dop_operator_3.py
[2024-11-14T06:35:47.381+0000] {processor.py:914} INFO - Processing file /home/airflow/.local/lib/python3.12/site-packages/airflow/example_dags/example_branch_python_dop_operator_3.py for tasks to queue
[2024-11-14T06:35:47.383+0000] {logging_mixin.py:190} INFO - [2024-11-14T06:35:47.382+0000] {dagbag.py:588} INFO - Filling up the DagBag from /home/airflow/.local/lib/python3.12/site-packages/airflow/example_dags/example_branch_python_dop_operator_3.py
[2024-11-14T06:35:47.389+0000] {processor.py:925} INFO - DAG(s) 'example_branch_dop_operator_v3' retrieved from /home/airflow/.local/lib/python3.12/site-packages/airflow/example_dags/example_branch_python_dop_operator_3.py
[2024-11-14T06:35:47.400+0000] {logging_mixin.py:190} INFO - [2024-11-14T06:35:47.400+0000] {dag.py:3239} INFO - Sync 1 DAGs
[2024-11-14T06:35:47.414+0000] {logging_mixin.py:190} INFO - [2024-11-14T06:35:47.414+0000] {dag.py:4180} INFO - Setting next_dagrun for example_branch_dop_operator_v3 to 2024-11-14 06:34:00+00:00, run_after=2024-11-14 06:35:00+00:00
[2024-11-14T06:35:47.424+0000] {processor.py:208} INFO - Processing /home/airflow/.local/lib/python3.12/site-packages/airflow/example_dags/example_branch_python_dop_operator_3.py took 0.049 seconds
[2024-11-14T06:36:17.931+0000] {processor.py:186} INFO - Started process (PID=1365) to work on /home/airflow/.local/lib/python3.12/site-packages/airflow/example_dags/example_branch_python_dop_operator_3.py
[2024-11-14T06:36:17.932+0000] {processor.py:914} INFO - Processing file /home/airflow/.local/lib/python3.12/site-packages/airflow/example_dags/example_branch_python_dop_operator_3.py for tasks to queue
[2024-11-14T06:36:17.933+0000] {logging_mixin.py:190} INFO - [2024-11-14T06:36:17.933+0000] {dagbag.py:588} INFO - Filling up the DagBag from /home/airflow/.local/lib/python3.12/site-packages/airflow/example_dags/example_branch_python_dop_operator_3.py
[2024-11-14T06:36:17.939+0000] {processor.py:925} INFO - DAG(s) 'example_branch_dop_operator_v3' retrieved from /home/airflow/.local/lib/python3.12/site-packages/airflow/example_dags/example_branch_python_dop_operator_3.py
[2024-11-14T06:36:17.950+0000] {logging_mixin.py:190} INFO - [2024-11-14T06:36:17.950+0000] {dag.py:3239} INFO - Sync 1 DAGs
[2024-11-14T06:36:17.978+0000] {logging_mixin.py:190} INFO - [2024-11-14T06:36:17.977+0000] {dag.py:4180} INFO - Setting next_dagrun for example_branch_dop_operator_v3 to 2024-11-14 06:35:00+00:00, run_after=2024-11-14 06:36:00+00:00
[2024-11-14T06:36:18.022+0000] {processor.py:208} INFO - Processing /home/airflow/.local/lib/python3.12/site-packages/airflow/example_dags/example_branch_python_dop_operator_3.py took 0.094 seconds
[2024-11-14T06:36:48.399+0000] {processor.py:186} INFO - Started process (PID=1429) to work on /home/airflow/.local/lib/python3.12/site-packages/airflow/example_dags/example_branch_python_dop_operator_3.py
[2024-11-14T06:36:48.400+0000] {processor.py:914} INFO - Processing file /home/airflow/.local/lib/python3.12/site-packages/airflow/example_dags/example_branch_python_dop_operator_3.py for tasks to queue
[2024-11-14T06:36:48.401+0000] {logging_mixin.py:190} INFO - [2024-11-14T06:36:48.401+0000] {dagbag.py:588} INFO - Filling up the DagBag from /home/airflow/.local/lib/python3.12/site-packages/airflow/example_dags/example_branch_python_dop_operator_3.py
[2024-11-14T06:36:48.407+0000] {processor.py:925} INFO - DAG(s) 'example_branch_dop_operator_v3' retrieved from /home/airflow/.local/lib/python3.12/site-packages/airflow/example_dags/example_branch_python_dop_operator_3.py
[2024-11-14T06:36:48.417+0000] {logging_mixin.py:190} INFO - [2024-11-14T06:36:48.417+0000] {dag.py:3239} INFO - Sync 1 DAGs
[2024-11-14T06:36:48.454+0000] {logging_mixin.py:190} INFO - [2024-11-14T06:36:48.454+0000] {dag.py:4180} INFO - Setting next_dagrun for example_branch_dop_operator_v3 to 2024-11-14 06:35:00+00:00, run_after=2024-11-14 06:36:00+00:00
[2024-11-14T06:36:48.468+0000] {processor.py:208} INFO - Processing /home/airflow/.local/lib/python3.12/site-packages/airflow/example_dags/example_branch_python_dop_operator_3.py took 0.072 seconds
[2024-11-14T06:37:18.755+0000] {processor.py:186} INFO - Started process (PID=1493) to work on /home/airflow/.local/lib/python3.12/site-packages/airflow/example_dags/example_branch_python_dop_operator_3.py
[2024-11-14T06:37:18.756+0000] {processor.py:914} INFO - Processing file /home/airflow/.local/lib/python3.12/site-packages/airflow/example_dags/example_branch_python_dop_operator_3.py for tasks to queue
[2024-11-14T06:37:18.759+0000] {logging_mixin.py:190} INFO - [2024-11-14T06:37:18.758+0000] {dagbag.py:588} INFO - Filling up the DagBag from /home/airflow/.local/lib/python3.12/site-packages/airflow/example_dags/example_branch_python_dop_operator_3.py
[2024-11-14T06:37:18.769+0000] {processor.py:925} INFO - DAG(s) 'example_branch_dop_operator_v3' retrieved from /home/airflow/.local/lib/python3.12/site-packages/airflow/example_dags/example_branch_python_dop_operator_3.py
[2024-11-14T06:37:18.780+0000] {logging_mixin.py:190} INFO - [2024-11-14T06:37:18.780+0000] {dag.py:3239} INFO - Sync 1 DAGs
[2024-11-14T06:37:18.794+0000] {logging_mixin.py:190} INFO - [2024-11-14T06:37:18.794+0000] {dag.py:4180} INFO - Setting next_dagrun for example_branch_dop_operator_v3 to 2024-11-14 06:36:00+00:00, run_after=2024-11-14 06:37:00+00:00
[2024-11-14T06:37:18.805+0000] {processor.py:208} INFO - Processing /home/airflow/.local/lib/python3.12/site-packages/airflow/example_dags/example_branch_python_dop_operator_3.py took 0.053 seconds
[2024-11-14T06:37:49.184+0000] {processor.py:186} INFO - Started process (PID=1557) to work on /home/airflow/.local/lib/python3.12/site-packages/airflow/example_dags/example_branch_python_dop_operator_3.py
[2024-11-14T06:37:49.185+0000] {processor.py:914} INFO - Processing file /home/airflow/.local/lib/python3.12/site-packages/airflow/example_dags/example_branch_python_dop_operator_3.py for tasks to queue
[2024-11-14T06:37:49.186+0000] {logging_mixin.py:190} INFO - [2024-11-14T06:37:49.186+0000] {dagbag.py:588} INFO - Filling up the DagBag from /home/airflow/.local/lib/python3.12/site-packages/airflow/example_dags/example_branch_python_dop_operator_3.py
[2024-11-14T06:37:49.194+0000] {processor.py:925} INFO - DAG(s) 'example_branch_dop_operator_v3' retrieved from /home/airflow/.local/lib/python3.12/site-packages/airflow/example_dags/example_branch_python_dop_operator_3.py
[2024-11-14T06:37:49.207+0000] {logging_mixin.py:190} INFO - [2024-11-14T06:37:49.206+0000] {dag.py:3239} INFO - Sync 1 DAGs
[2024-11-14T06:37:49.221+0000] {logging_mixin.py:190} INFO - [2024-11-14T06:37:49.221+0000] {dag.py:4180} INFO - Setting next_dagrun for example_branch_dop_operator_v3 to 2024-11-14 06:36:00+00:00, run_after=2024-11-14 06:37:00+00:00
[2024-11-14T06:37:49.231+0000] {processor.py:208} INFO - Processing /home/airflow/.local/lib/python3.12/site-packages/airflow/example_dags/example_branch_python_dop_operator_3.py took 0.050 seconds
[2024-11-14T06:38:19.882+0000] {processor.py:186} INFO - Started process (PID=1621) to work on /home/airflow/.local/lib/python3.12/site-packages/airflow/example_dags/example_branch_python_dop_operator_3.py
[2024-11-14T06:38:19.883+0000] {processor.py:914} INFO - Processing file /home/airflow/.local/lib/python3.12/site-packages/airflow/example_dags/example_branch_python_dop_operator_3.py for tasks to queue
[2024-11-14T06:38:19.884+0000] {logging_mixin.py:190} INFO - [2024-11-14T06:38:19.884+0000] {dagbag.py:588} INFO - Filling up the DagBag from /home/airflow/.local/lib/python3.12/site-packages/airflow/example_dags/example_branch_python_dop_operator_3.py
[2024-11-14T06:38:19.891+0000] {processor.py:925} INFO - DAG(s) 'example_branch_dop_operator_v3' retrieved from /home/airflow/.local/lib/python3.12/site-packages/airflow/example_dags/example_branch_python_dop_operator_3.py
[2024-11-14T06:38:19.901+0000] {logging_mixin.py:190} INFO - [2024-11-14T06:38:19.901+0000] {dag.py:3239} INFO - Sync 1 DAGs
[2024-11-14T06:38:19.917+0000] {logging_mixin.py:190} INFO - [2024-11-14T06:38:19.917+0000] {dag.py:4180} INFO - Setting next_dagrun for example_branch_dop_operator_v3 to 2024-11-14 06:37:00+00:00, run_after=2024-11-14 06:38:00+00:00
[2024-11-14T06:38:19.931+0000] {processor.py:208} INFO - Processing /home/airflow/.local/lib/python3.12/site-packages/airflow/example_dags/example_branch_python_dop_operator_3.py took 0.052 seconds
[2024-11-14T06:38:50.622+0000] {processor.py:186} INFO - Started process (PID=1685) to work on /home/airflow/.local/lib/python3.12/site-packages/airflow/example_dags/example_branch_python_dop_operator_3.py
[2024-11-14T06:38:50.623+0000] {processor.py:914} INFO - Processing file /home/airflow/.local/lib/python3.12/site-packages/airflow/example_dags/example_branch_python_dop_operator_3.py for tasks to queue
[2024-11-14T06:38:50.624+0000] {logging_mixin.py:190} INFO - [2024-11-14T06:38:50.624+0000] {dagbag.py:588} INFO - Filling up the DagBag from /home/airflow/.local/lib/python3.12/site-packages/airflow/example_dags/example_branch_python_dop_operator_3.py
[2024-11-14T06:38:50.630+0000] {processor.py:925} INFO - DAG(s) 'example_branch_dop_operator_v3' retrieved from /home/airflow/.local/lib/python3.12/site-packages/airflow/example_dags/example_branch_python_dop_operator_3.py
[2024-11-14T06:38:50.642+0000] {logging_mixin.py:190} INFO - [2024-11-14T06:38:50.642+0000] {dag.py:3239} INFO - Sync 1 DAGs
[2024-11-14T06:38:50.654+0000] {logging_mixin.py:190} INFO - [2024-11-14T06:38:50.654+0000] {dag.py:4180} INFO - Setting next_dagrun for example_branch_dop_operator_v3 to 2024-11-14 06:37:00+00:00, run_after=2024-11-14 06:38:00+00:00
[2024-11-14T06:38:50.664+0000] {processor.py:208} INFO - Processing /home/airflow/.local/lib/python3.12/site-packages/airflow/example_dags/example_branch_python_dop_operator_3.py took 0.046 seconds
[2024-11-14T06:39:21.294+0000] {processor.py:186} INFO - Started process (PID=1750) to work on /home/airflow/.local/lib/python3.12/site-packages/airflow/example_dags/example_branch_python_dop_operator_3.py
[2024-11-14T06:39:21.295+0000] {processor.py:914} INFO - Processing file /home/airflow/.local/lib/python3.12/site-packages/airflow/example_dags/example_branch_python_dop_operator_3.py for tasks to queue
[2024-11-14T06:39:21.296+0000] {logging_mixin.py:190} INFO - [2024-11-14T06:39:21.296+0000] {dagbag.py:588} INFO - Filling up the DagBag from /home/airflow/.local/lib/python3.12/site-packages/airflow/example_dags/example_branch_python_dop_operator_3.py
[2024-11-14T06:39:21.303+0000] {processor.py:925} INFO - DAG(s) 'example_branch_dop_operator_v3' retrieved from /home/airflow/.local/lib/python3.12/site-packages/airflow/example_dags/example_branch_python_dop_operator_3.py
[2024-11-14T06:39:21.319+0000] {logging_mixin.py:190} INFO - [2024-11-14T06:39:21.318+0000] {dag.py:3239} INFO - Sync 1 DAGs
[2024-11-14T06:39:21.337+0000] {logging_mixin.py:190} INFO - [2024-11-14T06:39:21.337+0000] {dag.py:4180} INFO - Setting next_dagrun for example_branch_dop_operator_v3 to 2024-11-14 06:38:00+00:00, run_after=2024-11-14 06:39:00+00:00
[2024-11-14T06:39:21.355+0000] {processor.py:208} INFO - Processing /home/airflow/.local/lib/python3.12/site-packages/airflow/example_dags/example_branch_python_dop_operator_3.py took 0.065 seconds
[2024-11-14T06:39:52.003+0000] {processor.py:186} INFO - Started process (PID=1814) to work on /home/airflow/.local/lib/python3.12/site-packages/airflow/example_dags/example_branch_python_dop_operator_3.py
[2024-11-14T06:39:52.004+0000] {processor.py:914} INFO - Processing file /home/airflow/.local/lib/python3.12/site-packages/airflow/example_dags/example_branch_python_dop_operator_3.py for tasks to queue
[2024-11-14T06:39:52.006+0000] {logging_mixin.py:190} INFO - [2024-11-14T06:39:52.005+0000] {dagbag.py:588} INFO - Filling up the DagBag from /home/airflow/.local/lib/python3.12/site-packages/airflow/example_dags/example_branch_python_dop_operator_3.py
[2024-11-14T06:39:52.012+0000] {processor.py:925} INFO - DAG(s) 'example_branch_dop_operator_v3' retrieved from /home/airflow/.local/lib/python3.12/site-packages/airflow/example_dags/example_branch_python_dop_operator_3.py
[2024-11-14T06:39:52.022+0000] {logging_mixin.py:190} INFO - [2024-11-14T06:39:52.022+0000] {dag.py:3239} INFO - Sync 1 DAGs
[2024-11-14T06:39:52.035+0000] {logging_mixin.py:190} INFO - [2024-11-14T06:39:52.035+0000] {dag.py:4180} INFO - Setting next_dagrun for example_branch_dop_operator_v3 to 2024-11-14 06:38:00+00:00, run_after=2024-11-14 06:39:00+00:00
[2024-11-14T06:39:52.044+0000] {processor.py:208} INFO - Processing /home/airflow/.local/lib/python3.12/site-packages/airflow/example_dags/example_branch_python_dop_operator_3.py took 0.045 seconds
[2024-11-14T06:40:22.653+0000] {processor.py:186} INFO - Started process (PID=1878) to work on /home/airflow/.local/lib/python3.12/site-packages/airflow/example_dags/example_branch_python_dop_operator_3.py
[2024-11-14T06:40:22.654+0000] {processor.py:914} INFO - Processing file /home/airflow/.local/lib/python3.12/site-packages/airflow/example_dags/example_branch_python_dop_operator_3.py for tasks to queue
[2024-11-14T06:40:22.655+0000] {logging_mixin.py:190} INFO - [2024-11-14T06:40:22.655+0000] {dagbag.py:588} INFO - Filling up the DagBag from /home/airflow/.local/lib/python3.12/site-packages/airflow/example_dags/example_branch_python_dop_operator_3.py
[2024-11-14T06:40:22.660+0000] {processor.py:925} INFO - DAG(s) 'example_branch_dop_operator_v3' retrieved from /home/airflow/.local/lib/python3.12/site-packages/airflow/example_dags/example_branch_python_dop_operator_3.py
[2024-11-14T06:40:22.670+0000] {logging_mixin.py:190} INFO - [2024-11-14T06:40:22.670+0000] {dag.py:3239} INFO - Sync 1 DAGs
[2024-11-14T06:40:22.684+0000] {logging_mixin.py:190} INFO - [2024-11-14T06:40:22.684+0000] {dag.py:4180} INFO - Setting next_dagrun for example_branch_dop_operator_v3 to 2024-11-14 06:39:00+00:00, run_after=2024-11-14 06:40:00+00:00
[2024-11-14T06:40:22.695+0000] {processor.py:208} INFO - Processing /home/airflow/.local/lib/python3.12/site-packages/airflow/example_dags/example_branch_python_dop_operator_3.py took 0.045 seconds
[2024-11-14T06:40:53.077+0000] {processor.py:186} INFO - Started process (PID=1942) to work on /home/airflow/.local/lib/python3.12/site-packages/airflow/example_dags/example_branch_python_dop_operator_3.py
[2024-11-14T06:40:53.078+0000] {processor.py:914} INFO - Processing file /home/airflow/.local/lib/python3.12/site-packages/airflow/example_dags/example_branch_python_dop_operator_3.py for tasks to queue
[2024-11-14T06:40:53.080+0000] {logging_mixin.py:190} INFO - [2024-11-14T06:40:53.080+0000] {dagbag.py:588} INFO - Filling up the DagBag from /home/airflow/.local/lib/python3.12/site-packages/airflow/example_dags/example_branch_python_dop_operator_3.py
[2024-11-14T06:40:53.090+0000] {processor.py:925} INFO - DAG(s) 'example_branch_dop_operator_v3' retrieved from /home/airflow/.local/lib/python3.12/site-packages/airflow/example_dags/example_branch_python_dop_operator_3.py
[2024-11-14T06:40:53.105+0000] {logging_mixin.py:190} INFO - [2024-11-14T06:40:53.105+0000] {dag.py:3239} INFO - Sync 1 DAGs
[2024-11-14T06:40:53.128+0000] {logging_mixin.py:190} INFO - [2024-11-14T06:40:53.128+0000] {dag.py:4180} INFO - Setting next_dagrun for example_branch_dop_operator_v3 to 2024-11-14 06:39:00+00:00, run_after=2024-11-14 06:40:00+00:00
[2024-11-14T06:40:53.138+0000] {processor.py:208} INFO - Processing /home/airflow/.local/lib/python3.12/site-packages/airflow/example_dags/example_branch_python_dop_operator_3.py took 0.067 seconds
[2024-11-14T06:41:23.995+0000] {processor.py:186} INFO - Started process (PID=2005) to work on /home/airflow/.local/lib/python3.12/site-packages/airflow/example_dags/example_branch_python_dop_operator_3.py
[2024-11-14T06:41:23.996+0000] {processor.py:914} INFO - Processing file /home/airflow/.local/lib/python3.12/site-packages/airflow/example_dags/example_branch_python_dop_operator_3.py for tasks to queue
[2024-11-14T06:41:23.998+0000] {logging_mixin.py:190} INFO - [2024-11-14T06:41:23.998+0000] {dagbag.py:588} INFO - Filling up the DagBag from /home/airflow/.local/lib/python3.12/site-packages/airflow/example_dags/example_branch_python_dop_operator_3.py
[2024-11-14T06:41:24.005+0000] {processor.py:925} INFO - DAG(s) 'example_branch_dop_operator_v3' retrieved from /home/airflow/.local/lib/python3.12/site-packages/airflow/example_dags/example_branch_python_dop_operator_3.py
[2024-11-14T06:41:24.020+0000] {logging_mixin.py:190} INFO - [2024-11-14T06:41:24.019+0000] {dag.py:3239} INFO - Sync 1 DAGs
[2024-11-14T06:41:24.036+0000] {logging_mixin.py:190} INFO - [2024-11-14T06:41:24.036+0000] {dag.py:4180} INFO - Setting next_dagrun for example_branch_dop_operator_v3 to 2024-11-14 06:40:00+00:00, run_after=2024-11-14 06:41:00+00:00
[2024-11-14T06:41:24.050+0000] {processor.py:208} INFO - Processing /home/airflow/.local/lib/python3.12/site-packages/airflow/example_dags/example_branch_python_dop_operator_3.py took 0.059 seconds
