[2024-11-14T06:26:04.300+0000] {processor.py:186} INFO - Started process (PID=94) to work on /home/airflow/.local/lib/python3.12/site-packages/airflow/example_dags/example_dataset_alias.py
[2024-11-14T06:26:04.301+0000] {processor.py:914} INFO - Processing file /home/airflow/.local/lib/python3.12/site-packages/airflow/example_dags/example_dataset_alias.py for tasks to queue
[2024-11-14T06:26:04.302+0000] {logging_mixin.py:190} INFO - [2024-11-14T06:26:04.302+0000] {dagbag.py:588} INFO - Filling up the DagBag from /home/airflow/.local/lib/python3.12/site-packages/airflow/example_dags/example_dataset_alias.py
[2024-11-14T06:26:04.854+0000] {processor.py:925} INFO - DAG(s) 'dataset_alias_example_alias_consumer', 'dataset_s3_bucket_producer', 'dataset_alias_example_alias_producer', 'dataset_s3_bucket_consumer' retrieved from /home/airflow/.local/lib/python3.12/site-packages/airflow/example_dags/example_dataset_alias.py
[2024-11-14T06:26:04.884+0000] {logging_mixin.py:190} INFO - [2024-11-14T06:26:04.884+0000] {dag.py:3239} INFO - Sync 4 DAGs
[2024-11-14T06:26:04.928+0000] {logging_mixin.py:190} INFO - [2024-11-14T06:26:04.928+0000] {dag.py:4180} INFO - Setting next_dagrun for dataset_alias_example_alias_consumer to None, run_after=None
[2024-11-14T06:26:04.935+0000] {logging_mixin.py:190} INFO - [2024-11-14T06:26:04.935+0000] {dag.py:4180} INFO - Setting next_dagrun for dataset_alias_example_alias_producer to None, run_after=None
[2024-11-14T06:26:04.936+0000] {logging_mixin.py:190} INFO - [2024-11-14T06:26:04.936+0000] {dag.py:4180} INFO - Setting next_dagrun for dataset_s3_bucket_consumer to None, run_after=None
[2024-11-14T06:26:04.938+0000] {logging_mixin.py:190} INFO - [2024-11-14T06:26:04.938+0000] {dag.py:4180} INFO - Setting next_dagrun for dataset_s3_bucket_producer to None, run_after=None
[2024-11-14T06:26:04.964+0000] {processor.py:208} INFO - Processing /home/airflow/.local/lib/python3.12/site-packages/airflow/example_dags/example_dataset_alias.py took 0.668 seconds
[2024-11-14T06:26:36.249+0000] {processor.py:186} INFO - Started process (PID=164) to work on /home/airflow/.local/lib/python3.12/site-packages/airflow/example_dags/example_dataset_alias.py
[2024-11-14T06:26:36.250+0000] {processor.py:914} INFO - Processing file /home/airflow/.local/lib/python3.12/site-packages/airflow/example_dags/example_dataset_alias.py for tasks to queue
[2024-11-14T06:26:36.252+0000] {logging_mixin.py:190} INFO - [2024-11-14T06:26:36.252+0000] {dagbag.py:588} INFO - Filling up the DagBag from /home/airflow/.local/lib/python3.12/site-packages/airflow/example_dags/example_dataset_alias.py
[2024-11-14T06:26:36.699+0000] {processor.py:925} INFO - DAG(s) 'dataset_s3_bucket_producer', 'dataset_s3_bucket_consumer', 'dataset_alias_example_alias_producer', 'dataset_alias_example_alias_consumer' retrieved from /home/airflow/.local/lib/python3.12/site-packages/airflow/example_dags/example_dataset_alias.py
[2024-11-14T06:26:36.709+0000] {logging_mixin.py:190} INFO - [2024-11-14T06:26:36.709+0000] {dag.py:3239} INFO - Sync 4 DAGs
[2024-11-14T06:26:36.720+0000] {logging_mixin.py:190} INFO - [2024-11-14T06:26:36.720+0000] {dag.py:4180} INFO - Setting next_dagrun for dataset_alias_example_alias_consumer to None, run_after=None
[2024-11-14T06:26:36.722+0000] {logging_mixin.py:190} INFO - [2024-11-14T06:26:36.722+0000] {dag.py:4180} INFO - Setting next_dagrun for dataset_alias_example_alias_producer to None, run_after=None
[2024-11-14T06:26:36.723+0000] {logging_mixin.py:190} INFO - [2024-11-14T06:26:36.723+0000] {dag.py:4180} INFO - Setting next_dagrun for dataset_s3_bucket_consumer to None, run_after=None
[2024-11-14T06:26:36.723+0000] {logging_mixin.py:190} INFO - [2024-11-14T06:26:36.723+0000] {dag.py:4180} INFO - Setting next_dagrun for dataset_s3_bucket_producer to None, run_after=None
[2024-11-14T06:26:36.733+0000] {processor.py:208} INFO - Processing /home/airflow/.local/lib/python3.12/site-packages/airflow/example_dags/example_dataset_alias.py took 0.489 seconds
[2024-11-14T06:27:06.902+0000] {processor.py:186} INFO - Started process (PID=228) to work on /home/airflow/.local/lib/python3.12/site-packages/airflow/example_dags/example_dataset_alias.py
[2024-11-14T06:27:06.903+0000] {processor.py:914} INFO - Processing file /home/airflow/.local/lib/python3.12/site-packages/airflow/example_dags/example_dataset_alias.py for tasks to queue
[2024-11-14T06:27:06.905+0000] {logging_mixin.py:190} INFO - [2024-11-14T06:27:06.905+0000] {dagbag.py:588} INFO - Filling up the DagBag from /home/airflow/.local/lib/python3.12/site-packages/airflow/example_dags/example_dataset_alias.py
[2024-11-14T06:27:07.374+0000] {processor.py:925} INFO - DAG(s) 'dataset_s3_bucket_consumer', 'dataset_alias_example_alias_consumer', 'dataset_s3_bucket_producer', 'dataset_alias_example_alias_producer' retrieved from /home/airflow/.local/lib/python3.12/site-packages/airflow/example_dags/example_dataset_alias.py
[2024-11-14T06:27:07.386+0000] {logging_mixin.py:190} INFO - [2024-11-14T06:27:07.385+0000] {dag.py:3239} INFO - Sync 4 DAGs
[2024-11-14T06:27:07.399+0000] {logging_mixin.py:190} INFO - [2024-11-14T06:27:07.398+0000] {dag.py:4180} INFO - Setting next_dagrun for dataset_alias_example_alias_consumer to None, run_after=None
[2024-11-14T06:27:07.400+0000] {logging_mixin.py:190} INFO - [2024-11-14T06:27:07.400+0000] {dag.py:4180} INFO - Setting next_dagrun for dataset_alias_example_alias_producer to None, run_after=None
[2024-11-14T06:27:07.402+0000] {logging_mixin.py:190} INFO - [2024-11-14T06:27:07.402+0000] {dag.py:4180} INFO - Setting next_dagrun for dataset_s3_bucket_consumer to None, run_after=None
[2024-11-14T06:27:07.403+0000] {logging_mixin.py:190} INFO - [2024-11-14T06:27:07.403+0000] {dag.py:4180} INFO - Setting next_dagrun for dataset_s3_bucket_producer to None, run_after=None
[2024-11-14T06:27:07.415+0000] {processor.py:208} INFO - Processing /home/airflow/.local/lib/python3.12/site-packages/airflow/example_dags/example_dataset_alias.py took 0.517 seconds
[2024-11-14T06:27:37.820+0000] {processor.py:186} INFO - Started process (PID=292) to work on /home/airflow/.local/lib/python3.12/site-packages/airflow/example_dags/example_dataset_alias.py
[2024-11-14T06:27:37.821+0000] {processor.py:914} INFO - Processing file /home/airflow/.local/lib/python3.12/site-packages/airflow/example_dags/example_dataset_alias.py for tasks to queue
[2024-11-14T06:27:37.823+0000] {logging_mixin.py:190} INFO - [2024-11-14T06:27:37.822+0000] {dagbag.py:588} INFO - Filling up the DagBag from /home/airflow/.local/lib/python3.12/site-packages/airflow/example_dags/example_dataset_alias.py
[2024-11-14T06:27:38.197+0000] {processor.py:925} INFO - DAG(s) 'dataset_alias_example_alias_producer', 'dataset_alias_example_alias_consumer', 'dataset_s3_bucket_consumer', 'dataset_s3_bucket_producer' retrieved from /home/airflow/.local/lib/python3.12/site-packages/airflow/example_dags/example_dataset_alias.py
[2024-11-14T06:27:38.205+0000] {logging_mixin.py:190} INFO - [2024-11-14T06:27:38.205+0000] {dag.py:3239} INFO - Sync 4 DAGs
[2024-11-14T06:27:38.216+0000] {logging_mixin.py:190} INFO - [2024-11-14T06:27:38.216+0000] {dag.py:4180} INFO - Setting next_dagrun for dataset_alias_example_alias_consumer to None, run_after=None
[2024-11-14T06:27:38.217+0000] {logging_mixin.py:190} INFO - [2024-11-14T06:27:38.217+0000] {dag.py:4180} INFO - Setting next_dagrun for dataset_alias_example_alias_producer to None, run_after=None
[2024-11-14T06:27:38.218+0000] {logging_mixin.py:190} INFO - [2024-11-14T06:27:38.218+0000] {dag.py:4180} INFO - Setting next_dagrun for dataset_s3_bucket_consumer to None, run_after=None
[2024-11-14T06:27:38.219+0000] {logging_mixin.py:190} INFO - [2024-11-14T06:27:38.219+0000] {dag.py:4180} INFO - Setting next_dagrun for dataset_s3_bucket_producer to None, run_after=None
[2024-11-14T06:27:38.231+0000] {processor.py:208} INFO - Processing /home/airflow/.local/lib/python3.12/site-packages/airflow/example_dags/example_dataset_alias.py took 0.415 seconds
[2024-11-14T06:28:09.047+0000] {processor.py:186} INFO - Started process (PID=356) to work on /home/airflow/.local/lib/python3.12/site-packages/airflow/example_dags/example_dataset_alias.py
[2024-11-14T06:28:09.048+0000] {processor.py:914} INFO - Processing file /home/airflow/.local/lib/python3.12/site-packages/airflow/example_dags/example_dataset_alias.py for tasks to queue
[2024-11-14T06:28:09.050+0000] {logging_mixin.py:190} INFO - [2024-11-14T06:28:09.050+0000] {dagbag.py:588} INFO - Filling up the DagBag from /home/airflow/.local/lib/python3.12/site-packages/airflow/example_dags/example_dataset_alias.py
[2024-11-14T06:28:09.571+0000] {processor.py:925} INFO - DAG(s) 'dataset_alias_example_alias_producer', 'dataset_alias_example_alias_consumer', 'dataset_s3_bucket_consumer', 'dataset_s3_bucket_producer' retrieved from /home/airflow/.local/lib/python3.12/site-packages/airflow/example_dags/example_dataset_alias.py
[2024-11-14T06:28:09.584+0000] {logging_mixin.py:190} INFO - [2024-11-14T06:28:09.583+0000] {dag.py:3239} INFO - Sync 4 DAGs
[2024-11-14T06:28:09.603+0000] {logging_mixin.py:190} INFO - [2024-11-14T06:28:09.602+0000] {dag.py:4180} INFO - Setting next_dagrun for dataset_alias_example_alias_consumer to None, run_after=None
[2024-11-14T06:28:09.604+0000] {logging_mixin.py:190} INFO - [2024-11-14T06:28:09.604+0000] {dag.py:4180} INFO - Setting next_dagrun for dataset_alias_example_alias_producer to None, run_after=None
[2024-11-14T06:28:09.605+0000] {logging_mixin.py:190} INFO - [2024-11-14T06:28:09.605+0000] {dag.py:4180} INFO - Setting next_dagrun for dataset_s3_bucket_consumer to None, run_after=None
[2024-11-14T06:28:09.606+0000] {logging_mixin.py:190} INFO - [2024-11-14T06:28:09.606+0000] {dag.py:4180} INFO - Setting next_dagrun for dataset_s3_bucket_producer to None, run_after=None
[2024-11-14T06:28:09.622+0000] {processor.py:208} INFO - Processing /home/airflow/.local/lib/python3.12/site-packages/airflow/example_dags/example_dataset_alias.py took 0.580 seconds
[2024-11-14T06:28:40.430+0000] {processor.py:186} INFO - Started process (PID=420) to work on /home/airflow/.local/lib/python3.12/site-packages/airflow/example_dags/example_dataset_alias.py
[2024-11-14T06:28:40.431+0000] {processor.py:914} INFO - Processing file /home/airflow/.local/lib/python3.12/site-packages/airflow/example_dags/example_dataset_alias.py for tasks to queue
[2024-11-14T06:28:40.433+0000] {logging_mixin.py:190} INFO - [2024-11-14T06:28:40.432+0000] {dagbag.py:588} INFO - Filling up the DagBag from /home/airflow/.local/lib/python3.12/site-packages/airflow/example_dags/example_dataset_alias.py
[2024-11-14T06:28:40.919+0000] {processor.py:925} INFO - DAG(s) 'dataset_s3_bucket_consumer', 'dataset_s3_bucket_producer', 'dataset_alias_example_alias_consumer', 'dataset_alias_example_alias_producer' retrieved from /home/airflow/.local/lib/python3.12/site-packages/airflow/example_dags/example_dataset_alias.py
[2024-11-14T06:28:40.928+0000] {logging_mixin.py:190} INFO - [2024-11-14T06:28:40.928+0000] {dag.py:3239} INFO - Sync 4 DAGs
[2024-11-14T06:28:40.940+0000] {logging_mixin.py:190} INFO - [2024-11-14T06:28:40.940+0000] {dag.py:4180} INFO - Setting next_dagrun for dataset_alias_example_alias_consumer to None, run_after=None
[2024-11-14T06:28:40.942+0000] {logging_mixin.py:190} INFO - [2024-11-14T06:28:40.941+0000] {dag.py:4180} INFO - Setting next_dagrun for dataset_alias_example_alias_producer to None, run_after=None
[2024-11-14T06:28:40.942+0000] {logging_mixin.py:190} INFO - [2024-11-14T06:28:40.942+0000] {dag.py:4180} INFO - Setting next_dagrun for dataset_s3_bucket_consumer to None, run_after=None
[2024-11-14T06:28:40.943+0000] {logging_mixin.py:190} INFO - [2024-11-14T06:28:40.943+0000] {dag.py:4180} INFO - Setting next_dagrun for dataset_s3_bucket_producer to None, run_after=None
[2024-11-14T06:28:40.953+0000] {processor.py:208} INFO - Processing /home/airflow/.local/lib/python3.12/site-packages/airflow/example_dags/example_dataset_alias.py took 0.528 seconds
[2024-11-14T06:29:12.095+0000] {processor.py:186} INFO - Started process (PID=483) to work on /home/airflow/.local/lib/python3.12/site-packages/airflow/example_dags/example_dataset_alias.py
[2024-11-14T06:29:12.096+0000] {processor.py:914} INFO - Processing file /home/airflow/.local/lib/python3.12/site-packages/airflow/example_dags/example_dataset_alias.py for tasks to queue
[2024-11-14T06:29:12.098+0000] {logging_mixin.py:190} INFO - [2024-11-14T06:29:12.098+0000] {dagbag.py:588} INFO - Filling up the DagBag from /home/airflow/.local/lib/python3.12/site-packages/airflow/example_dags/example_dataset_alias.py
[2024-11-14T06:29:12.490+0000] {processor.py:925} INFO - DAG(s) 'dataset_s3_bucket_consumer', 'dataset_s3_bucket_producer', 'dataset_alias_example_alias_consumer', 'dataset_alias_example_alias_producer' retrieved from /home/airflow/.local/lib/python3.12/site-packages/airflow/example_dags/example_dataset_alias.py
[2024-11-14T06:29:12.501+0000] {logging_mixin.py:190} INFO - [2024-11-14T06:29:12.500+0000] {dag.py:3239} INFO - Sync 4 DAGs
[2024-11-14T06:29:12.511+0000] {logging_mixin.py:190} INFO - [2024-11-14T06:29:12.511+0000] {dag.py:4180} INFO - Setting next_dagrun for dataset_alias_example_alias_consumer to None, run_after=None
[2024-11-14T06:29:12.513+0000] {logging_mixin.py:190} INFO - [2024-11-14T06:29:12.513+0000] {dag.py:4180} INFO - Setting next_dagrun for dataset_alias_example_alias_producer to None, run_after=None
[2024-11-14T06:29:12.514+0000] {logging_mixin.py:190} INFO - [2024-11-14T06:29:12.514+0000] {dag.py:4180} INFO - Setting next_dagrun for dataset_s3_bucket_consumer to None, run_after=None
[2024-11-14T06:29:12.514+0000] {logging_mixin.py:190} INFO - [2024-11-14T06:29:12.514+0000] {dag.py:4180} INFO - Setting next_dagrun for dataset_s3_bucket_producer to None, run_after=None
[2024-11-14T06:29:12.524+0000] {processor.py:208} INFO - Processing /home/airflow/.local/lib/python3.12/site-packages/airflow/example_dags/example_dataset_alias.py took 0.435 seconds
[2024-11-14T06:29:42.928+0000] {processor.py:186} INFO - Started process (PID=548) to work on /home/airflow/.local/lib/python3.12/site-packages/airflow/example_dags/example_dataset_alias.py
[2024-11-14T06:29:42.929+0000] {processor.py:914} INFO - Processing file /home/airflow/.local/lib/python3.12/site-packages/airflow/example_dags/example_dataset_alias.py for tasks to queue
[2024-11-14T06:29:42.933+0000] {logging_mixin.py:190} INFO - [2024-11-14T06:29:42.932+0000] {dagbag.py:588} INFO - Filling up the DagBag from /home/airflow/.local/lib/python3.12/site-packages/airflow/example_dags/example_dataset_alias.py
[2024-11-14T06:29:43.296+0000] {processor.py:925} INFO - DAG(s) 'dataset_s3_bucket_producer', 'dataset_alias_example_alias_producer', 'dataset_s3_bucket_consumer', 'dataset_alias_example_alias_consumer' retrieved from /home/airflow/.local/lib/python3.12/site-packages/airflow/example_dags/example_dataset_alias.py
[2024-11-14T06:29:43.306+0000] {logging_mixin.py:190} INFO - [2024-11-14T06:29:43.305+0000] {dag.py:3239} INFO - Sync 4 DAGs
[2024-11-14T06:29:43.315+0000] {logging_mixin.py:190} INFO - [2024-11-14T06:29:43.315+0000] {dag.py:4180} INFO - Setting next_dagrun for dataset_alias_example_alias_consumer to None, run_after=None
[2024-11-14T06:29:43.317+0000] {logging_mixin.py:190} INFO - [2024-11-14T06:29:43.317+0000] {dag.py:4180} INFO - Setting next_dagrun for dataset_alias_example_alias_producer to None, run_after=None
[2024-11-14T06:29:43.317+0000] {logging_mixin.py:190} INFO - [2024-11-14T06:29:43.317+0000] {dag.py:4180} INFO - Setting next_dagrun for dataset_s3_bucket_consumer to None, run_after=None
[2024-11-14T06:29:43.318+0000] {logging_mixin.py:190} INFO - [2024-11-14T06:29:43.318+0000] {dag.py:4180} INFO - Setting next_dagrun for dataset_s3_bucket_producer to None, run_after=None
[2024-11-14T06:29:43.328+0000] {processor.py:208} INFO - Processing /home/airflow/.local/lib/python3.12/site-packages/airflow/example_dags/example_dataset_alias.py took 0.405 seconds
[2024-11-14T06:30:14.280+0000] {processor.py:186} INFO - Started process (PID=611) to work on /home/airflow/.local/lib/python3.12/site-packages/airflow/example_dags/example_dataset_alias.py
[2024-11-14T06:30:14.281+0000] {processor.py:914} INFO - Processing file /home/airflow/.local/lib/python3.12/site-packages/airflow/example_dags/example_dataset_alias.py for tasks to queue
[2024-11-14T06:30:14.283+0000] {logging_mixin.py:190} INFO - [2024-11-14T06:30:14.282+0000] {dagbag.py:588} INFO - Filling up the DagBag from /home/airflow/.local/lib/python3.12/site-packages/airflow/example_dags/example_dataset_alias.py
[2024-11-14T06:30:14.695+0000] {processor.py:925} INFO - DAG(s) 'dataset_alias_example_alias_producer', 'dataset_s3_bucket_producer', 'dataset_s3_bucket_consumer', 'dataset_alias_example_alias_consumer' retrieved from /home/airflow/.local/lib/python3.12/site-packages/airflow/example_dags/example_dataset_alias.py
[2024-11-14T06:30:14.704+0000] {logging_mixin.py:190} INFO - [2024-11-14T06:30:14.704+0000] {dag.py:3239} INFO - Sync 4 DAGs
[2024-11-14T06:30:14.714+0000] {logging_mixin.py:190} INFO - [2024-11-14T06:30:14.714+0000] {dag.py:4180} INFO - Setting next_dagrun for dataset_alias_example_alias_consumer to None, run_after=None
[2024-11-14T06:30:14.715+0000] {logging_mixin.py:190} INFO - [2024-11-14T06:30:14.715+0000] {dag.py:4180} INFO - Setting next_dagrun for dataset_alias_example_alias_producer to None, run_after=None
[2024-11-14T06:30:14.716+0000] {logging_mixin.py:190} INFO - [2024-11-14T06:30:14.716+0000] {dag.py:4180} INFO - Setting next_dagrun for dataset_s3_bucket_consumer to None, run_after=None
[2024-11-14T06:30:14.717+0000] {logging_mixin.py:190} INFO - [2024-11-14T06:30:14.717+0000] {dag.py:4180} INFO - Setting next_dagrun for dataset_s3_bucket_producer to None, run_after=None
[2024-11-14T06:30:14.726+0000] {processor.py:208} INFO - Processing /home/airflow/.local/lib/python3.12/site-packages/airflow/example_dags/example_dataset_alias.py took 0.450 seconds
[2024-11-14T06:30:45.898+0000] {processor.py:186} INFO - Started process (PID=675) to work on /home/airflow/.local/lib/python3.12/site-packages/airflow/example_dags/example_dataset_alias.py
[2024-11-14T06:30:45.899+0000] {processor.py:914} INFO - Processing file /home/airflow/.local/lib/python3.12/site-packages/airflow/example_dags/example_dataset_alias.py for tasks to queue
[2024-11-14T06:30:45.901+0000] {logging_mixin.py:190} INFO - [2024-11-14T06:30:45.901+0000] {dagbag.py:588} INFO - Filling up the DagBag from /home/airflow/.local/lib/python3.12/site-packages/airflow/example_dags/example_dataset_alias.py
[2024-11-14T06:30:46.284+0000] {processor.py:925} INFO - DAG(s) 'dataset_alias_example_alias_producer', 'dataset_s3_bucket_producer', 'dataset_alias_example_alias_consumer', 'dataset_s3_bucket_consumer' retrieved from /home/airflow/.local/lib/python3.12/site-packages/airflow/example_dags/example_dataset_alias.py
[2024-11-14T06:30:46.296+0000] {logging_mixin.py:190} INFO - [2024-11-14T06:30:46.295+0000] {dag.py:3239} INFO - Sync 4 DAGs
[2024-11-14T06:30:46.311+0000] {logging_mixin.py:190} INFO - [2024-11-14T06:30:46.310+0000] {dag.py:4180} INFO - Setting next_dagrun for dataset_alias_example_alias_consumer to None, run_after=None
[2024-11-14T06:30:46.312+0000] {logging_mixin.py:190} INFO - [2024-11-14T06:30:46.312+0000] {dag.py:4180} INFO - Setting next_dagrun for dataset_alias_example_alias_producer to None, run_after=None
[2024-11-14T06:30:46.313+0000] {logging_mixin.py:190} INFO - [2024-11-14T06:30:46.313+0000] {dag.py:4180} INFO - Setting next_dagrun for dataset_s3_bucket_consumer to None, run_after=None
[2024-11-14T06:30:46.313+0000] {logging_mixin.py:190} INFO - [2024-11-14T06:30:46.313+0000] {dag.py:4180} INFO - Setting next_dagrun for dataset_s3_bucket_producer to None, run_after=None
[2024-11-14T06:30:46.324+0000] {processor.py:208} INFO - Processing /home/airflow/.local/lib/python3.12/site-packages/airflow/example_dags/example_dataset_alias.py took 0.431 seconds
[2024-11-14T06:31:17.576+0000] {processor.py:186} INFO - Started process (PID=738) to work on /home/airflow/.local/lib/python3.12/site-packages/airflow/example_dags/example_dataset_alias.py
[2024-11-14T06:31:17.582+0000] {processor.py:914} INFO - Processing file /home/airflow/.local/lib/python3.12/site-packages/airflow/example_dags/example_dataset_alias.py for tasks to queue
[2024-11-14T06:31:17.584+0000] {logging_mixin.py:190} INFO - [2024-11-14T06:31:17.584+0000] {dagbag.py:588} INFO - Filling up the DagBag from /home/airflow/.local/lib/python3.12/site-packages/airflow/example_dags/example_dataset_alias.py
[2024-11-14T06:31:17.938+0000] {processor.py:925} INFO - DAG(s) 'dataset_alias_example_alias_producer', 'dataset_s3_bucket_producer', 'dataset_alias_example_alias_consumer', 'dataset_s3_bucket_consumer' retrieved from /home/airflow/.local/lib/python3.12/site-packages/airflow/example_dags/example_dataset_alias.py
[2024-11-14T06:31:17.949+0000] {logging_mixin.py:190} INFO - [2024-11-14T06:31:17.949+0000] {dag.py:3239} INFO - Sync 4 DAGs
[2024-11-14T06:31:17.961+0000] {logging_mixin.py:190} INFO - [2024-11-14T06:31:17.961+0000] {dag.py:4180} INFO - Setting next_dagrun for dataset_alias_example_alias_consumer to None, run_after=None
[2024-11-14T06:31:17.963+0000] {logging_mixin.py:190} INFO - [2024-11-14T06:31:17.963+0000] {dag.py:4180} INFO - Setting next_dagrun for dataset_alias_example_alias_producer to None, run_after=None
[2024-11-14T06:31:17.964+0000] {logging_mixin.py:190} INFO - [2024-11-14T06:31:17.964+0000] {dag.py:4180} INFO - Setting next_dagrun for dataset_s3_bucket_consumer to None, run_after=None
[2024-11-14T06:31:17.964+0000] {logging_mixin.py:190} INFO - [2024-11-14T06:31:17.964+0000] {dag.py:4180} INFO - Setting next_dagrun for dataset_s3_bucket_producer to None, run_after=None
[2024-11-14T06:31:17.974+0000] {processor.py:208} INFO - Processing /home/airflow/.local/lib/python3.12/site-packages/airflow/example_dags/example_dataset_alias.py took 0.411 seconds
[2024-11-14T06:31:49.034+0000] {processor.py:186} INFO - Started process (PID=802) to work on /home/airflow/.local/lib/python3.12/site-packages/airflow/example_dags/example_dataset_alias.py
[2024-11-14T06:31:49.035+0000] {processor.py:914} INFO - Processing file /home/airflow/.local/lib/python3.12/site-packages/airflow/example_dags/example_dataset_alias.py for tasks to queue
[2024-11-14T06:31:49.038+0000] {logging_mixin.py:190} INFO - [2024-11-14T06:31:49.037+0000] {dagbag.py:588} INFO - Filling up the DagBag from /home/airflow/.local/lib/python3.12/site-packages/airflow/example_dags/example_dataset_alias.py
[2024-11-14T06:31:49.410+0000] {processor.py:925} INFO - DAG(s) 'dataset_s3_bucket_consumer', 'dataset_alias_example_alias_consumer', 'dataset_alias_example_alias_producer', 'dataset_s3_bucket_producer' retrieved from /home/airflow/.local/lib/python3.12/site-packages/airflow/example_dags/example_dataset_alias.py
[2024-11-14T06:31:49.419+0000] {logging_mixin.py:190} INFO - [2024-11-14T06:31:49.419+0000] {dag.py:3239} INFO - Sync 4 DAGs
[2024-11-14T06:31:49.429+0000] {logging_mixin.py:190} INFO - [2024-11-14T06:31:49.429+0000] {dag.py:4180} INFO - Setting next_dagrun for dataset_alias_example_alias_consumer to None, run_after=None
[2024-11-14T06:31:49.430+0000] {logging_mixin.py:190} INFO - [2024-11-14T06:31:49.430+0000] {dag.py:4180} INFO - Setting next_dagrun for dataset_alias_example_alias_producer to None, run_after=None
[2024-11-14T06:31:49.431+0000] {logging_mixin.py:190} INFO - [2024-11-14T06:31:49.431+0000] {dag.py:4180} INFO - Setting next_dagrun for dataset_s3_bucket_consumer to None, run_after=None
[2024-11-14T06:31:49.431+0000] {logging_mixin.py:190} INFO - [2024-11-14T06:31:49.431+0000] {dag.py:4180} INFO - Setting next_dagrun for dataset_s3_bucket_producer to None, run_after=None
[2024-11-14T06:31:49.441+0000] {processor.py:208} INFO - Processing /home/airflow/.local/lib/python3.12/site-packages/airflow/example_dags/example_dataset_alias.py took 0.411 seconds
[2024-11-14T06:32:20.385+0000] {processor.py:186} INFO - Started process (PID=866) to work on /home/airflow/.local/lib/python3.12/site-packages/airflow/example_dags/example_dataset_alias.py
[2024-11-14T06:32:20.386+0000] {processor.py:914} INFO - Processing file /home/airflow/.local/lib/python3.12/site-packages/airflow/example_dags/example_dataset_alias.py for tasks to queue
[2024-11-14T06:32:20.388+0000] {logging_mixin.py:190} INFO - [2024-11-14T06:32:20.388+0000] {dagbag.py:588} INFO - Filling up the DagBag from /home/airflow/.local/lib/python3.12/site-packages/airflow/example_dags/example_dataset_alias.py
[2024-11-14T06:32:20.777+0000] {processor.py:925} INFO - DAG(s) 'dataset_s3_bucket_producer', 'dataset_alias_example_alias_consumer', 'dataset_s3_bucket_consumer', 'dataset_alias_example_alias_producer' retrieved from /home/airflow/.local/lib/python3.12/site-packages/airflow/example_dags/example_dataset_alias.py
[2024-11-14T06:32:20.788+0000] {logging_mixin.py:190} INFO - [2024-11-14T06:32:20.788+0000] {dag.py:3239} INFO - Sync 4 DAGs
[2024-11-14T06:32:20.800+0000] {logging_mixin.py:190} INFO - [2024-11-14T06:32:20.800+0000] {dag.py:4180} INFO - Setting next_dagrun for dataset_alias_example_alias_consumer to None, run_after=None
[2024-11-14T06:32:20.801+0000] {logging_mixin.py:190} INFO - [2024-11-14T06:32:20.801+0000] {dag.py:4180} INFO - Setting next_dagrun for dataset_alias_example_alias_producer to None, run_after=None
[2024-11-14T06:32:20.802+0000] {logging_mixin.py:190} INFO - [2024-11-14T06:32:20.802+0000] {dag.py:4180} INFO - Setting next_dagrun for dataset_s3_bucket_consumer to None, run_after=None
[2024-11-14T06:32:20.803+0000] {logging_mixin.py:190} INFO - [2024-11-14T06:32:20.803+0000] {dag.py:4180} INFO - Setting next_dagrun for dataset_s3_bucket_producer to None, run_after=None
[2024-11-14T06:32:20.814+0000] {processor.py:208} INFO - Processing /home/airflow/.local/lib/python3.12/site-packages/airflow/example_dags/example_dataset_alias.py took 0.434 seconds
[2024-11-14T06:32:51.764+0000] {processor.py:186} INFO - Started process (PID=930) to work on /home/airflow/.local/lib/python3.12/site-packages/airflow/example_dags/example_dataset_alias.py
[2024-11-14T06:32:51.766+0000] {processor.py:914} INFO - Processing file /home/airflow/.local/lib/python3.12/site-packages/airflow/example_dags/example_dataset_alias.py for tasks to queue
[2024-11-14T06:32:51.768+0000] {logging_mixin.py:190} INFO - [2024-11-14T06:32:51.768+0000] {dagbag.py:588} INFO - Filling up the DagBag from /home/airflow/.local/lib/python3.12/site-packages/airflow/example_dags/example_dataset_alias.py
[2024-11-14T06:32:52.148+0000] {processor.py:925} INFO - DAG(s) 'dataset_alias_example_alias_producer', 'dataset_s3_bucket_consumer', 'dataset_s3_bucket_producer', 'dataset_alias_example_alias_consumer' retrieved from /home/airflow/.local/lib/python3.12/site-packages/airflow/example_dags/example_dataset_alias.py
[2024-11-14T06:32:52.158+0000] {logging_mixin.py:190} INFO - [2024-11-14T06:32:52.158+0000] {dag.py:3239} INFO - Sync 4 DAGs
[2024-11-14T06:32:52.170+0000] {logging_mixin.py:190} INFO - [2024-11-14T06:32:52.170+0000] {dag.py:4180} INFO - Setting next_dagrun for dataset_alias_example_alias_consumer to None, run_after=None
[2024-11-14T06:32:52.172+0000] {logging_mixin.py:190} INFO - [2024-11-14T06:32:52.172+0000] {dag.py:4180} INFO - Setting next_dagrun for dataset_alias_example_alias_producer to None, run_after=None
[2024-11-14T06:32:52.174+0000] {logging_mixin.py:190} INFO - [2024-11-14T06:32:52.174+0000] {dag.py:4180} INFO - Setting next_dagrun for dataset_s3_bucket_consumer to None, run_after=None
[2024-11-14T06:32:52.177+0000] {logging_mixin.py:190} INFO - [2024-11-14T06:32:52.176+0000] {dag.py:4180} INFO - Setting next_dagrun for dataset_s3_bucket_producer to None, run_after=None
[2024-11-14T06:32:52.186+0000] {processor.py:208} INFO - Processing /home/airflow/.local/lib/python3.12/site-packages/airflow/example_dags/example_dataset_alias.py took 0.427 seconds
[2024-11-14T06:33:23.185+0000] {processor.py:186} INFO - Started process (PID=994) to work on /home/airflow/.local/lib/python3.12/site-packages/airflow/example_dags/example_dataset_alias.py
[2024-11-14T06:33:23.187+0000] {processor.py:914} INFO - Processing file /home/airflow/.local/lib/python3.12/site-packages/airflow/example_dags/example_dataset_alias.py for tasks to queue
[2024-11-14T06:33:23.189+0000] {logging_mixin.py:190} INFO - [2024-11-14T06:33:23.189+0000] {dagbag.py:588} INFO - Filling up the DagBag from /home/airflow/.local/lib/python3.12/site-packages/airflow/example_dags/example_dataset_alias.py
[2024-11-14T06:33:23.536+0000] {processor.py:925} INFO - DAG(s) 'dataset_s3_bucket_producer', 'dataset_alias_example_alias_producer', 'dataset_s3_bucket_consumer', 'dataset_alias_example_alias_consumer' retrieved from /home/airflow/.local/lib/python3.12/site-packages/airflow/example_dags/example_dataset_alias.py
[2024-11-14T06:33:23.546+0000] {logging_mixin.py:190} INFO - [2024-11-14T06:33:23.546+0000] {dag.py:3239} INFO - Sync 4 DAGs
[2024-11-14T06:33:23.556+0000] {logging_mixin.py:190} INFO - [2024-11-14T06:33:23.556+0000] {dag.py:4180} INFO - Setting next_dagrun for dataset_alias_example_alias_consumer to None, run_after=None
[2024-11-14T06:33:23.557+0000] {logging_mixin.py:190} INFO - [2024-11-14T06:33:23.557+0000] {dag.py:4180} INFO - Setting next_dagrun for dataset_alias_example_alias_producer to None, run_after=None
[2024-11-14T06:33:23.558+0000] {logging_mixin.py:190} INFO - [2024-11-14T06:33:23.558+0000] {dag.py:4180} INFO - Setting next_dagrun for dataset_s3_bucket_consumer to None, run_after=None
[2024-11-14T06:33:23.558+0000] {logging_mixin.py:190} INFO - [2024-11-14T06:33:23.558+0000] {dag.py:4180} INFO - Setting next_dagrun for dataset_s3_bucket_producer to None, run_after=None
[2024-11-14T06:33:23.567+0000] {processor.py:208} INFO - Processing /home/airflow/.local/lib/python3.12/site-packages/airflow/example_dags/example_dataset_alias.py took 0.387 seconds
[2024-11-14T06:33:54.939+0000] {processor.py:186} INFO - Started process (PID=1058) to work on /home/airflow/.local/lib/python3.12/site-packages/airflow/example_dags/example_dataset_alias.py
[2024-11-14T06:33:54.940+0000] {processor.py:914} INFO - Processing file /home/airflow/.local/lib/python3.12/site-packages/airflow/example_dags/example_dataset_alias.py for tasks to queue
[2024-11-14T06:33:54.942+0000] {logging_mixin.py:190} INFO - [2024-11-14T06:33:54.942+0000] {dagbag.py:588} INFO - Filling up the DagBag from /home/airflow/.local/lib/python3.12/site-packages/airflow/example_dags/example_dataset_alias.py
[2024-11-14T06:33:55.383+0000] {processor.py:925} INFO - DAG(s) 'dataset_alias_example_alias_consumer', 'dataset_s3_bucket_consumer', 'dataset_alias_example_alias_producer', 'dataset_s3_bucket_producer' retrieved from /home/airflow/.local/lib/python3.12/site-packages/airflow/example_dags/example_dataset_alias.py
[2024-11-14T06:33:55.394+0000] {logging_mixin.py:190} INFO - [2024-11-14T06:33:55.393+0000] {dag.py:3239} INFO - Sync 4 DAGs
[2024-11-14T06:33:55.408+0000] {logging_mixin.py:190} INFO - [2024-11-14T06:33:55.408+0000] {dag.py:4180} INFO - Setting next_dagrun for dataset_alias_example_alias_consumer to None, run_after=None
[2024-11-14T06:33:55.409+0000] {logging_mixin.py:190} INFO - [2024-11-14T06:33:55.409+0000] {dag.py:4180} INFO - Setting next_dagrun for dataset_alias_example_alias_producer to None, run_after=None
[2024-11-14T06:33:55.410+0000] {logging_mixin.py:190} INFO - [2024-11-14T06:33:55.410+0000] {dag.py:4180} INFO - Setting next_dagrun for dataset_s3_bucket_consumer to None, run_after=None
[2024-11-14T06:33:55.410+0000] {logging_mixin.py:190} INFO - [2024-11-14T06:33:55.410+0000] {dag.py:4180} INFO - Setting next_dagrun for dataset_s3_bucket_producer to None, run_after=None
[2024-11-14T06:33:55.420+0000] {processor.py:208} INFO - Processing /home/airflow/.local/lib/python3.12/site-packages/airflow/example_dags/example_dataset_alias.py took 0.485 seconds
[2024-11-14T06:34:26.432+0000] {processor.py:186} INFO - Started process (PID=1121) to work on /home/airflow/.local/lib/python3.12/site-packages/airflow/example_dags/example_dataset_alias.py
[2024-11-14T06:34:26.433+0000] {processor.py:914} INFO - Processing file /home/airflow/.local/lib/python3.12/site-packages/airflow/example_dags/example_dataset_alias.py for tasks to queue
[2024-11-14T06:34:26.435+0000] {logging_mixin.py:190} INFO - [2024-11-14T06:34:26.435+0000] {dagbag.py:588} INFO - Filling up the DagBag from /home/airflow/.local/lib/python3.12/site-packages/airflow/example_dags/example_dataset_alias.py
[2024-11-14T06:34:26.774+0000] {processor.py:925} INFO - DAG(s) 'dataset_alias_example_alias_consumer', 'dataset_s3_bucket_consumer', 'dataset_s3_bucket_producer', 'dataset_alias_example_alias_producer' retrieved from /home/airflow/.local/lib/python3.12/site-packages/airflow/example_dags/example_dataset_alias.py
[2024-11-14T06:34:26.786+0000] {logging_mixin.py:190} INFO - [2024-11-14T06:34:26.786+0000] {dag.py:3239} INFO - Sync 4 DAGs
[2024-11-14T06:34:26.802+0000] {logging_mixin.py:190} INFO - [2024-11-14T06:34:26.801+0000] {dag.py:4180} INFO - Setting next_dagrun for dataset_alias_example_alias_consumer to None, run_after=None
[2024-11-14T06:34:26.804+0000] {logging_mixin.py:190} INFO - [2024-11-14T06:34:26.804+0000] {dag.py:4180} INFO - Setting next_dagrun for dataset_alias_example_alias_producer to None, run_after=None
[2024-11-14T06:34:26.805+0000] {logging_mixin.py:190} INFO - [2024-11-14T06:34:26.805+0000] {dag.py:4180} INFO - Setting next_dagrun for dataset_s3_bucket_consumer to None, run_after=None
[2024-11-14T06:34:26.806+0000] {logging_mixin.py:190} INFO - [2024-11-14T06:34:26.806+0000] {dag.py:4180} INFO - Setting next_dagrun for dataset_s3_bucket_producer to None, run_after=None
[2024-11-14T06:34:26.818+0000] {processor.py:208} INFO - Processing /home/airflow/.local/lib/python3.12/site-packages/airflow/example_dags/example_dataset_alias.py took 0.389 seconds
[2024-11-14T06:34:58.155+0000] {processor.py:186} INFO - Started process (PID=1185) to work on /home/airflow/.local/lib/python3.12/site-packages/airflow/example_dags/example_dataset_alias.py
[2024-11-14T06:34:58.156+0000] {processor.py:914} INFO - Processing file /home/airflow/.local/lib/python3.12/site-packages/airflow/example_dags/example_dataset_alias.py for tasks to queue
[2024-11-14T06:34:58.157+0000] {logging_mixin.py:190} INFO - [2024-11-14T06:34:58.157+0000] {dagbag.py:588} INFO - Filling up the DagBag from /home/airflow/.local/lib/python3.12/site-packages/airflow/example_dags/example_dataset_alias.py
[2024-11-14T06:34:58.539+0000] {processor.py:925} INFO - DAG(s) 'dataset_s3_bucket_consumer', 'dataset_alias_example_alias_producer', 'dataset_alias_example_alias_consumer', 'dataset_s3_bucket_producer' retrieved from /home/airflow/.local/lib/python3.12/site-packages/airflow/example_dags/example_dataset_alias.py
[2024-11-14T06:34:58.550+0000] {logging_mixin.py:190} INFO - [2024-11-14T06:34:58.550+0000] {dag.py:3239} INFO - Sync 4 DAGs
[2024-11-14T06:34:58.561+0000] {logging_mixin.py:190} INFO - [2024-11-14T06:34:58.561+0000] {dag.py:4180} INFO - Setting next_dagrun for dataset_alias_example_alias_consumer to None, run_after=None
[2024-11-14T06:34:58.562+0000] {logging_mixin.py:190} INFO - [2024-11-14T06:34:58.562+0000] {dag.py:4180} INFO - Setting next_dagrun for dataset_alias_example_alias_producer to None, run_after=None
[2024-11-14T06:34:58.563+0000] {logging_mixin.py:190} INFO - [2024-11-14T06:34:58.563+0000] {dag.py:4180} INFO - Setting next_dagrun for dataset_s3_bucket_consumer to None, run_after=None
[2024-11-14T06:34:58.564+0000] {logging_mixin.py:190} INFO - [2024-11-14T06:34:58.563+0000] {dag.py:4180} INFO - Setting next_dagrun for dataset_s3_bucket_producer to None, run_after=None
[2024-11-14T06:34:58.574+0000] {processor.py:208} INFO - Processing /home/airflow/.local/lib/python3.12/site-packages/airflow/example_dags/example_dataset_alias.py took 0.423 seconds
[2024-11-14T06:35:29.061+0000] {processor.py:186} INFO - Started process (PID=1249) to work on /home/airflow/.local/lib/python3.12/site-packages/airflow/example_dags/example_dataset_alias.py
[2024-11-14T06:35:29.062+0000] {processor.py:914} INFO - Processing file /home/airflow/.local/lib/python3.12/site-packages/airflow/example_dags/example_dataset_alias.py for tasks to queue
[2024-11-14T06:35:29.065+0000] {logging_mixin.py:190} INFO - [2024-11-14T06:35:29.065+0000] {dagbag.py:588} INFO - Filling up the DagBag from /home/airflow/.local/lib/python3.12/site-packages/airflow/example_dags/example_dataset_alias.py
[2024-11-14T06:35:29.442+0000] {processor.py:925} INFO - DAG(s) 'dataset_s3_bucket_consumer', 'dataset_alias_example_alias_producer', 'dataset_s3_bucket_producer', 'dataset_alias_example_alias_consumer' retrieved from /home/airflow/.local/lib/python3.12/site-packages/airflow/example_dags/example_dataset_alias.py
[2024-11-14T06:35:29.453+0000] {logging_mixin.py:190} INFO - [2024-11-14T06:35:29.452+0000] {dag.py:3239} INFO - Sync 4 DAGs
[2024-11-14T06:35:29.462+0000] {logging_mixin.py:190} INFO - [2024-11-14T06:35:29.462+0000] {dag.py:4180} INFO - Setting next_dagrun for dataset_alias_example_alias_consumer to None, run_after=None
[2024-11-14T06:35:29.463+0000] {logging_mixin.py:190} INFO - [2024-11-14T06:35:29.463+0000] {dag.py:4180} INFO - Setting next_dagrun for dataset_alias_example_alias_producer to None, run_after=None
[2024-11-14T06:35:29.464+0000] {logging_mixin.py:190} INFO - [2024-11-14T06:35:29.464+0000] {dag.py:4180} INFO - Setting next_dagrun for dataset_s3_bucket_consumer to None, run_after=None
[2024-11-14T06:35:29.464+0000] {logging_mixin.py:190} INFO - [2024-11-14T06:35:29.464+0000] {dag.py:4180} INFO - Setting next_dagrun for dataset_s3_bucket_producer to None, run_after=None
[2024-11-14T06:35:29.474+0000] {processor.py:208} INFO - Processing /home/airflow/.local/lib/python3.12/site-packages/airflow/example_dags/example_dataset_alias.py took 0.419 seconds
[2024-11-14T06:36:00.609+0000] {processor.py:186} INFO - Started process (PID=1313) to work on /home/airflow/.local/lib/python3.12/site-packages/airflow/example_dags/example_dataset_alias.py
[2024-11-14T06:36:00.609+0000] {processor.py:914} INFO - Processing file /home/airflow/.local/lib/python3.12/site-packages/airflow/example_dags/example_dataset_alias.py for tasks to queue
[2024-11-14T06:36:00.611+0000] {logging_mixin.py:190} INFO - [2024-11-14T06:36:00.611+0000] {dagbag.py:588} INFO - Filling up the DagBag from /home/airflow/.local/lib/python3.12/site-packages/airflow/example_dags/example_dataset_alias.py
[2024-11-14T06:36:00.966+0000] {processor.py:925} INFO - DAG(s) 'dataset_alias_example_alias_producer', 'dataset_alias_example_alias_consumer', 'dataset_s3_bucket_consumer', 'dataset_s3_bucket_producer' retrieved from /home/airflow/.local/lib/python3.12/site-packages/airflow/example_dags/example_dataset_alias.py
[2024-11-14T06:36:00.978+0000] {logging_mixin.py:190} INFO - [2024-11-14T06:36:00.978+0000] {dag.py:3239} INFO - Sync 4 DAGs
[2024-11-14T06:36:00.988+0000] {logging_mixin.py:190} INFO - [2024-11-14T06:36:00.988+0000] {dag.py:4180} INFO - Setting next_dagrun for dataset_alias_example_alias_consumer to None, run_after=None
[2024-11-14T06:36:00.989+0000] {logging_mixin.py:190} INFO - [2024-11-14T06:36:00.989+0000] {dag.py:4180} INFO - Setting next_dagrun for dataset_alias_example_alias_producer to None, run_after=None
[2024-11-14T06:36:00.990+0000] {logging_mixin.py:190} INFO - [2024-11-14T06:36:00.990+0000] {dag.py:4180} INFO - Setting next_dagrun for dataset_s3_bucket_consumer to None, run_after=None
[2024-11-14T06:36:00.991+0000] {logging_mixin.py:190} INFO - [2024-11-14T06:36:00.991+0000] {dag.py:4180} INFO - Setting next_dagrun for dataset_s3_bucket_producer to None, run_after=None
[2024-11-14T06:36:01.000+0000] {processor.py:208} INFO - Processing /home/airflow/.local/lib/python3.12/site-packages/airflow/example_dags/example_dataset_alias.py took 0.395 seconds
[2024-11-14T06:36:32.295+0000] {processor.py:186} INFO - Started process (PID=1377) to work on /home/airflow/.local/lib/python3.12/site-packages/airflow/example_dags/example_dataset_alias.py
[2024-11-14T06:36:32.296+0000] {processor.py:914} INFO - Processing file /home/airflow/.local/lib/python3.12/site-packages/airflow/example_dags/example_dataset_alias.py for tasks to queue
[2024-11-14T06:36:32.298+0000] {logging_mixin.py:190} INFO - [2024-11-14T06:36:32.298+0000] {dagbag.py:588} INFO - Filling up the DagBag from /home/airflow/.local/lib/python3.12/site-packages/airflow/example_dags/example_dataset_alias.py
[2024-11-14T06:36:32.671+0000] {processor.py:925} INFO - DAG(s) 'dataset_alias_example_alias_consumer', 'dataset_s3_bucket_consumer', 'dataset_s3_bucket_producer', 'dataset_alias_example_alias_producer' retrieved from /home/airflow/.local/lib/python3.12/site-packages/airflow/example_dags/example_dataset_alias.py
[2024-11-14T06:36:32.681+0000] {logging_mixin.py:190} INFO - [2024-11-14T06:36:32.680+0000] {dag.py:3239} INFO - Sync 4 DAGs
[2024-11-14T06:36:32.690+0000] {logging_mixin.py:190} INFO - [2024-11-14T06:36:32.690+0000] {dag.py:4180} INFO - Setting next_dagrun for dataset_alias_example_alias_consumer to None, run_after=None
[2024-11-14T06:36:32.691+0000] {logging_mixin.py:190} INFO - [2024-11-14T06:36:32.691+0000] {dag.py:4180} INFO - Setting next_dagrun for dataset_alias_example_alias_producer to None, run_after=None
[2024-11-14T06:36:32.692+0000] {logging_mixin.py:190} INFO - [2024-11-14T06:36:32.692+0000] {dag.py:4180} INFO - Setting next_dagrun for dataset_s3_bucket_consumer to None, run_after=None
[2024-11-14T06:36:32.693+0000] {logging_mixin.py:190} INFO - [2024-11-14T06:36:32.693+0000] {dag.py:4180} INFO - Setting next_dagrun for dataset_s3_bucket_producer to None, run_after=None
[2024-11-14T06:36:32.703+0000] {processor.py:208} INFO - Processing /home/airflow/.local/lib/python3.12/site-packages/airflow/example_dags/example_dataset_alias.py took 0.412 seconds
[2024-11-14T06:37:03.700+0000] {processor.py:186} INFO - Started process (PID=1441) to work on /home/airflow/.local/lib/python3.12/site-packages/airflow/example_dags/example_dataset_alias.py
[2024-11-14T06:37:03.702+0000] {processor.py:914} INFO - Processing file /home/airflow/.local/lib/python3.12/site-packages/airflow/example_dags/example_dataset_alias.py for tasks to queue
[2024-11-14T06:37:03.706+0000] {logging_mixin.py:190} INFO - [2024-11-14T06:37:03.705+0000] {dagbag.py:588} INFO - Filling up the DagBag from /home/airflow/.local/lib/python3.12/site-packages/airflow/example_dags/example_dataset_alias.py
[2024-11-14T06:37:04.110+0000] {processor.py:925} INFO - DAG(s) 'dataset_alias_example_alias_producer', 'dataset_s3_bucket_producer', 'dataset_alias_example_alias_consumer', 'dataset_s3_bucket_consumer' retrieved from /home/airflow/.local/lib/python3.12/site-packages/airflow/example_dags/example_dataset_alias.py
[2024-11-14T06:37:04.119+0000] {logging_mixin.py:190} INFO - [2024-11-14T06:37:04.119+0000] {dag.py:3239} INFO - Sync 4 DAGs
[2024-11-14T06:37:04.132+0000] {logging_mixin.py:190} INFO - [2024-11-14T06:37:04.132+0000] {dag.py:4180} INFO - Setting next_dagrun for dataset_alias_example_alias_consumer to None, run_after=None
[2024-11-14T06:37:04.134+0000] {logging_mixin.py:190} INFO - [2024-11-14T06:37:04.133+0000] {dag.py:4180} INFO - Setting next_dagrun for dataset_alias_example_alias_producer to None, run_after=None
[2024-11-14T06:37:04.134+0000] {logging_mixin.py:190} INFO - [2024-11-14T06:37:04.134+0000] {dag.py:4180} INFO - Setting next_dagrun for dataset_s3_bucket_consumer to None, run_after=None
[2024-11-14T06:37:04.135+0000] {logging_mixin.py:190} INFO - [2024-11-14T06:37:04.135+0000] {dag.py:4180} INFO - Setting next_dagrun for dataset_s3_bucket_producer to None, run_after=None
[2024-11-14T06:37:04.147+0000] {processor.py:208} INFO - Processing /home/airflow/.local/lib/python3.12/site-packages/airflow/example_dags/example_dataset_alias.py took 0.455 seconds
[2024-11-14T06:37:35.057+0000] {processor.py:186} INFO - Started process (PID=1505) to work on /home/airflow/.local/lib/python3.12/site-packages/airflow/example_dags/example_dataset_alias.py
[2024-11-14T06:37:35.057+0000] {processor.py:914} INFO - Processing file /home/airflow/.local/lib/python3.12/site-packages/airflow/example_dags/example_dataset_alias.py for tasks to queue
[2024-11-14T06:37:35.059+0000] {logging_mixin.py:190} INFO - [2024-11-14T06:37:35.059+0000] {dagbag.py:588} INFO - Filling up the DagBag from /home/airflow/.local/lib/python3.12/site-packages/airflow/example_dags/example_dataset_alias.py
[2024-11-14T06:37:35.387+0000] {processor.py:925} INFO - DAG(s) 'dataset_alias_example_alias_consumer', 'dataset_s3_bucket_producer', 'dataset_s3_bucket_consumer', 'dataset_alias_example_alias_producer' retrieved from /home/airflow/.local/lib/python3.12/site-packages/airflow/example_dags/example_dataset_alias.py
[2024-11-14T06:37:35.396+0000] {logging_mixin.py:190} INFO - [2024-11-14T06:37:35.395+0000] {dag.py:3239} INFO - Sync 4 DAGs
[2024-11-14T06:37:35.406+0000] {logging_mixin.py:190} INFO - [2024-11-14T06:37:35.406+0000] {dag.py:4180} INFO - Setting next_dagrun for dataset_alias_example_alias_consumer to None, run_after=None
[2024-11-14T06:37:35.407+0000] {logging_mixin.py:190} INFO - [2024-11-14T06:37:35.407+0000] {dag.py:4180} INFO - Setting next_dagrun for dataset_alias_example_alias_producer to None, run_after=None
[2024-11-14T06:37:35.408+0000] {logging_mixin.py:190} INFO - [2024-11-14T06:37:35.408+0000] {dag.py:4180} INFO - Setting next_dagrun for dataset_s3_bucket_consumer to None, run_after=None
[2024-11-14T06:37:35.409+0000] {logging_mixin.py:190} INFO - [2024-11-14T06:37:35.409+0000] {dag.py:4180} INFO - Setting next_dagrun for dataset_s3_bucket_producer to None, run_after=None
[2024-11-14T06:37:35.418+0000] {processor.py:208} INFO - Processing /home/airflow/.local/lib/python3.12/site-packages/airflow/example_dags/example_dataset_alias.py took 0.366 seconds
[2024-11-14T06:38:06.513+0000] {processor.py:186} INFO - Started process (PID=1569) to work on /home/airflow/.local/lib/python3.12/site-packages/airflow/example_dags/example_dataset_alias.py
[2024-11-14T06:38:06.514+0000] {processor.py:914} INFO - Processing file /home/airflow/.local/lib/python3.12/site-packages/airflow/example_dags/example_dataset_alias.py for tasks to queue
[2024-11-14T06:38:06.516+0000] {logging_mixin.py:190} INFO - [2024-11-14T06:38:06.515+0000] {dagbag.py:588} INFO - Filling up the DagBag from /home/airflow/.local/lib/python3.12/site-packages/airflow/example_dags/example_dataset_alias.py
[2024-11-14T06:38:06.850+0000] {processor.py:925} INFO - DAG(s) 'dataset_s3_bucket_producer', 'dataset_alias_example_alias_consumer', 'dataset_s3_bucket_consumer', 'dataset_alias_example_alias_producer' retrieved from /home/airflow/.local/lib/python3.12/site-packages/airflow/example_dags/example_dataset_alias.py
[2024-11-14T06:38:06.860+0000] {logging_mixin.py:190} INFO - [2024-11-14T06:38:06.860+0000] {dag.py:3239} INFO - Sync 4 DAGs
[2024-11-14T06:38:06.874+0000] {logging_mixin.py:190} INFO - [2024-11-14T06:38:06.874+0000] {dag.py:4180} INFO - Setting next_dagrun for dataset_alias_example_alias_consumer to None, run_after=None
[2024-11-14T06:38:06.876+0000] {logging_mixin.py:190} INFO - [2024-11-14T06:38:06.875+0000] {dag.py:4180} INFO - Setting next_dagrun for dataset_alias_example_alias_producer to None, run_after=None
[2024-11-14T06:38:06.879+0000] {logging_mixin.py:190} INFO - [2024-11-14T06:38:06.879+0000] {dag.py:4180} INFO - Setting next_dagrun for dataset_s3_bucket_consumer to None, run_after=None
[2024-11-14T06:38:06.880+0000] {logging_mixin.py:190} INFO - [2024-11-14T06:38:06.880+0000] {dag.py:4180} INFO - Setting next_dagrun for dataset_s3_bucket_producer to None, run_after=None
[2024-11-14T06:38:06.889+0000] {processor.py:208} INFO - Processing /home/airflow/.local/lib/python3.12/site-packages/airflow/example_dags/example_dataset_alias.py took 0.379 seconds
[2024-11-14T06:38:38.130+0000] {processor.py:186} INFO - Started process (PID=1639) to work on /home/airflow/.local/lib/python3.12/site-packages/airflow/example_dags/example_dataset_alias.py
[2024-11-14T06:38:38.131+0000] {processor.py:914} INFO - Processing file /home/airflow/.local/lib/python3.12/site-packages/airflow/example_dags/example_dataset_alias.py for tasks to queue
[2024-11-14T06:38:38.133+0000] {logging_mixin.py:190} INFO - [2024-11-14T06:38:38.132+0000] {dagbag.py:588} INFO - Filling up the DagBag from /home/airflow/.local/lib/python3.12/site-packages/airflow/example_dags/example_dataset_alias.py
[2024-11-14T06:38:38.466+0000] {processor.py:925} INFO - DAG(s) 'dataset_s3_bucket_consumer', 'dataset_alias_example_alias_producer', 'dataset_s3_bucket_producer', 'dataset_alias_example_alias_consumer' retrieved from /home/airflow/.local/lib/python3.12/site-packages/airflow/example_dags/example_dataset_alias.py
[2024-11-14T06:38:38.476+0000] {logging_mixin.py:190} INFO - [2024-11-14T06:38:38.476+0000] {dag.py:3239} INFO - Sync 4 DAGs
[2024-11-14T06:38:38.486+0000] {logging_mixin.py:190} INFO - [2024-11-14T06:38:38.486+0000] {dag.py:4180} INFO - Setting next_dagrun for dataset_alias_example_alias_consumer to None, run_after=None
[2024-11-14T06:38:38.487+0000] {logging_mixin.py:190} INFO - [2024-11-14T06:38:38.487+0000] {dag.py:4180} INFO - Setting next_dagrun for dataset_alias_example_alias_producer to None, run_after=None
[2024-11-14T06:38:38.488+0000] {logging_mixin.py:190} INFO - [2024-11-14T06:38:38.488+0000] {dag.py:4180} INFO - Setting next_dagrun for dataset_s3_bucket_consumer to None, run_after=None
[2024-11-14T06:38:38.488+0000] {logging_mixin.py:190} INFO - [2024-11-14T06:38:38.488+0000] {dag.py:4180} INFO - Setting next_dagrun for dataset_s3_bucket_producer to None, run_after=None
[2024-11-14T06:38:38.498+0000] {processor.py:208} INFO - Processing /home/airflow/.local/lib/python3.12/site-packages/airflow/example_dags/example_dataset_alias.py took 0.372 seconds
[2024-11-14T06:39:08.938+0000] {processor.py:186} INFO - Started process (PID=1704) to work on /home/airflow/.local/lib/python3.12/site-packages/airflow/example_dags/example_dataset_alias.py
[2024-11-14T06:39:08.939+0000] {processor.py:914} INFO - Processing file /home/airflow/.local/lib/python3.12/site-packages/airflow/example_dags/example_dataset_alias.py for tasks to queue
[2024-11-14T06:39:08.942+0000] {logging_mixin.py:190} INFO - [2024-11-14T06:39:08.941+0000] {dagbag.py:588} INFO - Filling up the DagBag from /home/airflow/.local/lib/python3.12/site-packages/airflow/example_dags/example_dataset_alias.py
[2024-11-14T06:39:09.291+0000] {processor.py:925} INFO - DAG(s) 'dataset_s3_bucket_consumer', 'dataset_alias_example_alias_producer', 'dataset_s3_bucket_producer', 'dataset_alias_example_alias_consumer' retrieved from /home/airflow/.local/lib/python3.12/site-packages/airflow/example_dags/example_dataset_alias.py
[2024-11-14T06:39:09.301+0000] {logging_mixin.py:190} INFO - [2024-11-14T06:39:09.301+0000] {dag.py:3239} INFO - Sync 4 DAGs
[2024-11-14T06:39:09.312+0000] {logging_mixin.py:190} INFO - [2024-11-14T06:39:09.312+0000] {dag.py:4180} INFO - Setting next_dagrun for dataset_alias_example_alias_consumer to None, run_after=None
[2024-11-14T06:39:09.313+0000] {logging_mixin.py:190} INFO - [2024-11-14T06:39:09.313+0000] {dag.py:4180} INFO - Setting next_dagrun for dataset_alias_example_alias_producer to None, run_after=None
[2024-11-14T06:39:09.315+0000] {logging_mixin.py:190} INFO - [2024-11-14T06:39:09.315+0000] {dag.py:4180} INFO - Setting next_dagrun for dataset_s3_bucket_consumer to None, run_after=None
[2024-11-14T06:39:09.315+0000] {logging_mixin.py:190} INFO - [2024-11-14T06:39:09.315+0000] {dag.py:4180} INFO - Setting next_dagrun for dataset_s3_bucket_producer to None, run_after=None
[2024-11-14T06:39:09.325+0000] {processor.py:208} INFO - Processing /home/airflow/.local/lib/python3.12/site-packages/airflow/example_dags/example_dataset_alias.py took 0.393 seconds
[2024-11-14T06:39:39.849+0000] {processor.py:186} INFO - Started process (PID=1768) to work on /home/airflow/.local/lib/python3.12/site-packages/airflow/example_dags/example_dataset_alias.py
[2024-11-14T06:39:39.850+0000] {processor.py:914} INFO - Processing file /home/airflow/.local/lib/python3.12/site-packages/airflow/example_dags/example_dataset_alias.py for tasks to queue
[2024-11-14T06:39:39.852+0000] {logging_mixin.py:190} INFO - [2024-11-14T06:39:39.852+0000] {dagbag.py:588} INFO - Filling up the DagBag from /home/airflow/.local/lib/python3.12/site-packages/airflow/example_dags/example_dataset_alias.py
[2024-11-14T06:39:40.221+0000] {processor.py:925} INFO - DAG(s) 'dataset_alias_example_alias_consumer', 'dataset_s3_bucket_consumer', 'dataset_alias_example_alias_producer', 'dataset_s3_bucket_producer' retrieved from /home/airflow/.local/lib/python3.12/site-packages/airflow/example_dags/example_dataset_alias.py
[2024-11-14T06:39:40.231+0000] {logging_mixin.py:190} INFO - [2024-11-14T06:39:40.231+0000] {dag.py:3239} INFO - Sync 4 DAGs
[2024-11-14T06:39:40.241+0000] {logging_mixin.py:190} INFO - [2024-11-14T06:39:40.241+0000] {dag.py:4180} INFO - Setting next_dagrun for dataset_alias_example_alias_consumer to None, run_after=None
[2024-11-14T06:39:40.242+0000] {logging_mixin.py:190} INFO - [2024-11-14T06:39:40.242+0000] {dag.py:4180} INFO - Setting next_dagrun for dataset_alias_example_alias_producer to None, run_after=None
[2024-11-14T06:39:40.243+0000] {logging_mixin.py:190} INFO - [2024-11-14T06:39:40.243+0000] {dag.py:4180} INFO - Setting next_dagrun for dataset_s3_bucket_consumer to None, run_after=None
[2024-11-14T06:39:40.243+0000] {logging_mixin.py:190} INFO - [2024-11-14T06:39:40.243+0000] {dag.py:4180} INFO - Setting next_dagrun for dataset_s3_bucket_producer to None, run_after=None
[2024-11-14T06:39:40.253+0000] {processor.py:208} INFO - Processing /home/airflow/.local/lib/python3.12/site-packages/airflow/example_dags/example_dataset_alias.py took 0.409 seconds
[2024-11-14T06:40:11.368+0000] {processor.py:186} INFO - Started process (PID=1832) to work on /home/airflow/.local/lib/python3.12/site-packages/airflow/example_dags/example_dataset_alias.py
[2024-11-14T06:40:11.370+0000] {processor.py:914} INFO - Processing file /home/airflow/.local/lib/python3.12/site-packages/airflow/example_dags/example_dataset_alias.py for tasks to queue
[2024-11-14T06:40:11.371+0000] {logging_mixin.py:190} INFO - [2024-11-14T06:40:11.371+0000] {dagbag.py:588} INFO - Filling up the DagBag from /home/airflow/.local/lib/python3.12/site-packages/airflow/example_dags/example_dataset_alias.py
[2024-11-14T06:40:11.698+0000] {processor.py:925} INFO - DAG(s) 'dataset_alias_example_alias_producer', 'dataset_s3_bucket_consumer', 'dataset_s3_bucket_producer', 'dataset_alias_example_alias_consumer' retrieved from /home/airflow/.local/lib/python3.12/site-packages/airflow/example_dags/example_dataset_alias.py
[2024-11-14T06:40:11.707+0000] {logging_mixin.py:190} INFO - [2024-11-14T06:40:11.707+0000] {dag.py:3239} INFO - Sync 4 DAGs
[2024-11-14T06:40:11.716+0000] {logging_mixin.py:190} INFO - [2024-11-14T06:40:11.716+0000] {dag.py:4180} INFO - Setting next_dagrun for dataset_alias_example_alias_consumer to None, run_after=None
[2024-11-14T06:40:11.718+0000] {logging_mixin.py:190} INFO - [2024-11-14T06:40:11.718+0000] {dag.py:4180} INFO - Setting next_dagrun for dataset_alias_example_alias_producer to None, run_after=None
[2024-11-14T06:40:11.719+0000] {logging_mixin.py:190} INFO - [2024-11-14T06:40:11.719+0000] {dag.py:4180} INFO - Setting next_dagrun for dataset_s3_bucket_consumer to None, run_after=None
[2024-11-14T06:40:11.719+0000] {logging_mixin.py:190} INFO - [2024-11-14T06:40:11.719+0000] {dag.py:4180} INFO - Setting next_dagrun for dataset_s3_bucket_producer to None, run_after=None
[2024-11-14T06:40:11.731+0000] {processor.py:208} INFO - Processing /home/airflow/.local/lib/python3.12/site-packages/airflow/example_dags/example_dataset_alias.py took 0.367 seconds
[2024-11-14T06:40:42.914+0000] {processor.py:186} INFO - Started process (PID=1896) to work on /home/airflow/.local/lib/python3.12/site-packages/airflow/example_dags/example_dataset_alias.py
[2024-11-14T06:40:42.915+0000] {processor.py:914} INFO - Processing file /home/airflow/.local/lib/python3.12/site-packages/airflow/example_dags/example_dataset_alias.py for tasks to queue
[2024-11-14T06:40:42.916+0000] {logging_mixin.py:190} INFO - [2024-11-14T06:40:42.916+0000] {dagbag.py:588} INFO - Filling up the DagBag from /home/airflow/.local/lib/python3.12/site-packages/airflow/example_dags/example_dataset_alias.py
[2024-11-14T06:40:43.286+0000] {processor.py:925} INFO - DAG(s) 'dataset_s3_bucket_consumer', 'dataset_s3_bucket_producer', 'dataset_alias_example_alias_consumer', 'dataset_alias_example_alias_producer' retrieved from /home/airflow/.local/lib/python3.12/site-packages/airflow/example_dags/example_dataset_alias.py
[2024-11-14T06:40:43.297+0000] {logging_mixin.py:190} INFO - [2024-11-14T06:40:43.296+0000] {dag.py:3239} INFO - Sync 4 DAGs
[2024-11-14T06:40:43.310+0000] {logging_mixin.py:190} INFO - [2024-11-14T06:40:43.310+0000] {dag.py:4180} INFO - Setting next_dagrun for dataset_alias_example_alias_consumer to None, run_after=None
[2024-11-14T06:40:43.312+0000] {logging_mixin.py:190} INFO - [2024-11-14T06:40:43.311+0000] {dag.py:4180} INFO - Setting next_dagrun for dataset_alias_example_alias_producer to None, run_after=None
[2024-11-14T06:40:43.312+0000] {logging_mixin.py:190} INFO - [2024-11-14T06:40:43.312+0000] {dag.py:4180} INFO - Setting next_dagrun for dataset_s3_bucket_consumer to None, run_after=None
[2024-11-14T06:40:43.313+0000] {logging_mixin.py:190} INFO - [2024-11-14T06:40:43.313+0000] {dag.py:4180} INFO - Setting next_dagrun for dataset_s3_bucket_producer to None, run_after=None
[2024-11-14T06:40:43.323+0000] {processor.py:208} INFO - Processing /home/airflow/.local/lib/python3.12/site-packages/airflow/example_dags/example_dataset_alias.py took 0.413 seconds
[2024-11-14T06:41:14.689+0000] {processor.py:186} INFO - Started process (PID=1959) to work on /home/airflow/.local/lib/python3.12/site-packages/airflow/example_dags/example_dataset_alias.py
[2024-11-14T06:41:14.690+0000] {processor.py:914} INFO - Processing file /home/airflow/.local/lib/python3.12/site-packages/airflow/example_dags/example_dataset_alias.py for tasks to queue
[2024-11-14T06:41:14.694+0000] {logging_mixin.py:190} INFO - [2024-11-14T06:41:14.694+0000] {dagbag.py:588} INFO - Filling up the DagBag from /home/airflow/.local/lib/python3.12/site-packages/airflow/example_dags/example_dataset_alias.py
[2024-11-14T06:41:15.167+0000] {processor.py:925} INFO - DAG(s) 'dataset_s3_bucket_producer', 'dataset_alias_example_alias_producer', 'dataset_alias_example_alias_consumer', 'dataset_s3_bucket_consumer' retrieved from /home/airflow/.local/lib/python3.12/site-packages/airflow/example_dags/example_dataset_alias.py
[2024-11-14T06:41:15.182+0000] {logging_mixin.py:190} INFO - [2024-11-14T06:41:15.182+0000] {dag.py:3239} INFO - Sync 4 DAGs
[2024-11-14T06:41:15.197+0000] {logging_mixin.py:190} INFO - [2024-11-14T06:41:15.196+0000] {dag.py:4180} INFO - Setting next_dagrun for dataset_alias_example_alias_consumer to None, run_after=None
[2024-11-14T06:41:15.198+0000] {logging_mixin.py:190} INFO - [2024-11-14T06:41:15.198+0000] {dag.py:4180} INFO - Setting next_dagrun for dataset_alias_example_alias_producer to None, run_after=None
[2024-11-14T06:41:15.200+0000] {logging_mixin.py:190} INFO - [2024-11-14T06:41:15.200+0000] {dag.py:4180} INFO - Setting next_dagrun for dataset_s3_bucket_consumer to None, run_after=None
[2024-11-14T06:41:15.201+0000] {logging_mixin.py:190} INFO - [2024-11-14T06:41:15.201+0000] {dag.py:4180} INFO - Setting next_dagrun for dataset_s3_bucket_producer to None, run_after=None
[2024-11-14T06:41:15.214+0000] {processor.py:208} INFO - Processing /home/airflow/.local/lib/python3.12/site-packages/airflow/example_dags/example_dataset_alias.py took 0.530 seconds
