[2024-11-14T06:26:04.150+0000] {processor.py:186} INFO - Started process (PID=92) to work on /home/airflow/.local/lib/python3.12/site-packages/airflow/example_dags/example_xcomargs.py
[2024-11-14T06:26:04.151+0000] {processor.py:914} INFO - Processing file /home/airflow/.local/lib/python3.12/site-packages/airflow/example_dags/example_xcomargs.py for tasks to queue
[2024-11-14T06:26:04.152+0000] {logging_mixin.py:190} INFO - [2024-11-14T06:26:04.152+0000] {dagbag.py:588} INFO - Filling up the DagBag from /home/airflow/.local/lib/python3.12/site-packages/airflow/example_dags/example_xcomargs.py
[2024-11-14T06:26:04.159+0000] {processor.py:925} INFO - DAG(s) 'example_xcom_args_with_operators', 'example_xcom_args' retrieved from /home/airflow/.local/lib/python3.12/site-packages/airflow/example_dags/example_xcomargs.py
[2024-11-14T06:26:04.173+0000] {logging_mixin.py:190} INFO - [2024-11-14T06:26:04.173+0000] {dag.py:3239} INFO - Sync 2 DAGs
[2024-11-14T06:26:04.181+0000] {logging_mixin.py:190} INFO - [2024-11-14T06:26:04.181+0000] {dag.py:4180} INFO - Setting next_dagrun for example_xcom_args to None, run_after=None
[2024-11-14T06:26:04.185+0000] {logging_mixin.py:190} INFO - [2024-11-14T06:26:04.185+0000] {dag.py:4180} INFO - Setting next_dagrun for example_xcom_args_with_operators to None, run_after=None
[2024-11-14T06:26:04.193+0000] {processor.py:208} INFO - Processing /home/airflow/.local/lib/python3.12/site-packages/airflow/example_dags/example_xcomargs.py took 0.047 seconds
[2024-11-14T06:26:36.100+0000] {processor.py:186} INFO - Started process (PID=162) to work on /home/airflow/.local/lib/python3.12/site-packages/airflow/example_dags/example_xcomargs.py
[2024-11-14T06:26:36.100+0000] {processor.py:914} INFO - Processing file /home/airflow/.local/lib/python3.12/site-packages/airflow/example_dags/example_xcomargs.py for tasks to queue
[2024-11-14T06:26:36.102+0000] {logging_mixin.py:190} INFO - [2024-11-14T06:26:36.102+0000] {dagbag.py:588} INFO - Filling up the DagBag from /home/airflow/.local/lib/python3.12/site-packages/airflow/example_dags/example_xcomargs.py
[2024-11-14T06:26:36.108+0000] {processor.py:925} INFO - DAG(s) 'example_xcom_args', 'example_xcom_args_with_operators' retrieved from /home/airflow/.local/lib/python3.12/site-packages/airflow/example_dags/example_xcomargs.py
[2024-11-14T06:26:36.126+0000] {logging_mixin.py:190} INFO - [2024-11-14T06:26:36.126+0000] {dag.py:3239} INFO - Sync 2 DAGs
[2024-11-14T06:26:36.135+0000] {logging_mixin.py:190} INFO - [2024-11-14T06:26:36.135+0000] {dag.py:4180} INFO - Setting next_dagrun for example_xcom_args to None, run_after=None
[2024-11-14T06:26:36.137+0000] {logging_mixin.py:190} INFO - [2024-11-14T06:26:36.137+0000] {dag.py:4180} INFO - Setting next_dagrun for example_xcom_args_with_operators to None, run_after=None
[2024-11-14T06:26:36.147+0000] {processor.py:208} INFO - Processing /home/airflow/.local/lib/python3.12/site-packages/airflow/example_dags/example_xcomargs.py took 0.051 seconds
[2024-11-14T06:27:06.822+0000] {processor.py:186} INFO - Started process (PID=225) to work on /home/airflow/.local/lib/python3.12/site-packages/airflow/example_dags/example_xcomargs.py
[2024-11-14T06:27:06.823+0000] {processor.py:914} INFO - Processing file /home/airflow/.local/lib/python3.12/site-packages/airflow/example_dags/example_xcomargs.py for tasks to queue
[2024-11-14T06:27:06.824+0000] {logging_mixin.py:190} INFO - [2024-11-14T06:27:06.824+0000] {dagbag.py:588} INFO - Filling up the DagBag from /home/airflow/.local/lib/python3.12/site-packages/airflow/example_dags/example_xcomargs.py
[2024-11-14T06:27:06.830+0000] {processor.py:925} INFO - DAG(s) 'example_xcom_args', 'example_xcom_args_with_operators' retrieved from /home/airflow/.local/lib/python3.12/site-packages/airflow/example_dags/example_xcomargs.py
[2024-11-14T06:27:06.842+0000] {logging_mixin.py:190} INFO - [2024-11-14T06:27:06.842+0000] {dag.py:3239} INFO - Sync 2 DAGs
[2024-11-14T06:27:06.850+0000] {logging_mixin.py:190} INFO - [2024-11-14T06:27:06.850+0000] {dag.py:4180} INFO - Setting next_dagrun for example_xcom_args to None, run_after=None
[2024-11-14T06:27:06.852+0000] {logging_mixin.py:190} INFO - [2024-11-14T06:27:06.852+0000] {dag.py:4180} INFO - Setting next_dagrun for example_xcom_args_with_operators to None, run_after=None
[2024-11-14T06:27:06.861+0000] {processor.py:208} INFO - Processing /home/airflow/.local/lib/python3.12/site-packages/airflow/example_dags/example_xcomargs.py took 0.042 seconds
[2024-11-14T06:27:37.720+0000] {processor.py:186} INFO - Started process (PID=290) to work on /home/airflow/.local/lib/python3.12/site-packages/airflow/example_dags/example_xcomargs.py
[2024-11-14T06:27:37.720+0000] {processor.py:914} INFO - Processing file /home/airflow/.local/lib/python3.12/site-packages/airflow/example_dags/example_xcomargs.py for tasks to queue
[2024-11-14T06:27:37.722+0000] {logging_mixin.py:190} INFO - [2024-11-14T06:27:37.722+0000] {dagbag.py:588} INFO - Filling up the DagBag from /home/airflow/.local/lib/python3.12/site-packages/airflow/example_dags/example_xcomargs.py
[2024-11-14T06:27:37.728+0000] {processor.py:925} INFO - DAG(s) 'example_xcom_args_with_operators', 'example_xcom_args' retrieved from /home/airflow/.local/lib/python3.12/site-packages/airflow/example_dags/example_xcomargs.py
[2024-11-14T06:27:37.740+0000] {logging_mixin.py:190} INFO - [2024-11-14T06:27:37.740+0000] {dag.py:3239} INFO - Sync 2 DAGs
[2024-11-14T06:27:37.748+0000] {logging_mixin.py:190} INFO - [2024-11-14T06:27:37.748+0000] {dag.py:4180} INFO - Setting next_dagrun for example_xcom_args to None, run_after=None
[2024-11-14T06:27:37.750+0000] {logging_mixin.py:190} INFO - [2024-11-14T06:27:37.750+0000] {dag.py:4180} INFO - Setting next_dagrun for example_xcom_args_with_operators to None, run_after=None
[2024-11-14T06:27:37.759+0000] {processor.py:208} INFO - Processing /home/airflow/.local/lib/python3.12/site-packages/airflow/example_dags/example_xcomargs.py took 0.042 seconds
[2024-11-14T06:28:08.145+0000] {processor.py:186} INFO - Started process (PID=353) to work on /home/airflow/.local/lib/python3.12/site-packages/airflow/example_dags/example_xcomargs.py
[2024-11-14T06:28:08.146+0000] {processor.py:914} INFO - Processing file /home/airflow/.local/lib/python3.12/site-packages/airflow/example_dags/example_xcomargs.py for tasks to queue
[2024-11-14T06:28:08.148+0000] {logging_mixin.py:190} INFO - [2024-11-14T06:28:08.148+0000] {dagbag.py:588} INFO - Filling up the DagBag from /home/airflow/.local/lib/python3.12/site-packages/airflow/example_dags/example_xcomargs.py
[2024-11-14T06:28:08.155+0000] {processor.py:925} INFO - DAG(s) 'example_xcom_args_with_operators', 'example_xcom_args' retrieved from /home/airflow/.local/lib/python3.12/site-packages/airflow/example_dags/example_xcomargs.py
[2024-11-14T06:28:08.171+0000] {logging_mixin.py:190} INFO - [2024-11-14T06:28:08.171+0000] {dag.py:3239} INFO - Sync 2 DAGs
[2024-11-14T06:28:08.181+0000] {logging_mixin.py:190} INFO - [2024-11-14T06:28:08.181+0000] {dag.py:4180} INFO - Setting next_dagrun for example_xcom_args to None, run_after=None
[2024-11-14T06:28:08.185+0000] {logging_mixin.py:190} INFO - [2024-11-14T06:28:08.185+0000] {dag.py:4180} INFO - Setting next_dagrun for example_xcom_args_with_operators to None, run_after=None
[2024-11-14T06:28:08.198+0000] {processor.py:208} INFO - Processing /home/airflow/.local/lib/python3.12/site-packages/airflow/example_dags/example_xcomargs.py took 0.058 seconds
[2024-11-14T06:28:38.814+0000] {processor.py:186} INFO - Started process (PID=416) to work on /home/airflow/.local/lib/python3.12/site-packages/airflow/example_dags/example_xcomargs.py
[2024-11-14T06:28:38.815+0000] {processor.py:914} INFO - Processing file /home/airflow/.local/lib/python3.12/site-packages/airflow/example_dags/example_xcomargs.py for tasks to queue
[2024-11-14T06:28:38.816+0000] {logging_mixin.py:190} INFO - [2024-11-14T06:28:38.816+0000] {dagbag.py:588} INFO - Filling up the DagBag from /home/airflow/.local/lib/python3.12/site-packages/airflow/example_dags/example_xcomargs.py
[2024-11-14T06:28:38.822+0000] {processor.py:925} INFO - DAG(s) 'example_xcom_args', 'example_xcom_args_with_operators' retrieved from /home/airflow/.local/lib/python3.12/site-packages/airflow/example_dags/example_xcomargs.py
[2024-11-14T06:28:38.834+0000] {logging_mixin.py:190} INFO - [2024-11-14T06:28:38.834+0000] {dag.py:3239} INFO - Sync 2 DAGs
[2024-11-14T06:28:38.841+0000] {logging_mixin.py:190} INFO - [2024-11-14T06:28:38.841+0000] {dag.py:4180} INFO - Setting next_dagrun for example_xcom_args to None, run_after=None
[2024-11-14T06:28:38.843+0000] {logging_mixin.py:190} INFO - [2024-11-14T06:28:38.843+0000] {dag.py:4180} INFO - Setting next_dagrun for example_xcom_args_with_operators to None, run_after=None
[2024-11-14T06:28:38.850+0000] {processor.py:208} INFO - Processing /home/airflow/.local/lib/python3.12/site-packages/airflow/example_dags/example_xcomargs.py took 0.039 seconds
[2024-11-14T06:29:10.060+0000] {processor.py:186} INFO - Started process (PID=479) to work on /home/airflow/.local/lib/python3.12/site-packages/airflow/example_dags/example_xcomargs.py
[2024-11-14T06:29:10.061+0000] {processor.py:914} INFO - Processing file /home/airflow/.local/lib/python3.12/site-packages/airflow/example_dags/example_xcomargs.py for tasks to queue
[2024-11-14T06:29:10.063+0000] {logging_mixin.py:190} INFO - [2024-11-14T06:29:10.062+0000] {dagbag.py:588} INFO - Filling up the DagBag from /home/airflow/.local/lib/python3.12/site-packages/airflow/example_dags/example_xcomargs.py
[2024-11-14T06:29:10.073+0000] {processor.py:925} INFO - DAG(s) 'example_xcom_args', 'example_xcom_args_with_operators' retrieved from /home/airflow/.local/lib/python3.12/site-packages/airflow/example_dags/example_xcomargs.py
[2024-11-14T06:29:10.089+0000] {logging_mixin.py:190} INFO - [2024-11-14T06:29:10.089+0000] {dag.py:3239} INFO - Sync 2 DAGs
[2024-11-14T06:29:10.098+0000] {logging_mixin.py:190} INFO - [2024-11-14T06:29:10.098+0000] {dag.py:4180} INFO - Setting next_dagrun for example_xcom_args to None, run_after=None
[2024-11-14T06:29:10.101+0000] {logging_mixin.py:190} INFO - [2024-11-14T06:29:10.101+0000] {dag.py:4180} INFO - Setting next_dagrun for example_xcom_args_with_operators to None, run_after=None
[2024-11-14T06:29:10.110+0000] {processor.py:208} INFO - Processing /home/airflow/.local/lib/python3.12/site-packages/airflow/example_dags/example_xcomargs.py took 0.055 seconds
[2024-11-14T06:29:41.160+0000] {processor.py:186} INFO - Started process (PID=543) to work on /home/airflow/.local/lib/python3.12/site-packages/airflow/example_dags/example_xcomargs.py
[2024-11-14T06:29:41.161+0000] {processor.py:914} INFO - Processing file /home/airflow/.local/lib/python3.12/site-packages/airflow/example_dags/example_xcomargs.py for tasks to queue
[2024-11-14T06:29:41.164+0000] {logging_mixin.py:190} INFO - [2024-11-14T06:29:41.163+0000] {dagbag.py:588} INFO - Filling up the DagBag from /home/airflow/.local/lib/python3.12/site-packages/airflow/example_dags/example_xcomargs.py
[2024-11-14T06:29:41.172+0000] {processor.py:925} INFO - DAG(s) 'example_xcom_args', 'example_xcom_args_with_operators' retrieved from /home/airflow/.local/lib/python3.12/site-packages/airflow/example_dags/example_xcomargs.py
[2024-11-14T06:29:41.185+0000] {logging_mixin.py:190} INFO - [2024-11-14T06:29:41.185+0000] {dag.py:3239} INFO - Sync 2 DAGs
[2024-11-14T06:29:41.208+0000] {logging_mixin.py:190} INFO - [2024-11-14T06:29:41.208+0000] {dag.py:4180} INFO - Setting next_dagrun for example_xcom_args to None, run_after=None
[2024-11-14T06:29:41.210+0000] {logging_mixin.py:190} INFO - [2024-11-14T06:29:41.210+0000] {dag.py:4180} INFO - Setting next_dagrun for example_xcom_args_with_operators to None, run_after=None
[2024-11-14T06:29:41.220+0000] {processor.py:208} INFO - Processing /home/airflow/.local/lib/python3.12/site-packages/airflow/example_dags/example_xcomargs.py took 0.065 seconds
[2024-11-14T06:30:11.524+0000] {processor.py:186} INFO - Started process (PID=607) to work on /home/airflow/.local/lib/python3.12/site-packages/airflow/example_dags/example_xcomargs.py
[2024-11-14T06:30:11.525+0000] {processor.py:914} INFO - Processing file /home/airflow/.local/lib/python3.12/site-packages/airflow/example_dags/example_xcomargs.py for tasks to queue
[2024-11-14T06:30:11.527+0000] {logging_mixin.py:190} INFO - [2024-11-14T06:30:11.527+0000] {dagbag.py:588} INFO - Filling up the DagBag from /home/airflow/.local/lib/python3.12/site-packages/airflow/example_dags/example_xcomargs.py
[2024-11-14T06:30:11.535+0000] {processor.py:925} INFO - DAG(s) 'example_xcom_args_with_operators', 'example_xcom_args' retrieved from /home/airflow/.local/lib/python3.12/site-packages/airflow/example_dags/example_xcomargs.py
[2024-11-14T06:30:11.553+0000] {logging_mixin.py:190} INFO - [2024-11-14T06:30:11.552+0000] {dag.py:3239} INFO - Sync 2 DAGs
[2024-11-14T06:30:11.562+0000] {logging_mixin.py:190} INFO - [2024-11-14T06:30:11.561+0000] {dag.py:4180} INFO - Setting next_dagrun for example_xcom_args to None, run_after=None
[2024-11-14T06:30:11.564+0000] {logging_mixin.py:190} INFO - [2024-11-14T06:30:11.563+0000] {dag.py:4180} INFO - Setting next_dagrun for example_xcom_args_with_operators to None, run_after=None
[2024-11-14T06:30:11.574+0000] {processor.py:208} INFO - Processing /home/airflow/.local/lib/python3.12/site-packages/airflow/example_dags/example_xcomargs.py took 0.053 seconds
[2024-11-14T06:30:42.079+0000] {processor.py:186} INFO - Started process (PID=671) to work on /home/airflow/.local/lib/python3.12/site-packages/airflow/example_dags/example_xcomargs.py
[2024-11-14T06:30:42.079+0000] {processor.py:914} INFO - Processing file /home/airflow/.local/lib/python3.12/site-packages/airflow/example_dags/example_xcomargs.py for tasks to queue
[2024-11-14T06:30:42.081+0000] {logging_mixin.py:190} INFO - [2024-11-14T06:30:42.081+0000] {dagbag.py:588} INFO - Filling up the DagBag from /home/airflow/.local/lib/python3.12/site-packages/airflow/example_dags/example_xcomargs.py
[2024-11-14T06:30:42.087+0000] {processor.py:925} INFO - DAG(s) 'example_xcom_args_with_operators', 'example_xcom_args' retrieved from /home/airflow/.local/lib/python3.12/site-packages/airflow/example_dags/example_xcomargs.py
[2024-11-14T06:30:42.098+0000] {logging_mixin.py:190} INFO - [2024-11-14T06:30:42.098+0000] {dag.py:3239} INFO - Sync 2 DAGs
[2024-11-14T06:30:42.105+0000] {logging_mixin.py:190} INFO - [2024-11-14T06:30:42.105+0000] {dag.py:4180} INFO - Setting next_dagrun for example_xcom_args to None, run_after=None
[2024-11-14T06:30:42.108+0000] {logging_mixin.py:190} INFO - [2024-11-14T06:30:42.108+0000] {dag.py:4180} INFO - Setting next_dagrun for example_xcom_args_with_operators to None, run_after=None
[2024-11-14T06:30:42.117+0000] {processor.py:208} INFO - Processing /home/airflow/.local/lib/python3.12/site-packages/airflow/example_dags/example_xcomargs.py took 0.042 seconds
[2024-11-14T06:31:12.704+0000] {processor.py:186} INFO - Started process (PID=734) to work on /home/airflow/.local/lib/python3.12/site-packages/airflow/example_dags/example_xcomargs.py
[2024-11-14T06:31:12.705+0000] {processor.py:914} INFO - Processing file /home/airflow/.local/lib/python3.12/site-packages/airflow/example_dags/example_xcomargs.py for tasks to queue
[2024-11-14T06:31:12.706+0000] {logging_mixin.py:190} INFO - [2024-11-14T06:31:12.706+0000] {dagbag.py:588} INFO - Filling up the DagBag from /home/airflow/.local/lib/python3.12/site-packages/airflow/example_dags/example_xcomargs.py
[2024-11-14T06:31:12.713+0000] {processor.py:925} INFO - DAG(s) 'example_xcom_args', 'example_xcom_args_with_operators' retrieved from /home/airflow/.local/lib/python3.12/site-packages/airflow/example_dags/example_xcomargs.py
[2024-11-14T06:31:12.726+0000] {logging_mixin.py:190} INFO - [2024-11-14T06:31:12.726+0000] {dag.py:3239} INFO - Sync 2 DAGs
[2024-11-14T06:31:12.733+0000] {logging_mixin.py:190} INFO - [2024-11-14T06:31:12.733+0000] {dag.py:4180} INFO - Setting next_dagrun for example_xcom_args to None, run_after=None
[2024-11-14T06:31:12.734+0000] {logging_mixin.py:190} INFO - [2024-11-14T06:31:12.734+0000] {dag.py:4180} INFO - Setting next_dagrun for example_xcom_args_with_operators to None, run_after=None
[2024-11-14T06:31:12.742+0000] {processor.py:208} INFO - Processing /home/airflow/.local/lib/python3.12/site-packages/airflow/example_dags/example_xcomargs.py took 0.041 seconds
[2024-11-14T06:31:43.207+0000] {processor.py:186} INFO - Started process (PID=798) to work on /home/airflow/.local/lib/python3.12/site-packages/airflow/example_dags/example_xcomargs.py
[2024-11-14T06:31:43.207+0000] {processor.py:914} INFO - Processing file /home/airflow/.local/lib/python3.12/site-packages/airflow/example_dags/example_xcomargs.py for tasks to queue
[2024-11-14T06:31:43.209+0000] {logging_mixin.py:190} INFO - [2024-11-14T06:31:43.209+0000] {dagbag.py:588} INFO - Filling up the DagBag from /home/airflow/.local/lib/python3.12/site-packages/airflow/example_dags/example_xcomargs.py
[2024-11-14T06:31:43.215+0000] {processor.py:925} INFO - DAG(s) 'example_xcom_args', 'example_xcom_args_with_operators' retrieved from /home/airflow/.local/lib/python3.12/site-packages/airflow/example_dags/example_xcomargs.py
[2024-11-14T06:31:43.228+0000] {logging_mixin.py:190} INFO - [2024-11-14T06:31:43.228+0000] {dag.py:3239} INFO - Sync 2 DAGs
[2024-11-14T06:31:43.236+0000] {logging_mixin.py:190} INFO - [2024-11-14T06:31:43.236+0000] {dag.py:4180} INFO - Setting next_dagrun for example_xcom_args to None, run_after=None
[2024-11-14T06:31:43.237+0000] {logging_mixin.py:190} INFO - [2024-11-14T06:31:43.237+0000] {dag.py:4180} INFO - Setting next_dagrun for example_xcom_args_with_operators to None, run_after=None
[2024-11-14T06:31:43.245+0000] {processor.py:208} INFO - Processing /home/airflow/.local/lib/python3.12/site-packages/airflow/example_dags/example_xcomargs.py took 0.042 seconds
[2024-11-14T06:32:13.508+0000] {processor.py:186} INFO - Started process (PID=862) to work on /home/airflow/.local/lib/python3.12/site-packages/airflow/example_dags/example_xcomargs.py
[2024-11-14T06:32:13.508+0000] {processor.py:914} INFO - Processing file /home/airflow/.local/lib/python3.12/site-packages/airflow/example_dags/example_xcomargs.py for tasks to queue
[2024-11-14T06:32:13.510+0000] {logging_mixin.py:190} INFO - [2024-11-14T06:32:13.509+0000] {dagbag.py:588} INFO - Filling up the DagBag from /home/airflow/.local/lib/python3.12/site-packages/airflow/example_dags/example_xcomargs.py
[2024-11-14T06:32:13.515+0000] {processor.py:925} INFO - DAG(s) 'example_xcom_args', 'example_xcom_args_with_operators' retrieved from /home/airflow/.local/lib/python3.12/site-packages/airflow/example_dags/example_xcomargs.py
[2024-11-14T06:32:13.528+0000] {logging_mixin.py:190} INFO - [2024-11-14T06:32:13.528+0000] {dag.py:3239} INFO - Sync 2 DAGs
[2024-11-14T06:32:13.535+0000] {logging_mixin.py:190} INFO - [2024-11-14T06:32:13.535+0000] {dag.py:4180} INFO - Setting next_dagrun for example_xcom_args to None, run_after=None
[2024-11-14T06:32:13.538+0000] {logging_mixin.py:190} INFO - [2024-11-14T06:32:13.538+0000] {dag.py:4180} INFO - Setting next_dagrun for example_xcom_args_with_operators to None, run_after=None
[2024-11-14T06:32:13.549+0000] {processor.py:208} INFO - Processing /home/airflow/.local/lib/python3.12/site-packages/airflow/example_dags/example_xcomargs.py took 0.045 seconds
[2024-11-14T06:32:43.860+0000] {processor.py:186} INFO - Started process (PID=926) to work on /home/airflow/.local/lib/python3.12/site-packages/airflow/example_dags/example_xcomargs.py
[2024-11-14T06:32:43.861+0000] {processor.py:914} INFO - Processing file /home/airflow/.local/lib/python3.12/site-packages/airflow/example_dags/example_xcomargs.py for tasks to queue
[2024-11-14T06:32:43.862+0000] {logging_mixin.py:190} INFO - [2024-11-14T06:32:43.862+0000] {dagbag.py:588} INFO - Filling up the DagBag from /home/airflow/.local/lib/python3.12/site-packages/airflow/example_dags/example_xcomargs.py
[2024-11-14T06:32:43.868+0000] {processor.py:925} INFO - DAG(s) 'example_xcom_args_with_operators', 'example_xcom_args' retrieved from /home/airflow/.local/lib/python3.12/site-packages/airflow/example_dags/example_xcomargs.py
[2024-11-14T06:32:43.880+0000] {logging_mixin.py:190} INFO - [2024-11-14T06:32:43.880+0000] {dag.py:3239} INFO - Sync 2 DAGs
[2024-11-14T06:32:43.889+0000] {logging_mixin.py:190} INFO - [2024-11-14T06:32:43.888+0000] {dag.py:4180} INFO - Setting next_dagrun for example_xcom_args to None, run_after=None
[2024-11-14T06:32:43.891+0000] {logging_mixin.py:190} INFO - [2024-11-14T06:32:43.891+0000] {dag.py:4180} INFO - Setting next_dagrun for example_xcom_args_with_operators to None, run_after=None
[2024-11-14T06:32:43.899+0000] {processor.py:208} INFO - Processing /home/airflow/.local/lib/python3.12/site-packages/airflow/example_dags/example_xcomargs.py took 0.043 seconds
[2024-11-14T06:33:14.429+0000] {processor.py:186} INFO - Started process (PID=990) to work on /home/airflow/.local/lib/python3.12/site-packages/airflow/example_dags/example_xcomargs.py
[2024-11-14T06:33:14.430+0000] {processor.py:914} INFO - Processing file /home/airflow/.local/lib/python3.12/site-packages/airflow/example_dags/example_xcomargs.py for tasks to queue
[2024-11-14T06:33:14.432+0000] {logging_mixin.py:190} INFO - [2024-11-14T06:33:14.431+0000] {dagbag.py:588} INFO - Filling up the DagBag from /home/airflow/.local/lib/python3.12/site-packages/airflow/example_dags/example_xcomargs.py
[2024-11-14T06:33:14.437+0000] {processor.py:925} INFO - DAG(s) 'example_xcom_args_with_operators', 'example_xcom_args' retrieved from /home/airflow/.local/lib/python3.12/site-packages/airflow/example_dags/example_xcomargs.py
[2024-11-14T06:33:14.456+0000] {logging_mixin.py:190} INFO - [2024-11-14T06:33:14.456+0000] {dag.py:3239} INFO - Sync 2 DAGs
[2024-11-14T06:33:14.469+0000] {logging_mixin.py:190} INFO - [2024-11-14T06:33:14.469+0000] {dag.py:4180} INFO - Setting next_dagrun for example_xcom_args to None, run_after=None
[2024-11-14T06:33:14.473+0000] {logging_mixin.py:190} INFO - [2024-11-14T06:33:14.472+0000] {dag.py:4180} INFO - Setting next_dagrun for example_xcom_args_with_operators to None, run_after=None
[2024-11-14T06:33:14.483+0000] {processor.py:208} INFO - Processing /home/airflow/.local/lib/python3.12/site-packages/airflow/example_dags/example_xcomargs.py took 0.058 seconds
[2024-11-14T06:33:44.834+0000] {processor.py:186} INFO - Started process (PID=1054) to work on /home/airflow/.local/lib/python3.12/site-packages/airflow/example_dags/example_xcomargs.py
[2024-11-14T06:33:44.835+0000] {processor.py:914} INFO - Processing file /home/airflow/.local/lib/python3.12/site-packages/airflow/example_dags/example_xcomargs.py for tasks to queue
[2024-11-14T06:33:44.837+0000] {logging_mixin.py:190} INFO - [2024-11-14T06:33:44.836+0000] {dagbag.py:588} INFO - Filling up the DagBag from /home/airflow/.local/lib/python3.12/site-packages/airflow/example_dags/example_xcomargs.py
[2024-11-14T06:33:44.842+0000] {processor.py:925} INFO - DAG(s) 'example_xcom_args', 'example_xcom_args_with_operators' retrieved from /home/airflow/.local/lib/python3.12/site-packages/airflow/example_dags/example_xcomargs.py
[2024-11-14T06:33:44.856+0000] {logging_mixin.py:190} INFO - [2024-11-14T06:33:44.855+0000] {dag.py:3239} INFO - Sync 2 DAGs
[2024-11-14T06:33:44.863+0000] {logging_mixin.py:190} INFO - [2024-11-14T06:33:44.863+0000] {dag.py:4180} INFO - Setting next_dagrun for example_xcom_args to None, run_after=None
[2024-11-14T06:33:44.865+0000] {logging_mixin.py:190} INFO - [2024-11-14T06:33:44.865+0000] {dag.py:4180} INFO - Setting next_dagrun for example_xcom_args_with_operators to None, run_after=None
[2024-11-14T06:33:44.874+0000] {processor.py:208} INFO - Processing /home/airflow/.local/lib/python3.12/site-packages/airflow/example_dags/example_xcomargs.py took 0.043 seconds
[2024-11-14T06:34:15.513+0000] {processor.py:186} INFO - Started process (PID=1117) to work on /home/airflow/.local/lib/python3.12/site-packages/airflow/example_dags/example_xcomargs.py
[2024-11-14T06:34:15.513+0000] {processor.py:914} INFO - Processing file /home/airflow/.local/lib/python3.12/site-packages/airflow/example_dags/example_xcomargs.py for tasks to queue
[2024-11-14T06:34:15.515+0000] {logging_mixin.py:190} INFO - [2024-11-14T06:34:15.515+0000] {dagbag.py:588} INFO - Filling up the DagBag from /home/airflow/.local/lib/python3.12/site-packages/airflow/example_dags/example_xcomargs.py
[2024-11-14T06:34:15.521+0000] {processor.py:925} INFO - DAG(s) 'example_xcom_args', 'example_xcom_args_with_operators' retrieved from /home/airflow/.local/lib/python3.12/site-packages/airflow/example_dags/example_xcomargs.py
[2024-11-14T06:34:15.532+0000] {logging_mixin.py:190} INFO - [2024-11-14T06:34:15.532+0000] {dag.py:3239} INFO - Sync 2 DAGs
[2024-11-14T06:34:15.539+0000] {logging_mixin.py:190} INFO - [2024-11-14T06:34:15.539+0000] {dag.py:4180} INFO - Setting next_dagrun for example_xcom_args to None, run_after=None
[2024-11-14T06:34:15.541+0000] {logging_mixin.py:190} INFO - [2024-11-14T06:34:15.541+0000] {dag.py:4180} INFO - Setting next_dagrun for example_xcom_args_with_operators to None, run_after=None
[2024-11-14T06:34:15.547+0000] {processor.py:208} INFO - Processing /home/airflow/.local/lib/python3.12/site-packages/airflow/example_dags/example_xcomargs.py took 0.039 seconds
[2024-11-14T06:34:46.108+0000] {processor.py:186} INFO - Started process (PID=1181) to work on /home/airflow/.local/lib/python3.12/site-packages/airflow/example_dags/example_xcomargs.py
[2024-11-14T06:34:46.108+0000] {processor.py:914} INFO - Processing file /home/airflow/.local/lib/python3.12/site-packages/airflow/example_dags/example_xcomargs.py for tasks to queue
[2024-11-14T06:34:46.110+0000] {logging_mixin.py:190} INFO - [2024-11-14T06:34:46.109+0000] {dagbag.py:588} INFO - Filling up the DagBag from /home/airflow/.local/lib/python3.12/site-packages/airflow/example_dags/example_xcomargs.py
[2024-11-14T06:34:46.116+0000] {processor.py:925} INFO - DAG(s) 'example_xcom_args', 'example_xcom_args_with_operators' retrieved from /home/airflow/.local/lib/python3.12/site-packages/airflow/example_dags/example_xcomargs.py
[2024-11-14T06:34:46.131+0000] {logging_mixin.py:190} INFO - [2024-11-14T06:34:46.131+0000] {dag.py:3239} INFO - Sync 2 DAGs
[2024-11-14T06:34:46.142+0000] {logging_mixin.py:190} INFO - [2024-11-14T06:34:46.142+0000] {dag.py:4180} INFO - Setting next_dagrun for example_xcom_args to None, run_after=None
[2024-11-14T06:34:46.145+0000] {logging_mixin.py:190} INFO - [2024-11-14T06:34:46.145+0000] {dag.py:4180} INFO - Setting next_dagrun for example_xcom_args_with_operators to None, run_after=None
[2024-11-14T06:34:46.157+0000] {processor.py:208} INFO - Processing /home/airflow/.local/lib/python3.12/site-packages/airflow/example_dags/example_xcomargs.py took 0.053 seconds
[2024-11-14T06:35:17.027+0000] {processor.py:186} INFO - Started process (PID=1245) to work on /home/airflow/.local/lib/python3.12/site-packages/airflow/example_dags/example_xcomargs.py
[2024-11-14T06:35:17.027+0000] {processor.py:914} INFO - Processing file /home/airflow/.local/lib/python3.12/site-packages/airflow/example_dags/example_xcomargs.py for tasks to queue
[2024-11-14T06:35:17.029+0000] {logging_mixin.py:190} INFO - [2024-11-14T06:35:17.029+0000] {dagbag.py:588} INFO - Filling up the DagBag from /home/airflow/.local/lib/python3.12/site-packages/airflow/example_dags/example_xcomargs.py
[2024-11-14T06:35:17.036+0000] {processor.py:925} INFO - DAG(s) 'example_xcom_args', 'example_xcom_args_with_operators' retrieved from /home/airflow/.local/lib/python3.12/site-packages/airflow/example_dags/example_xcomargs.py
[2024-11-14T06:35:17.055+0000] {logging_mixin.py:190} INFO - [2024-11-14T06:35:17.055+0000] {dag.py:3239} INFO - Sync 2 DAGs
[2024-11-14T06:35:17.063+0000] {logging_mixin.py:190} INFO - [2024-11-14T06:35:17.062+0000] {dag.py:4180} INFO - Setting next_dagrun for example_xcom_args to None, run_after=None
[2024-11-14T06:35:17.065+0000] {logging_mixin.py:190} INFO - [2024-11-14T06:35:17.065+0000] {dag.py:4180} INFO - Setting next_dagrun for example_xcom_args_with_operators to None, run_after=None
[2024-11-14T06:35:17.075+0000] {processor.py:208} INFO - Processing /home/airflow/.local/lib/python3.12/site-packages/airflow/example_dags/example_xcomargs.py took 0.053 seconds
[2024-11-14T06:35:47.651+0000] {processor.py:186} INFO - Started process (PID=1309) to work on /home/airflow/.local/lib/python3.12/site-packages/airflow/example_dags/example_xcomargs.py
[2024-11-14T06:35:47.652+0000] {processor.py:914} INFO - Processing file /home/airflow/.local/lib/python3.12/site-packages/airflow/example_dags/example_xcomargs.py for tasks to queue
[2024-11-14T06:35:47.653+0000] {logging_mixin.py:190} INFO - [2024-11-14T06:35:47.653+0000] {dagbag.py:588} INFO - Filling up the DagBag from /home/airflow/.local/lib/python3.12/site-packages/airflow/example_dags/example_xcomargs.py
[2024-11-14T06:35:47.659+0000] {processor.py:925} INFO - DAG(s) 'example_xcom_args_with_operators', 'example_xcom_args' retrieved from /home/airflow/.local/lib/python3.12/site-packages/airflow/example_dags/example_xcomargs.py
[2024-11-14T06:35:47.671+0000] {logging_mixin.py:190} INFO - [2024-11-14T06:35:47.671+0000] {dag.py:3239} INFO - Sync 2 DAGs
[2024-11-14T06:35:47.678+0000] {logging_mixin.py:190} INFO - [2024-11-14T06:35:47.678+0000] {dag.py:4180} INFO - Setting next_dagrun for example_xcom_args to None, run_after=None
[2024-11-14T06:35:47.680+0000] {logging_mixin.py:190} INFO - [2024-11-14T06:35:47.680+0000] {dag.py:4180} INFO - Setting next_dagrun for example_xcom_args_with_operators to None, run_after=None
[2024-11-14T06:35:47.687+0000] {processor.py:208} INFO - Processing /home/airflow/.local/lib/python3.12/site-packages/airflow/example_dags/example_xcomargs.py took 0.040 seconds
[2024-11-14T06:36:18.289+0000] {processor.py:186} INFO - Started process (PID=1373) to work on /home/airflow/.local/lib/python3.12/site-packages/airflow/example_dags/example_xcomargs.py
[2024-11-14T06:36:18.290+0000] {processor.py:914} INFO - Processing file /home/airflow/.local/lib/python3.12/site-packages/airflow/example_dags/example_xcomargs.py for tasks to queue
[2024-11-14T06:36:18.292+0000] {logging_mixin.py:190} INFO - [2024-11-14T06:36:18.292+0000] {dagbag.py:588} INFO - Filling up the DagBag from /home/airflow/.local/lib/python3.12/site-packages/airflow/example_dags/example_xcomargs.py
[2024-11-14T06:36:18.300+0000] {processor.py:925} INFO - DAG(s) 'example_xcom_args_with_operators', 'example_xcom_args' retrieved from /home/airflow/.local/lib/python3.12/site-packages/airflow/example_dags/example_xcomargs.py
[2024-11-14T06:36:18.314+0000] {logging_mixin.py:190} INFO - [2024-11-14T06:36:18.314+0000] {dag.py:3239} INFO - Sync 2 DAGs
[2024-11-14T06:36:18.321+0000] {logging_mixin.py:190} INFO - [2024-11-14T06:36:18.321+0000] {dag.py:4180} INFO - Setting next_dagrun for example_xcom_args to None, run_after=None
[2024-11-14T06:36:18.323+0000] {logging_mixin.py:190} INFO - [2024-11-14T06:36:18.323+0000] {dag.py:4180} INFO - Setting next_dagrun for example_xcom_args_with_operators to None, run_after=None
[2024-11-14T06:36:18.331+0000] {processor.py:208} INFO - Processing /home/airflow/.local/lib/python3.12/site-packages/airflow/example_dags/example_xcomargs.py took 0.047 seconds
[2024-11-14T06:36:48.655+0000] {processor.py:186} INFO - Started process (PID=1437) to work on /home/airflow/.local/lib/python3.12/site-packages/airflow/example_dags/example_xcomargs.py
[2024-11-14T06:36:48.656+0000] {processor.py:914} INFO - Processing file /home/airflow/.local/lib/python3.12/site-packages/airflow/example_dags/example_xcomargs.py for tasks to queue
[2024-11-14T06:36:48.658+0000] {logging_mixin.py:190} INFO - [2024-11-14T06:36:48.657+0000] {dagbag.py:588} INFO - Filling up the DagBag from /home/airflow/.local/lib/python3.12/site-packages/airflow/example_dags/example_xcomargs.py
[2024-11-14T06:36:48.664+0000] {processor.py:925} INFO - DAG(s) 'example_xcom_args_with_operators', 'example_xcom_args' retrieved from /home/airflow/.local/lib/python3.12/site-packages/airflow/example_dags/example_xcomargs.py
[2024-11-14T06:36:48.678+0000] {logging_mixin.py:190} INFO - [2024-11-14T06:36:48.678+0000] {dag.py:3239} INFO - Sync 2 DAGs
[2024-11-14T06:36:48.687+0000] {logging_mixin.py:190} INFO - [2024-11-14T06:36:48.687+0000] {dag.py:4180} INFO - Setting next_dagrun for example_xcom_args to None, run_after=None
[2024-11-14T06:36:48.690+0000] {logging_mixin.py:190} INFO - [2024-11-14T06:36:48.689+0000] {dag.py:4180} INFO - Setting next_dagrun for example_xcom_args_with_operators to None, run_after=None
[2024-11-14T06:36:48.699+0000] {processor.py:208} INFO - Processing /home/airflow/.local/lib/python3.12/site-packages/airflow/example_dags/example_xcomargs.py took 0.047 seconds
[2024-11-14T06:37:18.994+0000] {processor.py:186} INFO - Started process (PID=1501) to work on /home/airflow/.local/lib/python3.12/site-packages/airflow/example_dags/example_xcomargs.py
[2024-11-14T06:37:18.995+0000] {processor.py:914} INFO - Processing file /home/airflow/.local/lib/python3.12/site-packages/airflow/example_dags/example_xcomargs.py for tasks to queue
[2024-11-14T06:37:18.996+0000] {logging_mixin.py:190} INFO - [2024-11-14T06:37:18.996+0000] {dagbag.py:588} INFO - Filling up the DagBag from /home/airflow/.local/lib/python3.12/site-packages/airflow/example_dags/example_xcomargs.py
[2024-11-14T06:37:19.001+0000] {processor.py:925} INFO - DAG(s) 'example_xcom_args', 'example_xcom_args_with_operators' retrieved from /home/airflow/.local/lib/python3.12/site-packages/airflow/example_dags/example_xcomargs.py
[2024-11-14T06:37:19.013+0000] {logging_mixin.py:190} INFO - [2024-11-14T06:37:19.013+0000] {dag.py:3239} INFO - Sync 2 DAGs
[2024-11-14T06:37:19.020+0000] {logging_mixin.py:190} INFO - [2024-11-14T06:37:19.020+0000] {dag.py:4180} INFO - Setting next_dagrun for example_xcom_args to None, run_after=None
[2024-11-14T06:37:19.022+0000] {logging_mixin.py:190} INFO - [2024-11-14T06:37:19.022+0000] {dag.py:4180} INFO - Setting next_dagrun for example_xcom_args_with_operators to None, run_after=None
[2024-11-14T06:37:19.030+0000] {processor.py:208} INFO - Processing /home/airflow/.local/lib/python3.12/site-packages/airflow/example_dags/example_xcomargs.py took 0.040 seconds
[2024-11-14T06:37:49.448+0000] {processor.py:186} INFO - Started process (PID=1565) to work on /home/airflow/.local/lib/python3.12/site-packages/airflow/example_dags/example_xcomargs.py
[2024-11-14T06:37:49.449+0000] {processor.py:914} INFO - Processing file /home/airflow/.local/lib/python3.12/site-packages/airflow/example_dags/example_xcomargs.py for tasks to queue
[2024-11-14T06:37:49.450+0000] {logging_mixin.py:190} INFO - [2024-11-14T06:37:49.450+0000] {dagbag.py:588} INFO - Filling up the DagBag from /home/airflow/.local/lib/python3.12/site-packages/airflow/example_dags/example_xcomargs.py
[2024-11-14T06:37:49.456+0000] {processor.py:925} INFO - DAG(s) 'example_xcom_args', 'example_xcom_args_with_operators' retrieved from /home/airflow/.local/lib/python3.12/site-packages/airflow/example_dags/example_xcomargs.py
[2024-11-14T06:37:49.467+0000] {logging_mixin.py:190} INFO - [2024-11-14T06:37:49.467+0000] {dag.py:3239} INFO - Sync 2 DAGs
[2024-11-14T06:37:49.474+0000] {logging_mixin.py:190} INFO - [2024-11-14T06:37:49.474+0000] {dag.py:4180} INFO - Setting next_dagrun for example_xcom_args to None, run_after=None
[2024-11-14T06:37:49.476+0000] {logging_mixin.py:190} INFO - [2024-11-14T06:37:49.476+0000] {dag.py:4180} INFO - Setting next_dagrun for example_xcom_args_with_operators to None, run_after=None
[2024-11-14T06:37:49.483+0000] {processor.py:208} INFO - Processing /home/airflow/.local/lib/python3.12/site-packages/airflow/example_dags/example_xcomargs.py took 0.039 seconds
[2024-11-14T06:38:20.170+0000] {processor.py:186} INFO - Started process (PID=1629) to work on /home/airflow/.local/lib/python3.12/site-packages/airflow/example_dags/example_xcomargs.py
[2024-11-14T06:38:20.171+0000] {processor.py:914} INFO - Processing file /home/airflow/.local/lib/python3.12/site-packages/airflow/example_dags/example_xcomargs.py for tasks to queue
[2024-11-14T06:38:20.172+0000] {logging_mixin.py:190} INFO - [2024-11-14T06:38:20.172+0000] {dagbag.py:588} INFO - Filling up the DagBag from /home/airflow/.local/lib/python3.12/site-packages/airflow/example_dags/example_xcomargs.py
[2024-11-14T06:38:20.178+0000] {processor.py:925} INFO - DAG(s) 'example_xcom_args', 'example_xcom_args_with_operators' retrieved from /home/airflow/.local/lib/python3.12/site-packages/airflow/example_dags/example_xcomargs.py
[2024-11-14T06:38:20.191+0000] {logging_mixin.py:190} INFO - [2024-11-14T06:38:20.191+0000] {dag.py:3239} INFO - Sync 2 DAGs
[2024-11-14T06:38:20.199+0000] {logging_mixin.py:190} INFO - [2024-11-14T06:38:20.198+0000] {dag.py:4180} INFO - Setting next_dagrun for example_xcom_args to None, run_after=None
[2024-11-14T06:38:20.200+0000] {logging_mixin.py:190} INFO - [2024-11-14T06:38:20.200+0000] {dag.py:4180} INFO - Setting next_dagrun for example_xcom_args_with_operators to None, run_after=None
[2024-11-14T06:38:20.207+0000] {processor.py:208} INFO - Processing /home/airflow/.local/lib/python3.12/site-packages/airflow/example_dags/example_xcomargs.py took 0.041 seconds
[2024-11-14T06:38:50.842+0000] {processor.py:186} INFO - Started process (PID=1693) to work on /home/airflow/.local/lib/python3.12/site-packages/airflow/example_dags/example_xcomargs.py
[2024-11-14T06:38:50.843+0000] {processor.py:914} INFO - Processing file /home/airflow/.local/lib/python3.12/site-packages/airflow/example_dags/example_xcomargs.py for tasks to queue
[2024-11-14T06:38:50.844+0000] {logging_mixin.py:190} INFO - [2024-11-14T06:38:50.844+0000] {dagbag.py:588} INFO - Filling up the DagBag from /home/airflow/.local/lib/python3.12/site-packages/airflow/example_dags/example_xcomargs.py
[2024-11-14T06:38:50.850+0000] {processor.py:925} INFO - DAG(s) 'example_xcom_args', 'example_xcom_args_with_operators' retrieved from /home/airflow/.local/lib/python3.12/site-packages/airflow/example_dags/example_xcomargs.py
[2024-11-14T06:38:50.864+0000] {logging_mixin.py:190} INFO - [2024-11-14T06:38:50.863+0000] {dag.py:3239} INFO - Sync 2 DAGs
[2024-11-14T06:38:50.872+0000] {logging_mixin.py:190} INFO - [2024-11-14T06:38:50.872+0000] {dag.py:4180} INFO - Setting next_dagrun for example_xcom_args to None, run_after=None
[2024-11-14T06:38:50.874+0000] {logging_mixin.py:190} INFO - [2024-11-14T06:38:50.874+0000] {dag.py:4180} INFO - Setting next_dagrun for example_xcom_args_with_operators to None, run_after=None
[2024-11-14T06:38:50.881+0000] {processor.py:208} INFO - Processing /home/airflow/.local/lib/python3.12/site-packages/airflow/example_dags/example_xcomargs.py took 0.043 seconds
[2024-11-14T06:39:21.687+0000] {processor.py:186} INFO - Started process (PID=1758) to work on /home/airflow/.local/lib/python3.12/site-packages/airflow/example_dags/example_xcomargs.py
[2024-11-14T06:39:21.688+0000] {processor.py:914} INFO - Processing file /home/airflow/.local/lib/python3.12/site-packages/airflow/example_dags/example_xcomargs.py for tasks to queue
[2024-11-14T06:39:21.691+0000] {logging_mixin.py:190} INFO - [2024-11-14T06:39:21.690+0000] {dagbag.py:588} INFO - Filling up the DagBag from /home/airflow/.local/lib/python3.12/site-packages/airflow/example_dags/example_xcomargs.py
[2024-11-14T06:39:21.699+0000] {processor.py:925} INFO - DAG(s) 'example_xcom_args_with_operators', 'example_xcom_args' retrieved from /home/airflow/.local/lib/python3.12/site-packages/airflow/example_dags/example_xcomargs.py
[2024-11-14T06:39:21.725+0000] {logging_mixin.py:190} INFO - [2024-11-14T06:39:21.725+0000] {dag.py:3239} INFO - Sync 2 DAGs
[2024-11-14T06:39:21.741+0000] {logging_mixin.py:190} INFO - [2024-11-14T06:39:21.741+0000] {dag.py:4180} INFO - Setting next_dagrun for example_xcom_args to None, run_after=None
[2024-11-14T06:39:21.744+0000] {logging_mixin.py:190} INFO - [2024-11-14T06:39:21.744+0000] {dag.py:4180} INFO - Setting next_dagrun for example_xcom_args_with_operators to None, run_after=None
[2024-11-14T06:39:21.761+0000] {processor.py:208} INFO - Processing /home/airflow/.local/lib/python3.12/site-packages/airflow/example_dags/example_xcomargs.py took 0.079 seconds
[2024-11-14T06:39:52.321+0000] {processor.py:186} INFO - Started process (PID=1822) to work on /home/airflow/.local/lib/python3.12/site-packages/airflow/example_dags/example_xcomargs.py
[2024-11-14T06:39:52.322+0000] {processor.py:914} INFO - Processing file /home/airflow/.local/lib/python3.12/site-packages/airflow/example_dags/example_xcomargs.py for tasks to queue
[2024-11-14T06:39:52.323+0000] {logging_mixin.py:190} INFO - [2024-11-14T06:39:52.323+0000] {dagbag.py:588} INFO - Filling up the DagBag from /home/airflow/.local/lib/python3.12/site-packages/airflow/example_dags/example_xcomargs.py
[2024-11-14T06:39:52.330+0000] {processor.py:925} INFO - DAG(s) 'example_xcom_args_with_operators', 'example_xcom_args' retrieved from /home/airflow/.local/lib/python3.12/site-packages/airflow/example_dags/example_xcomargs.py
[2024-11-14T06:39:52.344+0000] {logging_mixin.py:190} INFO - [2024-11-14T06:39:52.344+0000] {dag.py:3239} INFO - Sync 2 DAGs
[2024-11-14T06:39:52.360+0000] {logging_mixin.py:190} INFO - [2024-11-14T06:39:52.360+0000] {dag.py:4180} INFO - Setting next_dagrun for example_xcom_args to None, run_after=None
[2024-11-14T06:39:52.362+0000] {logging_mixin.py:190} INFO - [2024-11-14T06:39:52.362+0000] {dag.py:4180} INFO - Setting next_dagrun for example_xcom_args_with_operators to None, run_after=None
[2024-11-14T06:39:52.373+0000] {processor.py:208} INFO - Processing /home/airflow/.local/lib/python3.12/site-packages/airflow/example_dags/example_xcomargs.py took 0.055 seconds
[2024-11-14T06:40:22.866+0000] {processor.py:186} INFO - Started process (PID=1886) to work on /home/airflow/.local/lib/python3.12/site-packages/airflow/example_dags/example_xcomargs.py
[2024-11-14T06:40:22.867+0000] {processor.py:914} INFO - Processing file /home/airflow/.local/lib/python3.12/site-packages/airflow/example_dags/example_xcomargs.py for tasks to queue
[2024-11-14T06:40:22.868+0000] {logging_mixin.py:190} INFO - [2024-11-14T06:40:22.868+0000] {dagbag.py:588} INFO - Filling up the DagBag from /home/airflow/.local/lib/python3.12/site-packages/airflow/example_dags/example_xcomargs.py
[2024-11-14T06:40:22.873+0000] {processor.py:925} INFO - DAG(s) 'example_xcom_args_with_operators', 'example_xcom_args' retrieved from /home/airflow/.local/lib/python3.12/site-packages/airflow/example_dags/example_xcomargs.py
[2024-11-14T06:40:22.886+0000] {logging_mixin.py:190} INFO - [2024-11-14T06:40:22.886+0000] {dag.py:3239} INFO - Sync 2 DAGs
[2024-11-14T06:40:22.895+0000] {logging_mixin.py:190} INFO - [2024-11-14T06:40:22.895+0000] {dag.py:4180} INFO - Setting next_dagrun for example_xcom_args to None, run_after=None
[2024-11-14T06:40:22.897+0000] {logging_mixin.py:190} INFO - [2024-11-14T06:40:22.897+0000] {dag.py:4180} INFO - Setting next_dagrun for example_xcom_args_with_operators to None, run_after=None
[2024-11-14T06:40:22.905+0000] {processor.py:208} INFO - Processing /home/airflow/.local/lib/python3.12/site-packages/airflow/example_dags/example_xcomargs.py took 0.043 seconds
[2024-11-14T06:40:53.321+0000] {processor.py:186} INFO - Started process (PID=1950) to work on /home/airflow/.local/lib/python3.12/site-packages/airflow/example_dags/example_xcomargs.py
[2024-11-14T06:40:53.321+0000] {processor.py:914} INFO - Processing file /home/airflow/.local/lib/python3.12/site-packages/airflow/example_dags/example_xcomargs.py for tasks to queue
[2024-11-14T06:40:53.323+0000] {logging_mixin.py:190} INFO - [2024-11-14T06:40:53.323+0000] {dagbag.py:588} INFO - Filling up the DagBag from /home/airflow/.local/lib/python3.12/site-packages/airflow/example_dags/example_xcomargs.py
[2024-11-14T06:40:53.330+0000] {processor.py:925} INFO - DAG(s) 'example_xcom_args', 'example_xcom_args_with_operators' retrieved from /home/airflow/.local/lib/python3.12/site-packages/airflow/example_dags/example_xcomargs.py
[2024-11-14T06:40:53.386+0000] {logging_mixin.py:190} INFO - [2024-11-14T06:40:53.386+0000] {dag.py:3239} INFO - Sync 2 DAGs
[2024-11-14T06:40:53.396+0000] {logging_mixin.py:190} INFO - [2024-11-14T06:40:53.396+0000] {dag.py:4180} INFO - Setting next_dagrun for example_xcom_args to None, run_after=None
[2024-11-14T06:40:53.399+0000] {logging_mixin.py:190} INFO - [2024-11-14T06:40:53.398+0000] {dag.py:4180} INFO - Setting next_dagrun for example_xcom_args_with_operators to None, run_after=None
[2024-11-14T06:40:53.407+0000] {processor.py:208} INFO - Processing /home/airflow/.local/lib/python3.12/site-packages/airflow/example_dags/example_xcomargs.py took 0.090 seconds
[2024-11-14T06:41:24.297+0000] {processor.py:186} INFO - Started process (PID=2013) to work on /home/airflow/.local/lib/python3.12/site-packages/airflow/example_dags/example_xcomargs.py
[2024-11-14T06:41:24.298+0000] {processor.py:914} INFO - Processing file /home/airflow/.local/lib/python3.12/site-packages/airflow/example_dags/example_xcomargs.py for tasks to queue
[2024-11-14T06:41:24.299+0000] {logging_mixin.py:190} INFO - [2024-11-14T06:41:24.299+0000] {dagbag.py:588} INFO - Filling up the DagBag from /home/airflow/.local/lib/python3.12/site-packages/airflow/example_dags/example_xcomargs.py
[2024-11-14T06:41:24.305+0000] {processor.py:925} INFO - DAG(s) 'example_xcom_args_with_operators', 'example_xcom_args' retrieved from /home/airflow/.local/lib/python3.12/site-packages/airflow/example_dags/example_xcomargs.py
[2024-11-14T06:41:24.318+0000] {logging_mixin.py:190} INFO - [2024-11-14T06:41:24.318+0000] {dag.py:3239} INFO - Sync 2 DAGs
[2024-11-14T06:41:24.326+0000] {logging_mixin.py:190} INFO - [2024-11-14T06:41:24.326+0000] {dag.py:4180} INFO - Setting next_dagrun for example_xcom_args to None, run_after=None
[2024-11-14T06:41:24.328+0000] {logging_mixin.py:190} INFO - [2024-11-14T06:41:24.328+0000] {dag.py:4180} INFO - Setting next_dagrun for example_xcom_args_with_operators to None, run_after=None
[2024-11-14T06:41:24.336+0000] {processor.py:208} INFO - Processing /home/airflow/.local/lib/python3.12/site-packages/airflow/example_dags/example_xcomargs.py took 0.043 seconds
