[2024-11-14T06:26:05.841+0000] {processor.py:186} INFO - Started process (PID=114) to work on /home/airflow/.local/lib/python3.12/site-packages/airflow/example_dags/example_branch_labels.py
[2024-11-14T06:26:05.844+0000] {processor.py:914} INFO - Processing file /home/airflow/.local/lib/python3.12/site-packages/airflow/example_dags/example_branch_labels.py for tasks to queue
[2024-11-14T06:26:05.846+0000] {logging_mixin.py:190} INFO - [2024-11-14T06:26:05.846+0000] {dagbag.py:588} INFO - Filling up the DagBag from /home/airflow/.local/lib/python3.12/site-packages/airflow/example_dags/example_branch_labels.py
[2024-11-14T06:26:05.854+0000] {processor.py:925} INFO - DAG(s) 'example_branch_labels' retrieved from /home/airflow/.local/lib/python3.12/site-packages/airflow/example_dags/example_branch_labels.py
[2024-11-14T06:26:05.866+0000] {logging_mixin.py:190} INFO - [2024-11-14T06:26:05.866+0000] {dag.py:3239} INFO - Sync 1 DAGs
[2024-11-14T06:26:05.879+0000] {logging_mixin.py:190} INFO - [2024-11-14T06:26:05.879+0000] {dag.py:4180} INFO - Setting next_dagrun for example_branch_labels to 2024-11-13 00:00:00+00:00, run_after=2024-11-14 00:00:00+00:00
[2024-11-14T06:26:05.889+0000] {processor.py:208} INFO - Processing /home/airflow/.local/lib/python3.12/site-packages/airflow/example_dags/example_branch_labels.py took 0.053 seconds
[2024-11-14T06:26:37.661+0000] {processor.py:186} INFO - Started process (PID=178) to work on /home/airflow/.local/lib/python3.12/site-packages/airflow/example_dags/example_branch_labels.py
[2024-11-14T06:26:37.662+0000] {processor.py:914} INFO - Processing file /home/airflow/.local/lib/python3.12/site-packages/airflow/example_dags/example_branch_labels.py for tasks to queue
[2024-11-14T06:26:37.663+0000] {logging_mixin.py:190} INFO - [2024-11-14T06:26:37.663+0000] {dagbag.py:588} INFO - Filling up the DagBag from /home/airflow/.local/lib/python3.12/site-packages/airflow/example_dags/example_branch_labels.py
[2024-11-14T06:26:37.672+0000] {processor.py:925} INFO - DAG(s) 'example_branch_labels' retrieved from /home/airflow/.local/lib/python3.12/site-packages/airflow/example_dags/example_branch_labels.py
[2024-11-14T06:26:37.684+0000] {logging_mixin.py:190} INFO - [2024-11-14T06:26:37.684+0000] {dag.py:3239} INFO - Sync 1 DAGs
[2024-11-14T06:26:37.698+0000] {logging_mixin.py:190} INFO - [2024-11-14T06:26:37.698+0000] {dag.py:4180} INFO - Setting next_dagrun for example_branch_labels to 2024-11-13 00:00:00+00:00, run_after=2024-11-14 00:00:00+00:00
[2024-11-14T06:26:37.709+0000] {processor.py:208} INFO - Processing /home/airflow/.local/lib/python3.12/site-packages/airflow/example_dags/example_branch_labels.py took 0.052 seconds
[2024-11-14T06:27:08.371+0000] {processor.py:186} INFO - Started process (PID=242) to work on /home/airflow/.local/lib/python3.12/site-packages/airflow/example_dags/example_branch_labels.py
[2024-11-14T06:27:08.372+0000] {processor.py:914} INFO - Processing file /home/airflow/.local/lib/python3.12/site-packages/airflow/example_dags/example_branch_labels.py for tasks to queue
[2024-11-14T06:27:08.373+0000] {logging_mixin.py:190} INFO - [2024-11-14T06:27:08.373+0000] {dagbag.py:588} INFO - Filling up the DagBag from /home/airflow/.local/lib/python3.12/site-packages/airflow/example_dags/example_branch_labels.py
[2024-11-14T06:27:08.380+0000] {processor.py:925} INFO - DAG(s) 'example_branch_labels' retrieved from /home/airflow/.local/lib/python3.12/site-packages/airflow/example_dags/example_branch_labels.py
[2024-11-14T06:27:08.396+0000] {logging_mixin.py:190} INFO - [2024-11-14T06:27:08.395+0000] {dag.py:3239} INFO - Sync 1 DAGs
[2024-11-14T06:27:08.408+0000] {logging_mixin.py:190} INFO - [2024-11-14T06:27:08.408+0000] {dag.py:4180} INFO - Setting next_dagrun for example_branch_labels to 2024-11-13 00:00:00+00:00, run_after=2024-11-14 00:00:00+00:00
[2024-11-14T06:27:08.417+0000] {processor.py:208} INFO - Processing /home/airflow/.local/lib/python3.12/site-packages/airflow/example_dags/example_branch_labels.py took 0.049 seconds
[2024-11-14T06:27:38.784+0000] {processor.py:186} INFO - Started process (PID=306) to work on /home/airflow/.local/lib/python3.12/site-packages/airflow/example_dags/example_branch_labels.py
[2024-11-14T06:27:38.785+0000] {processor.py:914} INFO - Processing file /home/airflow/.local/lib/python3.12/site-packages/airflow/example_dags/example_branch_labels.py for tasks to queue
[2024-11-14T06:27:38.787+0000] {logging_mixin.py:190} INFO - [2024-11-14T06:27:38.787+0000] {dagbag.py:588} INFO - Filling up the DagBag from /home/airflow/.local/lib/python3.12/site-packages/airflow/example_dags/example_branch_labels.py
[2024-11-14T06:27:38.792+0000] {processor.py:925} INFO - DAG(s) 'example_branch_labels' retrieved from /home/airflow/.local/lib/python3.12/site-packages/airflow/example_dags/example_branch_labels.py
[2024-11-14T06:27:38.807+0000] {logging_mixin.py:190} INFO - [2024-11-14T06:27:38.807+0000] {dag.py:3239} INFO - Sync 1 DAGs
[2024-11-14T06:27:38.819+0000] {logging_mixin.py:190} INFO - [2024-11-14T06:27:38.819+0000] {dag.py:4180} INFO - Setting next_dagrun for example_branch_labels to 2024-11-13 00:00:00+00:00, run_after=2024-11-14 00:00:00+00:00
[2024-11-14T06:27:38.831+0000] {processor.py:208} INFO - Processing /home/airflow/.local/lib/python3.12/site-packages/airflow/example_dags/example_branch_labels.py took 0.050 seconds
[2024-11-14T06:28:10.595+0000] {processor.py:186} INFO - Started process (PID=370) to work on /home/airflow/.local/lib/python3.12/site-packages/airflow/example_dags/example_branch_labels.py
[2024-11-14T06:28:10.596+0000] {processor.py:914} INFO - Processing file /home/airflow/.local/lib/python3.12/site-packages/airflow/example_dags/example_branch_labels.py for tasks to queue
[2024-11-14T06:28:10.597+0000] {logging_mixin.py:190} INFO - [2024-11-14T06:28:10.597+0000] {dagbag.py:588} INFO - Filling up the DagBag from /home/airflow/.local/lib/python3.12/site-packages/airflow/example_dags/example_branch_labels.py
[2024-11-14T06:28:10.605+0000] {processor.py:925} INFO - DAG(s) 'example_branch_labels' retrieved from /home/airflow/.local/lib/python3.12/site-packages/airflow/example_dags/example_branch_labels.py
[2024-11-14T06:28:10.620+0000] {logging_mixin.py:190} INFO - [2024-11-14T06:28:10.620+0000] {dag.py:3239} INFO - Sync 1 DAGs
[2024-11-14T06:28:10.644+0000] {logging_mixin.py:190} INFO - [2024-11-14T06:28:10.644+0000] {dag.py:4180} INFO - Setting next_dagrun for example_branch_labels to 2024-11-13 00:00:00+00:00, run_after=2024-11-14 00:00:00+00:00
[2024-11-14T06:28:10.666+0000] {processor.py:208} INFO - Processing /home/airflow/.local/lib/python3.12/site-packages/airflow/example_dags/example_branch_labels.py took 0.075 seconds
[2024-11-14T06:28:41.549+0000] {processor.py:186} INFO - Started process (PID=434) to work on /home/airflow/.local/lib/python3.12/site-packages/airflow/example_dags/example_branch_labels.py
[2024-11-14T06:28:41.550+0000] {processor.py:914} INFO - Processing file /home/airflow/.local/lib/python3.12/site-packages/airflow/example_dags/example_branch_labels.py for tasks to queue
[2024-11-14T06:28:41.551+0000] {logging_mixin.py:190} INFO - [2024-11-14T06:28:41.551+0000] {dagbag.py:588} INFO - Filling up the DagBag from /home/airflow/.local/lib/python3.12/site-packages/airflow/example_dags/example_branch_labels.py
[2024-11-14T06:28:41.556+0000] {processor.py:925} INFO - DAG(s) 'example_branch_labels' retrieved from /home/airflow/.local/lib/python3.12/site-packages/airflow/example_dags/example_branch_labels.py
[2024-11-14T06:28:41.618+0000] {logging_mixin.py:190} INFO - [2024-11-14T06:28:41.618+0000] {dag.py:3239} INFO - Sync 1 DAGs
[2024-11-14T06:28:41.631+0000] {logging_mixin.py:190} INFO - [2024-11-14T06:28:41.631+0000] {dag.py:4180} INFO - Setting next_dagrun for example_branch_labels to 2024-11-13 00:00:00+00:00, run_after=2024-11-14 00:00:00+00:00
[2024-11-14T06:28:41.641+0000] {processor.py:208} INFO - Processing /home/airflow/.local/lib/python3.12/site-packages/airflow/example_dags/example_branch_labels.py took 0.095 seconds
[2024-11-14T06:29:13.241+0000] {processor.py:186} INFO - Started process (PID=497) to work on /home/airflow/.local/lib/python3.12/site-packages/airflow/example_dags/example_branch_labels.py
[2024-11-14T06:29:13.242+0000] {processor.py:914} INFO - Processing file /home/airflow/.local/lib/python3.12/site-packages/airflow/example_dags/example_branch_labels.py for tasks to queue
[2024-11-14T06:29:13.243+0000] {logging_mixin.py:190} INFO - [2024-11-14T06:29:13.243+0000] {dagbag.py:588} INFO - Filling up the DagBag from /home/airflow/.local/lib/python3.12/site-packages/airflow/example_dags/example_branch_labels.py
[2024-11-14T06:29:13.249+0000] {processor.py:925} INFO - DAG(s) 'example_branch_labels' retrieved from /home/airflow/.local/lib/python3.12/site-packages/airflow/example_dags/example_branch_labels.py
[2024-11-14T06:29:13.261+0000] {logging_mixin.py:190} INFO - [2024-11-14T06:29:13.261+0000] {dag.py:3239} INFO - Sync 1 DAGs
[2024-11-14T06:29:13.277+0000] {logging_mixin.py:190} INFO - [2024-11-14T06:29:13.276+0000] {dag.py:4180} INFO - Setting next_dagrun for example_branch_labels to 2024-11-13 00:00:00+00:00, run_after=2024-11-14 00:00:00+00:00
[2024-11-14T06:29:13.291+0000] {processor.py:208} INFO - Processing /home/airflow/.local/lib/python3.12/site-packages/airflow/example_dags/example_branch_labels.py took 0.054 seconds
[2024-11-14T06:29:43.915+0000] {processor.py:186} INFO - Started process (PID=561) to work on /home/airflow/.local/lib/python3.12/site-packages/airflow/example_dags/example_branch_labels.py
[2024-11-14T06:29:43.915+0000] {processor.py:914} INFO - Processing file /home/airflow/.local/lib/python3.12/site-packages/airflow/example_dags/example_branch_labels.py for tasks to queue
[2024-11-14T06:29:43.917+0000] {logging_mixin.py:190} INFO - [2024-11-14T06:29:43.916+0000] {dagbag.py:588} INFO - Filling up the DagBag from /home/airflow/.local/lib/python3.12/site-packages/airflow/example_dags/example_branch_labels.py
[2024-11-14T06:29:43.922+0000] {processor.py:925} INFO - DAG(s) 'example_branch_labels' retrieved from /home/airflow/.local/lib/python3.12/site-packages/airflow/example_dags/example_branch_labels.py
[2024-11-14T06:29:43.933+0000] {logging_mixin.py:190} INFO - [2024-11-14T06:29:43.933+0000] {dag.py:3239} INFO - Sync 1 DAGs
[2024-11-14T06:29:43.948+0000] {logging_mixin.py:190} INFO - [2024-11-14T06:29:43.948+0000] {dag.py:4180} INFO - Setting next_dagrun for example_branch_labels to 2024-11-13 00:00:00+00:00, run_after=2024-11-14 00:00:00+00:00
[2024-11-14T06:29:43.958+0000] {processor.py:208} INFO - Processing /home/airflow/.local/lib/python3.12/site-packages/airflow/example_dags/example_branch_labels.py took 0.047 seconds
[2024-11-14T06:30:15.328+0000] {processor.py:186} INFO - Started process (PID=625) to work on /home/airflow/.local/lib/python3.12/site-packages/airflow/example_dags/example_branch_labels.py
[2024-11-14T06:30:15.329+0000] {processor.py:914} INFO - Processing file /home/airflow/.local/lib/python3.12/site-packages/airflow/example_dags/example_branch_labels.py for tasks to queue
[2024-11-14T06:30:15.331+0000] {logging_mixin.py:190} INFO - [2024-11-14T06:30:15.331+0000] {dagbag.py:588} INFO - Filling up the DagBag from /home/airflow/.local/lib/python3.12/site-packages/airflow/example_dags/example_branch_labels.py
[2024-11-14T06:30:15.338+0000] {processor.py:925} INFO - DAG(s) 'example_branch_labels' retrieved from /home/airflow/.local/lib/python3.12/site-packages/airflow/example_dags/example_branch_labels.py
[2024-11-14T06:30:15.352+0000] {logging_mixin.py:190} INFO - [2024-11-14T06:30:15.352+0000] {dag.py:3239} INFO - Sync 1 DAGs
[2024-11-14T06:30:15.369+0000] {logging_mixin.py:190} INFO - [2024-11-14T06:30:15.369+0000] {dag.py:4180} INFO - Setting next_dagrun for example_branch_labels to 2024-11-13 00:00:00+00:00, run_after=2024-11-14 00:00:00+00:00
[2024-11-14T06:30:15.380+0000] {processor.py:208} INFO - Processing /home/airflow/.local/lib/python3.12/site-packages/airflow/example_dags/example_branch_labels.py took 0.056 seconds
[2024-11-14T06:30:47.011+0000] {processor.py:186} INFO - Started process (PID=689) to work on /home/airflow/.local/lib/python3.12/site-packages/airflow/example_dags/example_branch_labels.py
[2024-11-14T06:30:47.013+0000] {processor.py:914} INFO - Processing file /home/airflow/.local/lib/python3.12/site-packages/airflow/example_dags/example_branch_labels.py for tasks to queue
[2024-11-14T06:30:47.024+0000] {logging_mixin.py:190} INFO - [2024-11-14T06:30:47.017+0000] {dagbag.py:588} INFO - Filling up the DagBag from /home/airflow/.local/lib/python3.12/site-packages/airflow/example_dags/example_branch_labels.py
[2024-11-14T06:30:47.037+0000] {processor.py:925} INFO - DAG(s) 'example_branch_labels' retrieved from /home/airflow/.local/lib/python3.12/site-packages/airflow/example_dags/example_branch_labels.py
[2024-11-14T06:30:47.053+0000] {logging_mixin.py:190} INFO - [2024-11-14T06:30:47.053+0000] {dag.py:3239} INFO - Sync 1 DAGs
[2024-11-14T06:30:47.075+0000] {logging_mixin.py:190} INFO - [2024-11-14T06:30:47.075+0000] {dag.py:4180} INFO - Setting next_dagrun for example_branch_labels to 2024-11-13 00:00:00+00:00, run_after=2024-11-14 00:00:00+00:00
[2024-11-14T06:30:47.087+0000] {processor.py:208} INFO - Processing /home/airflow/.local/lib/python3.12/site-packages/airflow/example_dags/example_branch_labels.py took 0.080 seconds
[2024-11-14T06:31:18.612+0000] {processor.py:186} INFO - Started process (PID=752) to work on /home/airflow/.local/lib/python3.12/site-packages/airflow/example_dags/example_branch_labels.py
[2024-11-14T06:31:18.613+0000] {processor.py:914} INFO - Processing file /home/airflow/.local/lib/python3.12/site-packages/airflow/example_dags/example_branch_labels.py for tasks to queue
[2024-11-14T06:31:18.614+0000] {logging_mixin.py:190} INFO - [2024-11-14T06:31:18.614+0000] {dagbag.py:588} INFO - Filling up the DagBag from /home/airflow/.local/lib/python3.12/site-packages/airflow/example_dags/example_branch_labels.py
[2024-11-14T06:31:18.619+0000] {processor.py:925} INFO - DAG(s) 'example_branch_labels' retrieved from /home/airflow/.local/lib/python3.12/site-packages/airflow/example_dags/example_branch_labels.py
[2024-11-14T06:31:18.631+0000] {logging_mixin.py:190} INFO - [2024-11-14T06:31:18.630+0000] {dag.py:3239} INFO - Sync 1 DAGs
[2024-11-14T06:31:18.642+0000] {logging_mixin.py:190} INFO - [2024-11-14T06:31:18.642+0000] {dag.py:4180} INFO - Setting next_dagrun for example_branch_labels to 2024-11-13 00:00:00+00:00, run_after=2024-11-14 00:00:00+00:00
[2024-11-14T06:31:18.651+0000] {processor.py:208} INFO - Processing /home/airflow/.local/lib/python3.12/site-packages/airflow/example_dags/example_branch_labels.py took 0.043 seconds
[2024-11-14T06:31:50.038+0000] {processor.py:186} INFO - Started process (PID=816) to work on /home/airflow/.local/lib/python3.12/site-packages/airflow/example_dags/example_branch_labels.py
[2024-11-14T06:31:50.040+0000] {processor.py:914} INFO - Processing file /home/airflow/.local/lib/python3.12/site-packages/airflow/example_dags/example_branch_labels.py for tasks to queue
[2024-11-14T06:31:50.043+0000] {logging_mixin.py:190} INFO - [2024-11-14T06:31:50.043+0000] {dagbag.py:588} INFO - Filling up the DagBag from /home/airflow/.local/lib/python3.12/site-packages/airflow/example_dags/example_branch_labels.py
[2024-11-14T06:31:50.051+0000] {processor.py:925} INFO - DAG(s) 'example_branch_labels' retrieved from /home/airflow/.local/lib/python3.12/site-packages/airflow/example_dags/example_branch_labels.py
[2024-11-14T06:31:50.065+0000] {logging_mixin.py:190} INFO - [2024-11-14T06:31:50.064+0000] {dag.py:3239} INFO - Sync 1 DAGs
[2024-11-14T06:31:50.080+0000] {logging_mixin.py:190} INFO - [2024-11-14T06:31:50.079+0000] {dag.py:4180} INFO - Setting next_dagrun for example_branch_labels to 2024-11-13 00:00:00+00:00, run_after=2024-11-14 00:00:00+00:00
[2024-11-14T06:31:50.090+0000] {processor.py:208} INFO - Processing /home/airflow/.local/lib/python3.12/site-packages/airflow/example_dags/example_branch_labels.py took 0.058 seconds
[2024-11-14T06:32:21.384+0000] {processor.py:186} INFO - Started process (PID=880) to work on /home/airflow/.local/lib/python3.12/site-packages/airflow/example_dags/example_branch_labels.py
[2024-11-14T06:32:21.384+0000] {processor.py:914} INFO - Processing file /home/airflow/.local/lib/python3.12/site-packages/airflow/example_dags/example_branch_labels.py for tasks to queue
[2024-11-14T06:32:21.386+0000] {logging_mixin.py:190} INFO - [2024-11-14T06:32:21.386+0000] {dagbag.py:588} INFO - Filling up the DagBag from /home/airflow/.local/lib/python3.12/site-packages/airflow/example_dags/example_branch_labels.py
[2024-11-14T06:32:21.392+0000] {processor.py:925} INFO - DAG(s) 'example_branch_labels' retrieved from /home/airflow/.local/lib/python3.12/site-packages/airflow/example_dags/example_branch_labels.py
[2024-11-14T06:32:21.404+0000] {logging_mixin.py:190} INFO - [2024-11-14T06:32:21.404+0000] {dag.py:3239} INFO - Sync 1 DAGs
[2024-11-14T06:32:21.417+0000] {logging_mixin.py:190} INFO - [2024-11-14T06:32:21.417+0000] {dag.py:4180} INFO - Setting next_dagrun for example_branch_labels to 2024-11-13 00:00:00+00:00, run_after=2024-11-14 00:00:00+00:00
[2024-11-14T06:32:21.426+0000] {processor.py:208} INFO - Processing /home/airflow/.local/lib/python3.12/site-packages/airflow/example_dags/example_branch_labels.py took 0.046 seconds
[2024-11-14T06:32:52.780+0000] {processor.py:186} INFO - Started process (PID=944) to work on /home/airflow/.local/lib/python3.12/site-packages/airflow/example_dags/example_branch_labels.py
[2024-11-14T06:32:52.780+0000] {processor.py:914} INFO - Processing file /home/airflow/.local/lib/python3.12/site-packages/airflow/example_dags/example_branch_labels.py for tasks to queue
[2024-11-14T06:32:52.782+0000] {logging_mixin.py:190} INFO - [2024-11-14T06:32:52.781+0000] {dagbag.py:588} INFO - Filling up the DagBag from /home/airflow/.local/lib/python3.12/site-packages/airflow/example_dags/example_branch_labels.py
[2024-11-14T06:32:52.788+0000] {processor.py:925} INFO - DAG(s) 'example_branch_labels' retrieved from /home/airflow/.local/lib/python3.12/site-packages/airflow/example_dags/example_branch_labels.py
[2024-11-14T06:32:52.798+0000] {logging_mixin.py:190} INFO - [2024-11-14T06:32:52.798+0000] {dag.py:3239} INFO - Sync 1 DAGs
[2024-11-14T06:32:52.810+0000] {logging_mixin.py:190} INFO - [2024-11-14T06:32:52.810+0000] {dag.py:4180} INFO - Setting next_dagrun for example_branch_labels to 2024-11-13 00:00:00+00:00, run_after=2024-11-14 00:00:00+00:00
[2024-11-14T06:32:52.820+0000] {processor.py:208} INFO - Processing /home/airflow/.local/lib/python3.12/site-packages/airflow/example_dags/example_branch_labels.py took 0.043 seconds
[2024-11-14T06:33:24.181+0000] {processor.py:186} INFO - Started process (PID=1008) to work on /home/airflow/.local/lib/python3.12/site-packages/airflow/example_dags/example_branch_labels.py
[2024-11-14T06:33:24.182+0000] {processor.py:914} INFO - Processing file /home/airflow/.local/lib/python3.12/site-packages/airflow/example_dags/example_branch_labels.py for tasks to queue
[2024-11-14T06:33:24.184+0000] {logging_mixin.py:190} INFO - [2024-11-14T06:33:24.183+0000] {dagbag.py:588} INFO - Filling up the DagBag from /home/airflow/.local/lib/python3.12/site-packages/airflow/example_dags/example_branch_labels.py
[2024-11-14T06:33:24.189+0000] {processor.py:925} INFO - DAG(s) 'example_branch_labels' retrieved from /home/airflow/.local/lib/python3.12/site-packages/airflow/example_dags/example_branch_labels.py
[2024-11-14T06:33:24.200+0000] {logging_mixin.py:190} INFO - [2024-11-14T06:33:24.200+0000] {dag.py:3239} INFO - Sync 1 DAGs
[2024-11-14T06:33:24.211+0000] {logging_mixin.py:190} INFO - [2024-11-14T06:33:24.211+0000] {dag.py:4180} INFO - Setting next_dagrun for example_branch_labels to 2024-11-13 00:00:00+00:00, run_after=2024-11-14 00:00:00+00:00
[2024-11-14T06:33:24.220+0000] {processor.py:208} INFO - Processing /home/airflow/.local/lib/python3.12/site-packages/airflow/example_dags/example_branch_labels.py took 0.042 seconds
[2024-11-14T06:33:55.943+0000] {processor.py:186} INFO - Started process (PID=1072) to work on /home/airflow/.local/lib/python3.12/site-packages/airflow/example_dags/example_branch_labels.py
[2024-11-14T06:33:55.944+0000] {processor.py:914} INFO - Processing file /home/airflow/.local/lib/python3.12/site-packages/airflow/example_dags/example_branch_labels.py for tasks to queue
[2024-11-14T06:33:55.946+0000] {logging_mixin.py:190} INFO - [2024-11-14T06:33:55.946+0000] {dagbag.py:588} INFO - Filling up the DagBag from /home/airflow/.local/lib/python3.12/site-packages/airflow/example_dags/example_branch_labels.py
[2024-11-14T06:33:55.952+0000] {processor.py:925} INFO - DAG(s) 'example_branch_labels' retrieved from /home/airflow/.local/lib/python3.12/site-packages/airflow/example_dags/example_branch_labels.py
[2024-11-14T06:33:55.963+0000] {logging_mixin.py:190} INFO - [2024-11-14T06:33:55.963+0000] {dag.py:3239} INFO - Sync 1 DAGs
[2024-11-14T06:33:55.975+0000] {logging_mixin.py:190} INFO - [2024-11-14T06:33:55.975+0000] {dag.py:4180} INFO - Setting next_dagrun for example_branch_labels to 2024-11-13 00:00:00+00:00, run_after=2024-11-14 00:00:00+00:00
[2024-11-14T06:33:55.984+0000] {processor.py:208} INFO - Processing /home/airflow/.local/lib/python3.12/site-packages/airflow/example_dags/example_branch_labels.py took 0.045 seconds
[2024-11-14T06:34:27.551+0000] {processor.py:186} INFO - Started process (PID=1135) to work on /home/airflow/.local/lib/python3.12/site-packages/airflow/example_dags/example_branch_labels.py
[2024-11-14T06:34:27.552+0000] {processor.py:914} INFO - Processing file /home/airflow/.local/lib/python3.12/site-packages/airflow/example_dags/example_branch_labels.py for tasks to queue
[2024-11-14T06:34:27.553+0000] {logging_mixin.py:190} INFO - [2024-11-14T06:34:27.553+0000] {dagbag.py:588} INFO - Filling up the DagBag from /home/airflow/.local/lib/python3.12/site-packages/airflow/example_dags/example_branch_labels.py
[2024-11-14T06:34:27.559+0000] {processor.py:925} INFO - DAG(s) 'example_branch_labels' retrieved from /home/airflow/.local/lib/python3.12/site-packages/airflow/example_dags/example_branch_labels.py
[2024-11-14T06:34:27.570+0000] {logging_mixin.py:190} INFO - [2024-11-14T06:34:27.570+0000] {dag.py:3239} INFO - Sync 1 DAGs
[2024-11-14T06:34:27.583+0000] {logging_mixin.py:190} INFO - [2024-11-14T06:34:27.583+0000] {dag.py:4180} INFO - Setting next_dagrun for example_branch_labels to 2024-11-13 00:00:00+00:00, run_after=2024-11-14 00:00:00+00:00
[2024-11-14T06:34:27.594+0000] {processor.py:208} INFO - Processing /home/airflow/.local/lib/python3.12/site-packages/airflow/example_dags/example_branch_labels.py took 0.047 seconds
[2024-11-14T06:34:59.227+0000] {processor.py:186} INFO - Started process (PID=1199) to work on /home/airflow/.local/lib/python3.12/site-packages/airflow/example_dags/example_branch_labels.py
[2024-11-14T06:34:59.228+0000] {processor.py:914} INFO - Processing file /home/airflow/.local/lib/python3.12/site-packages/airflow/example_dags/example_branch_labels.py for tasks to queue
[2024-11-14T06:34:59.229+0000] {logging_mixin.py:190} INFO - [2024-11-14T06:34:59.229+0000] {dagbag.py:588} INFO - Filling up the DagBag from /home/airflow/.local/lib/python3.12/site-packages/airflow/example_dags/example_branch_labels.py
[2024-11-14T06:34:59.235+0000] {processor.py:925} INFO - DAG(s) 'example_branch_labels' retrieved from /home/airflow/.local/lib/python3.12/site-packages/airflow/example_dags/example_branch_labels.py
[2024-11-14T06:34:59.245+0000] {logging_mixin.py:190} INFO - [2024-11-14T06:34:59.245+0000] {dag.py:3239} INFO - Sync 1 DAGs
[2024-11-14T06:34:59.257+0000] {logging_mixin.py:190} INFO - [2024-11-14T06:34:59.257+0000] {dag.py:4180} INFO - Setting next_dagrun for example_branch_labels to 2024-11-13 00:00:00+00:00, run_after=2024-11-14 00:00:00+00:00
[2024-11-14T06:34:59.266+0000] {processor.py:208} INFO - Processing /home/airflow/.local/lib/python3.12/site-packages/airflow/example_dags/example_branch_labels.py took 0.043 seconds
[2024-11-14T06:35:30.095+0000] {processor.py:186} INFO - Started process (PID=1263) to work on /home/airflow/.local/lib/python3.12/site-packages/airflow/example_dags/example_branch_labels.py
[2024-11-14T06:35:30.096+0000] {processor.py:914} INFO - Processing file /home/airflow/.local/lib/python3.12/site-packages/airflow/example_dags/example_branch_labels.py for tasks to queue
[2024-11-14T06:35:30.097+0000] {logging_mixin.py:190} INFO - [2024-11-14T06:35:30.097+0000] {dagbag.py:588} INFO - Filling up the DagBag from /home/airflow/.local/lib/python3.12/site-packages/airflow/example_dags/example_branch_labels.py
[2024-11-14T06:35:30.103+0000] {processor.py:925} INFO - DAG(s) 'example_branch_labels' retrieved from /home/airflow/.local/lib/python3.12/site-packages/airflow/example_dags/example_branch_labels.py
[2024-11-14T06:35:30.114+0000] {logging_mixin.py:190} INFO - [2024-11-14T06:35:30.114+0000] {dag.py:3239} INFO - Sync 1 DAGs
[2024-11-14T06:35:30.126+0000] {logging_mixin.py:190} INFO - [2024-11-14T06:35:30.126+0000] {dag.py:4180} INFO - Setting next_dagrun for example_branch_labels to 2024-11-13 00:00:00+00:00, run_after=2024-11-14 00:00:00+00:00
[2024-11-14T06:35:30.140+0000] {processor.py:208} INFO - Processing /home/airflow/.local/lib/python3.12/site-packages/airflow/example_dags/example_branch_labels.py took 0.048 seconds
[2024-11-14T06:36:01.602+0000] {processor.py:186} INFO - Started process (PID=1327) to work on /home/airflow/.local/lib/python3.12/site-packages/airflow/example_dags/example_branch_labels.py
[2024-11-14T06:36:01.603+0000] {processor.py:914} INFO - Processing file /home/airflow/.local/lib/python3.12/site-packages/airflow/example_dags/example_branch_labels.py for tasks to queue
[2024-11-14T06:36:01.605+0000] {logging_mixin.py:190} INFO - [2024-11-14T06:36:01.605+0000] {dagbag.py:588} INFO - Filling up the DagBag from /home/airflow/.local/lib/python3.12/site-packages/airflow/example_dags/example_branch_labels.py
[2024-11-14T06:36:01.610+0000] {processor.py:925} INFO - DAG(s) 'example_branch_labels' retrieved from /home/airflow/.local/lib/python3.12/site-packages/airflow/example_dags/example_branch_labels.py
[2024-11-14T06:36:01.622+0000] {logging_mixin.py:190} INFO - [2024-11-14T06:36:01.621+0000] {dag.py:3239} INFO - Sync 1 DAGs
[2024-11-14T06:36:01.633+0000] {logging_mixin.py:190} INFO - [2024-11-14T06:36:01.633+0000] {dag.py:4180} INFO - Setting next_dagrun for example_branch_labels to 2024-11-13 00:00:00+00:00, run_after=2024-11-14 00:00:00+00:00
[2024-11-14T06:36:01.641+0000] {processor.py:208} INFO - Processing /home/airflow/.local/lib/python3.12/site-packages/airflow/example_dags/example_branch_labels.py took 0.042 seconds
[2024-11-14T06:36:33.255+0000] {processor.py:186} INFO - Started process (PID=1391) to work on /home/airflow/.local/lib/python3.12/site-packages/airflow/example_dags/example_branch_labels.py
[2024-11-14T06:36:33.256+0000] {processor.py:914} INFO - Processing file /home/airflow/.local/lib/python3.12/site-packages/airflow/example_dags/example_branch_labels.py for tasks to queue
[2024-11-14T06:36:33.257+0000] {logging_mixin.py:190} INFO - [2024-11-14T06:36:33.257+0000] {dagbag.py:588} INFO - Filling up the DagBag from /home/airflow/.local/lib/python3.12/site-packages/airflow/example_dags/example_branch_labels.py
[2024-11-14T06:36:33.263+0000] {processor.py:925} INFO - DAG(s) 'example_branch_labels' retrieved from /home/airflow/.local/lib/python3.12/site-packages/airflow/example_dags/example_branch_labels.py
[2024-11-14T06:36:33.273+0000] {logging_mixin.py:190} INFO - [2024-11-14T06:36:33.273+0000] {dag.py:3239} INFO - Sync 1 DAGs
[2024-11-14T06:36:33.284+0000] {logging_mixin.py:190} INFO - [2024-11-14T06:36:33.284+0000] {dag.py:4180} INFO - Setting next_dagrun for example_branch_labels to 2024-11-13 00:00:00+00:00, run_after=2024-11-14 00:00:00+00:00
[2024-11-14T06:36:33.293+0000] {processor.py:208} INFO - Processing /home/airflow/.local/lib/python3.12/site-packages/airflow/example_dags/example_branch_labels.py took 0.041 seconds
[2024-11-14T06:37:04.665+0000] {processor.py:186} INFO - Started process (PID=1455) to work on /home/airflow/.local/lib/python3.12/site-packages/airflow/example_dags/example_branch_labels.py
[2024-11-14T06:37:04.666+0000] {processor.py:914} INFO - Processing file /home/airflow/.local/lib/python3.12/site-packages/airflow/example_dags/example_branch_labels.py for tasks to queue
[2024-11-14T06:37:04.668+0000] {logging_mixin.py:190} INFO - [2024-11-14T06:37:04.668+0000] {dagbag.py:588} INFO - Filling up the DagBag from /home/airflow/.local/lib/python3.12/site-packages/airflow/example_dags/example_branch_labels.py
[2024-11-14T06:37:04.674+0000] {processor.py:925} INFO - DAG(s) 'example_branch_labels' retrieved from /home/airflow/.local/lib/python3.12/site-packages/airflow/example_dags/example_branch_labels.py
[2024-11-14T06:37:04.685+0000] {logging_mixin.py:190} INFO - [2024-11-14T06:37:04.685+0000] {dag.py:3239} INFO - Sync 1 DAGs
[2024-11-14T06:37:04.699+0000] {logging_mixin.py:190} INFO - [2024-11-14T06:37:04.699+0000] {dag.py:4180} INFO - Setting next_dagrun for example_branch_labels to 2024-11-13 00:00:00+00:00, run_after=2024-11-14 00:00:00+00:00
[2024-11-14T06:37:04.708+0000] {processor.py:208} INFO - Processing /home/airflow/.local/lib/python3.12/site-packages/airflow/example_dags/example_branch_labels.py took 0.047 seconds
[2024-11-14T06:37:35.999+0000] {processor.py:186} INFO - Started process (PID=1519) to work on /home/airflow/.local/lib/python3.12/site-packages/airflow/example_dags/example_branch_labels.py
[2024-11-14T06:37:36.000+0000] {processor.py:914} INFO - Processing file /home/airflow/.local/lib/python3.12/site-packages/airflow/example_dags/example_branch_labels.py for tasks to queue
[2024-11-14T06:37:36.002+0000] {logging_mixin.py:190} INFO - [2024-11-14T06:37:36.002+0000] {dagbag.py:588} INFO - Filling up the DagBag from /home/airflow/.local/lib/python3.12/site-packages/airflow/example_dags/example_branch_labels.py
[2024-11-14T06:37:36.008+0000] {processor.py:925} INFO - DAG(s) 'example_branch_labels' retrieved from /home/airflow/.local/lib/python3.12/site-packages/airflow/example_dags/example_branch_labels.py
[2024-11-14T06:37:36.021+0000] {logging_mixin.py:190} INFO - [2024-11-14T06:37:36.021+0000] {dag.py:3239} INFO - Sync 1 DAGs
[2024-11-14T06:37:36.033+0000] {logging_mixin.py:190} INFO - [2024-11-14T06:37:36.033+0000] {dag.py:4180} INFO - Setting next_dagrun for example_branch_labels to 2024-11-13 00:00:00+00:00, run_after=2024-11-14 00:00:00+00:00
[2024-11-14T06:37:36.043+0000] {processor.py:208} INFO - Processing /home/airflow/.local/lib/python3.12/site-packages/airflow/example_dags/example_branch_labels.py took 0.049 seconds
[2024-11-14T06:38:07.658+0000] {processor.py:186} INFO - Started process (PID=1589) to work on /home/airflow/.local/lib/python3.12/site-packages/airflow/example_dags/example_branch_labels.py
[2024-11-14T06:38:07.659+0000] {processor.py:914} INFO - Processing file /home/airflow/.local/lib/python3.12/site-packages/airflow/example_dags/example_branch_labels.py for tasks to queue
[2024-11-14T06:38:07.661+0000] {logging_mixin.py:190} INFO - [2024-11-14T06:38:07.661+0000] {dagbag.py:588} INFO - Filling up the DagBag from /home/airflow/.local/lib/python3.12/site-packages/airflow/example_dags/example_branch_labels.py
[2024-11-14T06:38:07.666+0000] {processor.py:925} INFO - DAG(s) 'example_branch_labels' retrieved from /home/airflow/.local/lib/python3.12/site-packages/airflow/example_dags/example_branch_labels.py
[2024-11-14T06:38:07.677+0000] {logging_mixin.py:190} INFO - [2024-11-14T06:38:07.677+0000] {dag.py:3239} INFO - Sync 1 DAGs
[2024-11-14T06:38:07.689+0000] {logging_mixin.py:190} INFO - [2024-11-14T06:38:07.689+0000] {dag.py:4180} INFO - Setting next_dagrun for example_branch_labels to 2024-11-13 00:00:00+00:00, run_after=2024-11-14 00:00:00+00:00
[2024-11-14T06:38:07.697+0000] {processor.py:208} INFO - Processing /home/airflow/.local/lib/python3.12/site-packages/airflow/example_dags/example_branch_labels.py took 0.042 seconds
[2024-11-14T06:38:39.421+0000] {processor.py:186} INFO - Started process (PID=1653) to work on /home/airflow/.local/lib/python3.12/site-packages/airflow/example_dags/example_branch_labels.py
[2024-11-14T06:38:39.422+0000] {processor.py:914} INFO - Processing file /home/airflow/.local/lib/python3.12/site-packages/airflow/example_dags/example_branch_labels.py for tasks to queue
[2024-11-14T06:38:39.426+0000] {logging_mixin.py:190} INFO - [2024-11-14T06:38:39.425+0000] {dagbag.py:588} INFO - Filling up the DagBag from /home/airflow/.local/lib/python3.12/site-packages/airflow/example_dags/example_branch_labels.py
[2024-11-14T06:38:39.437+0000] {processor.py:925} INFO - DAG(s) 'example_branch_labels' retrieved from /home/airflow/.local/lib/python3.12/site-packages/airflow/example_dags/example_branch_labels.py
[2024-11-14T06:38:39.451+0000] {logging_mixin.py:190} INFO - [2024-11-14T06:38:39.451+0000] {dag.py:3239} INFO - Sync 1 DAGs
[2024-11-14T06:38:39.469+0000] {logging_mixin.py:190} INFO - [2024-11-14T06:38:39.469+0000] {dag.py:4180} INFO - Setting next_dagrun for example_branch_labels to 2024-11-13 00:00:00+00:00, run_after=2024-11-14 00:00:00+00:00
[2024-11-14T06:38:39.485+0000] {processor.py:208} INFO - Processing /home/airflow/.local/lib/python3.12/site-packages/airflow/example_dags/example_branch_labels.py took 0.073 seconds
[2024-11-14T06:39:09.962+0000] {processor.py:186} INFO - Started process (PID=1718) to work on /home/airflow/.local/lib/python3.12/site-packages/airflow/example_dags/example_branch_labels.py
[2024-11-14T06:39:09.963+0000] {processor.py:914} INFO - Processing file /home/airflow/.local/lib/python3.12/site-packages/airflow/example_dags/example_branch_labels.py for tasks to queue
[2024-11-14T06:39:09.964+0000] {logging_mixin.py:190} INFO - [2024-11-14T06:39:09.964+0000] {dagbag.py:588} INFO - Filling up the DagBag from /home/airflow/.local/lib/python3.12/site-packages/airflow/example_dags/example_branch_labels.py
[2024-11-14T06:39:09.970+0000] {processor.py:925} INFO - DAG(s) 'example_branch_labels' retrieved from /home/airflow/.local/lib/python3.12/site-packages/airflow/example_dags/example_branch_labels.py
[2024-11-14T06:39:09.980+0000] {logging_mixin.py:190} INFO - [2024-11-14T06:39:09.980+0000] {dag.py:3239} INFO - Sync 1 DAGs
[2024-11-14T06:39:09.992+0000] {logging_mixin.py:190} INFO - [2024-11-14T06:39:09.992+0000] {dag.py:4180} INFO - Setting next_dagrun for example_branch_labels to 2024-11-13 00:00:00+00:00, run_after=2024-11-14 00:00:00+00:00
[2024-11-14T06:39:10.001+0000] {processor.py:208} INFO - Processing /home/airflow/.local/lib/python3.12/site-packages/airflow/example_dags/example_branch_labels.py took 0.043 seconds
[2024-11-14T06:39:40.817+0000] {processor.py:186} INFO - Started process (PID=1782) to work on /home/airflow/.local/lib/python3.12/site-packages/airflow/example_dags/example_branch_labels.py
[2024-11-14T06:39:40.817+0000] {processor.py:914} INFO - Processing file /home/airflow/.local/lib/python3.12/site-packages/airflow/example_dags/example_branch_labels.py for tasks to queue
[2024-11-14T06:39:40.819+0000] {logging_mixin.py:190} INFO - [2024-11-14T06:39:40.819+0000] {dagbag.py:588} INFO - Filling up the DagBag from /home/airflow/.local/lib/python3.12/site-packages/airflow/example_dags/example_branch_labels.py
[2024-11-14T06:39:40.824+0000] {processor.py:925} INFO - DAG(s) 'example_branch_labels' retrieved from /home/airflow/.local/lib/python3.12/site-packages/airflow/example_dags/example_branch_labels.py
[2024-11-14T06:39:40.835+0000] {logging_mixin.py:190} INFO - [2024-11-14T06:39:40.835+0000] {dag.py:3239} INFO - Sync 1 DAGs
[2024-11-14T06:39:40.847+0000] {logging_mixin.py:190} INFO - [2024-11-14T06:39:40.847+0000] {dag.py:4180} INFO - Setting next_dagrun for example_branch_labels to 2024-11-13 00:00:00+00:00, run_after=2024-11-14 00:00:00+00:00
[2024-11-14T06:39:40.857+0000] {processor.py:208} INFO - Processing /home/airflow/.local/lib/python3.12/site-packages/airflow/example_dags/example_branch_labels.py took 0.043 seconds
[2024-11-14T06:40:12.453+0000] {processor.py:186} INFO - Started process (PID=1846) to work on /home/airflow/.local/lib/python3.12/site-packages/airflow/example_dags/example_branch_labels.py
[2024-11-14T06:40:12.454+0000] {processor.py:914} INFO - Processing file /home/airflow/.local/lib/python3.12/site-packages/airflow/example_dags/example_branch_labels.py for tasks to queue
[2024-11-14T06:40:12.455+0000] {logging_mixin.py:190} INFO - [2024-11-14T06:40:12.455+0000] {dagbag.py:588} INFO - Filling up the DagBag from /home/airflow/.local/lib/python3.12/site-packages/airflow/example_dags/example_branch_labels.py
[2024-11-14T06:40:12.461+0000] {processor.py:925} INFO - DAG(s) 'example_branch_labels' retrieved from /home/airflow/.local/lib/python3.12/site-packages/airflow/example_dags/example_branch_labels.py
[2024-11-14T06:40:12.473+0000] {logging_mixin.py:190} INFO - [2024-11-14T06:40:12.473+0000] {dag.py:3239} INFO - Sync 1 DAGs
[2024-11-14T06:40:12.486+0000] {logging_mixin.py:190} INFO - [2024-11-14T06:40:12.486+0000] {dag.py:4180} INFO - Setting next_dagrun for example_branch_labels to 2024-11-13 00:00:00+00:00, run_after=2024-11-14 00:00:00+00:00
[2024-11-14T06:40:12.495+0000] {processor.py:208} INFO - Processing /home/airflow/.local/lib/python3.12/site-packages/airflow/example_dags/example_branch_labels.py took 0.046 seconds
[2024-11-14T06:40:43.948+0000] {processor.py:186} INFO - Started process (PID=1910) to work on /home/airflow/.local/lib/python3.12/site-packages/airflow/example_dags/example_branch_labels.py
[2024-11-14T06:40:43.948+0000] {processor.py:914} INFO - Processing file /home/airflow/.local/lib/python3.12/site-packages/airflow/example_dags/example_branch_labels.py for tasks to queue
[2024-11-14T06:40:43.950+0000] {logging_mixin.py:190} INFO - [2024-11-14T06:40:43.950+0000] {dagbag.py:588} INFO - Filling up the DagBag from /home/airflow/.local/lib/python3.12/site-packages/airflow/example_dags/example_branch_labels.py
[2024-11-14T06:40:43.956+0000] {processor.py:925} INFO - DAG(s) 'example_branch_labels' retrieved from /home/airflow/.local/lib/python3.12/site-packages/airflow/example_dags/example_branch_labels.py
[2024-11-14T06:40:43.972+0000] {logging_mixin.py:190} INFO - [2024-11-14T06:40:43.971+0000] {dag.py:3239} INFO - Sync 1 DAGs
[2024-11-14T06:40:43.984+0000] {logging_mixin.py:190} INFO - [2024-11-14T06:40:43.984+0000] {dag.py:4180} INFO - Setting next_dagrun for example_branch_labels to 2024-11-13 00:00:00+00:00, run_after=2024-11-14 00:00:00+00:00
[2024-11-14T06:40:43.994+0000] {processor.py:208} INFO - Processing /home/airflow/.local/lib/python3.12/site-packages/airflow/example_dags/example_branch_labels.py took 0.051 seconds
[2024-11-14T06:41:15.926+0000] {processor.py:186} INFO - Started process (PID=1973) to work on /home/airflow/.local/lib/python3.12/site-packages/airflow/example_dags/example_branch_labels.py
[2024-11-14T06:41:15.927+0000] {processor.py:914} INFO - Processing file /home/airflow/.local/lib/python3.12/site-packages/airflow/example_dags/example_branch_labels.py for tasks to queue
[2024-11-14T06:41:15.929+0000] {logging_mixin.py:190} INFO - [2024-11-14T06:41:15.929+0000] {dagbag.py:588} INFO - Filling up the DagBag from /home/airflow/.local/lib/python3.12/site-packages/airflow/example_dags/example_branch_labels.py
[2024-11-14T06:41:15.935+0000] {processor.py:925} INFO - DAG(s) 'example_branch_labels' retrieved from /home/airflow/.local/lib/python3.12/site-packages/airflow/example_dags/example_branch_labels.py
[2024-11-14T06:41:15.949+0000] {logging_mixin.py:190} INFO - [2024-11-14T06:41:15.948+0000] {dag.py:3239} INFO - Sync 1 DAGs
[2024-11-14T06:41:15.961+0000] {logging_mixin.py:190} INFO - [2024-11-14T06:41:15.961+0000] {dag.py:4180} INFO - Setting next_dagrun for example_branch_labels to 2024-11-13 00:00:00+00:00, run_after=2024-11-14 00:00:00+00:00
[2024-11-14T06:41:15.972+0000] {processor.py:208} INFO - Processing /home/airflow/.local/lib/python3.12/site-packages/airflow/example_dags/example_branch_labels.py took 0.050 seconds
