[2024-11-14T06:26:01.766+0000] {processor.py:186} INFO - Started process (PID=60) to work on /home/airflow/.local/lib/python3.12/site-packages/airflow/example_dags/example_skip_dag.py
[2024-11-14T06:26:01.767+0000] {processor.py:914} INFO - Processing file /home/airflow/.local/lib/python3.12/site-packages/airflow/example_dags/example_skip_dag.py for tasks to queue
[2024-11-14T06:26:01.771+0000] {logging_mixin.py:190} INFO - [2024-11-14T06:26:01.770+0000] {dagbag.py:588} INFO - Filling up the DagBag from /home/airflow/.local/lib/python3.12/site-packages/airflow/example_dags/example_skip_dag.py
[2024-11-14T06:26:01.796+0000] {processor.py:925} INFO - DAG(s) 'example_skip_dag' retrieved from /home/airflow/.local/lib/python3.12/site-packages/airflow/example_dags/example_skip_dag.py
[2024-11-14T06:26:01.823+0000] {logging_mixin.py:190} INFO - [2024-11-14T06:26:01.823+0000] {dag.py:3239} INFO - Sync 1 DAGs
[2024-11-14T06:26:01.869+0000] {logging_mixin.py:190} INFO - [2024-11-14T06:26:01.869+0000] {dag.py:4180} INFO - Setting next_dagrun for example_skip_dag to 2024-11-13 00:00:00+00:00, run_after=2024-11-14 00:00:00+00:00
[2024-11-14T06:26:01.902+0000] {processor.py:208} INFO - Processing /home/airflow/.local/lib/python3.12/site-packages/airflow/example_dags/example_skip_dag.py took 0.144 seconds
[2024-11-14T06:26:32.610+0000] {processor.py:186} INFO - Started process (PID=123) to work on /home/airflow/.local/lib/python3.12/site-packages/airflow/example_dags/example_skip_dag.py
[2024-11-14T06:26:32.611+0000] {processor.py:914} INFO - Processing file /home/airflow/.local/lib/python3.12/site-packages/airflow/example_dags/example_skip_dag.py for tasks to queue
[2024-11-14T06:26:32.613+0000] {logging_mixin.py:190} INFO - [2024-11-14T06:26:32.613+0000] {dagbag.py:588} INFO - Filling up the DagBag from /home/airflow/.local/lib/python3.12/site-packages/airflow/example_dags/example_skip_dag.py
[2024-11-14T06:26:32.621+0000] {processor.py:925} INFO - DAG(s) 'example_skip_dag' retrieved from /home/airflow/.local/lib/python3.12/site-packages/airflow/example_dags/example_skip_dag.py
[2024-11-14T06:26:32.653+0000] {logging_mixin.py:190} INFO - [2024-11-14T06:26:32.652+0000] {dag.py:3239} INFO - Sync 1 DAGs
[2024-11-14T06:26:32.695+0000] {logging_mixin.py:190} INFO - [2024-11-14T06:26:32.695+0000] {dag.py:4180} INFO - Setting next_dagrun for example_skip_dag to 2024-11-13 00:00:00+00:00, run_after=2024-11-14 00:00:00+00:00
[2024-11-14T06:26:32.722+0000] {processor.py:208} INFO - Processing /home/airflow/.local/lib/python3.12/site-packages/airflow/example_dags/example_skip_dag.py took 0.118 seconds
[2024-11-14T06:27:03.235+0000] {processor.py:186} INFO - Started process (PID=187) to work on /home/airflow/.local/lib/python3.12/site-packages/airflow/example_dags/example_skip_dag.py
[2024-11-14T06:27:03.236+0000] {processor.py:914} INFO - Processing file /home/airflow/.local/lib/python3.12/site-packages/airflow/example_dags/example_skip_dag.py for tasks to queue
[2024-11-14T06:27:03.238+0000] {logging_mixin.py:190} INFO - [2024-11-14T06:27:03.238+0000] {dagbag.py:588} INFO - Filling up the DagBag from /home/airflow/.local/lib/python3.12/site-packages/airflow/example_dags/example_skip_dag.py
[2024-11-14T06:27:03.245+0000] {processor.py:925} INFO - DAG(s) 'example_skip_dag' retrieved from /home/airflow/.local/lib/python3.12/site-packages/airflow/example_dags/example_skip_dag.py
[2024-11-14T06:27:03.261+0000] {logging_mixin.py:190} INFO - [2024-11-14T06:27:03.260+0000] {dag.py:3239} INFO - Sync 1 DAGs
[2024-11-14T06:27:03.274+0000] {logging_mixin.py:190} INFO - [2024-11-14T06:27:03.274+0000] {dag.py:4180} INFO - Setting next_dagrun for example_skip_dag to 2024-11-13 00:00:00+00:00, run_after=2024-11-14 00:00:00+00:00
[2024-11-14T06:27:03.286+0000] {processor.py:208} INFO - Processing /home/airflow/.local/lib/python3.12/site-packages/airflow/example_dags/example_skip_dag.py took 0.058 seconds
[2024-11-14T06:27:33.924+0000] {processor.py:186} INFO - Started process (PID=251) to work on /home/airflow/.local/lib/python3.12/site-packages/airflow/example_dags/example_skip_dag.py
[2024-11-14T06:27:33.927+0000] {processor.py:914} INFO - Processing file /home/airflow/.local/lib/python3.12/site-packages/airflow/example_dags/example_skip_dag.py for tasks to queue
[2024-11-14T06:27:33.928+0000] {logging_mixin.py:190} INFO - [2024-11-14T06:27:33.928+0000] {dagbag.py:588} INFO - Filling up the DagBag from /home/airflow/.local/lib/python3.12/site-packages/airflow/example_dags/example_skip_dag.py
[2024-11-14T06:27:33.933+0000] {processor.py:925} INFO - DAG(s) 'example_skip_dag' retrieved from /home/airflow/.local/lib/python3.12/site-packages/airflow/example_dags/example_skip_dag.py
[2024-11-14T06:27:33.945+0000] {logging_mixin.py:190} INFO - [2024-11-14T06:27:33.945+0000] {dag.py:3239} INFO - Sync 1 DAGs
[2024-11-14T06:27:33.963+0000] {logging_mixin.py:190} INFO - [2024-11-14T06:27:33.962+0000] {dag.py:4180} INFO - Setting next_dagrun for example_skip_dag to 2024-11-13 00:00:00+00:00, run_after=2024-11-14 00:00:00+00:00
[2024-11-14T06:27:33.973+0000] {processor.py:208} INFO - Processing /home/airflow/.local/lib/python3.12/site-packages/airflow/example_dags/example_skip_dag.py took 0.053 seconds
[2024-11-14T06:28:04.612+0000] {processor.py:186} INFO - Started process (PID=315) to work on /home/airflow/.local/lib/python3.12/site-packages/airflow/example_dags/example_skip_dag.py
[2024-11-14T06:28:04.614+0000] {processor.py:914} INFO - Processing file /home/airflow/.local/lib/python3.12/site-packages/airflow/example_dags/example_skip_dag.py for tasks to queue
[2024-11-14T06:28:04.618+0000] {logging_mixin.py:190} INFO - [2024-11-14T06:28:04.617+0000] {dagbag.py:588} INFO - Filling up the DagBag from /home/airflow/.local/lib/python3.12/site-packages/airflow/example_dags/example_skip_dag.py
[2024-11-14T06:28:04.629+0000] {processor.py:925} INFO - DAG(s) 'example_skip_dag' retrieved from /home/airflow/.local/lib/python3.12/site-packages/airflow/example_dags/example_skip_dag.py
[2024-11-14T06:28:04.654+0000] {logging_mixin.py:190} INFO - [2024-11-14T06:28:04.654+0000] {dag.py:3239} INFO - Sync 1 DAGs
[2024-11-14T06:28:04.681+0000] {logging_mixin.py:190} INFO - [2024-11-14T06:28:04.681+0000] {dag.py:4180} INFO - Setting next_dagrun for example_skip_dag to 2024-11-13 00:00:00+00:00, run_after=2024-11-14 00:00:00+00:00
[2024-11-14T06:28:04.696+0000] {processor.py:208} INFO - Processing /home/airflow/.local/lib/python3.12/site-packages/airflow/example_dags/example_skip_dag.py took 0.089 seconds
[2024-11-14T06:28:35.488+0000] {processor.py:186} INFO - Started process (PID=385) to work on /home/airflow/.local/lib/python3.12/site-packages/airflow/example_dags/example_skip_dag.py
[2024-11-14T06:28:35.489+0000] {processor.py:914} INFO - Processing file /home/airflow/.local/lib/python3.12/site-packages/airflow/example_dags/example_skip_dag.py for tasks to queue
[2024-11-14T06:28:35.491+0000] {logging_mixin.py:190} INFO - [2024-11-14T06:28:35.491+0000] {dagbag.py:588} INFO - Filling up the DagBag from /home/airflow/.local/lib/python3.12/site-packages/airflow/example_dags/example_skip_dag.py
[2024-11-14T06:28:35.498+0000] {processor.py:925} INFO - DAG(s) 'example_skip_dag' retrieved from /home/airflow/.local/lib/python3.12/site-packages/airflow/example_dags/example_skip_dag.py
[2024-11-14T06:28:35.521+0000] {logging_mixin.py:190} INFO - [2024-11-14T06:28:35.521+0000] {dag.py:3239} INFO - Sync 1 DAGs
[2024-11-14T06:28:35.575+0000] {logging_mixin.py:190} INFO - [2024-11-14T06:28:35.575+0000] {dag.py:4180} INFO - Setting next_dagrun for example_skip_dag to 2024-11-13 00:00:00+00:00, run_after=2024-11-14 00:00:00+00:00
[2024-11-14T06:28:35.608+0000] {processor.py:208} INFO - Processing /home/airflow/.local/lib/python3.12/site-packages/airflow/example_dags/example_skip_dag.py took 0.139 seconds
[2024-11-14T06:29:06.274+0000] {processor.py:186} INFO - Started process (PID=448) to work on /home/airflow/.local/lib/python3.12/site-packages/airflow/example_dags/example_skip_dag.py
[2024-11-14T06:29:06.275+0000] {processor.py:914} INFO - Processing file /home/airflow/.local/lib/python3.12/site-packages/airflow/example_dags/example_skip_dag.py for tasks to queue
[2024-11-14T06:29:06.277+0000] {logging_mixin.py:190} INFO - [2024-11-14T06:29:06.277+0000] {dagbag.py:588} INFO - Filling up the DagBag from /home/airflow/.local/lib/python3.12/site-packages/airflow/example_dags/example_skip_dag.py
[2024-11-14T06:29:06.287+0000] {processor.py:925} INFO - DAG(s) 'example_skip_dag' retrieved from /home/airflow/.local/lib/python3.12/site-packages/airflow/example_dags/example_skip_dag.py
[2024-11-14T06:29:06.317+0000] {logging_mixin.py:190} INFO - [2024-11-14T06:29:06.317+0000] {dag.py:3239} INFO - Sync 1 DAGs
[2024-11-14T06:29:06.348+0000] {logging_mixin.py:190} INFO - [2024-11-14T06:29:06.348+0000] {dag.py:4180} INFO - Setting next_dagrun for example_skip_dag to 2024-11-13 00:00:00+00:00, run_after=2024-11-14 00:00:00+00:00
[2024-11-14T06:29:06.365+0000] {processor.py:208} INFO - Processing /home/airflow/.local/lib/python3.12/site-packages/airflow/example_dags/example_skip_dag.py took 0.096 seconds
[2024-11-14T06:29:36.630+0000] {processor.py:186} INFO - Started process (PID=512) to work on /home/airflow/.local/lib/python3.12/site-packages/airflow/example_dags/example_skip_dag.py
[2024-11-14T06:29:36.632+0000] {processor.py:914} INFO - Processing file /home/airflow/.local/lib/python3.12/site-packages/airflow/example_dags/example_skip_dag.py for tasks to queue
[2024-11-14T06:29:36.635+0000] {logging_mixin.py:190} INFO - [2024-11-14T06:29:36.635+0000] {dagbag.py:588} INFO - Filling up the DagBag from /home/airflow/.local/lib/python3.12/site-packages/airflow/example_dags/example_skip_dag.py
[2024-11-14T06:29:36.643+0000] {processor.py:925} INFO - DAG(s) 'example_skip_dag' retrieved from /home/airflow/.local/lib/python3.12/site-packages/airflow/example_dags/example_skip_dag.py
[2024-11-14T06:29:36.660+0000] {logging_mixin.py:190} INFO - [2024-11-14T06:29:36.660+0000] {dag.py:3239} INFO - Sync 1 DAGs
[2024-11-14T06:29:36.686+0000] {logging_mixin.py:190} INFO - [2024-11-14T06:29:36.686+0000] {dag.py:4180} INFO - Setting next_dagrun for example_skip_dag to 2024-11-13 00:00:00+00:00, run_after=2024-11-14 00:00:00+00:00
[2024-11-14T06:29:36.700+0000] {processor.py:208} INFO - Processing /home/airflow/.local/lib/python3.12/site-packages/airflow/example_dags/example_skip_dag.py took 0.080 seconds
[2024-11-14T06:30:07.433+0000] {processor.py:186} INFO - Started process (PID=576) to work on /home/airflow/.local/lib/python3.12/site-packages/airflow/example_dags/example_skip_dag.py
[2024-11-14T06:30:07.433+0000] {processor.py:914} INFO - Processing file /home/airflow/.local/lib/python3.12/site-packages/airflow/example_dags/example_skip_dag.py for tasks to queue
[2024-11-14T06:30:07.435+0000] {logging_mixin.py:190} INFO - [2024-11-14T06:30:07.435+0000] {dagbag.py:588} INFO - Filling up the DagBag from /home/airflow/.local/lib/python3.12/site-packages/airflow/example_dags/example_skip_dag.py
[2024-11-14T06:30:07.441+0000] {processor.py:925} INFO - DAG(s) 'example_skip_dag' retrieved from /home/airflow/.local/lib/python3.12/site-packages/airflow/example_dags/example_skip_dag.py
[2024-11-14T06:30:07.459+0000] {logging_mixin.py:190} INFO - [2024-11-14T06:30:07.459+0000] {dag.py:3239} INFO - Sync 1 DAGs
[2024-11-14T06:30:07.488+0000] {logging_mixin.py:190} INFO - [2024-11-14T06:30:07.488+0000] {dag.py:4180} INFO - Setting next_dagrun for example_skip_dag to 2024-11-13 00:00:00+00:00, run_after=2024-11-14 00:00:00+00:00
[2024-11-14T06:30:07.500+0000] {processor.py:208} INFO - Processing /home/airflow/.local/lib/python3.12/site-packages/airflow/example_dags/example_skip_dag.py took 0.072 seconds
[2024-11-14T06:30:37.774+0000] {processor.py:186} INFO - Started process (PID=640) to work on /home/airflow/.local/lib/python3.12/site-packages/airflow/example_dags/example_skip_dag.py
[2024-11-14T06:30:37.776+0000] {processor.py:914} INFO - Processing file /home/airflow/.local/lib/python3.12/site-packages/airflow/example_dags/example_skip_dag.py for tasks to queue
[2024-11-14T06:30:37.779+0000] {logging_mixin.py:190} INFO - [2024-11-14T06:30:37.778+0000] {dagbag.py:588} INFO - Filling up the DagBag from /home/airflow/.local/lib/python3.12/site-packages/airflow/example_dags/example_skip_dag.py
[2024-11-14T06:30:37.787+0000] {processor.py:925} INFO - DAG(s) 'example_skip_dag' retrieved from /home/airflow/.local/lib/python3.12/site-packages/airflow/example_dags/example_skip_dag.py
[2024-11-14T06:30:37.805+0000] {logging_mixin.py:190} INFO - [2024-11-14T06:30:37.805+0000] {dag.py:3239} INFO - Sync 1 DAGs
[2024-11-14T06:30:37.820+0000] {logging_mixin.py:190} INFO - [2024-11-14T06:30:37.820+0000] {dag.py:4180} INFO - Setting next_dagrun for example_skip_dag to 2024-11-13 00:00:00+00:00, run_after=2024-11-14 00:00:00+00:00
[2024-11-14T06:30:37.828+0000] {processor.py:208} INFO - Processing /home/airflow/.local/lib/python3.12/site-packages/airflow/example_dags/example_skip_dag.py took 0.061 seconds
[2024-11-14T06:31:08.506+0000] {processor.py:186} INFO - Started process (PID=703) to work on /home/airflow/.local/lib/python3.12/site-packages/airflow/example_dags/example_skip_dag.py
[2024-11-14T06:31:08.511+0000] {processor.py:914} INFO - Processing file /home/airflow/.local/lib/python3.12/site-packages/airflow/example_dags/example_skip_dag.py for tasks to queue
[2024-11-14T06:31:08.514+0000] {logging_mixin.py:190} INFO - [2024-11-14T06:31:08.514+0000] {dagbag.py:588} INFO - Filling up the DagBag from /home/airflow/.local/lib/python3.12/site-packages/airflow/example_dags/example_skip_dag.py
[2024-11-14T06:31:08.526+0000] {processor.py:925} INFO - DAG(s) 'example_skip_dag' retrieved from /home/airflow/.local/lib/python3.12/site-packages/airflow/example_dags/example_skip_dag.py
[2024-11-14T06:31:08.550+0000] {logging_mixin.py:190} INFO - [2024-11-14T06:31:08.549+0000] {dag.py:3239} INFO - Sync 1 DAGs
[2024-11-14T06:31:08.575+0000] {logging_mixin.py:190} INFO - [2024-11-14T06:31:08.575+0000] {dag.py:4180} INFO - Setting next_dagrun for example_skip_dag to 2024-11-13 00:00:00+00:00, run_after=2024-11-14 00:00:00+00:00
[2024-11-14T06:31:08.589+0000] {processor.py:208} INFO - Processing /home/airflow/.local/lib/python3.12/site-packages/airflow/example_dags/example_skip_dag.py took 0.091 seconds
[2024-11-14T06:31:38.945+0000] {processor.py:186} INFO - Started process (PID=767) to work on /home/airflow/.local/lib/python3.12/site-packages/airflow/example_dags/example_skip_dag.py
[2024-11-14T06:31:38.946+0000] {processor.py:914} INFO - Processing file /home/airflow/.local/lib/python3.12/site-packages/airflow/example_dags/example_skip_dag.py for tasks to queue
[2024-11-14T06:31:38.947+0000] {logging_mixin.py:190} INFO - [2024-11-14T06:31:38.947+0000] {dagbag.py:588} INFO - Filling up the DagBag from /home/airflow/.local/lib/python3.12/site-packages/airflow/example_dags/example_skip_dag.py
[2024-11-14T06:31:38.952+0000] {processor.py:925} INFO - DAG(s) 'example_skip_dag' retrieved from /home/airflow/.local/lib/python3.12/site-packages/airflow/example_dags/example_skip_dag.py
[2024-11-14T06:31:38.967+0000] {logging_mixin.py:190} INFO - [2024-11-14T06:31:38.967+0000] {dag.py:3239} INFO - Sync 1 DAGs
[2024-11-14T06:31:38.982+0000] {logging_mixin.py:190} INFO - [2024-11-14T06:31:38.982+0000] {dag.py:4180} INFO - Setting next_dagrun for example_skip_dag to 2024-11-13 00:00:00+00:00, run_after=2024-11-14 00:00:00+00:00
[2024-11-14T06:31:38.992+0000] {processor.py:208} INFO - Processing /home/airflow/.local/lib/python3.12/site-packages/airflow/example_dags/example_skip_dag.py took 0.051 seconds
[2024-11-14T06:32:09.382+0000] {processor.py:186} INFO - Started process (PID=831) to work on /home/airflow/.local/lib/python3.12/site-packages/airflow/example_dags/example_skip_dag.py
[2024-11-14T06:32:09.383+0000] {processor.py:914} INFO - Processing file /home/airflow/.local/lib/python3.12/site-packages/airflow/example_dags/example_skip_dag.py for tasks to queue
[2024-11-14T06:32:09.385+0000] {logging_mixin.py:190} INFO - [2024-11-14T06:32:09.385+0000] {dagbag.py:588} INFO - Filling up the DagBag from /home/airflow/.local/lib/python3.12/site-packages/airflow/example_dags/example_skip_dag.py
[2024-11-14T06:32:09.393+0000] {processor.py:925} INFO - DAG(s) 'example_skip_dag' retrieved from /home/airflow/.local/lib/python3.12/site-packages/airflow/example_dags/example_skip_dag.py
[2024-11-14T06:32:09.427+0000] {logging_mixin.py:190} INFO - [2024-11-14T06:32:09.426+0000] {dag.py:3239} INFO - Sync 1 DAGs
[2024-11-14T06:32:09.458+0000] {logging_mixin.py:190} INFO - [2024-11-14T06:32:09.458+0000] {dag.py:4180} INFO - Setting next_dagrun for example_skip_dag to 2024-11-13 00:00:00+00:00, run_after=2024-11-14 00:00:00+00:00
[2024-11-14T06:32:09.470+0000] {processor.py:208} INFO - Processing /home/airflow/.local/lib/python3.12/site-packages/airflow/example_dags/example_skip_dag.py took 0.094 seconds
[2024-11-14T06:32:39.756+0000] {processor.py:186} INFO - Started process (PID=895) to work on /home/airflow/.local/lib/python3.12/site-packages/airflow/example_dags/example_skip_dag.py
[2024-11-14T06:32:39.757+0000] {processor.py:914} INFO - Processing file /home/airflow/.local/lib/python3.12/site-packages/airflow/example_dags/example_skip_dag.py for tasks to queue
[2024-11-14T06:32:39.760+0000] {logging_mixin.py:190} INFO - [2024-11-14T06:32:39.759+0000] {dagbag.py:588} INFO - Filling up the DagBag from /home/airflow/.local/lib/python3.12/site-packages/airflow/example_dags/example_skip_dag.py
[2024-11-14T06:32:39.772+0000] {processor.py:925} INFO - DAG(s) 'example_skip_dag' retrieved from /home/airflow/.local/lib/python3.12/site-packages/airflow/example_dags/example_skip_dag.py
[2024-11-14T06:32:39.800+0000] {logging_mixin.py:190} INFO - [2024-11-14T06:32:39.800+0000] {dag.py:3239} INFO - Sync 1 DAGs
[2024-11-14T06:32:39.827+0000] {logging_mixin.py:190} INFO - [2024-11-14T06:32:39.827+0000] {dag.py:4180} INFO - Setting next_dagrun for example_skip_dag to 2024-11-13 00:00:00+00:00, run_after=2024-11-14 00:00:00+00:00
[2024-11-14T06:32:39.838+0000] {processor.py:208} INFO - Processing /home/airflow/.local/lib/python3.12/site-packages/airflow/example_dags/example_skip_dag.py took 0.101 seconds
[2024-11-14T06:33:10.184+0000] {processor.py:186} INFO - Started process (PID=959) to work on /home/airflow/.local/lib/python3.12/site-packages/airflow/example_dags/example_skip_dag.py
[2024-11-14T06:33:10.185+0000] {processor.py:914} INFO - Processing file /home/airflow/.local/lib/python3.12/site-packages/airflow/example_dags/example_skip_dag.py for tasks to queue
[2024-11-14T06:33:10.187+0000] {logging_mixin.py:190} INFO - [2024-11-14T06:33:10.187+0000] {dagbag.py:588} INFO - Filling up the DagBag from /home/airflow/.local/lib/python3.12/site-packages/airflow/example_dags/example_skip_dag.py
[2024-11-14T06:33:10.194+0000] {processor.py:925} INFO - DAG(s) 'example_skip_dag' retrieved from /home/airflow/.local/lib/python3.12/site-packages/airflow/example_dags/example_skip_dag.py
[2024-11-14T06:33:10.207+0000] {logging_mixin.py:190} INFO - [2024-11-14T06:33:10.207+0000] {dag.py:3239} INFO - Sync 1 DAGs
[2024-11-14T06:33:10.222+0000] {logging_mixin.py:190} INFO - [2024-11-14T06:33:10.221+0000] {dag.py:4180} INFO - Setting next_dagrun for example_skip_dag to 2024-11-13 00:00:00+00:00, run_after=2024-11-14 00:00:00+00:00
[2024-11-14T06:33:10.232+0000] {processor.py:208} INFO - Processing /home/airflow/.local/lib/python3.12/site-packages/airflow/example_dags/example_skip_dag.py took 0.053 seconds
[2024-11-14T06:33:40.549+0000] {processor.py:186} INFO - Started process (PID=1023) to work on /home/airflow/.local/lib/python3.12/site-packages/airflow/example_dags/example_skip_dag.py
[2024-11-14T06:33:40.550+0000] {processor.py:914} INFO - Processing file /home/airflow/.local/lib/python3.12/site-packages/airflow/example_dags/example_skip_dag.py for tasks to queue
[2024-11-14T06:33:40.552+0000] {logging_mixin.py:190} INFO - [2024-11-14T06:33:40.552+0000] {dagbag.py:588} INFO - Filling up the DagBag from /home/airflow/.local/lib/python3.12/site-packages/airflow/example_dags/example_skip_dag.py
[2024-11-14T06:33:40.562+0000] {processor.py:925} INFO - DAG(s) 'example_skip_dag' retrieved from /home/airflow/.local/lib/python3.12/site-packages/airflow/example_dags/example_skip_dag.py
[2024-11-14T06:33:40.597+0000] {logging_mixin.py:190} INFO - [2024-11-14T06:33:40.596+0000] {dag.py:3239} INFO - Sync 1 DAGs
[2024-11-14T06:33:40.642+0000] {logging_mixin.py:190} INFO - [2024-11-14T06:33:40.642+0000] {dag.py:4180} INFO - Setting next_dagrun for example_skip_dag to 2024-11-13 00:00:00+00:00, run_after=2024-11-14 00:00:00+00:00
[2024-11-14T06:33:40.660+0000] {processor.py:208} INFO - Processing /home/airflow/.local/lib/python3.12/site-packages/airflow/example_dags/example_skip_dag.py took 0.118 seconds
[2024-11-14T06:34:11.291+0000] {processor.py:186} INFO - Started process (PID=1086) to work on /home/airflow/.local/lib/python3.12/site-packages/airflow/example_dags/example_skip_dag.py
[2024-11-14T06:34:11.292+0000] {processor.py:914} INFO - Processing file /home/airflow/.local/lib/python3.12/site-packages/airflow/example_dags/example_skip_dag.py for tasks to queue
[2024-11-14T06:34:11.297+0000] {logging_mixin.py:190} INFO - [2024-11-14T06:34:11.295+0000] {dagbag.py:588} INFO - Filling up the DagBag from /home/airflow/.local/lib/python3.12/site-packages/airflow/example_dags/example_skip_dag.py
[2024-11-14T06:34:11.320+0000] {processor.py:925} INFO - DAG(s) 'example_skip_dag' retrieved from /home/airflow/.local/lib/python3.12/site-packages/airflow/example_dags/example_skip_dag.py
[2024-11-14T06:34:11.341+0000] {logging_mixin.py:190} INFO - [2024-11-14T06:34:11.341+0000] {dag.py:3239} INFO - Sync 1 DAGs
[2024-11-14T06:34:11.360+0000] {logging_mixin.py:190} INFO - [2024-11-14T06:34:11.360+0000] {dag.py:4180} INFO - Setting next_dagrun for example_skip_dag to 2024-11-13 00:00:00+00:00, run_after=2024-11-14 00:00:00+00:00
[2024-11-14T06:34:11.371+0000] {processor.py:208} INFO - Processing /home/airflow/.local/lib/python3.12/site-packages/airflow/example_dags/example_skip_dag.py took 0.088 seconds
[2024-11-14T06:34:41.873+0000] {processor.py:186} INFO - Started process (PID=1150) to work on /home/airflow/.local/lib/python3.12/site-packages/airflow/example_dags/example_skip_dag.py
[2024-11-14T06:34:41.874+0000] {processor.py:914} INFO - Processing file /home/airflow/.local/lib/python3.12/site-packages/airflow/example_dags/example_skip_dag.py for tasks to queue
[2024-11-14T06:34:41.877+0000] {logging_mixin.py:190} INFO - [2024-11-14T06:34:41.876+0000] {dagbag.py:588} INFO - Filling up the DagBag from /home/airflow/.local/lib/python3.12/site-packages/airflow/example_dags/example_skip_dag.py
[2024-11-14T06:34:41.923+0000] {processor.py:925} INFO - DAG(s) 'example_skip_dag' retrieved from /home/airflow/.local/lib/python3.12/site-packages/airflow/example_dags/example_skip_dag.py
[2024-11-14T06:34:41.944+0000] {logging_mixin.py:190} INFO - [2024-11-14T06:34:41.944+0000] {dag.py:3239} INFO - Sync 1 DAGs
[2024-11-14T06:34:41.963+0000] {logging_mixin.py:190} INFO - [2024-11-14T06:34:41.963+0000] {dag.py:4180} INFO - Setting next_dagrun for example_skip_dag to 2024-11-13 00:00:00+00:00, run_after=2024-11-14 00:00:00+00:00
[2024-11-14T06:34:41.974+0000] {processor.py:208} INFO - Processing /home/airflow/.local/lib/python3.12/site-packages/airflow/example_dags/example_skip_dag.py took 0.108 seconds
[2024-11-14T06:35:12.603+0000] {processor.py:186} INFO - Started process (PID=1214) to work on /home/airflow/.local/lib/python3.12/site-packages/airflow/example_dags/example_skip_dag.py
[2024-11-14T06:35:12.604+0000] {processor.py:914} INFO - Processing file /home/airflow/.local/lib/python3.12/site-packages/airflow/example_dags/example_skip_dag.py for tasks to queue
[2024-11-14T06:35:12.609+0000] {logging_mixin.py:190} INFO - [2024-11-14T06:35:12.608+0000] {dagbag.py:588} INFO - Filling up the DagBag from /home/airflow/.local/lib/python3.12/site-packages/airflow/example_dags/example_skip_dag.py
[2024-11-14T06:35:12.630+0000] {processor.py:925} INFO - DAG(s) 'example_skip_dag' retrieved from /home/airflow/.local/lib/python3.12/site-packages/airflow/example_dags/example_skip_dag.py
[2024-11-14T06:35:12.647+0000] {logging_mixin.py:190} INFO - [2024-11-14T06:35:12.647+0000] {dag.py:3239} INFO - Sync 1 DAGs
[2024-11-14T06:35:12.677+0000] {logging_mixin.py:190} INFO - [2024-11-14T06:35:12.677+0000] {dag.py:4180} INFO - Setting next_dagrun for example_skip_dag to 2024-11-13 00:00:00+00:00, run_after=2024-11-14 00:00:00+00:00
[2024-11-14T06:35:12.689+0000] {processor.py:208} INFO - Processing /home/airflow/.local/lib/python3.12/site-packages/airflow/example_dags/example_skip_dag.py took 0.110 seconds
[2024-11-14T06:35:43.425+0000] {processor.py:186} INFO - Started process (PID=1278) to work on /home/airflow/.local/lib/python3.12/site-packages/airflow/example_dags/example_skip_dag.py
[2024-11-14T06:35:43.427+0000] {processor.py:914} INFO - Processing file /home/airflow/.local/lib/python3.12/site-packages/airflow/example_dags/example_skip_dag.py for tasks to queue
[2024-11-14T06:35:43.429+0000] {logging_mixin.py:190} INFO - [2024-11-14T06:35:43.429+0000] {dagbag.py:588} INFO - Filling up the DagBag from /home/airflow/.local/lib/python3.12/site-packages/airflow/example_dags/example_skip_dag.py
[2024-11-14T06:35:43.435+0000] {processor.py:925} INFO - DAG(s) 'example_skip_dag' retrieved from /home/airflow/.local/lib/python3.12/site-packages/airflow/example_dags/example_skip_dag.py
[2024-11-14T06:35:43.451+0000] {logging_mixin.py:190} INFO - [2024-11-14T06:35:43.451+0000] {dag.py:3239} INFO - Sync 1 DAGs
[2024-11-14T06:35:43.469+0000] {logging_mixin.py:190} INFO - [2024-11-14T06:35:43.468+0000] {dag.py:4180} INFO - Setting next_dagrun for example_skip_dag to 2024-11-13 00:00:00+00:00, run_after=2024-11-14 00:00:00+00:00
[2024-11-14T06:35:43.481+0000] {processor.py:208} INFO - Processing /home/airflow/.local/lib/python3.12/site-packages/airflow/example_dags/example_skip_dag.py took 0.064 seconds
[2024-11-14T06:36:13.950+0000] {processor.py:186} INFO - Started process (PID=1342) to work on /home/airflow/.local/lib/python3.12/site-packages/airflow/example_dags/example_skip_dag.py
[2024-11-14T06:36:13.951+0000] {processor.py:914} INFO - Processing file /home/airflow/.local/lib/python3.12/site-packages/airflow/example_dags/example_skip_dag.py for tasks to queue
[2024-11-14T06:36:13.953+0000] {logging_mixin.py:190} INFO - [2024-11-14T06:36:13.953+0000] {dagbag.py:588} INFO - Filling up the DagBag from /home/airflow/.local/lib/python3.12/site-packages/airflow/example_dags/example_skip_dag.py
[2024-11-14T06:36:13.960+0000] {processor.py:925} INFO - DAG(s) 'example_skip_dag' retrieved from /home/airflow/.local/lib/python3.12/site-packages/airflow/example_dags/example_skip_dag.py
[2024-11-14T06:36:13.977+0000] {logging_mixin.py:190} INFO - [2024-11-14T06:36:13.977+0000] {dag.py:3239} INFO - Sync 1 DAGs
[2024-11-14T06:36:13.995+0000] {logging_mixin.py:190} INFO - [2024-11-14T06:36:13.995+0000] {dag.py:4180} INFO - Setting next_dagrun for example_skip_dag to 2024-11-13 00:00:00+00:00, run_after=2024-11-14 00:00:00+00:00
[2024-11-14T06:36:14.006+0000] {processor.py:208} INFO - Processing /home/airflow/.local/lib/python3.12/site-packages/airflow/example_dags/example_skip_dag.py took 0.063 seconds
[2024-11-14T06:36:44.536+0000] {processor.py:186} INFO - Started process (PID=1406) to work on /home/airflow/.local/lib/python3.12/site-packages/airflow/example_dags/example_skip_dag.py
[2024-11-14T06:36:44.537+0000] {processor.py:914} INFO - Processing file /home/airflow/.local/lib/python3.12/site-packages/airflow/example_dags/example_skip_dag.py for tasks to queue
[2024-11-14T06:36:44.541+0000] {logging_mixin.py:190} INFO - [2024-11-14T06:36:44.540+0000] {dagbag.py:588} INFO - Filling up the DagBag from /home/airflow/.local/lib/python3.12/site-packages/airflow/example_dags/example_skip_dag.py
[2024-11-14T06:36:44.549+0000] {processor.py:925} INFO - DAG(s) 'example_skip_dag' retrieved from /home/airflow/.local/lib/python3.12/site-packages/airflow/example_dags/example_skip_dag.py
[2024-11-14T06:36:44.571+0000] {logging_mixin.py:190} INFO - [2024-11-14T06:36:44.570+0000] {dag.py:3239} INFO - Sync 1 DAGs
[2024-11-14T06:36:44.599+0000] {logging_mixin.py:190} INFO - [2024-11-14T06:36:44.599+0000] {dag.py:4180} INFO - Setting next_dagrun for example_skip_dag to 2024-11-13 00:00:00+00:00, run_after=2024-11-14 00:00:00+00:00
[2024-11-14T06:36:44.610+0000] {processor.py:208} INFO - Processing /home/airflow/.local/lib/python3.12/site-packages/airflow/example_dags/example_skip_dag.py took 0.084 seconds
[2024-11-14T06:37:14.938+0000] {processor.py:186} INFO - Started process (PID=1470) to work on /home/airflow/.local/lib/python3.12/site-packages/airflow/example_dags/example_skip_dag.py
[2024-11-14T06:37:14.939+0000] {processor.py:914} INFO - Processing file /home/airflow/.local/lib/python3.12/site-packages/airflow/example_dags/example_skip_dag.py for tasks to queue
[2024-11-14T06:37:14.941+0000] {logging_mixin.py:190} INFO - [2024-11-14T06:37:14.941+0000] {dagbag.py:588} INFO - Filling up the DagBag from /home/airflow/.local/lib/python3.12/site-packages/airflow/example_dags/example_skip_dag.py
[2024-11-14T06:37:14.948+0000] {processor.py:925} INFO - DAG(s) 'example_skip_dag' retrieved from /home/airflow/.local/lib/python3.12/site-packages/airflow/example_dags/example_skip_dag.py
[2024-11-14T06:37:14.961+0000] {logging_mixin.py:190} INFO - [2024-11-14T06:37:14.961+0000] {dag.py:3239} INFO - Sync 1 DAGs
[2024-11-14T06:37:14.980+0000] {logging_mixin.py:190} INFO - [2024-11-14T06:37:14.979+0000] {dag.py:4180} INFO - Setting next_dagrun for example_skip_dag to 2024-11-13 00:00:00+00:00, run_after=2024-11-14 00:00:00+00:00
[2024-11-14T06:37:14.989+0000] {processor.py:208} INFO - Processing /home/airflow/.local/lib/python3.12/site-packages/airflow/example_dags/example_skip_dag.py took 0.058 seconds
[2024-11-14T06:37:45.290+0000] {processor.py:186} INFO - Started process (PID=1534) to work on /home/airflow/.local/lib/python3.12/site-packages/airflow/example_dags/example_skip_dag.py
[2024-11-14T06:37:45.297+0000] {processor.py:914} INFO - Processing file /home/airflow/.local/lib/python3.12/site-packages/airflow/example_dags/example_skip_dag.py for tasks to queue
[2024-11-14T06:37:45.304+0000] {logging_mixin.py:190} INFO - [2024-11-14T06:37:45.303+0000] {dagbag.py:588} INFO - Filling up the DagBag from /home/airflow/.local/lib/python3.12/site-packages/airflow/example_dags/example_skip_dag.py
[2024-11-14T06:37:45.312+0000] {processor.py:925} INFO - DAG(s) 'example_skip_dag' retrieved from /home/airflow/.local/lib/python3.12/site-packages/airflow/example_dags/example_skip_dag.py
[2024-11-14T06:37:45.329+0000] {logging_mixin.py:190} INFO - [2024-11-14T06:37:45.329+0000] {dag.py:3239} INFO - Sync 1 DAGs
[2024-11-14T06:37:45.348+0000] {logging_mixin.py:190} INFO - [2024-11-14T06:37:45.348+0000] {dag.py:4180} INFO - Setting next_dagrun for example_skip_dag to 2024-11-13 00:00:00+00:00, run_after=2024-11-14 00:00:00+00:00
[2024-11-14T06:37:45.362+0000] {processor.py:208} INFO - Processing /home/airflow/.local/lib/python3.12/site-packages/airflow/example_dags/example_skip_dag.py took 0.080 seconds
[2024-11-14T06:38:15.952+0000] {processor.py:186} INFO - Started process (PID=1598) to work on /home/airflow/.local/lib/python3.12/site-packages/airflow/example_dags/example_skip_dag.py
[2024-11-14T06:38:15.953+0000] {processor.py:914} INFO - Processing file /home/airflow/.local/lib/python3.12/site-packages/airflow/example_dags/example_skip_dag.py for tasks to queue
[2024-11-14T06:38:15.956+0000] {logging_mixin.py:190} INFO - [2024-11-14T06:38:15.956+0000] {dagbag.py:588} INFO - Filling up the DagBag from /home/airflow/.local/lib/python3.12/site-packages/airflow/example_dags/example_skip_dag.py
[2024-11-14T06:38:15.966+0000] {processor.py:925} INFO - DAG(s) 'example_skip_dag' retrieved from /home/airflow/.local/lib/python3.12/site-packages/airflow/example_dags/example_skip_dag.py
[2024-11-14T06:38:15.985+0000] {logging_mixin.py:190} INFO - [2024-11-14T06:38:15.984+0000] {dag.py:3239} INFO - Sync 1 DAGs
[2024-11-14T06:38:16.016+0000] {logging_mixin.py:190} INFO - [2024-11-14T06:38:16.016+0000] {dag.py:4180} INFO - Setting next_dagrun for example_skip_dag to 2024-11-13 00:00:00+00:00, run_after=2024-11-14 00:00:00+00:00
[2024-11-14T06:38:16.029+0000] {processor.py:208} INFO - Processing /home/airflow/.local/lib/python3.12/site-packages/airflow/example_dags/example_skip_dag.py took 0.090 seconds
[2024-11-14T06:38:46.675+0000] {processor.py:186} INFO - Started process (PID=1662) to work on /home/airflow/.local/lib/python3.12/site-packages/airflow/example_dags/example_skip_dag.py
[2024-11-14T06:38:46.676+0000] {processor.py:914} INFO - Processing file /home/airflow/.local/lib/python3.12/site-packages/airflow/example_dags/example_skip_dag.py for tasks to queue
[2024-11-14T06:38:46.680+0000] {logging_mixin.py:190} INFO - [2024-11-14T06:38:46.679+0000] {dagbag.py:588} INFO - Filling up the DagBag from /home/airflow/.local/lib/python3.12/site-packages/airflow/example_dags/example_skip_dag.py
[2024-11-14T06:38:46.689+0000] {processor.py:925} INFO - DAG(s) 'example_skip_dag' retrieved from /home/airflow/.local/lib/python3.12/site-packages/airflow/example_dags/example_skip_dag.py
[2024-11-14T06:38:46.706+0000] {logging_mixin.py:190} INFO - [2024-11-14T06:38:46.705+0000] {dag.py:3239} INFO - Sync 1 DAGs
[2024-11-14T06:38:46.732+0000] {logging_mixin.py:190} INFO - [2024-11-14T06:38:46.732+0000] {dag.py:4180} INFO - Setting next_dagrun for example_skip_dag to 2024-11-13 00:00:00+00:00, run_after=2024-11-14 00:00:00+00:00
[2024-11-14T06:38:46.743+0000] {processor.py:208} INFO - Processing /home/airflow/.local/lib/python3.12/site-packages/airflow/example_dags/example_skip_dag.py took 0.074 seconds
[2024-11-14T06:39:17.236+0000] {processor.py:186} INFO - Started process (PID=1727) to work on /home/airflow/.local/lib/python3.12/site-packages/airflow/example_dags/example_skip_dag.py
[2024-11-14T06:39:17.237+0000] {processor.py:914} INFO - Processing file /home/airflow/.local/lib/python3.12/site-packages/airflow/example_dags/example_skip_dag.py for tasks to queue
[2024-11-14T06:39:17.240+0000] {logging_mixin.py:190} INFO - [2024-11-14T06:39:17.240+0000] {dagbag.py:588} INFO - Filling up the DagBag from /home/airflow/.local/lib/python3.12/site-packages/airflow/example_dags/example_skip_dag.py
[2024-11-14T06:39:17.251+0000] {processor.py:925} INFO - DAG(s) 'example_skip_dag' retrieved from /home/airflow/.local/lib/python3.12/site-packages/airflow/example_dags/example_skip_dag.py
[2024-11-14T06:39:17.289+0000] {logging_mixin.py:190} INFO - [2024-11-14T06:39:17.289+0000] {dag.py:3239} INFO - Sync 1 DAGs
[2024-11-14T06:39:17.320+0000] {logging_mixin.py:190} INFO - [2024-11-14T06:39:17.319+0000] {dag.py:4180} INFO - Setting next_dagrun for example_skip_dag to 2024-11-13 00:00:00+00:00, run_after=2024-11-14 00:00:00+00:00
[2024-11-14T06:39:17.341+0000] {processor.py:208} INFO - Processing /home/airflow/.local/lib/python3.12/site-packages/airflow/example_dags/example_skip_dag.py took 0.110 seconds
[2024-11-14T06:39:48.075+0000] {processor.py:186} INFO - Started process (PID=1791) to work on /home/airflow/.local/lib/python3.12/site-packages/airflow/example_dags/example_skip_dag.py
[2024-11-14T06:39:48.076+0000] {processor.py:914} INFO - Processing file /home/airflow/.local/lib/python3.12/site-packages/airflow/example_dags/example_skip_dag.py for tasks to queue
[2024-11-14T06:39:48.078+0000] {logging_mixin.py:190} INFO - [2024-11-14T06:39:48.077+0000] {dagbag.py:588} INFO - Filling up the DagBag from /home/airflow/.local/lib/python3.12/site-packages/airflow/example_dags/example_skip_dag.py
[2024-11-14T06:39:48.083+0000] {processor.py:925} INFO - DAG(s) 'example_skip_dag' retrieved from /home/airflow/.local/lib/python3.12/site-packages/airflow/example_dags/example_skip_dag.py
[2024-11-14T06:39:48.108+0000] {logging_mixin.py:190} INFO - [2024-11-14T06:39:48.108+0000] {dag.py:3239} INFO - Sync 1 DAGs
[2024-11-14T06:39:48.130+0000] {logging_mixin.py:190} INFO - [2024-11-14T06:39:48.130+0000] {dag.py:4180} INFO - Setting next_dagrun for example_skip_dag to 2024-11-13 00:00:00+00:00, run_after=2024-11-14 00:00:00+00:00
[2024-11-14T06:39:48.145+0000] {processor.py:208} INFO - Processing /home/airflow/.local/lib/python3.12/site-packages/airflow/example_dags/example_skip_dag.py took 0.074 seconds
[2024-11-14T06:40:18.793+0000] {processor.py:186} INFO - Started process (PID=1855) to work on /home/airflow/.local/lib/python3.12/site-packages/airflow/example_dags/example_skip_dag.py
[2024-11-14T06:40:18.794+0000] {processor.py:914} INFO - Processing file /home/airflow/.local/lib/python3.12/site-packages/airflow/example_dags/example_skip_dag.py for tasks to queue
[2024-11-14T06:40:18.797+0000] {logging_mixin.py:190} INFO - [2024-11-14T06:40:18.797+0000] {dagbag.py:588} INFO - Filling up the DagBag from /home/airflow/.local/lib/python3.12/site-packages/airflow/example_dags/example_skip_dag.py
[2024-11-14T06:40:18.807+0000] {processor.py:925} INFO - DAG(s) 'example_skip_dag' retrieved from /home/airflow/.local/lib/python3.12/site-packages/airflow/example_dags/example_skip_dag.py
[2024-11-14T06:40:18.826+0000] {logging_mixin.py:190} INFO - [2024-11-14T06:40:18.826+0000] {dag.py:3239} INFO - Sync 1 DAGs
[2024-11-14T06:40:18.846+0000] {logging_mixin.py:190} INFO - [2024-11-14T06:40:18.845+0000] {dag.py:4180} INFO - Setting next_dagrun for example_skip_dag to 2024-11-13 00:00:00+00:00, run_after=2024-11-14 00:00:00+00:00
[2024-11-14T06:40:18.858+0000] {processor.py:208} INFO - Processing /home/airflow/.local/lib/python3.12/site-packages/airflow/example_dags/example_skip_dag.py took 0.074 seconds
[2024-11-14T06:40:49.284+0000] {processor.py:186} INFO - Started process (PID=1919) to work on /home/airflow/.local/lib/python3.12/site-packages/airflow/example_dags/example_skip_dag.py
[2024-11-14T06:40:49.286+0000] {processor.py:914} INFO - Processing file /home/airflow/.local/lib/python3.12/site-packages/airflow/example_dags/example_skip_dag.py for tasks to queue
[2024-11-14T06:40:49.289+0000] {logging_mixin.py:190} INFO - [2024-11-14T06:40:49.289+0000] {dagbag.py:588} INFO - Filling up the DagBag from /home/airflow/.local/lib/python3.12/site-packages/airflow/example_dags/example_skip_dag.py
[2024-11-14T06:40:49.298+0000] {processor.py:925} INFO - DAG(s) 'example_skip_dag' retrieved from /home/airflow/.local/lib/python3.12/site-packages/airflow/example_dags/example_skip_dag.py
[2024-11-14T06:40:49.316+0000] {logging_mixin.py:190} INFO - [2024-11-14T06:40:49.316+0000] {dag.py:3239} INFO - Sync 1 DAGs
[2024-11-14T06:40:49.330+0000] {logging_mixin.py:190} INFO - [2024-11-14T06:40:49.330+0000] {dag.py:4180} INFO - Setting next_dagrun for example_skip_dag to 2024-11-13 00:00:00+00:00, run_after=2024-11-14 00:00:00+00:00
[2024-11-14T06:40:49.339+0000] {processor.py:208} INFO - Processing /home/airflow/.local/lib/python3.12/site-packages/airflow/example_dags/example_skip_dag.py took 0.063 seconds
[2024-11-14T06:41:19.864+0000] {processor.py:186} INFO - Started process (PID=1982) to work on /home/airflow/.local/lib/python3.12/site-packages/airflow/example_dags/example_skip_dag.py
[2024-11-14T06:41:19.866+0000] {processor.py:914} INFO - Processing file /home/airflow/.local/lib/python3.12/site-packages/airflow/example_dags/example_skip_dag.py for tasks to queue
[2024-11-14T06:41:19.870+0000] {logging_mixin.py:190} INFO - [2024-11-14T06:41:19.869+0000] {dagbag.py:588} INFO - Filling up the DagBag from /home/airflow/.local/lib/python3.12/site-packages/airflow/example_dags/example_skip_dag.py
[2024-11-14T06:41:19.884+0000] {processor.py:925} INFO - DAG(s) 'example_skip_dag' retrieved from /home/airflow/.local/lib/python3.12/site-packages/airflow/example_dags/example_skip_dag.py
[2024-11-14T06:41:19.937+0000] {logging_mixin.py:190} INFO - [2024-11-14T06:41:19.937+0000] {dag.py:3239} INFO - Sync 1 DAGs
[2024-11-14T06:41:19.958+0000] {logging_mixin.py:190} INFO - [2024-11-14T06:41:19.957+0000] {dag.py:4180} INFO - Setting next_dagrun for example_skip_dag to 2024-11-13 00:00:00+00:00, run_after=2024-11-14 00:00:00+00:00
[2024-11-14T06:41:19.971+0000] {processor.py:208} INFO - Processing /home/airflow/.local/lib/python3.12/site-packages/airflow/example_dags/example_skip_dag.py took 0.131 seconds
