[2024-11-14T06:26:03.924+0000] {processor.py:186} INFO - Started process (PID=88) to work on /home/airflow/.local/lib/python3.12/site-packages/airflow/example_dags/tutorial.py
[2024-11-14T06:26:03.925+0000] {processor.py:914} INFO - Processing file /home/airflow/.local/lib/python3.12/site-packages/airflow/example_dags/tutorial.py for tasks to queue
[2024-11-14T06:26:03.928+0000] {logging_mixin.py:190} INFO - [2024-11-14T06:26:03.927+0000] {dagbag.py:588} INFO - Filling up the DagBag from /home/airflow/.local/lib/python3.12/site-packages/airflow/example_dags/tutorial.py
[2024-11-14T06:26:03.935+0000] {processor.py:925} INFO - DAG(s) 'tutorial' retrieved from /home/airflow/.local/lib/python3.12/site-packages/airflow/example_dags/tutorial.py
[2024-11-14T06:26:03.951+0000] {logging_mixin.py:190} INFO - [2024-11-14T06:26:03.951+0000] {dag.py:3239} INFO - Sync 1 DAGs
[2024-11-14T06:26:03.969+0000] {logging_mixin.py:190} INFO - [2024-11-14T06:26:03.969+0000] {dag.py:4180} INFO - Setting next_dagrun for tutorial to 2024-11-13 00:00:00+00:00, run_after=2024-11-14 00:00:00+00:00
[2024-11-14T06:26:03.982+0000] {processor.py:208} INFO - Processing /home/airflow/.local/lib/python3.12/site-packages/airflow/example_dags/tutorial.py took 0.064 seconds
[2024-11-14T06:26:35.926+0000] {processor.py:186} INFO - Started process (PID=158) to work on /home/airflow/.local/lib/python3.12/site-packages/airflow/example_dags/tutorial.py
[2024-11-14T06:26:35.927+0000] {processor.py:914} INFO - Processing file /home/airflow/.local/lib/python3.12/site-packages/airflow/example_dags/tutorial.py for tasks to queue
[2024-11-14T06:26:35.932+0000] {logging_mixin.py:190} INFO - [2024-11-14T06:26:35.932+0000] {dagbag.py:588} INFO - Filling up the DagBag from /home/airflow/.local/lib/python3.12/site-packages/airflow/example_dags/tutorial.py
[2024-11-14T06:26:35.937+0000] {processor.py:925} INFO - DAG(s) 'tutorial' retrieved from /home/airflow/.local/lib/python3.12/site-packages/airflow/example_dags/tutorial.py
[2024-11-14T06:26:35.948+0000] {logging_mixin.py:190} INFO - [2024-11-14T06:26:35.948+0000] {dag.py:3239} INFO - Sync 1 DAGs
[2024-11-14T06:26:35.961+0000] {logging_mixin.py:190} INFO - [2024-11-14T06:26:35.961+0000] {dag.py:4180} INFO - Setting next_dagrun for tutorial to 2024-11-13 00:00:00+00:00, run_after=2024-11-14 00:00:00+00:00
[2024-11-14T06:26:35.972+0000] {processor.py:208} INFO - Processing /home/airflow/.local/lib/python3.12/site-packages/airflow/example_dags/tutorial.py took 0.050 seconds
[2024-11-14T06:27:06.732+0000] {processor.py:186} INFO - Started process (PID=222) to work on /home/airflow/.local/lib/python3.12/site-packages/airflow/example_dags/tutorial.py
[2024-11-14T06:27:06.733+0000] {processor.py:914} INFO - Processing file /home/airflow/.local/lib/python3.12/site-packages/airflow/example_dags/tutorial.py for tasks to queue
[2024-11-14T06:27:06.734+0000] {logging_mixin.py:190} INFO - [2024-11-14T06:27:06.734+0000] {dagbag.py:588} INFO - Filling up the DagBag from /home/airflow/.local/lib/python3.12/site-packages/airflow/example_dags/tutorial.py
[2024-11-14T06:27:06.739+0000] {processor.py:925} INFO - DAG(s) 'tutorial' retrieved from /home/airflow/.local/lib/python3.12/site-packages/airflow/example_dags/tutorial.py
[2024-11-14T06:27:06.750+0000] {logging_mixin.py:190} INFO - [2024-11-14T06:27:06.750+0000] {dag.py:3239} INFO - Sync 1 DAGs
[2024-11-14T06:27:06.762+0000] {logging_mixin.py:190} INFO - [2024-11-14T06:27:06.762+0000] {dag.py:4180} INFO - Setting next_dagrun for tutorial to 2024-11-13 00:00:00+00:00, run_after=2024-11-14 00:00:00+00:00
[2024-11-14T06:27:06.772+0000] {processor.py:208} INFO - Processing /home/airflow/.local/lib/python3.12/site-packages/airflow/example_dags/tutorial.py took 0.044 seconds
[2024-11-14T06:27:37.590+0000] {processor.py:186} INFO - Started process (PID=286) to work on /home/airflow/.local/lib/python3.12/site-packages/airflow/example_dags/tutorial.py
[2024-11-14T06:27:37.590+0000] {processor.py:914} INFO - Processing file /home/airflow/.local/lib/python3.12/site-packages/airflow/example_dags/tutorial.py for tasks to queue
[2024-11-14T06:27:37.592+0000] {logging_mixin.py:190} INFO - [2024-11-14T06:27:37.592+0000] {dagbag.py:588} INFO - Filling up the DagBag from /home/airflow/.local/lib/python3.12/site-packages/airflow/example_dags/tutorial.py
[2024-11-14T06:27:37.597+0000] {processor.py:925} INFO - DAG(s) 'tutorial' retrieved from /home/airflow/.local/lib/python3.12/site-packages/airflow/example_dags/tutorial.py
[2024-11-14T06:27:37.608+0000] {logging_mixin.py:190} INFO - [2024-11-14T06:27:37.608+0000] {dag.py:3239} INFO - Sync 1 DAGs
[2024-11-14T06:27:37.621+0000] {logging_mixin.py:190} INFO - [2024-11-14T06:27:37.621+0000] {dag.py:4180} INFO - Setting next_dagrun for tutorial to 2024-11-13 00:00:00+00:00, run_after=2024-11-14 00:00:00+00:00
[2024-11-14T06:27:37.644+0000] {processor.py:208} INFO - Processing /home/airflow/.local/lib/python3.12/site-packages/airflow/example_dags/tutorial.py took 0.058 seconds
[2024-11-14T06:28:07.962+0000] {processor.py:186} INFO - Started process (PID=350) to work on /home/airflow/.local/lib/python3.12/site-packages/airflow/example_dags/tutorial.py
[2024-11-14T06:28:07.963+0000] {processor.py:914} INFO - Processing file /home/airflow/.local/lib/python3.12/site-packages/airflow/example_dags/tutorial.py for tasks to queue
[2024-11-14T06:28:07.964+0000] {logging_mixin.py:190} INFO - [2024-11-14T06:28:07.964+0000] {dagbag.py:588} INFO - Filling up the DagBag from /home/airflow/.local/lib/python3.12/site-packages/airflow/example_dags/tutorial.py
[2024-11-14T06:28:07.969+0000] {processor.py:925} INFO - DAG(s) 'tutorial' retrieved from /home/airflow/.local/lib/python3.12/site-packages/airflow/example_dags/tutorial.py
[2024-11-14T06:28:07.981+0000] {logging_mixin.py:190} INFO - [2024-11-14T06:28:07.981+0000] {dag.py:3239} INFO - Sync 1 DAGs
[2024-11-14T06:28:07.993+0000] {logging_mixin.py:190} INFO - [2024-11-14T06:28:07.993+0000] {dag.py:4180} INFO - Setting next_dagrun for tutorial to 2024-11-13 00:00:00+00:00, run_after=2024-11-14 00:00:00+00:00
[2024-11-14T06:28:08.006+0000] {processor.py:208} INFO - Processing /home/airflow/.local/lib/python3.12/site-packages/airflow/example_dags/tutorial.py took 0.047 seconds
[2024-11-14T06:28:38.711+0000] {processor.py:186} INFO - Started process (PID=413) to work on /home/airflow/.local/lib/python3.12/site-packages/airflow/example_dags/tutorial.py
[2024-11-14T06:28:38.712+0000] {processor.py:914} INFO - Processing file /home/airflow/.local/lib/python3.12/site-packages/airflow/example_dags/tutorial.py for tasks to queue
[2024-11-14T06:28:38.713+0000] {logging_mixin.py:190} INFO - [2024-11-14T06:28:38.713+0000] {dagbag.py:588} INFO - Filling up the DagBag from /home/airflow/.local/lib/python3.12/site-packages/airflow/example_dags/tutorial.py
[2024-11-14T06:28:38.718+0000] {processor.py:925} INFO - DAG(s) 'tutorial' retrieved from /home/airflow/.local/lib/python3.12/site-packages/airflow/example_dags/tutorial.py
[2024-11-14T06:28:38.728+0000] {logging_mixin.py:190} INFO - [2024-11-14T06:28:38.728+0000] {dag.py:3239} INFO - Sync 1 DAGs
[2024-11-14T06:28:38.738+0000] {logging_mixin.py:190} INFO - [2024-11-14T06:28:38.738+0000] {dag.py:4180} INFO - Setting next_dagrun for tutorial to 2024-11-13 00:00:00+00:00, run_after=2024-11-14 00:00:00+00:00
[2024-11-14T06:28:38.746+0000] {processor.py:208} INFO - Processing /home/airflow/.local/lib/python3.12/site-packages/airflow/example_dags/tutorial.py took 0.038 seconds
[2024-11-14T06:29:09.912+0000] {processor.py:186} INFO - Started process (PID=476) to work on /home/airflow/.local/lib/python3.12/site-packages/airflow/example_dags/tutorial.py
[2024-11-14T06:29:09.915+0000] {processor.py:914} INFO - Processing file /home/airflow/.local/lib/python3.12/site-packages/airflow/example_dags/tutorial.py for tasks to queue
[2024-11-14T06:29:09.918+0000] {logging_mixin.py:190} INFO - [2024-11-14T06:29:09.917+0000] {dagbag.py:588} INFO - Filling up the DagBag from /home/airflow/.local/lib/python3.12/site-packages/airflow/example_dags/tutorial.py
[2024-11-14T06:29:09.936+0000] {processor.py:925} INFO - DAG(s) 'tutorial' retrieved from /home/airflow/.local/lib/python3.12/site-packages/airflow/example_dags/tutorial.py
[2024-11-14T06:29:09.962+0000] {logging_mixin.py:190} INFO - [2024-11-14T06:29:09.962+0000] {dag.py:3239} INFO - Sync 1 DAGs
[2024-11-14T06:29:09.982+0000] {logging_mixin.py:190} INFO - [2024-11-14T06:29:09.982+0000] {dag.py:4180} INFO - Setting next_dagrun for tutorial to 2024-11-13 00:00:00+00:00, run_after=2024-11-14 00:00:00+00:00
[2024-11-14T06:29:09.996+0000] {processor.py:208} INFO - Processing /home/airflow/.local/lib/python3.12/site-packages/airflow/example_dags/tutorial.py took 0.097 seconds
[2024-11-14T06:29:41.025+0000] {processor.py:186} INFO - Started process (PID=540) to work on /home/airflow/.local/lib/python3.12/site-packages/airflow/example_dags/tutorial.py
[2024-11-14T06:29:41.025+0000] {processor.py:914} INFO - Processing file /home/airflow/.local/lib/python3.12/site-packages/airflow/example_dags/tutorial.py for tasks to queue
[2024-11-14T06:29:41.027+0000] {logging_mixin.py:190} INFO - [2024-11-14T06:29:41.027+0000] {dagbag.py:588} INFO - Filling up the DagBag from /home/airflow/.local/lib/python3.12/site-packages/airflow/example_dags/tutorial.py
[2024-11-14T06:29:41.032+0000] {processor.py:925} INFO - DAG(s) 'tutorial' retrieved from /home/airflow/.local/lib/python3.12/site-packages/airflow/example_dags/tutorial.py
[2024-11-14T06:29:41.044+0000] {logging_mixin.py:190} INFO - [2024-11-14T06:29:41.044+0000] {dag.py:3239} INFO - Sync 1 DAGs
[2024-11-14T06:29:41.056+0000] {logging_mixin.py:190} INFO - [2024-11-14T06:29:41.055+0000] {dag.py:4180} INFO - Setting next_dagrun for tutorial to 2024-11-13 00:00:00+00:00, run_after=2024-11-14 00:00:00+00:00
[2024-11-14T06:29:41.080+0000] {processor.py:208} INFO - Processing /home/airflow/.local/lib/python3.12/site-packages/airflow/example_dags/tutorial.py took 0.059 seconds
[2024-11-14T06:30:11.440+0000] {processor.py:186} INFO - Started process (PID=604) to work on /home/airflow/.local/lib/python3.12/site-packages/airflow/example_dags/tutorial.py
[2024-11-14T06:30:11.441+0000] {processor.py:914} INFO - Processing file /home/airflow/.local/lib/python3.12/site-packages/airflow/example_dags/tutorial.py for tasks to queue
[2024-11-14T06:30:11.442+0000] {logging_mixin.py:190} INFO - [2024-11-14T06:30:11.442+0000] {dagbag.py:588} INFO - Filling up the DagBag from /home/airflow/.local/lib/python3.12/site-packages/airflow/example_dags/tutorial.py
[2024-11-14T06:30:11.449+0000] {processor.py:925} INFO - DAG(s) 'tutorial' retrieved from /home/airflow/.local/lib/python3.12/site-packages/airflow/example_dags/tutorial.py
[2024-11-14T06:30:11.462+0000] {logging_mixin.py:190} INFO - [2024-11-14T06:30:11.462+0000] {dag.py:3239} INFO - Sync 1 DAGs
[2024-11-14T06:30:11.474+0000] {logging_mixin.py:190} INFO - [2024-11-14T06:30:11.474+0000] {dag.py:4180} INFO - Setting next_dagrun for tutorial to 2024-11-13 00:00:00+00:00, run_after=2024-11-14 00:00:00+00:00
[2024-11-14T06:30:11.483+0000] {processor.py:208} INFO - Processing /home/airflow/.local/lib/python3.12/site-packages/airflow/example_dags/tutorial.py took 0.046 seconds
[2024-11-14T06:30:41.978+0000] {processor.py:186} INFO - Started process (PID=668) to work on /home/airflow/.local/lib/python3.12/site-packages/airflow/example_dags/tutorial.py
[2024-11-14T06:30:41.979+0000] {processor.py:914} INFO - Processing file /home/airflow/.local/lib/python3.12/site-packages/airflow/example_dags/tutorial.py for tasks to queue
[2024-11-14T06:30:41.980+0000] {logging_mixin.py:190} INFO - [2024-11-14T06:30:41.980+0000] {dagbag.py:588} INFO - Filling up the DagBag from /home/airflow/.local/lib/python3.12/site-packages/airflow/example_dags/tutorial.py
[2024-11-14T06:30:41.984+0000] {processor.py:925} INFO - DAG(s) 'tutorial' retrieved from /home/airflow/.local/lib/python3.12/site-packages/airflow/example_dags/tutorial.py
[2024-11-14T06:30:41.995+0000] {logging_mixin.py:190} INFO - [2024-11-14T06:30:41.994+0000] {dag.py:3239} INFO - Sync 1 DAGs
[2024-11-14T06:30:42.005+0000] {logging_mixin.py:190} INFO - [2024-11-14T06:30:42.005+0000] {dag.py:4180} INFO - Setting next_dagrun for tutorial to 2024-11-13 00:00:00+00:00, run_after=2024-11-14 00:00:00+00:00
[2024-11-14T06:30:42.013+0000] {processor.py:208} INFO - Processing /home/airflow/.local/lib/python3.12/site-packages/airflow/example_dags/tutorial.py took 0.039 seconds
[2024-11-14T06:31:12.597+0000] {processor.py:186} INFO - Started process (PID=731) to work on /home/airflow/.local/lib/python3.12/site-packages/airflow/example_dags/tutorial.py
[2024-11-14T06:31:12.597+0000] {processor.py:914} INFO - Processing file /home/airflow/.local/lib/python3.12/site-packages/airflow/example_dags/tutorial.py for tasks to queue
[2024-11-14T06:31:12.599+0000] {logging_mixin.py:190} INFO - [2024-11-14T06:31:12.599+0000] {dagbag.py:588} INFO - Filling up the DagBag from /home/airflow/.local/lib/python3.12/site-packages/airflow/example_dags/tutorial.py
[2024-11-14T06:31:12.604+0000] {processor.py:925} INFO - DAG(s) 'tutorial' retrieved from /home/airflow/.local/lib/python3.12/site-packages/airflow/example_dags/tutorial.py
[2024-11-14T06:31:12.615+0000] {logging_mixin.py:190} INFO - [2024-11-14T06:31:12.615+0000] {dag.py:3239} INFO - Sync 1 DAGs
[2024-11-14T06:31:12.627+0000] {logging_mixin.py:190} INFO - [2024-11-14T06:31:12.627+0000] {dag.py:4180} INFO - Setting next_dagrun for tutorial to 2024-11-13 00:00:00+00:00, run_after=2024-11-14 00:00:00+00:00
[2024-11-14T06:31:12.636+0000] {processor.py:208} INFO - Processing /home/airflow/.local/lib/python3.12/site-packages/airflow/example_dags/tutorial.py took 0.043 seconds
[2024-11-14T06:31:43.089+0000] {processor.py:186} INFO - Started process (PID=795) to work on /home/airflow/.local/lib/python3.12/site-packages/airflow/example_dags/tutorial.py
[2024-11-14T06:31:43.090+0000] {processor.py:914} INFO - Processing file /home/airflow/.local/lib/python3.12/site-packages/airflow/example_dags/tutorial.py for tasks to queue
[2024-11-14T06:31:43.092+0000] {logging_mixin.py:190} INFO - [2024-11-14T06:31:43.092+0000] {dagbag.py:588} INFO - Filling up the DagBag from /home/airflow/.local/lib/python3.12/site-packages/airflow/example_dags/tutorial.py
[2024-11-14T06:31:43.099+0000] {processor.py:925} INFO - DAG(s) 'tutorial' retrieved from /home/airflow/.local/lib/python3.12/site-packages/airflow/example_dags/tutorial.py
[2024-11-14T06:31:43.112+0000] {logging_mixin.py:190} INFO - [2024-11-14T06:31:43.112+0000] {dag.py:3239} INFO - Sync 1 DAGs
[2024-11-14T06:31:43.124+0000] {logging_mixin.py:190} INFO - [2024-11-14T06:31:43.124+0000] {dag.py:4180} INFO - Setting next_dagrun for tutorial to 2024-11-13 00:00:00+00:00, run_after=2024-11-14 00:00:00+00:00
[2024-11-14T06:31:43.133+0000] {processor.py:208} INFO - Processing /home/airflow/.local/lib/python3.12/site-packages/airflow/example_dags/tutorial.py took 0.049 seconds
[2024-11-14T06:32:13.436+0000] {processor.py:186} INFO - Started process (PID=859) to work on /home/airflow/.local/lib/python3.12/site-packages/airflow/example_dags/tutorial.py
[2024-11-14T06:32:13.437+0000] {processor.py:914} INFO - Processing file /home/airflow/.local/lib/python3.12/site-packages/airflow/example_dags/tutorial.py for tasks to queue
[2024-11-14T06:32:13.438+0000] {logging_mixin.py:190} INFO - [2024-11-14T06:32:13.438+0000] {dagbag.py:588} INFO - Filling up the DagBag from /home/airflow/.local/lib/python3.12/site-packages/airflow/example_dags/tutorial.py
[2024-11-14T06:32:13.443+0000] {processor.py:925} INFO - DAG(s) 'tutorial' retrieved from /home/airflow/.local/lib/python3.12/site-packages/airflow/example_dags/tutorial.py
[2024-11-14T06:32:13.453+0000] {logging_mixin.py:190} INFO - [2024-11-14T06:32:13.452+0000] {dag.py:3239} INFO - Sync 1 DAGs
[2024-11-14T06:32:13.465+0000] {logging_mixin.py:190} INFO - [2024-11-14T06:32:13.464+0000] {dag.py:4180} INFO - Setting next_dagrun for tutorial to 2024-11-13 00:00:00+00:00, run_after=2024-11-14 00:00:00+00:00
[2024-11-14T06:32:13.473+0000] {processor.py:208} INFO - Processing /home/airflow/.local/lib/python3.12/site-packages/airflow/example_dags/tutorial.py took 0.040 seconds
[2024-11-14T06:32:43.787+0000] {processor.py:186} INFO - Started process (PID=923) to work on /home/airflow/.local/lib/python3.12/site-packages/airflow/example_dags/tutorial.py
[2024-11-14T06:32:43.788+0000] {processor.py:914} INFO - Processing file /home/airflow/.local/lib/python3.12/site-packages/airflow/example_dags/tutorial.py for tasks to queue
[2024-11-14T06:32:43.789+0000] {logging_mixin.py:190} INFO - [2024-11-14T06:32:43.789+0000] {dagbag.py:588} INFO - Filling up the DagBag from /home/airflow/.local/lib/python3.12/site-packages/airflow/example_dags/tutorial.py
[2024-11-14T06:32:43.794+0000] {processor.py:925} INFO - DAG(s) 'tutorial' retrieved from /home/airflow/.local/lib/python3.12/site-packages/airflow/example_dags/tutorial.py
[2024-11-14T06:32:43.805+0000] {logging_mixin.py:190} INFO - [2024-11-14T06:32:43.804+0000] {dag.py:3239} INFO - Sync 1 DAGs
[2024-11-14T06:32:43.816+0000] {logging_mixin.py:190} INFO - [2024-11-14T06:32:43.816+0000] {dag.py:4180} INFO - Setting next_dagrun for tutorial to 2024-11-13 00:00:00+00:00, run_after=2024-11-14 00:00:00+00:00
[2024-11-14T06:32:43.825+0000] {processor.py:208} INFO - Processing /home/airflow/.local/lib/python3.12/site-packages/airflow/example_dags/tutorial.py took 0.041 seconds
[2024-11-14T06:33:14.325+0000] {processor.py:186} INFO - Started process (PID=987) to work on /home/airflow/.local/lib/python3.12/site-packages/airflow/example_dags/tutorial.py
[2024-11-14T06:33:14.326+0000] {processor.py:914} INFO - Processing file /home/airflow/.local/lib/python3.12/site-packages/airflow/example_dags/tutorial.py for tasks to queue
[2024-11-14T06:33:14.327+0000] {logging_mixin.py:190} INFO - [2024-11-14T06:33:14.327+0000] {dagbag.py:588} INFO - Filling up the DagBag from /home/airflow/.local/lib/python3.12/site-packages/airflow/example_dags/tutorial.py
[2024-11-14T06:33:14.332+0000] {processor.py:925} INFO - DAG(s) 'tutorial' retrieved from /home/airflow/.local/lib/python3.12/site-packages/airflow/example_dags/tutorial.py
[2024-11-14T06:33:14.343+0000] {logging_mixin.py:190} INFO - [2024-11-14T06:33:14.343+0000] {dag.py:3239} INFO - Sync 1 DAGs
[2024-11-14T06:33:14.354+0000] {logging_mixin.py:190} INFO - [2024-11-14T06:33:14.354+0000] {dag.py:4180} INFO - Setting next_dagrun for tutorial to 2024-11-13 00:00:00+00:00, run_after=2024-11-14 00:00:00+00:00
[2024-11-14T06:33:14.364+0000] {processor.py:208} INFO - Processing /home/airflow/.local/lib/python3.12/site-packages/airflow/example_dags/tutorial.py took 0.043 seconds
[2024-11-14T06:33:44.740+0000] {processor.py:186} INFO - Started process (PID=1051) to work on /home/airflow/.local/lib/python3.12/site-packages/airflow/example_dags/tutorial.py
[2024-11-14T06:33:44.741+0000] {processor.py:914} INFO - Processing file /home/airflow/.local/lib/python3.12/site-packages/airflow/example_dags/tutorial.py for tasks to queue
[2024-11-14T06:33:44.742+0000] {logging_mixin.py:190} INFO - [2024-11-14T06:33:44.742+0000] {dagbag.py:588} INFO - Filling up the DagBag from /home/airflow/.local/lib/python3.12/site-packages/airflow/example_dags/tutorial.py
[2024-11-14T06:33:44.747+0000] {processor.py:925} INFO - DAG(s) 'tutorial' retrieved from /home/airflow/.local/lib/python3.12/site-packages/airflow/example_dags/tutorial.py
[2024-11-14T06:33:44.758+0000] {logging_mixin.py:190} INFO - [2024-11-14T06:33:44.757+0000] {dag.py:3239} INFO - Sync 1 DAGs
[2024-11-14T06:33:44.773+0000] {logging_mixin.py:190} INFO - [2024-11-14T06:33:44.773+0000] {dag.py:4180} INFO - Setting next_dagrun for tutorial to 2024-11-13 00:00:00+00:00, run_after=2024-11-14 00:00:00+00:00
[2024-11-14T06:33:44.784+0000] {processor.py:208} INFO - Processing /home/airflow/.local/lib/python3.12/site-packages/airflow/example_dags/tutorial.py took 0.048 seconds
[2024-11-14T06:34:15.408+0000] {processor.py:186} INFO - Started process (PID=1114) to work on /home/airflow/.local/lib/python3.12/site-packages/airflow/example_dags/tutorial.py
[2024-11-14T06:34:15.408+0000] {processor.py:914} INFO - Processing file /home/airflow/.local/lib/python3.12/site-packages/airflow/example_dags/tutorial.py for tasks to queue
[2024-11-14T06:34:15.410+0000] {logging_mixin.py:190} INFO - [2024-11-14T06:34:15.410+0000] {dagbag.py:588} INFO - Filling up the DagBag from /home/airflow/.local/lib/python3.12/site-packages/airflow/example_dags/tutorial.py
[2024-11-14T06:34:15.415+0000] {processor.py:925} INFO - DAG(s) 'tutorial' retrieved from /home/airflow/.local/lib/python3.12/site-packages/airflow/example_dags/tutorial.py
[2024-11-14T06:34:15.424+0000] {logging_mixin.py:190} INFO - [2024-11-14T06:34:15.424+0000] {dag.py:3239} INFO - Sync 1 DAGs
[2024-11-14T06:34:15.435+0000] {logging_mixin.py:190} INFO - [2024-11-14T06:34:15.435+0000] {dag.py:4180} INFO - Setting next_dagrun for tutorial to 2024-11-13 00:00:00+00:00, run_after=2024-11-14 00:00:00+00:00
[2024-11-14T06:34:15.444+0000] {processor.py:208} INFO - Processing /home/airflow/.local/lib/python3.12/site-packages/airflow/example_dags/tutorial.py took 0.039 seconds
[2024-11-14T06:34:46.020+0000] {processor.py:186} INFO - Started process (PID=1178) to work on /home/airflow/.local/lib/python3.12/site-packages/airflow/example_dags/tutorial.py
[2024-11-14T06:34:46.020+0000] {processor.py:914} INFO - Processing file /home/airflow/.local/lib/python3.12/site-packages/airflow/example_dags/tutorial.py for tasks to queue
[2024-11-14T06:34:46.022+0000] {logging_mixin.py:190} INFO - [2024-11-14T06:34:46.022+0000] {dagbag.py:588} INFO - Filling up the DagBag from /home/airflow/.local/lib/python3.12/site-packages/airflow/example_dags/tutorial.py
[2024-11-14T06:34:46.026+0000] {processor.py:925} INFO - DAG(s) 'tutorial' retrieved from /home/airflow/.local/lib/python3.12/site-packages/airflow/example_dags/tutorial.py
[2024-11-14T06:34:46.038+0000] {logging_mixin.py:190} INFO - [2024-11-14T06:34:46.038+0000] {dag.py:3239} INFO - Sync 1 DAGs
[2024-11-14T06:34:46.051+0000] {logging_mixin.py:190} INFO - [2024-11-14T06:34:46.051+0000] {dag.py:4180} INFO - Setting next_dagrun for tutorial to 2024-11-13 00:00:00+00:00, run_after=2024-11-14 00:00:00+00:00
[2024-11-14T06:34:46.061+0000] {processor.py:208} INFO - Processing /home/airflow/.local/lib/python3.12/site-packages/airflow/example_dags/tutorial.py took 0.045 seconds
[2024-11-14T06:35:16.948+0000] {processor.py:186} INFO - Started process (PID=1242) to work on /home/airflow/.local/lib/python3.12/site-packages/airflow/example_dags/tutorial.py
[2024-11-14T06:35:16.950+0000] {processor.py:914} INFO - Processing file /home/airflow/.local/lib/python3.12/site-packages/airflow/example_dags/tutorial.py for tasks to queue
[2024-11-14T06:35:16.952+0000] {logging_mixin.py:190} INFO - [2024-11-14T06:35:16.952+0000] {dagbag.py:588} INFO - Filling up the DagBag from /home/airflow/.local/lib/python3.12/site-packages/airflow/example_dags/tutorial.py
[2024-11-14T06:35:16.958+0000] {processor.py:925} INFO - DAG(s) 'tutorial' retrieved from /home/airflow/.local/lib/python3.12/site-packages/airflow/example_dags/tutorial.py
[2024-11-14T06:35:16.975+0000] {logging_mixin.py:190} INFO - [2024-11-14T06:35:16.975+0000] {dag.py:3239} INFO - Sync 1 DAGs
[2024-11-14T06:35:16.990+0000] {logging_mixin.py:190} INFO - [2024-11-14T06:35:16.990+0000] {dag.py:4180} INFO - Setting next_dagrun for tutorial to 2024-11-13 00:00:00+00:00, run_after=2024-11-14 00:00:00+00:00
[2024-11-14T06:35:17.000+0000] {processor.py:208} INFO - Processing /home/airflow/.local/lib/python3.12/site-packages/airflow/example_dags/tutorial.py took 0.055 seconds
[2024-11-14T06:35:47.547+0000] {processor.py:186} INFO - Started process (PID=1306) to work on /home/airflow/.local/lib/python3.12/site-packages/airflow/example_dags/tutorial.py
[2024-11-14T06:35:47.547+0000] {processor.py:914} INFO - Processing file /home/airflow/.local/lib/python3.12/site-packages/airflow/example_dags/tutorial.py for tasks to queue
[2024-11-14T06:35:47.549+0000] {logging_mixin.py:190} INFO - [2024-11-14T06:35:47.549+0000] {dagbag.py:588} INFO - Filling up the DagBag from /home/airflow/.local/lib/python3.12/site-packages/airflow/example_dags/tutorial.py
[2024-11-14T06:35:47.556+0000] {processor.py:925} INFO - DAG(s) 'tutorial' retrieved from /home/airflow/.local/lib/python3.12/site-packages/airflow/example_dags/tutorial.py
[2024-11-14T06:35:47.568+0000] {logging_mixin.py:190} INFO - [2024-11-14T06:35:47.568+0000] {dag.py:3239} INFO - Sync 1 DAGs
[2024-11-14T06:35:47.580+0000] {logging_mixin.py:190} INFO - [2024-11-14T06:35:47.580+0000] {dag.py:4180} INFO - Setting next_dagrun for tutorial to 2024-11-13 00:00:00+00:00, run_after=2024-11-14 00:00:00+00:00
[2024-11-14T06:35:47.590+0000] {processor.py:208} INFO - Processing /home/airflow/.local/lib/python3.12/site-packages/airflow/example_dags/tutorial.py took 0.046 seconds
[2024-11-14T06:36:18.156+0000] {processor.py:186} INFO - Started process (PID=1370) to work on /home/airflow/.local/lib/python3.12/site-packages/airflow/example_dags/tutorial.py
[2024-11-14T06:36:18.157+0000] {processor.py:914} INFO - Processing file /home/airflow/.local/lib/python3.12/site-packages/airflow/example_dags/tutorial.py for tasks to queue
[2024-11-14T06:36:18.158+0000] {logging_mixin.py:190} INFO - [2024-11-14T06:36:18.158+0000] {dagbag.py:588} INFO - Filling up the DagBag from /home/airflow/.local/lib/python3.12/site-packages/airflow/example_dags/tutorial.py
[2024-11-14T06:36:18.164+0000] {processor.py:925} INFO - DAG(s) 'tutorial' retrieved from /home/airflow/.local/lib/python3.12/site-packages/airflow/example_dags/tutorial.py
[2024-11-14T06:36:18.188+0000] {logging_mixin.py:190} INFO - [2024-11-14T06:36:18.188+0000] {dag.py:3239} INFO - Sync 1 DAGs
[2024-11-14T06:36:18.203+0000] {logging_mixin.py:190} INFO - [2024-11-14T06:36:18.203+0000] {dag.py:4180} INFO - Setting next_dagrun for tutorial to 2024-11-13 00:00:00+00:00, run_after=2024-11-14 00:00:00+00:00
[2024-11-14T06:36:18.213+0000] {processor.py:208} INFO - Processing /home/airflow/.local/lib/python3.12/site-packages/airflow/example_dags/tutorial.py took 0.060 seconds
[2024-11-14T06:36:48.566+0000] {processor.py:186} INFO - Started process (PID=1434) to work on /home/airflow/.local/lib/python3.12/site-packages/airflow/example_dags/tutorial.py
[2024-11-14T06:36:48.567+0000] {processor.py:914} INFO - Processing file /home/airflow/.local/lib/python3.12/site-packages/airflow/example_dags/tutorial.py for tasks to queue
[2024-11-14T06:36:48.568+0000] {logging_mixin.py:190} INFO - [2024-11-14T06:36:48.568+0000] {dagbag.py:588} INFO - Filling up the DagBag from /home/airflow/.local/lib/python3.12/site-packages/airflow/example_dags/tutorial.py
[2024-11-14T06:36:48.573+0000] {processor.py:925} INFO - DAG(s) 'tutorial' retrieved from /home/airflow/.local/lib/python3.12/site-packages/airflow/example_dags/tutorial.py
[2024-11-14T06:36:48.585+0000] {logging_mixin.py:190} INFO - [2024-11-14T06:36:48.584+0000] {dag.py:3239} INFO - Sync 1 DAGs
[2024-11-14T06:36:48.597+0000] {logging_mixin.py:190} INFO - [2024-11-14T06:36:48.597+0000] {dag.py:4180} INFO - Setting next_dagrun for tutorial to 2024-11-13 00:00:00+00:00, run_after=2024-11-14 00:00:00+00:00
[2024-11-14T06:36:48.606+0000] {processor.py:208} INFO - Processing /home/airflow/.local/lib/python3.12/site-packages/airflow/example_dags/tutorial.py took 0.044 seconds
[2024-11-14T06:37:18.920+0000] {processor.py:186} INFO - Started process (PID=1498) to work on /home/airflow/.local/lib/python3.12/site-packages/airflow/example_dags/tutorial.py
[2024-11-14T06:37:18.920+0000] {processor.py:914} INFO - Processing file /home/airflow/.local/lib/python3.12/site-packages/airflow/example_dags/tutorial.py for tasks to queue
[2024-11-14T06:37:18.922+0000] {logging_mixin.py:190} INFO - [2024-11-14T06:37:18.922+0000] {dagbag.py:588} INFO - Filling up the DagBag from /home/airflow/.local/lib/python3.12/site-packages/airflow/example_dags/tutorial.py
[2024-11-14T06:37:18.927+0000] {processor.py:925} INFO - DAG(s) 'tutorial' retrieved from /home/airflow/.local/lib/python3.12/site-packages/airflow/example_dags/tutorial.py
[2024-11-14T06:37:18.938+0000] {logging_mixin.py:190} INFO - [2024-11-14T06:37:18.937+0000] {dag.py:3239} INFO - Sync 1 DAGs
[2024-11-14T06:37:18.949+0000] {logging_mixin.py:190} INFO - [2024-11-14T06:37:18.949+0000] {dag.py:4180} INFO - Setting next_dagrun for tutorial to 2024-11-13 00:00:00+00:00, run_after=2024-11-14 00:00:00+00:00
[2024-11-14T06:37:18.961+0000] {processor.py:208} INFO - Processing /home/airflow/.local/lib/python3.12/site-packages/airflow/example_dags/tutorial.py took 0.045 seconds
[2024-11-14T06:37:49.345+0000] {processor.py:186} INFO - Started process (PID=1562) to work on /home/airflow/.local/lib/python3.12/site-packages/airflow/example_dags/tutorial.py
[2024-11-14T06:37:49.345+0000] {processor.py:914} INFO - Processing file /home/airflow/.local/lib/python3.12/site-packages/airflow/example_dags/tutorial.py for tasks to queue
[2024-11-14T06:37:49.347+0000] {logging_mixin.py:190} INFO - [2024-11-14T06:37:49.346+0000] {dagbag.py:588} INFO - Filling up the DagBag from /home/airflow/.local/lib/python3.12/site-packages/airflow/example_dags/tutorial.py
[2024-11-14T06:37:49.351+0000] {processor.py:925} INFO - DAG(s) 'tutorial' retrieved from /home/airflow/.local/lib/python3.12/site-packages/airflow/example_dags/tutorial.py
[2024-11-14T06:37:49.361+0000] {logging_mixin.py:190} INFO - [2024-11-14T06:37:49.361+0000] {dag.py:3239} INFO - Sync 1 DAGs
[2024-11-14T06:37:49.372+0000] {logging_mixin.py:190} INFO - [2024-11-14T06:37:49.372+0000] {dag.py:4180} INFO - Setting next_dagrun for tutorial to 2024-11-13 00:00:00+00:00, run_after=2024-11-14 00:00:00+00:00
[2024-11-14T06:37:49.380+0000] {processor.py:208} INFO - Processing /home/airflow/.local/lib/python3.12/site-packages/airflow/example_dags/tutorial.py took 0.038 seconds
[2024-11-14T06:38:20.065+0000] {processor.py:186} INFO - Started process (PID=1626) to work on /home/airflow/.local/lib/python3.12/site-packages/airflow/example_dags/tutorial.py
[2024-11-14T06:38:20.066+0000] {processor.py:914} INFO - Processing file /home/airflow/.local/lib/python3.12/site-packages/airflow/example_dags/tutorial.py for tasks to queue
[2024-11-14T06:38:20.067+0000] {logging_mixin.py:190} INFO - [2024-11-14T06:38:20.067+0000] {dagbag.py:588} INFO - Filling up the DagBag from /home/airflow/.local/lib/python3.12/site-packages/airflow/example_dags/tutorial.py
[2024-11-14T06:38:20.072+0000] {processor.py:925} INFO - DAG(s) 'tutorial' retrieved from /home/airflow/.local/lib/python3.12/site-packages/airflow/example_dags/tutorial.py
[2024-11-14T06:38:20.083+0000] {logging_mixin.py:190} INFO - [2024-11-14T06:38:20.082+0000] {dag.py:3239} INFO - Sync 1 DAGs
[2024-11-14T06:38:20.093+0000] {logging_mixin.py:190} INFO - [2024-11-14T06:38:20.093+0000] {dag.py:4180} INFO - Setting next_dagrun for tutorial to 2024-11-13 00:00:00+00:00, run_after=2024-11-14 00:00:00+00:00
[2024-11-14T06:38:20.101+0000] {processor.py:208} INFO - Processing /home/airflow/.local/lib/python3.12/site-packages/airflow/example_dags/tutorial.py took 0.040 seconds
[2024-11-14T06:38:50.742+0000] {processor.py:186} INFO - Started process (PID=1690) to work on /home/airflow/.local/lib/python3.12/site-packages/airflow/example_dags/tutorial.py
[2024-11-14T06:38:50.743+0000] {processor.py:914} INFO - Processing file /home/airflow/.local/lib/python3.12/site-packages/airflow/example_dags/tutorial.py for tasks to queue
[2024-11-14T06:38:50.745+0000] {logging_mixin.py:190} INFO - [2024-11-14T06:38:50.745+0000] {dagbag.py:588} INFO - Filling up the DagBag from /home/airflow/.local/lib/python3.12/site-packages/airflow/example_dags/tutorial.py
[2024-11-14T06:38:50.749+0000] {processor.py:925} INFO - DAG(s) 'tutorial' retrieved from /home/airflow/.local/lib/python3.12/site-packages/airflow/example_dags/tutorial.py
[2024-11-14T06:38:50.761+0000] {logging_mixin.py:190} INFO - [2024-11-14T06:38:50.760+0000] {dag.py:3239} INFO - Sync 1 DAGs
[2024-11-14T06:38:50.773+0000] {logging_mixin.py:190} INFO - [2024-11-14T06:38:50.773+0000] {dag.py:4180} INFO - Setting next_dagrun for tutorial to 2024-11-13 00:00:00+00:00, run_after=2024-11-14 00:00:00+00:00
[2024-11-14T06:38:50.783+0000] {processor.py:208} INFO - Processing /home/airflow/.local/lib/python3.12/site-packages/airflow/example_dags/tutorial.py took 0.045 seconds
[2024-11-14T06:39:21.543+0000] {processor.py:186} INFO - Started process (PID=1755) to work on /home/airflow/.local/lib/python3.12/site-packages/airflow/example_dags/tutorial.py
[2024-11-14T06:39:21.544+0000] {processor.py:914} INFO - Processing file /home/airflow/.local/lib/python3.12/site-packages/airflow/example_dags/tutorial.py for tasks to queue
[2024-11-14T06:39:21.545+0000] {logging_mixin.py:190} INFO - [2024-11-14T06:39:21.545+0000] {dagbag.py:588} INFO - Filling up the DagBag from /home/airflow/.local/lib/python3.12/site-packages/airflow/example_dags/tutorial.py
[2024-11-14T06:39:21.551+0000] {processor.py:925} INFO - DAG(s) 'tutorial' retrieved from /home/airflow/.local/lib/python3.12/site-packages/airflow/example_dags/tutorial.py
[2024-11-14T06:39:21.565+0000] {logging_mixin.py:190} INFO - [2024-11-14T06:39:21.565+0000] {dag.py:3239} INFO - Sync 1 DAGs
[2024-11-14T06:39:21.582+0000] {logging_mixin.py:190} INFO - [2024-11-14T06:39:21.582+0000] {dag.py:4180} INFO - Setting next_dagrun for tutorial to 2024-11-13 00:00:00+00:00, run_after=2024-11-14 00:00:00+00:00
[2024-11-14T06:39:21.591+0000] {processor.py:208} INFO - Processing /home/airflow/.local/lib/python3.12/site-packages/airflow/example_dags/tutorial.py took 0.054 seconds
[2024-11-14T06:39:52.201+0000] {processor.py:186} INFO - Started process (PID=1819) to work on /home/airflow/.local/lib/python3.12/site-packages/airflow/example_dags/tutorial.py
[2024-11-14T06:39:52.201+0000] {processor.py:914} INFO - Processing file /home/airflow/.local/lib/python3.12/site-packages/airflow/example_dags/tutorial.py for tasks to queue
[2024-11-14T06:39:52.203+0000] {logging_mixin.py:190} INFO - [2024-11-14T06:39:52.203+0000] {dagbag.py:588} INFO - Filling up the DagBag from /home/airflow/.local/lib/python3.12/site-packages/airflow/example_dags/tutorial.py
[2024-11-14T06:39:52.210+0000] {processor.py:925} INFO - DAG(s) 'tutorial' retrieved from /home/airflow/.local/lib/python3.12/site-packages/airflow/example_dags/tutorial.py
[2024-11-14T06:39:52.225+0000] {logging_mixin.py:190} INFO - [2024-11-14T06:39:52.225+0000] {dag.py:3239} INFO - Sync 1 DAGs
[2024-11-14T06:39:52.239+0000] {logging_mixin.py:190} INFO - [2024-11-14T06:39:52.238+0000] {dag.py:4180} INFO - Setting next_dagrun for tutorial to 2024-11-13 00:00:00+00:00, run_after=2024-11-14 00:00:00+00:00
[2024-11-14T06:39:52.248+0000] {processor.py:208} INFO - Processing /home/airflow/.local/lib/python3.12/site-packages/airflow/example_dags/tutorial.py took 0.051 seconds
[2024-11-14T06:40:22.777+0000] {processor.py:186} INFO - Started process (PID=1883) to work on /home/airflow/.local/lib/python3.12/site-packages/airflow/example_dags/tutorial.py
[2024-11-14T06:40:22.778+0000] {processor.py:914} INFO - Processing file /home/airflow/.local/lib/python3.12/site-packages/airflow/example_dags/tutorial.py for tasks to queue
[2024-11-14T06:40:22.779+0000] {logging_mixin.py:190} INFO - [2024-11-14T06:40:22.779+0000] {dagbag.py:588} INFO - Filling up the DagBag from /home/airflow/.local/lib/python3.12/site-packages/airflow/example_dags/tutorial.py
[2024-11-14T06:40:22.784+0000] {processor.py:925} INFO - DAG(s) 'tutorial' retrieved from /home/airflow/.local/lib/python3.12/site-packages/airflow/example_dags/tutorial.py
[2024-11-14T06:40:22.794+0000] {logging_mixin.py:190} INFO - [2024-11-14T06:40:22.794+0000] {dag.py:3239} INFO - Sync 1 DAGs
[2024-11-14T06:40:22.806+0000] {logging_mixin.py:190} INFO - [2024-11-14T06:40:22.806+0000] {dag.py:4180} INFO - Setting next_dagrun for tutorial to 2024-11-13 00:00:00+00:00, run_after=2024-11-14 00:00:00+00:00
[2024-11-14T06:40:22.818+0000] {processor.py:208} INFO - Processing /home/airflow/.local/lib/python3.12/site-packages/airflow/example_dags/tutorial.py took 0.044 seconds
[2024-11-14T06:40:53.244+0000] {processor.py:186} INFO - Started process (PID=1947) to work on /home/airflow/.local/lib/python3.12/site-packages/airflow/example_dags/tutorial.py
[2024-11-14T06:40:53.244+0000] {processor.py:914} INFO - Processing file /home/airflow/.local/lib/python3.12/site-packages/airflow/example_dags/tutorial.py for tasks to queue
[2024-11-14T06:40:53.246+0000] {logging_mixin.py:190} INFO - [2024-11-14T06:40:53.246+0000] {dagbag.py:588} INFO - Filling up the DagBag from /home/airflow/.local/lib/python3.12/site-packages/airflow/example_dags/tutorial.py
[2024-11-14T06:40:53.250+0000] {processor.py:925} INFO - DAG(s) 'tutorial' retrieved from /home/airflow/.local/lib/python3.12/site-packages/airflow/example_dags/tutorial.py
[2024-11-14T06:40:53.261+0000] {logging_mixin.py:190} INFO - [2024-11-14T06:40:53.261+0000] {dag.py:3239} INFO - Sync 1 DAGs
[2024-11-14T06:40:53.275+0000] {logging_mixin.py:190} INFO - [2024-11-14T06:40:53.275+0000] {dag.py:4180} INFO - Setting next_dagrun for tutorial to 2024-11-13 00:00:00+00:00, run_after=2024-11-14 00:00:00+00:00
[2024-11-14T06:40:53.284+0000] {processor.py:208} INFO - Processing /home/airflow/.local/lib/python3.12/site-packages/airflow/example_dags/tutorial.py took 0.044 seconds
[2024-11-14T06:41:24.179+0000] {processor.py:186} INFO - Started process (PID=2010) to work on /home/airflow/.local/lib/python3.12/site-packages/airflow/example_dags/tutorial.py
[2024-11-14T06:41:24.180+0000] {processor.py:914} INFO - Processing file /home/airflow/.local/lib/python3.12/site-packages/airflow/example_dags/tutorial.py for tasks to queue
[2024-11-14T06:41:24.182+0000] {logging_mixin.py:190} INFO - [2024-11-14T06:41:24.182+0000] {dagbag.py:588} INFO - Filling up the DagBag from /home/airflow/.local/lib/python3.12/site-packages/airflow/example_dags/tutorial.py
[2024-11-14T06:41:24.187+0000] {processor.py:925} INFO - DAG(s) 'tutorial' retrieved from /home/airflow/.local/lib/python3.12/site-packages/airflow/example_dags/tutorial.py
[2024-11-14T06:41:24.198+0000] {logging_mixin.py:190} INFO - [2024-11-14T06:41:24.198+0000] {dag.py:3239} INFO - Sync 1 DAGs
[2024-11-14T06:41:24.210+0000] {logging_mixin.py:190} INFO - [2024-11-14T06:41:24.209+0000] {dag.py:4180} INFO - Setting next_dagrun for tutorial to 2024-11-13 00:00:00+00:00, run_after=2024-11-14 00:00:00+00:00
[2024-11-14T06:41:24.218+0000] {processor.py:208} INFO - Processing /home/airflow/.local/lib/python3.12/site-packages/airflow/example_dags/tutorial.py took 0.043 seconds
