[2024-11-14T06:26:50.448+0000] {local_task_job_runner.py:123} INFO - ::group::Pre task execution logs
[2024-11-14T06:26:50.456+0000] {taskinstance.py:2613} INFO - Dependencies all met for dep_context=non-requeueable deps ti=<TaskInstance: rocket.notify manual__2024-11-14T06:26:39.745928+00:00 [queued]>
[2024-11-14T06:26:50.459+0000] {taskinstance.py:2613} INFO - Dependencies all met for dep_context=requeueable deps ti=<TaskInstance: rocket.notify manual__2024-11-14T06:26:39.745928+00:00 [queued]>
[2024-11-14T06:26:50.460+0000] {taskinstance.py:2866} INFO - Starting attempt 1 of 1
[2024-11-14T06:26:50.466+0000] {taskinstance.py:2889} INFO - Executing <Task(BashOperator): notify> on 2024-11-14 06:26:39.745928+00:00
[2024-11-14T06:26:50.470+0000] {warnings.py:112} WARNING - /home/***/.local/lib/python3.12/site-packages/***/task/task_runner/standard_task_runner.py:70: DeprecationWarning: This process (pid=81) is multi-threaded, use of fork() may lead to deadlocks in the child.
  pid = os.fork()

[2024-11-14T06:26:50.471+0000] {standard_task_runner.py:72} INFO - Started process 82 to run task
[2024-11-14T06:26:50.472+0000] {standard_task_runner.py:104} INFO - Running: ['***', 'tasks', 'run', 'rocket', 'notify', 'manual__2024-11-14T06:26:39.745928+00:00', '--job-id', '29', '--raw', '--subdir', 'DAGS_FOLDER/rockets/rocket.py', '--cfg-path', '/tmp/tmpqal0cq9o']
[2024-11-14T06:26:50.473+0000] {standard_task_runner.py:105} INFO - Job 29: Subtask notify
[2024-11-14T06:26:50.504+0000] {task_command.py:467} INFO - Running <TaskInstance: rocket.notify manual__2024-11-14T06:26:39.745928+00:00 [running]> on host 29e8ab7c1833
[2024-11-14T06:26:50.548+0000] {taskinstance.py:3132} INFO - Exporting env vars: AIRFLOW_CTX_DAG_OWNER='***' AIRFLOW_CTX_DAG_ID='rocket' AIRFLOW_CTX_TASK_ID='notify' AIRFLOW_CTX_EXECUTION_DATE='2024-11-14T06:26:39.745928+00:00' AIRFLOW_CTX_TRY_NUMBER='1' AIRFLOW_CTX_DAG_RUN_ID='manual__2024-11-14T06:26:39.745928+00:00'
[2024-11-14T06:26:50.549+0000] {logging_mixin.py:190} INFO - Task instance is in running state
[2024-11-14T06:26:50.550+0000] {logging_mixin.py:190} INFO -  Previous state of the Task instance: queued
[2024-11-14T06:26:50.550+0000] {logging_mixin.py:190} INFO - Current task name:notify state:running start_date:2024-11-14 06:26:50.456441+00:00
[2024-11-14T06:26:50.550+0000] {logging_mixin.py:190} INFO - Dag name:rocket and current dag run status:running
[2024-11-14T06:26:50.550+0000] {taskinstance.py:731} INFO - ::endgroup::
[2024-11-14T06:26:50.551+0000] {subprocess.py:78} INFO - Tmp dir root location: /tmp
[2024-11-14T06:26:50.551+0000] {subprocess.py:88} INFO - Running command: ['/usr/bin/bash', '-c', 'echo "There is now one image"']
[2024-11-14T06:26:50.558+0000] {subprocess.py:99} INFO - Output:
[2024-11-14T06:26:50.560+0000] {subprocess.py:106} INFO - There is now one image
[2024-11-14T06:26:50.560+0000] {subprocess.py:110} INFO - Command exited with return code 0
[2024-11-14T06:26:50.573+0000] {taskinstance.py:340} INFO - ::group::Post task execution logs
[2024-11-14T06:26:50.573+0000] {taskinstance.py:352} INFO - Marking task as SUCCESS. dag_id=rocket, task_id=notify, run_id=manual__2024-11-14T06:26:39.745928+00:00, execution_date=20241114T062639, start_date=20241114T062650, end_date=20241114T062650
[2024-11-14T06:26:50.578+0000] {logging_mixin.py:190} INFO - Task instance in success state
[2024-11-14T06:26:50.578+0000] {logging_mixin.py:190} INFO -  Previous state of the Task instance: running
[2024-11-14T06:26:50.578+0000] {logging_mixin.py:190} INFO - Dag name:rocket queued_at:2024-11-14 06:26:39.767309+00:00
[2024-11-14T06:26:50.578+0000] {logging_mixin.py:190} INFO - Task hostname:29e8ab7c1833 operator:BashOperator
[2024-11-14T06:26:50.611+0000] {local_task_job_runner.py:266} INFO - Task exited with return code 0
[2024-11-14T06:26:50.623+0000] {taskinstance.py:3895} INFO - 0 downstream tasks scheduled from follow-on schedule check
[2024-11-14T06:26:50.624+0000] {local_task_job_runner.py:245} INFO - ::endgroup::
