[2024-11-13T22:50:00.372+0000] {local_task_job_runner.py:123} INFO - ::group::Pre task execution logs
[2024-11-13T22:50:00.388+0000] {taskinstance.py:2613} INFO - Dependencies all met for dep_context=non-requeueable deps ti=<TaskInstance: rocket.get_pictures manual__2024-11-13T22:49:39.172537+00:00 [queued]>
[2024-11-13T22:50:00.397+0000] {taskinstance.py:2613} INFO - Dependencies all met for dep_context=requeueable deps ti=<TaskInstance: rocket.get_pictures manual__2024-11-13T22:49:39.172537+00:00 [queued]>
[2024-11-13T22:50:00.398+0000] {taskinstance.py:2866} INFO - Starting attempt 1 of 1
[2024-11-13T22:50:00.420+0000] {taskinstance.py:2889} INFO - Executing <Task(PythonOperator): get_pictures> on 2024-11-13 22:49:39.172537+00:00
[2024-11-13T22:50:00.444+0000] {warnings.py:112} WARNING - /home/***/.local/lib/python3.12/site-packages/***/task/task_runner/standard_task_runner.py:70: DeprecationWarning: This process (pid=5365) is multi-threaded, use of fork() may lead to deadlocks in the child.
  pid = os.fork()

[2024-11-13T22:50:00.446+0000] {standard_task_runner.py:72} INFO - Started process 5366 to run task
[2024-11-13T22:50:00.447+0000] {standard_task_runner.py:104} INFO - Running: ['***', 'tasks', 'run', 'rocket', 'get_pictures', 'manual__2024-11-13T22:49:39.172537+00:00', '--job-id', '23', '--raw', '--subdir', 'DAGS_FOLDER/rockets/rocket.py', '--cfg-path', '/tmp/tmplkf3caxd']
[2024-11-13T22:50:00.448+0000] {standard_task_runner.py:105} INFO - Job 23: Subtask get_pictures
[2024-11-13T22:50:00.492+0000] {task_command.py:467} INFO - Running <TaskInstance: rocket.get_pictures manual__2024-11-13T22:49:39.172537+00:00 [running]> on host 9deca0a9ef1c
[2024-11-13T22:50:00.554+0000] {taskinstance.py:3132} INFO - Exporting env vars: AIRFLOW_CTX_DAG_OWNER='***' AIRFLOW_CTX_DAG_ID='rocket' AIRFLOW_CTX_TASK_ID='get_pictures' AIRFLOW_CTX_EXECUTION_DATE='2024-11-13T22:49:39.172537+00:00' AIRFLOW_CTX_TRY_NUMBER='1' AIRFLOW_CTX_DAG_RUN_ID='manual__2024-11-13T22:49:39.172537+00:00'
[2024-11-13T22:50:00.557+0000] {logging_mixin.py:190} INFO - Task instance is in running state
[2024-11-13T22:50:00.558+0000] {logging_mixin.py:190} INFO -  Previous state of the Task instance: queued
[2024-11-13T22:50:00.558+0000] {logging_mixin.py:190} INFO - Current task name:get_pictures state:running start_date:2024-11-13 22:50:00.388429+00:00
[2024-11-13T22:50:00.558+0000] {logging_mixin.py:190} INFO - Dag name:rocket and current dag run status:running
[2024-11-13T22:50:00.558+0000] {taskinstance.py:731} INFO - ::endgroup::
[2024-11-13T22:50:00.559+0000] {logging_mixin.py:190} INFO - Hello world
[2024-11-13T22:50:00.559+0000] {python.py:240} INFO - Done. Returned value was: None
[2024-11-13T22:50:00.565+0000] {taskinstance.py:340} INFO - ::group::Post task execution logs
[2024-11-13T22:50:00.565+0000] {taskinstance.py:352} INFO - Marking task as SUCCESS. dag_id=rocket, task_id=get_pictures, run_id=manual__2024-11-13T22:49:39.172537+00:00, execution_date=20241113T224939, start_date=20241113T225000, end_date=20241113T225000
[2024-11-13T22:50:00.570+0000] {logging_mixin.py:190} INFO - Task instance in success state
[2024-11-13T22:50:00.570+0000] {logging_mixin.py:190} INFO -  Previous state of the Task instance: running
[2024-11-13T22:50:00.570+0000] {logging_mixin.py:190} INFO - Dag name:rocket queued_at:2024-11-13 22:49:39.248789+00:00
[2024-11-13T22:50:00.570+0000] {logging_mixin.py:190} INFO - Task hostname:9deca0a9ef1c operator:PythonOperator
[2024-11-13T22:50:00.589+0000] {local_task_job_runner.py:266} INFO - Task exited with return code 0
[2024-11-13T22:50:00.605+0000] {taskinstance.py:3895} INFO - 1 downstream tasks scheduled from follow-on schedule check
[2024-11-13T22:50:00.606+0000] {local_task_job_runner.py:245} INFO - ::endgroup::
