[2024-11-14T06:26:48.723+0000] {local_task_job_runner.py:123} INFO - ::group::Pre task execution logs
[2024-11-14T06:26:48.731+0000] {taskinstance.py:2613} INFO - Dependencies all met for dep_context=non-requeueable deps ti=<TaskInstance: rocket.get_pictures manual__2024-11-14T06:26:39.745928+00:00 [queued]>
[2024-11-14T06:26:48.735+0000] {taskinstance.py:2613} INFO - Dependencies all met for dep_context=requeueable deps ti=<TaskInstance: rocket.get_pictures manual__2024-11-14T06:26:39.745928+00:00 [queued]>
[2024-11-14T06:26:48.736+0000] {taskinstance.py:2866} INFO - Starting attempt 1 of 1
[2024-11-14T06:26:48.742+0000] {taskinstance.py:2889} INFO - Executing <Task(PythonOperator): get_pictures> on 2024-11-14 06:26:39.745928+00:00
[2024-11-14T06:26:48.748+0000] {warnings.py:112} WARNING - /home/***/.local/lib/python3.12/site-packages/***/task/task_runner/standard_task_runner.py:70: DeprecationWarning: This process (pid=78) is multi-threaded, use of fork() may lead to deadlocks in the child.
  pid = os.fork()

[2024-11-14T06:26:48.749+0000] {standard_task_runner.py:72} INFO - Started process 79 to run task
[2024-11-14T06:26:48.750+0000] {standard_task_runner.py:104} INFO - Running: ['***', 'tasks', 'run', 'rocket', 'get_pictures', 'manual__2024-11-14T06:26:39.745928+00:00', '--job-id', '28', '--raw', '--subdir', 'DAGS_FOLDER/rockets/rocket.py', '--cfg-path', '/tmp/tmpa_0ie0nw']
[2024-11-14T06:26:48.751+0000] {standard_task_runner.py:105} INFO - Job 28: Subtask get_pictures
[2024-11-14T06:26:48.786+0000] {task_command.py:467} INFO - Running <TaskInstance: rocket.get_pictures manual__2024-11-14T06:26:39.745928+00:00 [running]> on host 29e8ab7c1833
[2024-11-14T06:26:48.829+0000] {taskinstance.py:3132} INFO - Exporting env vars: AIRFLOW_CTX_DAG_OWNER='***' AIRFLOW_CTX_DAG_ID='rocket' AIRFLOW_CTX_TASK_ID='get_pictures' AIRFLOW_CTX_EXECUTION_DATE='2024-11-14T06:26:39.745928+00:00' AIRFLOW_CTX_TRY_NUMBER='1' AIRFLOW_CTX_DAG_RUN_ID='manual__2024-11-14T06:26:39.745928+00:00'
[2024-11-14T06:26:48.830+0000] {logging_mixin.py:190} INFO - Task instance is in running state
[2024-11-14T06:26:48.830+0000] {logging_mixin.py:190} INFO -  Previous state of the Task instance: queued
[2024-11-14T06:26:48.830+0000] {logging_mixin.py:190} INFO - Current task name:get_pictures state:running start_date:2024-11-14 06:26:48.731805+00:00
[2024-11-14T06:26:48.830+0000] {logging_mixin.py:190} INFO - Dag name:rocket and current dag run status:running
[2024-11-14T06:26:48.831+0000] {taskinstance.py:731} INFO - ::endgroup::
[2024-11-14T06:26:48.831+0000] {logging_mixin.py:190} INFO - Hello world
[2024-11-14T06:26:48.831+0000] {python.py:240} INFO - Done. Returned value was: None
[2024-11-14T06:26:48.836+0000] {taskinstance.py:340} INFO - ::group::Post task execution logs
[2024-11-14T06:26:48.836+0000] {taskinstance.py:352} INFO - Marking task as SUCCESS. dag_id=rocket, task_id=get_pictures, run_id=manual__2024-11-14T06:26:39.745928+00:00, execution_date=20241114T062639, start_date=20241114T062648, end_date=20241114T062648
[2024-11-14T06:26:48.840+0000] {logging_mixin.py:190} INFO - Task instance in success state
[2024-11-14T06:26:48.840+0000] {logging_mixin.py:190} INFO -  Previous state of the Task instance: running
[2024-11-14T06:26:48.840+0000] {logging_mixin.py:190} INFO - Dag name:rocket queued_at:2024-11-14 06:26:39.767309+00:00
[2024-11-14T06:26:48.841+0000] {logging_mixin.py:190} INFO - Task hostname:29e8ab7c1833 operator:PythonOperator
[2024-11-14T06:26:48.847+0000] {local_task_job_runner.py:266} INFO - Task exited with return code 0
[2024-11-14T06:26:48.859+0000] {taskinstance.py:3895} INFO - 1 downstream tasks scheduled from follow-on schedule check
[2024-11-14T06:26:48.860+0000] {local_task_job_runner.py:245} INFO - ::endgroup::
