[2024-11-13T22:26:15.570+0000] {local_task_job_runner.py:123} INFO - ::group::Pre task execution logs
[2024-11-13T22:26:15.583+0000] {taskinstance.py:2613} INFO - Dependencies all met for dep_context=non-requeueable deps ti=<TaskInstance: rocket.download_launches manual__2024-11-13T22:26:06.891971+00:00 [queued]>
[2024-11-13T22:26:15.587+0000] {taskinstance.py:2613} INFO - Dependencies all met for dep_context=requeueable deps ti=<TaskInstance: rocket.download_launches manual__2024-11-13T22:26:06.891971+00:00 [queued]>
[2024-11-13T22:26:15.587+0000] {taskinstance.py:2866} INFO - Starting attempt 1 of 1
[2024-11-13T22:26:15.593+0000] {taskinstance.py:2889} INFO - Executing <Task(BashOperator): download_launches> on 2024-11-13 22:26:06.891971+00:00
[2024-11-13T22:26:15.601+0000] {warnings.py:112} WARNING - /home/***/.local/lib/python3.12/site-packages/***/task/task_runner/standard_task_runner.py:70: DeprecationWarning: This process (pid=5053) is multi-threaded, use of fork() may lead to deadlocks in the child.
  pid = os.fork()

[2024-11-13T22:26:15.603+0000] {standard_task_runner.py:72} INFO - Started process 5054 to run task
[2024-11-13T22:26:15.604+0000] {standard_task_runner.py:104} INFO - Running: ['***', 'tasks', 'run', 'rocket', 'download_launches', 'manual__2024-11-13T22:26:06.891971+00:00', '--job-id', '13', '--raw', '--subdir', 'DAGS_FOLDER/rockets/rocket.py', '--cfg-path', '/tmp/tmp566ktpl_']
[2024-11-13T22:26:15.604+0000] {standard_task_runner.py:105} INFO - Job 13: Subtask download_launches
[2024-11-13T22:26:15.669+0000] {task_command.py:467} INFO - Running <TaskInstance: rocket.download_launches manual__2024-11-13T22:26:06.891971+00:00 [running]> on host 9deca0a9ef1c
[2024-11-13T22:26:16.171+0000] {taskinstance.py:3132} INFO - Exporting env vars: AIRFLOW_CTX_DAG_OWNER='***' AIRFLOW_CTX_DAG_ID='rocket' AIRFLOW_CTX_TASK_ID='download_launches' AIRFLOW_CTX_EXECUTION_DATE='2024-11-13T22:26:06.891971+00:00' AIRFLOW_CTX_TRY_NUMBER='1' AIRFLOW_CTX_DAG_RUN_ID='manual__2024-11-13T22:26:06.891971+00:00'
[2024-11-13T22:26:16.172+0000] {logging_mixin.py:190} INFO - Task instance is in running state
[2024-11-13T22:26:16.172+0000] {logging_mixin.py:190} INFO -  Previous state of the Task instance: queued
[2024-11-13T22:26:16.172+0000] {logging_mixin.py:190} INFO - Current task name:download_launches state:running start_date:2024-11-13 22:26:15.583635+00:00
[2024-11-13T22:26:16.173+0000] {logging_mixin.py:190} INFO - Dag name:rocket and current dag run status:running
[2024-11-13T22:26:16.173+0000] {taskinstance.py:731} INFO - ::endgroup::
[2024-11-13T22:26:16.175+0000] {subprocess.py:78} INFO - Tmp dir root location: /tmp
[2024-11-13T22:26:16.176+0000] {subprocess.py:88} INFO - Running command: ['/usr/bin/bash', '-c', 'curl -o /opt/***/dags/rockets/launches/launches.json -L https://ll.thespacedevs.com/2.0.0/launch/upcoming']
[2024-11-13T22:26:16.189+0000] {subprocess.py:99} INFO - Output:
[2024-11-13T22:26:16.246+0000] {subprocess.py:106} INFO -   % Total    % Received % Xferd  Average Speed   Time    Time     Time  Current
[2024-11-13T22:26:16.247+0000] {subprocess.py:106} INFO -                                  Dload  Upload   Total   Spent    Left  Speed
[2024-11-13T22:26:18.196+0000] {subprocess.py:106} INFO -   0     0    0     0    0     0      0      0 --:--:-- --:--:-- --:--:--     0  0     0    0     0    0     0      0      0 --:--:-- --:--:-- --:--:--     0  0     0    0     0    0     0      0      0 --:--:--  0:00:01 --:--:--     0  0     0    0     0    0     0      0      0 --:--:--  0:00:01 --:--:--     0
[2024-11-13T22:26:19.147+0000] {subprocess.py:106} INFO -   0 26143    0     0    0     0      0      0 --:--:--  0:00:02 --:--:--     0100 26143  100 26143    0     0   9010      0  0:00:02  0:00:02 --:--:--  335k
[2024-11-13T22:26:19.153+0000] {subprocess.py:110} INFO - Command exited with return code 0
[2024-11-13T22:26:19.240+0000] {taskinstance.py:340} INFO - ::group::Post task execution logs
[2024-11-13T22:26:19.241+0000] {taskinstance.py:352} INFO - Marking task as SUCCESS. dag_id=rocket, task_id=download_launches, run_id=manual__2024-11-13T22:26:06.891971+00:00, execution_date=20241113T222606, start_date=20241113T222615, end_date=20241113T222619
[2024-11-13T22:26:19.254+0000] {logging_mixin.py:190} INFO - Task instance in success state
[2024-11-13T22:26:19.254+0000] {logging_mixin.py:190} INFO -  Previous state of the Task instance: running
[2024-11-13T22:26:19.255+0000] {logging_mixin.py:190} INFO - Dag name:rocket queued_at:2024-11-13 22:26:07.001914+00:00
[2024-11-13T22:26:19.255+0000] {logging_mixin.py:190} INFO - Task hostname:9deca0a9ef1c operator:BashOperator
[2024-11-13T22:26:19.306+0000] {local_task_job_runner.py:266} INFO - Task exited with return code 0
[2024-11-13T22:26:19.342+0000] {local_task_job_runner.py:245} INFO - ::endgroup::
