[2024-11-13T22:28:22.122+0000] {local_task_job_runner.py:123} INFO - ::group::Pre task execution logs
[2024-11-13T22:28:22.143+0000] {taskinstance.py:2613} INFO - Dependencies all met for dep_context=non-requeueable deps ti=<TaskInstance: rocket.download_launches manual__2024-11-13T22:28:09.600015+00:00 [queued]>
[2024-11-13T22:28:22.152+0000] {taskinstance.py:2613} INFO - Dependencies all met for dep_context=requeueable deps ti=<TaskInstance: rocket.download_launches manual__2024-11-13T22:28:09.600015+00:00 [queued]>
[2024-11-13T22:28:22.153+0000] {taskinstance.py:2866} INFO - Starting attempt 1 of 1
[2024-11-13T22:28:22.168+0000] {taskinstance.py:2889} INFO - Executing <Task(BashOperator): download_launches> on 2024-11-13 22:28:09.600015+00:00
[2024-11-13T22:28:22.180+0000] {warnings.py:112} WARNING - /home/***/.local/lib/python3.12/site-packages/***/task/task_runner/standard_task_runner.py:70: DeprecationWarning: This process (pid=5086) is multi-threaded, use of fork() may lead to deadlocks in the child.
  pid = os.fork()

[2024-11-13T22:28:22.181+0000] {standard_task_runner.py:72} INFO - Started process 5094 to run task
[2024-11-13T22:28:22.181+0000] {standard_task_runner.py:104} INFO - Running: ['***', 'tasks', 'run', 'rocket', 'download_launches', 'manual__2024-11-13T22:28:09.600015+00:00', '--job-id', '16', '--raw', '--subdir', 'DAGS_FOLDER/rockets/rocket.py', '--cfg-path', '/tmp/tmpwl95njdl']
[2024-11-13T22:28:22.184+0000] {standard_task_runner.py:105} INFO - Job 16: Subtask download_launches
[2024-11-13T22:28:22.279+0000] {task_command.py:467} INFO - Running <TaskInstance: rocket.download_launches manual__2024-11-13T22:28:09.600015+00:00 [running]> on host 9deca0a9ef1c
[2024-11-13T22:28:22.368+0000] {taskinstance.py:3132} INFO - Exporting env vars: AIRFLOW_CTX_DAG_OWNER='***' AIRFLOW_CTX_DAG_ID='rocket' AIRFLOW_CTX_TASK_ID='download_launches' AIRFLOW_CTX_EXECUTION_DATE='2024-11-13T22:28:09.600015+00:00' AIRFLOW_CTX_TRY_NUMBER='1' AIRFLOW_CTX_DAG_RUN_ID='manual__2024-11-13T22:28:09.600015+00:00'
[2024-11-13T22:28:22.370+0000] {logging_mixin.py:190} INFO - Task instance is in running state
[2024-11-13T22:28:22.370+0000] {logging_mixin.py:190} INFO -  Previous state of the Task instance: queued
[2024-11-13T22:28:22.371+0000] {logging_mixin.py:190} INFO - Current task name:download_launches state:running start_date:2024-11-13 22:28:22.145188+00:00
[2024-11-13T22:28:22.371+0000] {logging_mixin.py:190} INFO - Dag name:rocket and current dag run status:running
[2024-11-13T22:28:22.371+0000] {taskinstance.py:731} INFO - ::endgroup::
[2024-11-13T22:28:22.375+0000] {subprocess.py:78} INFO - Tmp dir root location: /tmp
[2024-11-13T22:28:22.376+0000] {subprocess.py:88} INFO - Running command: ['/usr/bin/bash', '-c', 'curl -o /opt/***/dags/rockets/launches/launches.json -L https://ll.thespacedevs.com/2.0.0/launch/upcoming']
[2024-11-13T22:28:22.392+0000] {subprocess.py:99} INFO - Output:
[2024-11-13T22:28:22.432+0000] {subprocess.py:106} INFO -   % Total    % Received % Xferd  Average Speed   Time    Time     Time  Current
[2024-11-13T22:28:22.432+0000] {subprocess.py:106} INFO -                                  Dload  Upload   Total   Spent    Left  Speed
[2024-11-13T22:28:23.348+0000] {subprocess.py:106} INFO -   0     0    0     0    0     0      0      0 --:--:-- --:--:-- --:--:--     0  0     0    0     0    0     0      0      0 --:--:-- --:--:-- --:--:--     0  0     0    0     0    0     0      0      0 --:--:-- --:--:-- --:--:--     0
[2024-11-13T22:28:24.360+0000] {subprocess.py:106} INFO -  20 26143   20  5467    0     0   2949      0  0:00:08  0:00:01  0:00:07  2949100 26143  100 26143    0     0  13591      0  0:00:01  0:00:01 --:--:--  288k
[2024-11-13T22:28:24.449+0000] {subprocess.py:110} INFO - Command exited with return code 0
[2024-11-13T22:28:24.776+0000] {taskinstance.py:340} INFO - ::group::Post task execution logs
[2024-11-13T22:28:24.800+0000] {taskinstance.py:352} INFO - Marking task as SUCCESS. dag_id=rocket, task_id=download_launches, run_id=manual__2024-11-13T22:28:09.600015+00:00, execution_date=20241113T222809, start_date=20241113T222822, end_date=20241113T222824
[2024-11-13T22:28:24.975+0000] {logging_mixin.py:190} INFO - Task instance in success state
[2024-11-13T22:28:24.979+0000] {logging_mixin.py:190} INFO -  Previous state of the Task instance: running
[2024-11-13T22:28:24.980+0000] {logging_mixin.py:190} INFO - Dag name:rocket queued_at:2024-11-13 22:28:09.690954+00:00
[2024-11-13T22:28:24.982+0000] {logging_mixin.py:190} INFO - Task hostname:9deca0a9ef1c operator:BashOperator
[2024-11-13T22:28:25.059+0000] {local_task_job_runner.py:266} INFO - Task exited with return code 0
[2024-11-13T22:28:25.562+0000] {taskinstance.py:3895} INFO - 1 downstream tasks scheduled from follow-on schedule check
[2024-11-13T22:28:25.645+0000] {local_task_job_runner.py:245} INFO - ::endgroup::
