[2024-11-13T22:29:33.045+0000] {local_task_job_runner.py:123} INFO - ::group::Pre task execution logs
[2024-11-13T22:29:33.094+0000] {taskinstance.py:2613} INFO - Dependencies all met for dep_context=non-requeueable deps ti=<TaskInstance: rocket.get_pictures manual__2024-11-13T22:28:09.600015+00:00 [queued]>
[2024-11-13T22:29:33.106+0000] {taskinstance.py:2613} INFO - Dependencies all met for dep_context=requeueable deps ti=<TaskInstance: rocket.get_pictures manual__2024-11-13T22:28:09.600015+00:00 [queued]>
[2024-11-13T22:29:33.107+0000] {taskinstance.py:2866} INFO - Starting attempt 1 of 1
[2024-11-13T22:29:33.137+0000] {taskinstance.py:2889} INFO - Executing <Task(PythonOperator): get_pictures> on 2024-11-13 22:28:09.600015+00:00
[2024-11-13T22:29:33.149+0000] {warnings.py:112} WARNING - /home/***/.local/lib/python3.12/site-packages/***/task/task_runner/standard_task_runner.py:70: DeprecationWarning: This process (pid=5098) is multi-threaded, use of fork() may lead to deadlocks in the child.
  pid = os.fork()

[2024-11-13T22:29:33.153+0000] {standard_task_runner.py:72} INFO - Started process 5106 to run task
[2024-11-13T22:29:33.155+0000] {standard_task_runner.py:104} INFO - Running: ['***', 'tasks', 'run', 'rocket', 'get_pictures', 'manual__2024-11-13T22:28:09.600015+00:00', '--job-id', '17', '--raw', '--subdir', 'DAGS_FOLDER/rockets/rocket.py', '--cfg-path', '/tmp/tmphskova9y']
[2024-11-13T22:29:33.158+0000] {standard_task_runner.py:105} INFO - Job 17: Subtask get_pictures
[2024-11-13T22:29:33.232+0000] {task_command.py:467} INFO - Running <TaskInstance: rocket.get_pictures manual__2024-11-13T22:28:09.600015+00:00 [running]> on host 9deca0a9ef1c
[2024-11-13T22:29:34.528+0000] {taskinstance.py:3132} INFO - Exporting env vars: AIRFLOW_CTX_DAG_OWNER='***' AIRFLOW_CTX_DAG_ID='rocket' AIRFLOW_CTX_TASK_ID='get_pictures' AIRFLOW_CTX_EXECUTION_DATE='2024-11-13T22:28:09.600015+00:00' AIRFLOW_CTX_TRY_NUMBER='1' AIRFLOW_CTX_DAG_RUN_ID='manual__2024-11-13T22:28:09.600015+00:00'
[2024-11-13T22:29:34.532+0000] {logging_mixin.py:190} INFO - Task instance is in running state
[2024-11-13T22:29:34.533+0000] {logging_mixin.py:190} INFO -  Previous state of the Task instance: queued
[2024-11-13T22:29:34.534+0000] {logging_mixin.py:190} INFO - Current task name:get_pictures state:running start_date:2024-11-13 22:29:33.095099+00:00
[2024-11-13T22:29:34.536+0000] {logging_mixin.py:190} INFO - Dag name:rocket and current dag run status:running
[2024-11-13T22:29:34.540+0000] {taskinstance.py:731} INFO - ::endgroup::
[2024-11-13T22:29:34.543+0000] {logging_mixin.py:190} INFO - Hello world
[2024-11-13T22:29:34.544+0000] {python.py:240} INFO - Done. Returned value was: None
[2024-11-13T22:29:34.572+0000] {taskinstance.py:340} INFO - ::group::Post task execution logs
[2024-11-13T22:29:34.572+0000] {taskinstance.py:352} INFO - Marking task as SUCCESS. dag_id=rocket, task_id=get_pictures, run_id=manual__2024-11-13T22:28:09.600015+00:00, execution_date=20241113T222809, start_date=20241113T222933, end_date=20241113T222934
[2024-11-13T22:29:34.604+0000] {logging_mixin.py:190} INFO - Task instance in success state
[2024-11-13T22:29:34.605+0000] {logging_mixin.py:190} INFO -  Previous state of the Task instance: running
[2024-11-13T22:29:34.607+0000] {logging_mixin.py:190} INFO - Dag name:rocket queued_at:2024-11-13 22:28:09.690954+00:00
[2024-11-13T22:29:34.609+0000] {logging_mixin.py:190} INFO - Task hostname:9deca0a9ef1c operator:PythonOperator
[2024-11-13T22:29:34.656+0000] {local_task_job_runner.py:266} INFO - Task exited with return code 0
[2024-11-13T22:29:34.734+0000] {taskinstance.py:3895} INFO - 1 downstream tasks scheduled from follow-on schedule check
[2024-11-13T22:29:34.736+0000] {local_task_job_runner.py:245} INFO - ::endgroup::
