[2024-11-13T22:31:59.367+0000] {local_task_job_runner.py:123} INFO - ::group::Pre task execution logs
[2024-11-13T22:31:59.386+0000] {taskinstance.py:2613} INFO - Dependencies all met for dep_context=non-requeueable deps ti=<TaskInstance: rocket.download_launches manual__2024-11-13T22:31:54.400471+00:00 [queued]>
[2024-11-13T22:31:59.394+0000] {taskinstance.py:2613} INFO - Dependencies all met for dep_context=requeueable deps ti=<TaskInstance: rocket.download_launches manual__2024-11-13T22:31:54.400471+00:00 [queued]>
[2024-11-13T22:31:59.395+0000] {taskinstance.py:2866} INFO - Starting attempt 1 of 1
[2024-11-13T22:31:59.413+0000] {taskinstance.py:2889} INFO - Executing <Task(BashOperator): download_launches> on 2024-11-13 22:31:54.400471+00:00
[2024-11-13T22:31:59.422+0000] {warnings.py:112} WARNING - /home/***/.local/lib/python3.12/site-packages/***/task/task_runner/standard_task_runner.py:70: DeprecationWarning: This process (pid=5133) is multi-threaded, use of fork() may lead to deadlocks in the child.
  pid = os.fork()

[2024-11-13T22:31:59.425+0000] {standard_task_runner.py:72} INFO - Started process 5134 to run task
[2024-11-13T22:31:59.425+0000] {standard_task_runner.py:104} INFO - Running: ['***', 'tasks', 'run', 'rocket', 'download_launches', 'manual__2024-11-13T22:31:54.400471+00:00', '--job-id', '19', '--raw', '--subdir', 'DAGS_FOLDER/rockets/rocket.py', '--cfg-path', '/tmp/tmpv5nv_ogo']
[2024-11-13T22:31:59.426+0000] {standard_task_runner.py:105} INFO - Job 19: Subtask download_launches
[2024-11-13T22:31:59.530+0000] {task_command.py:467} INFO - Running <TaskInstance: rocket.download_launches manual__2024-11-13T22:31:54.400471+00:00 [running]> on host 9deca0a9ef1c
[2024-11-13T22:31:59.648+0000] {taskinstance.py:3132} INFO - Exporting env vars: AIRFLOW_CTX_DAG_OWNER='***' AIRFLOW_CTX_DAG_ID='rocket' AIRFLOW_CTX_TASK_ID='download_launches' AIRFLOW_CTX_EXECUTION_DATE='2024-11-13T22:31:54.400471+00:00' AIRFLOW_CTX_TRY_NUMBER='1' AIRFLOW_CTX_DAG_RUN_ID='manual__2024-11-13T22:31:54.400471+00:00'
[2024-11-13T22:31:59.665+0000] {logging_mixin.py:190} INFO - Task instance is in running state
[2024-11-13T22:31:59.666+0000] {logging_mixin.py:190} INFO -  Previous state of the Task instance: queued
[2024-11-13T22:31:59.667+0000] {logging_mixin.py:190} INFO - Current task name:download_launches state:running start_date:2024-11-13 22:31:59.386627+00:00
[2024-11-13T22:31:59.667+0000] {logging_mixin.py:190} INFO - Dag name:rocket and current dag run status:running
[2024-11-13T22:31:59.668+0000] {taskinstance.py:731} INFO - ::endgroup::
[2024-11-13T22:31:59.689+0000] {subprocess.py:78} INFO - Tmp dir root location: /tmp
[2024-11-13T22:31:59.692+0000] {subprocess.py:88} INFO - Running command: ['/usr/bin/bash', '-c', 'curl -o /opt/***/dags/rockets/launches/launches.json -L https://ll.thespacedevs.com/2.0.0/launch/upcoming']
[2024-11-13T22:31:59.725+0000] {subprocess.py:99} INFO - Output:
[2024-11-13T22:31:59.877+0000] {subprocess.py:106} INFO -   % Total    % Received % Xferd  Average Speed   Time    Time     Time  Current
[2024-11-13T22:31:59.881+0000] {subprocess.py:106} INFO -                                  Dload  Upload   Total   Spent    Left  Speed
[2024-11-13T22:32:08.349+0000] {subprocess.py:106} INFO -   0     0    0     0    0     0      0      0 --:--:-- --:--:-- --:--:--     0  0     0    0     0    0     0      0      0 --:--:--  0:00:01 --:--:--     0  0     0    0     0    0     0      0      0 --:--:--  0:00:02 --:--:--     0  0     0    0     0    0     0      0      0 --:--:--  0:00:03 --:--:--     0  0     0    0     0    0     0      0      0 --:--:--  0:00:04 --:--:--     0  0     0    0     0    0     0      0      0 --:--:--  0:00:05 --:--:--     0  0     0    0     0    0     0      0      0 --:--:--  0:00:06 --:--:--     0  0     0    0     0    0     0      0      0 --:--:--  0:00:07 --:--:--     0  0     0    0     0    0     0      0      0 --:--:--  0:00:08 --:--:--     0  0     0    0     0    0     0      0      0 --:--:--  0:00:08 --:--:--     0
[2024-11-13T22:32:10.425+0000] {subprocess.py:106} INFO -   0     0    0     0    0     0      0      0 --:--:--  0:00:09 --:--:--     0  0 26143    0     0    0     0      0      0 --:--:--  0:00:10 --:--:--     0100 26143  100 26143    0     0   2477      0  0:00:10  0:00:10 --:--:-- 24228
[2024-11-13T22:32:10.449+0000] {subprocess.py:110} INFO - Command exited with return code 0
[2024-11-13T22:32:10.505+0000] {taskinstance.py:340} INFO - ::group::Post task execution logs
[2024-11-13T22:32:10.506+0000] {taskinstance.py:352} INFO - Marking task as SUCCESS. dag_id=rocket, task_id=download_launches, run_id=manual__2024-11-13T22:31:54.400471+00:00, execution_date=20241113T223154, start_date=20241113T223159, end_date=20241113T223210
[2024-11-13T22:32:10.524+0000] {logging_mixin.py:190} INFO - Task instance in success state
[2024-11-13T22:32:10.525+0000] {logging_mixin.py:190} INFO -  Previous state of the Task instance: running
[2024-11-13T22:32:10.525+0000] {logging_mixin.py:190} INFO - Dag name:rocket queued_at:2024-11-13 22:31:54.483227+00:00
[2024-11-13T22:32:10.525+0000] {logging_mixin.py:190} INFO - Task hostname:9deca0a9ef1c operator:BashOperator
[2024-11-13T22:32:10.552+0000] {local_task_job_runner.py:266} INFO - Task exited with return code 0
[2024-11-13T22:32:10.619+0000] {taskinstance.py:3895} INFO - 1 downstream tasks scheduled from follow-on schedule check
[2024-11-13T22:32:10.620+0000] {local_task_job_runner.py:245} INFO - ::endgroup::
