[2024-11-14T06:26:44.051+0000] {local_task_job_runner.py:123} INFO - ::group::Pre task execution logs
[2024-11-14T06:26:44.062+0000] {taskinstance.py:2613} INFO - Dependencies all met for dep_context=non-requeueable deps ti=<TaskInstance: rocket.download_launches manual__2024-11-14T06:26:39.745928+00:00 [queued]>
[2024-11-14T06:26:44.066+0000] {taskinstance.py:2613} INFO - Dependencies all met for dep_context=requeueable deps ti=<TaskInstance: rocket.download_launches manual__2024-11-14T06:26:39.745928+00:00 [queued]>
[2024-11-14T06:26:44.066+0000] {taskinstance.py:2866} INFO - Starting attempt 1 of 1
[2024-11-14T06:26:44.073+0000] {taskinstance.py:2889} INFO - Executing <Task(BashOperator): download_launches> on 2024-11-14 06:26:39.745928+00:00
[2024-11-14T06:26:44.080+0000] {warnings.py:112} WARNING - /home/***/.local/lib/python3.12/site-packages/***/task/task_runner/standard_task_runner.py:70: DeprecationWarning: This process (pid=73) is multi-threaded, use of fork() may lead to deadlocks in the child.
  pid = os.fork()

[2024-11-14T06:26:44.082+0000] {standard_task_runner.py:72} INFO - Started process 74 to run task
[2024-11-14T06:26:44.083+0000] {standard_task_runner.py:104} INFO - Running: ['***', 'tasks', 'run', 'rocket', 'download_launches', 'manual__2024-11-14T06:26:39.745928+00:00', '--job-id', '27', '--raw', '--subdir', 'DAGS_FOLDER/rockets/rocket.py', '--cfg-path', '/tmp/tmpw1msdn_x']
[2024-11-14T06:26:44.085+0000] {standard_task_runner.py:105} INFO - Job 27: Subtask download_launches
[2024-11-14T06:26:44.125+0000] {task_command.py:467} INFO - Running <TaskInstance: rocket.download_launches manual__2024-11-14T06:26:39.745928+00:00 [running]> on host 29e8ab7c1833
[2024-11-14T06:26:44.498+0000] {taskinstance.py:3132} INFO - Exporting env vars: AIRFLOW_CTX_DAG_OWNER='***' AIRFLOW_CTX_DAG_ID='rocket' AIRFLOW_CTX_TASK_ID='download_launches' AIRFLOW_CTX_EXECUTION_DATE='2024-11-14T06:26:39.745928+00:00' AIRFLOW_CTX_TRY_NUMBER='1' AIRFLOW_CTX_DAG_RUN_ID='manual__2024-11-14T06:26:39.745928+00:00'
[2024-11-14T06:26:44.498+0000] {logging_mixin.py:190} INFO - Task instance is in running state
[2024-11-14T06:26:44.498+0000] {logging_mixin.py:190} INFO -  Previous state of the Task instance: queued
[2024-11-14T06:26:44.499+0000] {logging_mixin.py:190} INFO - Current task name:download_launches state:running start_date:2024-11-14 06:26:44.062655+00:00
[2024-11-14T06:26:44.499+0000] {logging_mixin.py:190} INFO - Dag name:rocket and current dag run status:running
[2024-11-14T06:26:44.499+0000] {taskinstance.py:731} INFO - ::endgroup::
[2024-11-14T06:26:44.500+0000] {subprocess.py:78} INFO - Tmp dir root location: /tmp
[2024-11-14T06:26:44.500+0000] {subprocess.py:88} INFO - Running command: ['/usr/bin/bash', '-c', 'curl -o /opt/***/dags/rockets/launches/launches.json -L https://ll.thespacedevs.com/2.0.0/launch/upcoming']
[2024-11-14T06:26:44.509+0000] {subprocess.py:99} INFO - Output:
[2024-11-14T06:26:44.523+0000] {subprocess.py:106} INFO -   % Total    % Received % Xferd  Average Speed   Time    Time     Time  Current
[2024-11-14T06:26:44.524+0000] {subprocess.py:106} INFO -                                  Dload  Upload   Total   Spent    Left  Speed
[2024-11-14T06:26:46.281+0000] {subprocess.py:106} INFO -   0     0    0     0    0     0      0      0 --:--:-- --:--:-- --:--:--     0  0     0    0     0    0     0      0      0 --:--:--  0:00:01 --:--:--     0  0     0    0     0    0     0      0      0 --:--:--  0:00:01 --:--:--     0
[2024-11-14T06:26:46.616+0000] {subprocess.py:106} INFO -   0 26955    0     0    0     0      0      0 --:--:--  0:00:02 --:--:--     0100 26955  100 26955    0     0  12874      0  0:00:02  0:00:02 --:--:--  295k
[2024-11-14T06:26:46.622+0000] {subprocess.py:110} INFO - Command exited with return code 0
[2024-11-14T06:26:46.656+0000] {taskinstance.py:340} INFO - ::group::Post task execution logs
[2024-11-14T06:26:46.657+0000] {taskinstance.py:352} INFO - Marking task as SUCCESS. dag_id=rocket, task_id=download_launches, run_id=manual__2024-11-14T06:26:39.745928+00:00, execution_date=20241114T062639, start_date=20241114T062644, end_date=20241114T062646
[2024-11-14T06:26:46.666+0000] {logging_mixin.py:190} INFO - Task instance in success state
[2024-11-14T06:26:46.666+0000] {logging_mixin.py:190} INFO -  Previous state of the Task instance: running
[2024-11-14T06:26:46.667+0000] {logging_mixin.py:190} INFO - Dag name:rocket queued_at:2024-11-14 06:26:39.767309+00:00
[2024-11-14T06:26:46.667+0000] {logging_mixin.py:190} INFO - Task hostname:29e8ab7c1833 operator:BashOperator
[2024-11-14T06:26:46.697+0000] {local_task_job_runner.py:266} INFO - Task exited with return code 0
[2024-11-14T06:26:46.950+0000] {taskinstance.py:3895} INFO - 1 downstream tasks scheduled from follow-on schedule check
[2024-11-14T06:26:46.952+0000] {local_task_job_runner.py:245} INFO - ::endgroup::
